<?xml version="1.0" encoding="UTF-8"?>
<testsuite name="com.setl.openCSDClarityTests.UI.Users.OpenCSDCreateUserAcceptanceTest" tests="20" skipped="1" failures="0" errors="0" timestamp="2017-12-05T17:30:38" hostname="Bills-iMac.local" time="113.739">
  <properties/>
  <testcase name="shouldDeleteUser" classname="com.setl.openCSDClarityTests.UI.Users.OpenCSDCreateUserAcceptanceTest" time="0.0">
    <skipped/>
  </testcase>
  <testcase name="shouldCreateUser2" classname="com.setl.openCSDClarityTests.UI.Users.OpenCSDCreateUserAcceptanceTest" time="1.098"/>
  <testcase name="shouldCreateUser" classname="com.setl.openCSDClarityTests.UI.Users.OpenCSDCreateUserAcceptanceTest" time="6.441"/>
  <testcase name="shouldCreateRandomUser" classname="com.setl.openCSDClarityTests.UI.Users.OpenCSDCreateUserAcceptanceTest" time="6.488"/>
  <testcase name="shouldNotCreateDuplicateUser" classname="com.setl.openCSDClarityTests.UI.Users.OpenCSDCreateUserAcceptanceTest" time="6.33"/>
  <testcase name="shouldNotCreateUserWithoutUsername" classname="com.setl.openCSDClarityTests.UI.Users.OpenCSDCreateUserAcceptanceTest" time="6.29"/>
  <testcase name="shouldNotCreateUserWithoutEmail" classname="com.setl.openCSDClarityTests.UI.Users.OpenCSDCreateUserAcceptanceTest" time="6.261"/>
  <testcase name="shouldNotCreateUserWithoutAccountTypeSelected" classname="com.setl.openCSDClarityTests.UI.Users.OpenCSDCreateUserAcceptanceTest" time="6.469"/>
  <testcase name="shouldNotCreateUserWithoutUserTypeSelected" classname="com.setl.openCSDClarityTests.UI.Users.OpenCSDCreateUserAcceptanceTest" time="6.548"/>
  <testcase name="shouldNotCreateUserWithoutPasswordEntered" classname="com.setl.openCSDClarityTests.UI.Users.OpenCSDCreateUserAcceptanceTest" time="6.21"/>
  <testcase name="shouldNotCreateUserWithoutPasswordRepeated" classname="com.setl.openCSDClarityTests.UI.Users.OpenCSDCreateUserAcceptanceTest" time="6.21"/>
  <testcase name="shouldEditUserWhenEditButtonIsClicked" classname="com.setl.openCSDClarityTests.UI.Users.OpenCSDCreateUserAcceptanceTest" time="6.128"/>
  <testcase name="shouldEditEmail" classname="com.setl.openCSDClarityTests.UI.Users.OpenCSDCreateUserAcceptanceTest" time="6.163"/>
  <testcase name="shouldResetEmail" classname="com.setl.openCSDClarityTests.UI.Users.OpenCSDCreateUserAcceptanceTest" time="6.141"/>
  <testcase name="shouldChangeUserPermission" classname="com.setl.openCSDClarityTests.UI.Users.OpenCSDCreateUserAcceptanceTest" time="5.569"/>
  <testcase name="shouldCreateUserWithPermissionAdministrative" classname="com.setl.openCSDClarityTests.UI.Users.OpenCSDCreateUserAcceptanceTest" time="6.626"/>
  <testcase name="shouldCreateUserWithPermissionTransactional" classname="com.setl.openCSDClarityTests.UI.Users.OpenCSDCreateUserAcceptanceTest" time="6.146"/>
  <testcase name="shouldCreateUserWithPermissionWallets" classname="com.setl.openCSDClarityTests.UI.Users.OpenCSDCreateUserAcceptanceTest" time="6.489"/>
  <testcase name="shouldCreateUserWithPermissionChain" classname="com.setl.openCSDClarityTests.UI.Users.OpenCSDCreateUserAcceptanceTest" time="6.188"/>
  <testcase name="shouldNotDeleteUser" classname="com.setl.openCSDClarityTests.UI.Users.OpenCSDCreateUserAcceptanceTest" time="5.759"/>
  <system-out><![CDATA[
[TEST shouldCreateUser2 STARTING] 
Mac OS X
Sending message :153 bytes
message : {"RequestID":1001,"Version":2,"Request":"startRequest","Data":"be7437cbbf0cab4b437439c321eaeb1f379c0bf88f4f9f43be0001a6bc9d0e44","MessageType":"Response"}
res::381e6104a34cef0a7eae649ffc259dcc7944fbdfa61c155960f6e7c8248544d3
Sending message :320 bytes
message : {"Status":"OK","Data":[{"Token":"9a000b14f98c04950b219b0b9b560c82208d9079183367292604797ed1a7cee6","Status":"OK","Message":"","UserName":"Emmanuel","UserID":4,"EMailAddress":"emmanuel.rodriguez@setl.io","useTwoFactor":0,"copyMailToEmail":1,"admin":1,"userType":15,"accontID":1,"accountName":"SETL Private Admin","memberID":1,"last_login":"2017-12-05 17:30:29","apiKey":"/bKH2sZuYyQXUAPia1iHQOEq57HdZbDFAzAruU+6xQg=","investorType":null,"platformAddr":null,"defaultAddress":null,"defaultWalletID":null,"setting":"1"}],"MessageType":"Response","Request":"login","RequestID":1002,"Version":2}
Sending message :448 bytes
message : {"Status":"OK","Data":{"msg":"hello"},"MessageType":"Response","Version":2}
message : {"Status":"OK","Data":[{"Status":"OK","userID":77,"userName":"Test_User_BvtKC","accountID":8,"parent":1,"emailAddress":"Test_User_BvtKC@test.com","isManager":0,"accountLocked":0,"userType":35,"`isAdmin`":1}],"MessageType":"Response","Request":"newUser","RequestID":1003,"Version":2}
userID 77
userName Test_User_BvtKC
email Test_User_BvtKC@test.com
[TEST ENDED] Time elapsed: 0.974 sec

[TEST shouldCreateUser STARTING] 
Mac OS X
[TEST ENDED] Time elapsed: 6.314 sec

[TEST shouldCreateRandomUser STARTING] 
Mac OS X
[TEST ENDED] Time elapsed: 6.359 sec

[TEST shouldNotCreateDuplicateUser STARTING] 
Mac OS X
[TEST ENDED] Time elapsed: 6.204 sec

[TEST shouldNotCreateUserWithoutUsername STARTING] 
Mac OS X
[TEST ENDED] Time elapsed: 6.164 sec

[TEST shouldNotCreateUserWithoutEmail STARTING] 
Mac OS X
[TEST ENDED] Time elapsed: 6.167 sec

[TEST shouldNotCreateUserWithoutAccountTypeSelected STARTING] 
Mac OS X
[TEST ENDED] Time elapsed: 6.342 sec

[TEST shouldNotCreateUserWithoutUserTypeSelected STARTING] 
Mac OS X
[TEST ENDED] Time elapsed: 6.422 sec

[TEST shouldNotCreateUserWithoutPasswordEntered STARTING] 
Mac OS X
[TEST ENDED] Time elapsed: 6.085 sec

[TEST shouldNotCreateUserWithoutPasswordRepeated STARTING] 
Mac OS X
[TEST ENDED] Time elapsed: 6.082 sec

[TEST shouldEditUserWhenEditButtonIsClicked STARTING] 
Mac OS X
[TEST ENDED] Time elapsed: 6.002 sec

[TEST shouldEditEmail STARTING] 
Mac OS X
[TEST ENDED] Time elapsed: 6.034 sec

[TEST shouldResetEmail STARTING] 
Mac OS X
[TEST ENDED] Time elapsed: 6.013 sec

[TEST shouldChangeUserPermission STARTING] 
Mac OS X
[TEST ENDED] Time elapsed: 5.443 sec

[TEST shouldCreateUserWithPermissionAdministrative STARTING] 
Mac OS X
[TEST ENDED] Time elapsed: 6.499 sec

[TEST shouldCreateUserWithPermissionTransactional STARTING] 
Mac OS X
[TEST ENDED] Time elapsed: 6.020 sec

[TEST shouldCreateUserWithPermissionWallets STARTING] 
Mac OS X
[TEST ENDED] Time elapsed: 6.358 sec

[TEST shouldCreateUserWithPermissionChain STARTING] 
Mac OS X
[TEST ENDED] Time elapsed: 6.061 sec

[TEST shouldNotDeleteUser STARTING] 
Mac OS X
[TEST ENDED] Time elapsed: 5.628 sec
]]></system-out>
  <system-err><![CDATA[Starting ChromeDriver 2.33.506106 (8a06c39c4582fbfbab6966dbb1c38a9173bfb1a2) on port 2230
Only local connections are allowed.
Dec 05, 2017 5:30:39 PM org.openqa.selenium.remote.ProtocolHandshake createSession
INFO: Detected dialect: OSS
Starting ChromeDriver 2.33.506106 (8a06c39c4582fbfbab6966dbb1c38a9173bfb1a2) on port 30010
Only local connections are allowed.
Dec 05, 2017 5:30:40 PM org.openqa.selenium.remote.ProtocolHandshake createSession
INFO: Detected dialect: OSS
Starting ChromeDriver 2.33.506106 (8a06c39c4582fbfbab6966dbb1c38a9173bfb1a2) on port 22429
Only local connections are allowed.
Dec 05, 2017 5:30:46 PM org.openqa.selenium.remote.ProtocolHandshake createSession
INFO: Detected dialect: OSS
Starting ChromeDriver 2.33.506106 (8a06c39c4582fbfbab6966dbb1c38a9173bfb1a2) on port 16148
Only local connections are allowed.
Dec 05, 2017 5:30:53 PM org.openqa.selenium.remote.ProtocolHandshake createSession
INFO: Detected dialect: OSS
Starting ChromeDriver 2.33.506106 (8a06c39c4582fbfbab6966dbb1c38a9173bfb1a2) on port 10862
Only local connections are allowed.
Dec 05, 2017 5:30:59 PM org.openqa.selenium.remote.ProtocolHandshake createSession
INFO: Detected dialect: OSS
Starting ChromeDriver 2.33.506106 (8a06c39c4582fbfbab6966dbb1c38a9173bfb1a2) on port 9558
Only local connections are allowed.
Dec 05, 2017 5:31:06 PM org.openqa.selenium.remote.ProtocolHandshake createSession
INFO: Detected dialect: OSS
Starting ChromeDriver 2.33.506106 (8a06c39c4582fbfbab6966dbb1c38a9173bfb1a2) on port 37721
Only local connections are allowed.
Dec 05, 2017 5:31:12 PM org.openqa.selenium.remote.ProtocolHandshake createSession
INFO: Detected dialect: OSS
Starting ChromeDriver 2.33.506106 (8a06c39c4582fbfbab6966dbb1c38a9173bfb1a2) on port 32992
Only local connections are allowed.
Dec 05, 2017 5:31:18 PM org.openqa.selenium.remote.ProtocolHandshake createSession
INFO: Detected dialect: OSS
Starting ChromeDriver 2.33.506106 (8a06c39c4582fbfbab6966dbb1c38a9173bfb1a2) on port 23870
Only local connections are allowed.
Dec 05, 2017 5:31:25 PM org.openqa.selenium.remote.ProtocolHandshake createSession
INFO: Detected dialect: OSS
Starting ChromeDriver 2.33.506106 (8a06c39c4582fbfbab6966dbb1c38a9173bfb1a2) on port 21808
Only local connections are allowed.
Dec 05, 2017 5:31:31 PM org.openqa.selenium.remote.ProtocolHandshake createSession
INFO: Detected dialect: OSS
Starting ChromeDriver 2.33.506106 (8a06c39c4582fbfbab6966dbb1c38a9173bfb1a2) on port 38382
Only local connections are allowed.
Dec 05, 2017 5:31:37 PM org.openqa.selenium.remote.ProtocolHandshake createSession
INFO: Detected dialect: OSS
Starting ChromeDriver 2.33.506106 (8a06c39c4582fbfbab6966dbb1c38a9173bfb1a2) on port 1561
Only local connections are allowed.
Dec 05, 2017 5:31:43 PM org.openqa.selenium.remote.ProtocolHandshake createSession
INFO: Detected dialect: OSS
Starting ChromeDriver 2.33.506106 (8a06c39c4582fbfbab6966dbb1c38a9173bfb1a2) on port 4645
Only local connections are allowed.
Dec 05, 2017 5:31:49 PM org.openqa.selenium.remote.ProtocolHandshake createSession
INFO: Detected dialect: OSS
Starting ChromeDriver 2.33.506106 (8a06c39c4582fbfbab6966dbb1c38a9173bfb1a2) on port 34425
Only local connections are allowed.
Dec 05, 2017 5:31:56 PM org.openqa.selenium.remote.ProtocolHandshake createSession
INFO: Detected dialect: OSS
Starting ChromeDriver 2.33.506106 (8a06c39c4582fbfbab6966dbb1c38a9173bfb1a2) on port 13690
Only local connections are allowed.
Dec 05, 2017 5:32:01 PM org.openqa.selenium.remote.ProtocolHandshake createSession
INFO: Detected dialect: OSS
Starting ChromeDriver 2.33.506106 (8a06c39c4582fbfbab6966dbb1c38a9173bfb1a2) on port 24335
Only local connections are allowed.
Dec 05, 2017 5:32:08 PM org.openqa.selenium.remote.ProtocolHandshake createSession
INFO: Detected dialect: OSS
Starting ChromeDriver 2.33.506106 (8a06c39c4582fbfbab6966dbb1c38a9173bfb1a2) on port 33154
Only local connections are allowed.
Dec 05, 2017 5:32:14 PM org.openqa.selenium.remote.ProtocolHandshake createSession
INFO: Detected dialect: OSS
Starting ChromeDriver 2.33.506106 (8a06c39c4582fbfbab6966dbb1c38a9173bfb1a2) on port 22515
Only local connections are allowed.
Dec 05, 2017 5:32:20 PM org.openqa.selenium.remote.ProtocolHandshake createSession
INFO: Detected dialect: OSS
Starting ChromeDriver 2.33.506106 (8a06c39c4582fbfbab6966dbb1c38a9173bfb1a2) on port 17956
Only local connections are allowed.
Dec 05, 2017 5:32:27 PM org.openqa.selenium.remote.ProtocolHandshake createSession
INFO: Detected dialect: OSS
]]></system-err>
</testsuite>
