<?xml version="1.0" encoding="UTF-8"?>
<testsuite name="com.setl.openCSDClarityTests.UI.Accounts.OpenCSDAccountsAcceptanceTest" tests="18" skipped="0" failures="0" errors="0" timestamp="2017-12-05T17:25:00" hostname="Bills-iMac.local" time="107.14">
  <properties/>
  <testcase name="shouldLandOnLoginPage" classname="com.setl.openCSDClarityTests.UI.Accounts.OpenCSDAccountsAcceptanceTest" time="6.352"/>
  <testcase name="shouldLoginAndVerifySuccess" classname="com.setl.openCSDClarityTests.UI.Accounts.OpenCSDAccountsAcceptanceTest" time="8.963"/>
  <testcase name="shouldLogoutAndVerifySuccess" classname="com.setl.openCSDClarityTests.UI.Accounts.OpenCSDAccountsAcceptanceTest" time="4.315"/>
  <testcase name="shouldRequirePasswordToLogin" classname="com.setl.openCSDClarityTests.UI.Accounts.OpenCSDAccountsAcceptanceTest" time="2.812"/>
  <testcase name="shouldEditDisplayname" classname="com.setl.openCSDClarityTests.UI.Accounts.OpenCSDAccountsAcceptanceTest" time="5.856"/>
  <testcase name="shouldEditFirstname" classname="com.setl.openCSDClarityTests.UI.Accounts.OpenCSDAccountsAcceptanceTest" time="5.601"/>
  <testcase name="shouldEditLastname" classname="com.setl.openCSDClarityTests.UI.Accounts.OpenCSDAccountsAcceptanceTest" time="6.053"/>
  <testcase name="shouldEditMobilePhone" classname="com.setl.openCSDClarityTests.UI.Accounts.OpenCSDAccountsAcceptanceTest" time="5.745"/>
  <testcase name="shouldEditAddress" classname="com.setl.openCSDClarityTests.UI.Accounts.OpenCSDAccountsAcceptanceTest" time="5.961"/>
  <testcase name="shouldEditAddressPrefix" classname="com.setl.openCSDClarityTests.UI.Accounts.OpenCSDAccountsAcceptanceTest" time="5.843"/>
  <testcase name="shouldEditCity" classname="com.setl.openCSDClarityTests.UI.Accounts.OpenCSDAccountsAcceptanceTest" time="5.677"/>
  <testcase name="shouldEditState" classname="com.setl.openCSDClarityTests.UI.Accounts.OpenCSDAccountsAcceptanceTest" time="7.874"/>
  <testcase name="shouldEditPostalCode" classname="com.setl.openCSDClarityTests.UI.Accounts.OpenCSDAccountsAcceptanceTest" time="6.199"/>
  <testcase name="shouldEditCountry" classname="com.setl.openCSDClarityTests.UI.Accounts.OpenCSDAccountsAcceptanceTest" time="5.71"/>
  <testcase name="shouldEditMemorableQuestion" classname="com.setl.openCSDClarityTests.UI.Accounts.OpenCSDAccountsAcceptanceTest" time="5.841"/>
  <testcase name="shouldEditMemorableAnswer" classname="com.setl.openCSDClarityTests.UI.Accounts.OpenCSDAccountsAcceptanceTest" time="6.159"/>
  <testcase name="shouldEditProfileText" classname="com.setl.openCSDClarityTests.UI.Accounts.OpenCSDAccountsAcceptanceTest" time="5.422"/>
  <testcase name="shouldResetAllMyAccountDetails" classname="com.setl.openCSDClarityTests.UI.Accounts.OpenCSDAccountsAcceptanceTest" time="6.751"/>
  <system-out><![CDATA[
[TEST shouldLandOnLoginPage STARTING] 
Mac OS X
[TEST ENDED] Time elapsed: 6.219 sec

[TEST shouldLoginAndVerifySuccess STARTING] 
Mac OS X
[TEST ENDED] Time elapsed: 8.829 sec

[TEST shouldLogoutAndVerifySuccess STARTING] 
Mac OS X
[TEST ENDED] Time elapsed: 4.186 sec

[TEST shouldRequirePasswordToLogin STARTING] 
Mac OS X
[TEST ENDED] Time elapsed: 2.681 sec

[TEST shouldEditDisplayname STARTING] 
Mac OS X
[TEST ENDED] Time elapsed: 5.728 sec

[TEST shouldEditFirstname STARTING] 
Mac OS X
[TEST ENDED] Time elapsed: 5.473 sec

[TEST shouldEditLastname STARTING] 
Mac OS X
[TEST ENDED] Time elapsed: 5.925 sec

[TEST shouldEditMobilePhone STARTING] 
Mac OS X
[TEST ENDED] Time elapsed: 5.617 sec

[TEST shouldEditAddress STARTING] 
Mac OS X
[TEST ENDED] Time elapsed: 5.834 sec

[TEST shouldEditAddressPrefix STARTING] 
Mac OS X
[TEST ENDED] Time elapsed: 5.715 sec

[TEST shouldEditCity STARTING] 
Mac OS X
[TEST ENDED] Time elapsed: 5.547 sec

[TEST shouldEditState STARTING] 
Mac OS X
[TEST ENDED] Time elapsed: 7.731 sec

[TEST shouldEditPostalCode STARTING] 
Mac OS X
[TEST ENDED] Time elapsed: 6.068 sec

[TEST shouldEditCountry STARTING] 
Mac OS X
[TEST ENDED] Time elapsed: 5.581 sec

[TEST shouldEditMemorableQuestion STARTING] 
Mac OS X
[TEST ENDED] Time elapsed: 5.713 sec

[TEST shouldEditMemorableAnswer STARTING] 
Mac OS X
[TEST ENDED] Time elapsed: 6.030 sec

[TEST shouldEditProfileText STARTING] 
Mac OS X
[TEST ENDED] Time elapsed: 5.243 sec

[TEST shouldResetAllMyAccountDetails STARTING] 
Mac OS X
[TEST ENDED] Time elapsed: 6.614 sec
]]></system-out>
  <system-err><![CDATA[Starting ChromeDriver 2.33.506106 (8a06c39c4582fbfbab6966dbb1c38a9173bfb1a2) on port 18536
Only local connections are allowed.
Dec 05, 2017 5:25:02 PM org.openqa.selenium.remote.ProtocolHandshake createSession
INFO: Detected dialect: OSS
Starting ChromeDriver 2.33.506106 (8a06c39c4582fbfbab6966dbb1c38a9173bfb1a2) on port 30305
Only local connections are allowed.
Dec 05, 2017 5:25:11 PM org.openqa.selenium.remote.ProtocolHandshake createSession
INFO: Detected dialect: OSS
Starting ChromeDriver 2.33.506106 (8a06c39c4582fbfbab6966dbb1c38a9173bfb1a2) on port 40204
Only local connections are allowed.
Dec 05, 2017 5:25:16 PM org.openqa.selenium.remote.ProtocolHandshake createSession
INFO: Detected dialect: OSS
Starting ChromeDriver 2.33.506106 (8a06c39c4582fbfbab6966dbb1c38a9173bfb1a2) on port 2190
Only local connections are allowed.
Dec 05, 2017 5:25:20 PM org.openqa.selenium.remote.ProtocolHandshake createSession
INFO: Detected dialect: OSS
Starting ChromeDriver 2.33.506106 (8a06c39c4582fbfbab6966dbb1c38a9173bfb1a2) on port 38992
Only local connections are allowed.
Dec 05, 2017 5:25:23 PM org.openqa.selenium.remote.ProtocolHandshake createSession
INFO: Detected dialect: OSS
Starting ChromeDriver 2.33.506106 (8a06c39c4582fbfbab6966dbb1c38a9173bfb1a2) on port 29798
Only local connections are allowed.
Dec 05, 2017 5:25:28 PM org.openqa.selenium.remote.ProtocolHandshake createSession
INFO: Detected dialect: OSS
Starting ChromeDriver 2.33.506106 (8a06c39c4582fbfbab6966dbb1c38a9173bfb1a2) on port 18771
Only local connections are allowed.
Dec 05, 2017 5:25:34 PM org.openqa.selenium.remote.ProtocolHandshake createSession
INFO: Detected dialect: OSS
Starting ChromeDriver 2.33.506106 (8a06c39c4582fbfbab6966dbb1c38a9173bfb1a2) on port 35190
Only local connections are allowed.
Dec 05, 2017 5:25:40 PM org.openqa.selenium.remote.ProtocolHandshake createSession
INFO: Detected dialect: OSS
Starting ChromeDriver 2.33.506106 (8a06c39c4582fbfbab6966dbb1c38a9173bfb1a2) on port 10891
Only local connections are allowed.
Dec 05, 2017 5:25:46 PM org.openqa.selenium.remote.ProtocolHandshake createSession
INFO: Detected dialect: OSS
Starting ChromeDriver 2.33.506106 (8a06c39c4582fbfbab6966dbb1c38a9173bfb1a2) on port 20371
Only local connections are allowed.
Dec 05, 2017 5:25:52 PM org.openqa.selenium.remote.ProtocolHandshake createSession
INFO: Detected dialect: OSS
Starting ChromeDriver 2.33.506106 (8a06c39c4582fbfbab6966dbb1c38a9173bfb1a2) on port 45258
Only local connections are allowed.
Dec 05, 2017 5:25:58 PM org.openqa.selenium.remote.ProtocolHandshake createSession
INFO: Detected dialect: OSS
Starting ChromeDriver 2.33.506106 (8a06c39c4582fbfbab6966dbb1c38a9173bfb1a2) on port 8538
Only local connections are allowed.
Dec 05, 2017 5:26:03 PM org.openqa.selenium.remote.ProtocolHandshake createSession
INFO: Detected dialect: OSS
Starting ChromeDriver 2.33.506106 (8a06c39c4582fbfbab6966dbb1c38a9173bfb1a2) on port 13124
Only local connections are allowed.
Dec 05, 2017 5:26:11 PM org.openqa.selenium.remote.ProtocolHandshake createSession
INFO: Detected dialect: OSS
Starting ChromeDriver 2.33.506106 (8a06c39c4582fbfbab6966dbb1c38a9173bfb1a2) on port 24890
Only local connections are allowed.
Dec 05, 2017 5:26:17 PM org.openqa.selenium.remote.ProtocolHandshake createSession
INFO: Detected dialect: OSS
Starting ChromeDriver 2.33.506106 (8a06c39c4582fbfbab6966dbb1c38a9173bfb1a2) on port 39558
Only local connections are allowed.
Dec 05, 2017 5:26:23 PM org.openqa.selenium.remote.ProtocolHandshake createSession
INFO: Detected dialect: OSS
Starting ChromeDriver 2.33.506106 (8a06c39c4582fbfbab6966dbb1c38a9173bfb1a2) on port 15080
Only local connections are allowed.
Dec 05, 2017 5:26:29 PM org.openqa.selenium.remote.ProtocolHandshake createSession
INFO: Detected dialect: OSS
Starting ChromeDriver 2.33.506106 (8a06c39c4582fbfbab6966dbb1c38a9173bfb1a2) on port 40965
Only local connections are allowed.
Dec 05, 2017 5:26:35 PM org.openqa.selenium.remote.ProtocolHandshake createSession
INFO: Detected dialect: OSS
Starting ChromeDriver 2.33.506106 (8a06c39c4582fbfbab6966dbb1c38a9173bfb1a2) on port 35742
Only local connections are allowed.
Dec 05, 2017 5:26:41 PM org.openqa.selenium.remote.ProtocolHandshake createSession
INFO: Detected dialect: OSS
]]></system-err>
</testsuite>
