<?xml version="1.0" encoding="UTF-8"?>
<testsuite name="com.setl.RESTAPITests.Fund.Creation.createFundAcceptanceTest" tests="1" skipped="0" failures="0" errors="0" timestamp="2017-12-05T17:33:20" hostname="Bills-iMac.local" time="0.047">
  <properties/>
  <testcase name="createFundWithValidDataTest" classname="com.setl.RESTAPITests.Fund.Creation.createFundAcceptanceTest" time="0.047"/>
  <system-out><![CDATA[payload eyJ0eXAiOiJKV1QiLCJhbGciOiJIUzI1NiJ9.eyJtZXNzYWdlYm9keSI6eyJ1c2VyaWQiOjZ9LCJtZXNzYWdldHlwZSI6ImluaXRpYWxpc2UiLCJyZXF1ZXN0aWQiOjEsInRva2VuIjoiIiwidGltZXN0YW1wIjoxNTEyNDk1MjAwNTk5fQ.pSf5K4VajBJZDguJF8hZkISynRN5wpGOrXAUWcYkpmg
payload eyJ0eXAiOiJKV1QiLCJhbGciOiJIUzI1NiJ9.eyJtZXNzYWdlYm9keSI6eyJmdW5kUmVwb3J0IjoicmVwb3J0X3labWNzVkciLCJjb21wYW55SWQiOiI0IiwiZnVuZExlaSI6ImxlaV9uZmpyUSIsInNpY2F2SWQiOiI5NzUyNiIsInRvcGljIjoibmV3ZnVuZCIsImZ1bmRTaGFyZXMiOiJzaGFyZXNfVExjWSIsImZ1bmROYW1lIjoiVGVzdF9GdW5kX2tpRmV5IiwiZnVuZFByb3NwZWN0dXMiOiJwcm9zcGVjdHVzX1ZlUG53a3AifSwibWVzc2FnZXR5cGUiOiJyZXF1ZXN0IiwicmVxdWVzdGlkIjoxLCJ0b2tlbiI6IjNhM2IyNDMzYjdlOGQwOGJkMGI1N2U4ODM4NTRhY2EzNjMwMDY2ZDZlNmM3YWJhZjhhMzljYjdiZTkyMDJhN2EiLCJ0aW1lc3RhbXAiOjE1MTI0OTUyMDA2MjJ9.chYT-dCkwlozviD_8P314qeWvEFpSaC7ZZaJ0mEABQU
]]></system-out>
  <system-err><![CDATA[eyJhbGciOiJIUzI1NiJ9.eyJyZXF1ZXN0aWQiOjEsIm1lc3NhZ2V0eXBlIjoiZGIiLCJzdGF0dXMiOiJPSyIsImRhdGEiOlt7IlN0YXR1cyI6Ik9LIiwiTWVzc2FnZSI6IiIsImZ1bmRJRCI6NzF9XX0.-PN3avUwQE0ceLQB79NaPmenMgdS_flGdvDSm5IjYoM
]]></system-err>
</testsuite>
