<?xml version="1.0" encoding="UTF-8"?>
<testsuite name="com.setl.openCSDClarityTests.UI.MemberManagement.OpenCSDCreateMemberAcceptanceTest" tests="4" skipped="1" failures="0" errors="0" timestamp="2017-12-05T17:28:33" hostname="Bills-iMac.local" time="9.991">
  <properties/>
  <testcase name="shouldRequirePasswordToLogin" classname="com.setl.openCSDClarityTests.UI.MemberManagement.OpenCSDCreateMemberAcceptanceTest" time="0.0">
    <skipped/>
  </testcase>
  <testcase name="shouldLandOnLoginPage" classname="com.setl.openCSDClarityTests.UI.MemberManagement.OpenCSDCreateMemberAcceptanceTest" time="3.152"/>
  <testcase name="shouldLoginAndVerifySuccess" classname="com.setl.openCSDClarityTests.UI.MemberManagement.OpenCSDCreateMemberAcceptanceTest" time="3.256"/>
  <testcase name="shouldLogoutAndVerifySuccess" classname="com.setl.openCSDClarityTests.UI.MemberManagement.OpenCSDCreateMemberAcceptanceTest" time="3.582"/>
  <system-out><![CDATA[
[TEST shouldLandOnLoginPage STARTING] 
Mac OS X
[TEST ENDED] Time elapsed: 3.021 sec

[TEST shouldLoginAndVerifySuccess STARTING] 
Mac OS X
[TEST ENDED] Time elapsed: 3.127 sec

[TEST shouldLogoutAndVerifySuccess STARTING] 
Mac OS X
[TEST ENDED] Time elapsed: 3.455 sec
]]></system-out>
  <system-err><![CDATA[Starting ChromeDriver 2.33.506106 (8a06c39c4582fbfbab6966dbb1c38a9173bfb1a2) on port 42570
Only local connections are allowed.
Dec 05, 2017 5:28:33 PM org.openqa.selenium.remote.ProtocolHandshake createSession
INFO: Detected dialect: OSS
Starting ChromeDriver 2.33.506106 (8a06c39c4582fbfbab6966dbb1c38a9173bfb1a2) on port 13396
Only local connections are allowed.
Dec 05, 2017 5:28:36 PM org.openqa.selenium.remote.ProtocolHandshake createSession
INFO: Detected dialect: OSS
Starting ChromeDriver 2.33.506106 (8a06c39c4582fbfbab6966dbb1c38a9173bfb1a2) on port 30363
Only local connections are allowed.
Dec 05, 2017 5:28:40 PM org.openqa.selenium.remote.ProtocolHandshake createSession
INFO: Detected dialect: OSS
]]></system-err>
</testsuite>
