<?xml version="1.0" encoding="UTF-8"?>
<testsuite name="com.setl.RESTAPITests.User.Login.loginTest" tests="4" skipped="1" failures="1" errors="0" timestamp="2017-12-05T17:34:46" hostname="Bills-iMac.local" time="3.07">
  <properties/>
  <testcase name="loginFailureWithUnknownUser" classname="com.setl.RESTAPITests.User.Login.loginTest" time="0.033"/>
  <testcase name="loginSuccessWithValidCredentials" classname="com.setl.RESTAPITests.User.Login.loginTest" time="3.004">
    <failure message="org.junit.runners.model.TestTimedOutException: test timed out after 3000 milliseconds" type="org.junit.runners.model.TestTimedOutException">org.junit.runners.model.TestTimedOutException: test timed out after 3000 milliseconds
	at sun.misc.Unsafe.park(Native Method)
	at java.util.concurrent.locks.LockSupport.park(LockSupport.java:175)
	at java.util.concurrent.locks.AbstractQueuedSynchronizer.parkAndCheckInterrupt(AbstractQueuedSynchronizer.java:836)
	at java.util.concurrent.locks.AbstractQueuedSynchronizer.doAcquireSharedInterruptibly(AbstractQueuedSynchronizer.java:997)
	at java.util.concurrent.locks.AbstractQueuedSynchronizer.acquireSharedInterruptibly(AbstractQueuedSynchronizer.java:1304)
	at java.util.concurrent.CountDownLatch.await(CountDownLatch.java:231)
	at com.setl.RESTAPITests.User.Login.loginTest.loginSuccessWithValidCredentials(loginTest.java:59)
	at sun.reflect.NativeMethodAccessorImpl.invoke0(Native Method)
	at sun.reflect.NativeMethodAccessorImpl.invoke(NativeMethodAccessorImpl.java:62)
	at sun.reflect.DelegatingMethodAccessorImpl.invoke(DelegatingMethodAccessorImpl.java:43)
	at java.lang.reflect.Method.invoke(Method.java:498)
	at org.junit.runners.model.FrameworkMethod$1.runReflectiveCall(FrameworkMethod.java:50)
	at org.junit.internal.runners.model.ReflectiveCallable.run(ReflectiveCallable.java:12)
	at org.junit.runners.model.FrameworkMethod.invokeExplosively(FrameworkMethod.java:47)
	at org.junit.internal.runners.statements.InvokeMethod.evaluate(InvokeMethod.java:17)
	at org.junit.internal.runners.statements.RunBefores.evaluate(RunBefores.java:26)
	at org.junit.internal.runners.statements.RunAfters.evaluate(RunAfters.java:27)
	at org.junit.internal.runners.statements.FailOnTimeout$CallableStatement.call(FailOnTimeout.java:298)
	at org.junit.internal.runners.statements.FailOnTimeout$CallableStatement.call(FailOnTimeout.java:292)
	at java.util.concurrent.FutureTask.run(FutureTask.java:266)
	at java.lang.Thread.run(Thread.java:745)
</failure>
  </testcase>
  <testcase name="enumerationTest" classname="com.setl.RESTAPITests.User.Login.loginTest" time="0.0">
    <skipped/>
  </testcase>
  <testcase name="loginFailureWithInvalidCredentials" classname="com.setl.RESTAPITests.User.Login.loginTest" time="0.032"/>
  <system-out><![CDATA[Sending message :153 bytes
message : {"RequestID":1001,"Version":2,"Request":"startRequest","Data":"8fc0b0ee0b71c1bb2d63c703cba962411f7d6feee8b13d8ea6e189219a7f677a","MessageType":"Response"}
res::84f80875e0749eab8cd041bf0b4d3d7f18534eebbcf0a5a94de7600e4907474a
Sending message :320 bytes
message : {"Status":"Fail","Data":[{"Token":"fail","Status":"Fail","Message":"","UserName":"","UserID":0,"EMailAddress":"","useTwoFactor":0,"copyMailToEmail":0,"admin":0,"userType":0,"accontID":0,"accountName":"","memberID":0,"last_login":null,"apiKey":null,"investorType":0,"platformAddr":"","defaultAddress":"","defaultWalletID":0}],"MessageType":"Response","Request":"login","RequestID":1002,"Version":2}
Sending message :153 bytes
Sending message :153 bytes
message : {"RequestID":1001,"Version":2,"Request":"startRequest","Data":"73c8a0c26c01ad60dc914a913499c6eacf90179f699f20cab051446824e96663","MessageType":"Response"}
res::778e76f36e473fa7ee419547806343df69b269256121aa3948ed853f0d816a99
Sending message :320 bytes
message : {"Status":"Locked","Data":[{"Token":"fail","Status":"Locked","Message":"","UserName":"","UserID":0,"EMailAddress":"","useTwoFactor":0,"copyMailToEmail":0,"admin":0,"userType":0,"accontID":0,"accountName":"","memberID":0,"last_login":null,"apiKey":null,"investorType":0,"platformAddr":"","defaultAddress":"","defaultWalletID":0}],"MessageType":"Response","Request":"login","RequestID":1002,"Version":2}
]]></system-out>
  <system-err><![CDATA[]]></system-err>
</testsuite>
