<?xml version="1.0" encoding="UTF-8"?>
<testsuite name="com.setl.openCSDClarityTests.UI.Wallets.OpenCSDWalletsAcceptanceTest" tests="10" skipped="7" failures="0" errors="0" timestamp="2017-12-05T17:32:32" hostname="Bills-iMac.local" time="17.617">
  <properties/>
  <testcase name="shouldNotCreateDuplicateWallet" classname="com.setl.openCSDClarityTests.UI.Wallets.OpenCSDWalletsAcceptanceTest" time="0.0">
    <skipped/>
  </testcase>
  <testcase name="shouldEditWalletType" classname="com.setl.openCSDClarityTests.UI.Wallets.OpenCSDWalletsAcceptanceTest" time="0.0">
    <skipped/>
  </testcase>
  <testcase name="shouldResetWallet" classname="com.setl.openCSDClarityTests.UI.Wallets.OpenCSDWalletsAcceptanceTest" time="0.0">
    <skipped/>
  </testcase>
  <testcase name="shouldResetWalletAccount" classname="com.setl.openCSDClarityTests.UI.Wallets.OpenCSDWalletsAcceptanceTest" time="0.0">
    <skipped/>
  </testcase>
  <testcase name="shouldEditWalletStatus" classname="com.setl.openCSDClarityTests.UI.Wallets.OpenCSDWalletsAcceptanceTest" time="0.0">
    <skipped/>
  </testcase>
  <testcase name="shouldResetWalletStatus" classname="com.setl.openCSDClarityTests.UI.Wallets.OpenCSDWalletsAcceptanceTest" time="0.0">
    <skipped/>
  </testcase>
  <testcase name="shouldEditWalletAccount" classname="com.setl.openCSDClarityTests.UI.Wallets.OpenCSDWalletsAcceptanceTest" time="0.0">
    <skipped/>
  </testcase>
  <testcase name="shouldNotCreateWalletWithoutAccountAndWalletType" classname="com.setl.openCSDClarityTests.UI.Wallets.OpenCSDWalletsAcceptanceTest" time="5.631"/>
  <testcase name="shouldNotCreateWalletWithoutWalletType" classname="com.setl.openCSDClarityTests.UI.Wallets.OpenCSDWalletsAcceptanceTest" time="5.885"/>
  <testcase name="shouldCreateWallet" classname="com.setl.openCSDClarityTests.UI.Wallets.OpenCSDWalletsAcceptanceTest" time="6.101"/>
  <system-out><![CDATA[
[TEST shouldNotCreateWalletWithoutAccountAndWalletType STARTING] 
Mac OS X
Popup not present  no such element: Unable to locate element: {"method":"css selector","selector":"default ng-tns-c16-3"}
  (Session info: chrome=62.0.3202.94)
  (Driver info: chromedriver=2.33.506106 (8a06c39c4582fbfbab6966dbb1c38a9173bfb1a2),platform=Mac OS X 10.13.1 x86_64) (WARNING: The server did not provide any stacktrace information)
Command duration or timeout: 0 milliseconds
For documentation on this error, please visit: http://seleniumhq.org/exceptions/no_such_element.html
Build info: version: '3.5.3', revision: 'a88d25fe6b', time: '2017-08-29T12:42:44.417Z'
System info: host: 'Bills-iMac.local', ip: 'fe80:0:0:0:30:d59:d5d9:9367%en0', os.name: 'Mac OS X', os.arch: 'x86_64', os.version: '10.13.1', java.version: '1.8.0_102'
Driver info: org.openqa.selenium.chrome.ChromeDriver
Capabilities [{mobileEmulationEnabled=false, hasTouchScreen=false, platform=MAC, acceptSslCerts=true, webStorageEnabled=true, browserName=chrome, takesScreenshot=true, javascriptEnabled=true, platformName=MAC, setWindowRect=true, unexpectedAlertBehaviour=, applicationCacheEnabled=false, rotatable=false, networkConnectionEnabled=false, chrome={chromedriverVersion=2.33.506106 (8a06c39c4582fbfbab6966dbb1c38a9173bfb1a2), userDataDir=/var/folders/f5/f4tjd9ps6pggj9nq_6qtjq0w0000gn/T/.org.chromium.Chromium.UHGK8E}, takesHeapSnapshot=true, pageLoadStrategy=normal, unhandledPromptBehavior=, databaseEnabled=false, handlesAlerts=true, version=62.0.3202.94, browserConnectionEnabled=false, nativeEvents=true, locationContextEnabled=true, cssSelectorsEnabled=true}]
Session ID: 1da44db8e839f97cb5075d16657b782c
*** Element info: {Using=css selector, value=default ng-tns-c16-3}
[TEST ENDED] Time elapsed: 5.502 sec

[TEST shouldNotCreateWalletWithoutWalletType STARTING] 
Mac OS X
Popup not present  no such element: Unable to locate element: {"method":"css selector","selector":"default ng-tns-c16-3"}
  (Session info: chrome=62.0.3202.94)
  (Driver info: chromedriver=2.33.506106 (8a06c39c4582fbfbab6966dbb1c38a9173bfb1a2),platform=Mac OS X 10.13.1 x86_64) (WARNING: The server did not provide any stacktrace information)
Command duration or timeout: 0 milliseconds
For documentation on this error, please visit: http://seleniumhq.org/exceptions/no_such_element.html
Build info: version: '3.5.3', revision: 'a88d25fe6b', time: '2017-08-29T12:42:44.417Z'
System info: host: 'Bills-iMac.local', ip: 'fe80:0:0:0:30:d59:d5d9:9367%en0', os.name: 'Mac OS X', os.arch: 'x86_64', os.version: '10.13.1', java.version: '1.8.0_102'
Driver info: org.openqa.selenium.chrome.ChromeDriver
Capabilities [{mobileEmulationEnabled=false, hasTouchScreen=false, platform=MAC, acceptSslCerts=true, webStorageEnabled=true, browserName=chrome, takesScreenshot=true, javascriptEnabled=true, platformName=MAC, setWindowRect=true, unexpectedAlertBehaviour=, applicationCacheEnabled=false, rotatable=false, networkConnectionEnabled=false, chrome={chromedriverVersion=2.33.506106 (8a06c39c4582fbfbab6966dbb1c38a9173bfb1a2), userDataDir=/var/folders/f5/f4tjd9ps6pggj9nq_6qtjq0w0000gn/T/.org.chromium.Chromium.brj8gF}, takesHeapSnapshot=true, pageLoadStrategy=normal, unhandledPromptBehavior=, databaseEnabled=false, handlesAlerts=true, version=62.0.3202.94, browserConnectionEnabled=false, nativeEvents=true, locationContextEnabled=true, cssSelectorsEnabled=true}]
Session ID: 66893f682b5c4d4dada2f13f47489540
*** Element info: {Using=css selector, value=default ng-tns-c16-3}
[TEST ENDED] Time elapsed: 5.757 sec

[TEST shouldCreateWallet STARTING] 
Mac OS X
Popup not present  no such element: Unable to locate element: {"method":"css selector","selector":"default ng-tns-c16-3"}
  (Session info: chrome=62.0.3202.94)
  (Driver info: chromedriver=2.33.506106 (8a06c39c4582fbfbab6966dbb1c38a9173bfb1a2),platform=Mac OS X 10.13.1 x86_64) (WARNING: The server did not provide any stacktrace information)
Command duration or timeout: 0 milliseconds
For documentation on this error, please visit: http://seleniumhq.org/exceptions/no_such_element.html
Build info: version: '3.5.3', revision: 'a88d25fe6b', time: '2017-08-29T12:42:44.417Z'
System info: host: 'Bills-iMac.local', ip: 'fe80:0:0:0:30:d59:d5d9:9367%en0', os.name: 'Mac OS X', os.arch: 'x86_64', os.version: '10.13.1', java.version: '1.8.0_102'
Driver info: org.openqa.selenium.chrome.ChromeDriver
Capabilities [{mobileEmulationEnabled=false, hasTouchScreen=false, platform=MAC, acceptSslCerts=true, webStorageEnabled=true, browserName=chrome, takesScreenshot=true, javascriptEnabled=true, platformName=MAC, setWindowRect=true, unexpectedAlertBehaviour=, applicationCacheEnabled=false, rotatable=false, networkConnectionEnabled=false, chrome={chromedriverVersion=2.33.506106 (8a06c39c4582fbfbab6966dbb1c38a9173bfb1a2), userDataDir=/var/folders/f5/f4tjd9ps6pggj9nq_6qtjq0w0000gn/T/.org.chromium.Chromium.ctvEVL}, takesHeapSnapshot=true, pageLoadStrategy=normal, unhandledPromptBehavior=, databaseEnabled=false, handlesAlerts=true, version=62.0.3202.94, browserConnectionEnabled=false, nativeEvents=true, locationContextEnabled=true, cssSelectorsEnabled=true}]
Session ID: cb41d5e8b3c6caf98cda2516d64cd209
*** Element info: {Using=css selector, value=default ng-tns-c16-3}
[TEST ENDED] Time elapsed: 5.973 sec
]]></system-out>
  <system-err><![CDATA[Starting ChromeDriver 2.33.506106 (8a06c39c4582fbfbab6966dbb1c38a9173bfb1a2) on port 5329
Only local connections are allowed.
Dec 05, 2017 5:32:32 PM org.openqa.selenium.remote.ProtocolHandshake createSession
INFO: Detected dialect: OSS
Starting ChromeDriver 2.33.506106 (8a06c39c4582fbfbab6966dbb1c38a9173bfb1a2) on port 20463
Only local connections are allowed.
Dec 05, 2017 5:32:38 PM org.openqa.selenium.remote.ProtocolHandshake createSession
INFO: Detected dialect: OSS
Starting ChromeDriver 2.33.506106 (8a06c39c4582fbfbab6966dbb1c38a9173bfb1a2) on port 46686
Only local connections are allowed.
Dec 05, 2017 5:32:44 PM org.openqa.selenium.remote.ProtocolHandshake createSession
INFO: Detected dialect: OSS
]]></system-err>
</testsuite>
