<?xml version="1.0" encoding="UTF-8"?>
<testsuite name="com.setl.openCSDClarityTests.UI.ProductModule.Funds.OpenCSDFundsAcceptanceTest" tests="4" skipped="0" failures="0" errors="0" timestamp="2017-12-05T17:29:54" hostname="Bills-iMac.local" time="44.355">
  <properties/>
  <testcase name="shouldLandOnLoginPage" classname="com.setl.openCSDClarityTests.UI.ProductModule.Funds.OpenCSDFundsAcceptanceTest" time="3.266"/>
  <testcase name="shouldCreateFundAsAMViewAsInvestor" classname="com.setl.openCSDClarityTests.UI.ProductModule.Funds.OpenCSDFundsAcceptanceTest" time="30.036"/>
  <testcase name="shouldNotAcceptFundWithQuantityLowerThan0" classname="com.setl.openCSDClarityTests.UI.ProductModule.Funds.OpenCSDFundsAcceptanceTest" time="10.381"/>
  <testcase name="shouldNotAcceptFundWithQuantityLowerThan10" classname="com.setl.openCSDClarityTests.UI.ProductModule.Funds.OpenCSDFundsAcceptanceTest" time="0.672"/>
  <system-out><![CDATA[
[TEST shouldLandOnLoginPage STARTING] 
Mac OS X
[TEST ENDED] Time elapsed: 3.140 sec

[TEST shouldCreateFundAsAMViewAsInvestor STARTING] 
Mac OS X
173
[TEST ENDED] Time elapsed: 29.908 sec

[TEST shouldNotAcceptFundWithQuantityLowerThan0 STARTING] 
Mac OS X
[TEST ENDED] Time elapsed: 10.286 sec

[TEST shouldNotAcceptFundWithQuantityLowerThan10 STARTING] 
Mac OS X
[TEST ENDED] Time elapsed: 0.548 sec
]]></system-out>
  <system-err><![CDATA[Starting ChromeDriver 2.33.506106 (8a06c39c4582fbfbab6966dbb1c38a9173bfb1a2) on port 2414
Only local connections are allowed.
Dec 05, 2017 5:29:54 PM org.openqa.selenium.remote.ProtocolHandshake createSession
INFO: Detected dialect: OSS
Starting ChromeDriver 2.33.506106 (8a06c39c4582fbfbab6966dbb1c38a9173bfb1a2) on port 46284
Only local connections are allowed.
Dec 05, 2017 5:29:58 PM org.openqa.selenium.remote.ProtocolHandshake createSession
INFO: Detected dialect: OSS
Starting ChromeDriver 2.33.506106 (8a06c39c4582fbfbab6966dbb1c38a9173bfb1a2) on port 34804
Only local connections are allowed.
Dec 05, 2017 5:30:28 PM org.openqa.selenium.remote.ProtocolHandshake createSession
INFO: Detected dialect: OSS
Starting ChromeDriver 2.33.506106 (8a06c39c4582fbfbab6966dbb1c38a9173bfb1a2) on port 17849
Only local connections are allowed.
Dec 05, 2017 5:30:38 PM org.openqa.selenium.remote.ProtocolHandshake createSession
INFO: Detected dialect: OSS
]]></system-err>
</testsuite>
