<?xml version="1.0" encoding="UTF-8"?>
<testsuite name="com.setl.RESTAPITests.ManagementCompany.Creation.createManagementCompanyAcceptanceTest" tests="2" skipped="0" failures="1" errors="0" timestamp="2017-12-05T17:33:20" hostname="Bills-iMac.local" time="3.005">
  <properties/>
  <testcase name="createNewManagementCompany" classname="com.setl.RESTAPITests.ManagementCompany.Creation.createManagementCompanyAcceptanceTest" time="3.004">
    <failure message="org.junit.runners.model.TestTimedOutException: test timed out after 3000 milliseconds" type="org.junit.runners.model.TestTimedOutException">org.junit.runners.model.TestTimedOutException: test timed out after 3000 milliseconds
	at java.net.SocketInputStream.socketRead0(Native Method)
	at java.net.SocketInputStream.socketRead(SocketInputStream.java:116)
	at java.net.SocketInputStream.read(SocketInputStream.java:170)
	at java.net.SocketInputStream.read(SocketInputStream.java:141)
	at org.apache.http.impl.io.SessionInputBufferImpl.streamRead(SessionInputBufferImpl.java:137)
	at org.apache.http.impl.io.SessionInputBufferImpl.fillBuffer(SessionInputBufferImpl.java:153)
	at org.apache.http.impl.io.SessionInputBufferImpl.readLine(SessionInputBufferImpl.java:282)
	at org.apache.http.impl.conn.DefaultHttpResponseParser.parseHead(DefaultHttpResponseParser.java:138)
	at org.apache.http.impl.conn.DefaultHttpResponseParser.parseHead(DefaultHttpResponseParser.java:56)
	at org.apache.http.impl.io.AbstractMessageParser.parse(AbstractMessageParser.java:259)
	at org.apache.http.impl.DefaultBHttpClientConnection.receiveResponseHeader(DefaultBHttpClientConnection.java:163)
	at org.apache.http.impl.conn.CPoolProxy.receiveResponseHeader(CPoolProxy.java:165)
	at org.apache.http.protocol.HttpRequestExecutor.doReceiveResponse(HttpRequestExecutor.java:273)
	at org.apache.http.protocol.HttpRequestExecutor.execute(HttpRequestExecutor.java:125)
	at org.apache.http.impl.execchain.MainClientExec.execute(MainClientExec.java:272)
	at org.apache.http.impl.execchain.ProtocolExec.execute(ProtocolExec.java:185)
	at org.apache.http.impl.execchain.RetryExec.execute(RetryExec.java:89)
	at org.apache.http.impl.execchain.RedirectExec.execute(RedirectExec.java:111)
	at org.apache.http.impl.client.InternalHttpClient.doExecute(InternalHttpClient.java:185)
	at org.apache.http.impl.client.CloseableHttpClient.execute(CloseableHttpClient.java:83)
	at org.apache.http.impl.client.CloseableHttpClient.execute(CloseableHttpClient.java:108)
	at org.apache.http.impl.client.CloseableHttpClient.execute(CloseableHttpClient.java:56)
	at com.mashape.unirest.http.HttpClientHelper.request(HttpClientHelper.java:138)
	at com.mashape.unirest.request.BaseRequest.asJson(BaseRequest.java:68)
	at io.setl.restapi.client.RestApi.call(RestApi.java:87)
	at io.setl.restapi.client.RestApi.sendMessage(RestApi.java:67)
	at com.setl.RESTAPITests.ManagementCompany.Creation.createManagementCompanyAcceptanceTest.createNewManagementCompany(createManagementCompanyAcceptanceTest.java:70)
	at sun.reflect.NativeMethodAccessorImpl.invoke0(Native Method)
	at sun.reflect.NativeMethodAccessorImpl.invoke(NativeMethodAccessorImpl.java:62)
	at sun.reflect.DelegatingMethodAccessorImpl.invoke(DelegatingMethodAccessorImpl.java:43)
	at java.lang.reflect.Method.invoke(Method.java:498)
	at org.junit.runners.model.FrameworkMethod$1.runReflectiveCall(FrameworkMethod.java:50)
	at org.junit.internal.runners.model.ReflectiveCallable.run(ReflectiveCallable.java:12)
	at org.junit.runners.model.FrameworkMethod.invokeExplosively(FrameworkMethod.java:47)
	at org.junit.internal.runners.statements.InvokeMethod.evaluate(InvokeMethod.java:17)
	at org.junit.internal.runners.statements.RunBefores.evaluate(RunBefores.java:26)
	at org.junit.internal.runners.statements.FailOnTimeout$CallableStatement.call(FailOnTimeout.java:298)
	at org.junit.internal.runners.statements.FailOnTimeout$CallableStatement.call(FailOnTimeout.java:292)
	at java.util.concurrent.FutureTask.run(FutureTask.java:266)
	at java.lang.Thread.run(Thread.java:745)
</failure>
  </testcase>
  <testcase name="failToCreateManagementCompanyWithIncorrectPermissions" classname="com.setl.RESTAPITests.ManagementCompany.Creation.createManagementCompanyAcceptanceTest" time="0.001"/>
  <system-out><![CDATA[payload eyJ0eXAiOiJKV1QiLCJhbGciOiJIUzI1NiJ9.eyJtZXNzYWdlYm9keSI6eyJ1c2VyaWQiOjR9LCJtZXNzYWdldHlwZSI6ImluaXRpYWxpc2UiLCJyZXF1ZXN0aWQiOjEsInRva2VuIjoiIiwidGltZXN0YW1wIjoxNTEyNDk1MjAwNjk2fQ.FX_GA_5SDdWnHCtAcxkfmE8cdCMLAur04J0zOVaxTYM
payload eyJ0eXAiOiJKV1QiLCJhbGciOiJIUzI1NiJ9.eyJtZXNzYWdlYm9keSI6eyJvcGVyYXRpb25hbENvbnRhY3QiOiJCb2IncyBVbmNsZSIsImNvdW50cnkiOiJVSyIsImRpcmVjdG9yQ29udGFjdCI6IkJvYidzIE11bSIsImNpdHkiOiJFZGluYnVyZ2giLCJyZWdpc3RyYXRpb25OdW0iOiIxMjU4IiwiY29tcGFueU5hbWUiOiJNYW5hZ2VtZW50Q29OYW1lX25TTVBEIiwiYWRkcmVzc1ByZWZpeCI6IjE2IiwicG9zdGFsQ29kZSI6IkVIMSA4SE0iLCJlbnRpdHlJZCI6IjUiLCJwb3N0YWxBZGRyZXNzTGluZTEiOiJTdGV2ZW5zb24gU3RyZWV0IiwiY3JlYXRpb25EYXRlIjoiMjAxNy8wMS8wMSIsInBvc3RhbEFkZHJlc3NMaW5lMiI6IkdvcmdpZSIsImxvZ29VUkwiOiIiLCJsZWkiOiIxMjMxNSIsImNvbW1lcmNpYWxDb250YWN0IjoiQm9iIiwic2hhcmVDYXBpdGFsIjoiMTIwMDAwIiwibnVtU2lyZXRPclNpcmVuIjoiVGVzdCIsImdpaW5Db2RlIjoiMjUyNSIsInRvcGljIjoibmV3bWFuYWdlbWVudGNvbXBhbnkiLCJ0YXhSZXNpZGVuY2UiOiJVSyIsInN0YXRlQXJlYSI6Ik1pZGxvdGhpYW4iLCJzdXBlcnZpc29yeUF1dGhvcml0eSI6IkxDSCIsImJpYyI6IkJHMTIzMTM1NCJ9LCJtZXNzYWdldHlwZSI6InJlcXVlc3QiLCJyZXF1ZXN0aWQiOjEsInRva2VuIjoiIiwidGltZXN0YW1wIjoxNTEyNDk1MjAwNzE2fQ.pSr-Y-p4CCgLLBP9w45siihMbO8A-Rgguvxfs45c4Ao
]]></system-out>
  <system-err><![CDATA[]]></system-err>
</testsuite>
