<?xml version="1.0" encoding="UTF-8"?>
<testsuite name="com.setl.openCSDTests.UI.Accounts.OpenCSDAccountsAcceptanceTest" tests="2" skipped="0" failures="0" errors="0" timestamp="2017-09-11T10:42:45" hostname="Bills-iMac.local" time="20.721">
  <properties/>
  <testcase name="shouldCreateNewAccount" classname="com.setl.openCSDTests.UI.Accounts.OpenCSDAccountsAcceptanceTest" time="9.963"/>
  <testcase name="shouldCreateAccount" classname="com.setl.openCSDTests.UI.Accounts.OpenCSDAccountsAcceptanceTest" time="10.757"/>
  <system-out><![CDATA[
[TEST shouldCreateNewAccount STARTING] 
[TEST ENDED] Time elapsed: 9.827 sec

[TEST shouldCreateAccount STARTING] 
[TEST ENDED] Time elapsed: 10.613 sec
]]></system-out>
  <system-err><![CDATA[Starting ChromeDriver 2.30.477690 (c53f4ad87510ee97b5c3425a14c0e79780cdf262) on port 7762
Only local connections are allowed.
Sep 11, 2017 11:42:45 AM org.openqa.selenium.remote.ProtocolHandshake createSession
INFO: Detected dialect: OSS
Starting ChromeDriver 2.30.477690 (c53f4ad87510ee97b5c3425a14c0e79780cdf262) on port 41944
Only local connections are allowed.
Sep 11, 2017 11:42:55 AM org.openqa.selenium.remote.ProtocolHandshake createSession
INFO: Detected dialect: OSS
]]></system-err>
</testsuite>
