<?xml version="1.0" encoding="UTF-8"?>
<testsuite name="com.setl.RESTAPITests.User.Update.updateUserTest" tests="3" skipped="0" failures="0" errors="0" timestamp="2017-12-05T17:34:50" hostname="Bills-iMac.local" time="0.537">
  <properties/>
  <testcase name="updateUserUserType" classname="com.setl.RESTAPITests.User.Update.updateUserTest" time="0.163"/>
  <testcase name="updateUserEmailAddress" classname="com.setl.RESTAPITests.User.Update.updateUserTest" time="0.168"/>
  <testcase name="updateUserAccount" classname="com.setl.RESTAPITests.User.Update.updateUserTest" time="0.205"/>
  <system-out><![CDATA[Sending message :153 bytes
message : {"RequestID":1001,"Version":2,"Request":"startRequest","Data":"6350656af72dfa251356e7b0c3ac7d8d5566bfa7a3cfc95419e2bb94f3727a5e","MessageType":"Response"}
res::de739ad367272b01d31ae2773d055c0a2d1c4f1e73d672b0646e71301486f6dd
Sending message :320 bytes
message : {"Status":"OK","Data":[{"Token":"f3ca416bc8bc110d48318dbd9190f8b3c076f6853b1cd90d398d02b908069785","Status":"OK","Message":"","UserName":"Emmanuel","UserID":4,"EMailAddress":"emmanuel.rodriguez@setl.io","useTwoFactor":0,"copyMailToEmail":1,"admin":1,"userType":15,"accontID":1,"accountName":"SETL Private Admin","memberID":1,"last_login":"2017-12-05 17:33:03","apiKey":"/bKH2sZuYyQXUAPia1iHQOEq57HdZbDFAzAruU+6xQg=","investorType":null,"platformAddr":null,"defaultAddress":null,"defaultWalletID":null,"setting":"1"}],"MessageType":"Response","Request":"login","RequestID":1002,"Version":2}
Sending message :448 bytes
message : {"Status":"OK","Data":{"msg":"hello"},"MessageType":"Response","Version":2}
message : {"Status":"OK","Data":[{"Status":"OK","userID":79,"userName":"Test_User_OcLKI","accountID":8,"parent":1,"emailAddress":"Test_User_OcLKI@test.com","isManager":0,"accountLocked":0,"userType":35,"`isAdmin`":1}],"MessageType":"Response","Request":"newUser","RequestID":1003,"Version":2}
Sending message :408 bytes
message : {"Status":"OK","Data":[{"Status":"OK","Message":"","userID":79,"userName":"Test_User_OcLKI","accountID":8,"parent":1,"emailAddress":"Test_User_OcLKI@test.com","isManager":0,"accountLocked":0,"userType":36}],"MessageType":"Response","Request":"updateUser","RequestID":1004,"Version":2}
userType
36
Sending message :153 bytes
message : {"RequestID":1001,"Version":2,"Request":"startRequest","Data":"02ee992f005b40accfb03cf4124bdfa18f006faf45f8d3ba00ff13af65d83e3b","MessageType":"Response"}
res::bb8e4e37ba178dbe73b0dbbfa8c720c051f0ba3affd3cb8591c1e89db97c80b8
Sending message :320 bytes
message : {"Status":"OK","Data":[{"Token":"0c0816c8cb33399f5a928a61d1c4f2ea79c430c5e59ff602042103bf07df0da2","Status":"OK","Message":"","UserName":"Emmanuel","UserID":4,"EMailAddress":"emmanuel.rodriguez@setl.io","useTwoFactor":0,"copyMailToEmail":1,"admin":1,"userType":15,"accontID":1,"accountName":"SETL Private Admin","memberID":1,"last_login":"2017-12-05 17:34:50","apiKey":"/bKH2sZuYyQXUAPia1iHQOEq57HdZbDFAzAruU+6xQg=","investorType":null,"platformAddr":null,"defaultAddress":null,"defaultWalletID":null,"setting":"1"}],"MessageType":"Response","Request":"login","RequestID":1002,"Version":2}
Sending message :448 bytes
message : {"Status":"OK","Data":{"msg":"hello"},"MessageType":"Response","Version":2}
message : {"Status":"OK","Data":[{"Status":"OK","userID":80,"userName":"Test_User_QpFvJ","accountID":8,"parent":1,"emailAddress":"Test_User_QpFvJ@test.com","isManager":0,"accountLocked":0,"userType":35,"`isAdmin`":1}],"MessageType":"Response","Request":"newUser","RequestID":1003,"Version":2}
Sending message :408 bytes
message : {"Status":"OK","Data":[{"Status":"OK","Message":"","userID":80,"userName":"Test_User_QpFvJ","accountID":8,"parent":1,"emailAddress":"test@test.com","isManager":0,"accountLocked":0,"userType":35}],"MessageType":"Response","Request":"updateUser","RequestID":1004,"Version":2}
emailAddress
test@test.com
Sending message :153 bytes
message : {"RequestID":1001,"Version":2,"Request":"startRequest","Data":"8fbe400a4cd15f85caf4b1f5e01a55b201d7a1383553bbe512fe635982f3c737","MessageType":"Response"}
res::b9924e6cbc75d2306982bd49416b98e18e6f44add5dff7b93a0db43d370599f5
Sending message :320 bytes
message : {"Status":"OK","Data":[{"Token":"bb86a59c5acccf1a2d7265a6eacf815ee886c054a74a98d54bef1c2abd2aa49c","Status":"OK","Message":"","UserName":"Emmanuel","UserID":4,"EMailAddress":"emmanuel.rodriguez@setl.io","useTwoFactor":0,"copyMailToEmail":1,"admin":1,"userType":15,"accontID":1,"accountName":"SETL Private Admin","memberID":1,"last_login":"2017-12-05 17:34:50","apiKey":"/bKH2sZuYyQXUAPia1iHQOEq57HdZbDFAzAruU+6xQg=","investorType":null,"platformAddr":null,"defaultAddress":null,"defaultWalletID":null,"setting":"1"}],"MessageType":"Response","Request":"login","RequestID":1002,"Version":2}
Sending message :448 bytes
message : {"Status":"OK","Data":{"msg":"hello"},"MessageType":"Response","Version":2}
message : {"Status":"OK","Data":[{"Status":"OK","userID":81,"userName":"Test_User_Smkhu","accountID":8,"parent":1,"emailAddress":"Test_User_Smkhu@test.com","isManager":0,"accountLocked":0,"userType":35,"`isAdmin`":1}],"MessageType":"Response","Request":"newUser","RequestID":1003,"Version":2}
Sending message :408 bytes
message : {"Status":"OK","Data":[{"Status":"OK","Message":"","userID":81,"userName":"Test_User_Smkhu","accountID":7,"parent":1,"emailAddress":"Test_User_Smkhu@test.com","isManager":0,"accountLocked":0,"userType":35}],"MessageType":"Response","Request":"updateUser","RequestID":1004,"Version":2}
accountID
7
]]></system-out>
  <system-err><![CDATA[]]></system-err>
</testsuite>
