<?xml version="1.0" encoding="UTF-8"?>
<testsuite name="com.setl.RESTAPITests.Member.Deletion.deleteMemberAcceptanceTest" tests="2" skipped="0" failures="2" errors="0" timestamp="2017-12-05T17:33:26" hostname="Bills-iMac.local" time="20.012">
  <properties/>
  <testcase name="deleteMember" classname="com.setl.RESTAPITests.Member.Deletion.deleteMemberAcceptanceTest" time="10.006">
    <failure message="org.junit.runners.model.TestTimedOutException: test timed out after 10000 milliseconds" type="org.junit.runners.model.TestTimedOutException">org.junit.runners.model.TestTimedOutException: test timed out after 10000 milliseconds
	at java.net.SocketInputStream.socketRead0(Native Method)
	at java.net.SocketInputStream.socketRead(SocketInputStream.java:116)
	at java.net.SocketInputStream.read(SocketInputStream.java:170)
	at java.net.SocketInputStream.read(SocketInputStream.java:141)
	at org.apache.http.impl.io.SessionInputBufferImpl.streamRead(SessionInputBufferImpl.java:137)
	at org.apache.http.impl.io.SessionInputBufferImpl.fillBuffer(SessionInputBufferImpl.java:153)
	at org.apache.http.impl.io.SessionInputBufferImpl.readLine(SessionInputBufferImpl.java:282)
	at org.apache.http.impl.conn.DefaultHttpResponseParser.parseHead(DefaultHttpResponseParser.java:138)
	at org.apache.http.impl.conn.DefaultHttpResponseParser.parseHead(DefaultHttpResponseParser.java:56)
	at org.apache.http.impl.io.AbstractMessageParser.parse(AbstractMessageParser.java:259)
	at org.apache.http.impl.DefaultBHttpClientConnection.receiveResponseHeader(DefaultBHttpClientConnection.java:163)
	at org.apache.http.impl.conn.CPoolProxy.receiveResponseHeader(CPoolProxy.java:165)
	at org.apache.http.protocol.HttpRequestExecutor.doReceiveResponse(HttpRequestExecutor.java:273)
	at org.apache.http.protocol.HttpRequestExecutor.execute(HttpRequestExecutor.java:125)
	at org.apache.http.impl.execchain.MainClientExec.execute(MainClientExec.java:272)
	at org.apache.http.impl.execchain.ProtocolExec.execute(ProtocolExec.java:185)
	at org.apache.http.impl.execchain.RetryExec.execute(RetryExec.java:89)
	at org.apache.http.impl.execchain.RedirectExec.execute(RedirectExec.java:111)
	at org.apache.http.impl.client.InternalHttpClient.doExecute(InternalHttpClient.java:185)
	at org.apache.http.impl.client.CloseableHttpClient.execute(CloseableHttpClient.java:83)
	at org.apache.http.impl.client.CloseableHttpClient.execute(CloseableHttpClient.java:108)
	at org.apache.http.impl.client.CloseableHttpClient.execute(CloseableHttpClient.java:56)
	at com.mashape.unirest.http.HttpClientHelper.request(HttpClientHelper.java:138)
	at com.mashape.unirest.request.BaseRequest.asJson(BaseRequest.java:68)
	at io.setl.restapi.client.RestApi.call(RestApi.java:87)
	at io.setl.restapi.client.RestApi.sendMessage(RestApi.java:67)
	at com.setl.RESTAPITests.Member.Deletion.deleteMemberAcceptanceTest.deleteMember(deleteMemberAcceptanceTest.java:45)
	at sun.reflect.NativeMethodAccessorImpl.invoke0(Native Method)
	at sun.reflect.NativeMethodAccessorImpl.invoke(NativeMethodAccessorImpl.java:62)
	at sun.reflect.DelegatingMethodAccessorImpl.invoke(DelegatingMethodAccessorImpl.java:43)
	at java.lang.reflect.Method.invoke(Method.java:498)
	at org.junit.runners.model.FrameworkMethod$1.runReflectiveCall(FrameworkMethod.java:50)
	at org.junit.internal.runners.model.ReflectiveCallable.run(ReflectiveCallable.java:12)
	at org.junit.runners.model.FrameworkMethod.invokeExplosively(FrameworkMethod.java:47)
	at org.junit.internal.runners.statements.InvokeMethod.evaluate(InvokeMethod.java:17)
	at org.junit.internal.runners.statements.RunBefores.evaluate(RunBefores.java:26)
	at org.junit.internal.runners.statements.FailOnTimeout$CallableStatement.call(FailOnTimeout.java:298)
	at org.junit.internal.runners.statements.FailOnTimeout$CallableStatement.call(FailOnTimeout.java:292)
	at java.util.concurrent.FutureTask.run(FutureTask.java:266)
	at java.lang.Thread.run(Thread.java:745)
</failure>
  </testcase>
  <testcase name="shouldNotDeleteMemberWithoutPermissions" classname="com.setl.RESTAPITests.Member.Deletion.deleteMemberAcceptanceTest" time="10.006">
    <failure message="org.junit.runners.model.TestTimedOutException: test timed out after 10000 milliseconds" type="org.junit.runners.model.TestTimedOutException">org.junit.runners.model.TestTimedOutException: test timed out after 10000 milliseconds
	at java.net.SocketInputStream.socketRead0(Native Method)
	at java.net.SocketInputStream.socketRead(SocketInputStream.java:116)
	at java.net.SocketInputStream.read(SocketInputStream.java:170)
	at java.net.SocketInputStream.read(SocketInputStream.java:141)
	at org.apache.http.impl.io.SessionInputBufferImpl.streamRead(SessionInputBufferImpl.java:137)
	at org.apache.http.impl.io.SessionInputBufferImpl.fillBuffer(SessionInputBufferImpl.java:153)
	at org.apache.http.impl.io.SessionInputBufferImpl.readLine(SessionInputBufferImpl.java:282)
	at org.apache.http.impl.conn.DefaultHttpResponseParser.parseHead(DefaultHttpResponseParser.java:138)
	at org.apache.http.impl.conn.DefaultHttpResponseParser.parseHead(DefaultHttpResponseParser.java:56)
	at org.apache.http.impl.io.AbstractMessageParser.parse(AbstractMessageParser.java:259)
	at org.apache.http.impl.DefaultBHttpClientConnection.receiveResponseHeader(DefaultBHttpClientConnection.java:163)
	at org.apache.http.impl.conn.CPoolProxy.receiveResponseHeader(CPoolProxy.java:165)
	at org.apache.http.protocol.HttpRequestExecutor.doReceiveResponse(HttpRequestExecutor.java:273)
	at org.apache.http.protocol.HttpRequestExecutor.execute(HttpRequestExecutor.java:125)
	at org.apache.http.impl.execchain.MainClientExec.execute(MainClientExec.java:272)
	at org.apache.http.impl.execchain.ProtocolExec.execute(ProtocolExec.java:185)
	at org.apache.http.impl.execchain.RetryExec.execute(RetryExec.java:89)
	at org.apache.http.impl.execchain.RedirectExec.execute(RedirectExec.java:111)
	at org.apache.http.impl.client.InternalHttpClient.doExecute(InternalHttpClient.java:185)
	at org.apache.http.impl.client.CloseableHttpClient.execute(CloseableHttpClient.java:83)
	at org.apache.http.impl.client.CloseableHttpClient.execute(CloseableHttpClient.java:108)
	at org.apache.http.impl.client.CloseableHttpClient.execute(CloseableHttpClient.java:56)
	at com.mashape.unirest.http.HttpClientHelper.request(HttpClientHelper.java:138)
	at com.mashape.unirest.request.BaseRequest.asJson(BaseRequest.java:68)
	at io.setl.restapi.client.RestApi.call(RestApi.java:87)
	at io.setl.restapi.client.RestApi.sendMessage(RestApi.java:67)
	at com.setl.RESTAPITests.Member.Deletion.deleteMemberAcceptanceTest.shouldNotDeleteMemberWithoutPermissions(deleteMemberAcceptanceTest.java:69)
	at sun.reflect.NativeMethodAccessorImpl.invoke0(Native Method)
	at sun.reflect.NativeMethodAccessorImpl.invoke(NativeMethodAccessorImpl.java:62)
	at sun.reflect.DelegatingMethodAccessorImpl.invoke(DelegatingMethodAccessorImpl.java:43)
	at java.lang.reflect.Method.invoke(Method.java:498)
	at org.junit.runners.model.FrameworkMethod$1.runReflectiveCall(FrameworkMethod.java:50)
	at org.junit.internal.runners.model.ReflectiveCallable.run(ReflectiveCallable.java:12)
	at org.junit.runners.model.FrameworkMethod.invokeExplosively(FrameworkMethod.java:47)
	at org.junit.internal.runners.statements.InvokeMethod.evaluate(InvokeMethod.java:17)
	at org.junit.internal.runners.statements.RunBefores.evaluate(RunBefores.java:26)
	at org.junit.internal.runners.statements.FailOnTimeout$CallableStatement.call(FailOnTimeout.java:298)
	at org.junit.internal.runners.statements.FailOnTimeout$CallableStatement.call(FailOnTimeout.java:292)
	at java.util.concurrent.FutureTask.run(FutureTask.java:266)
	at java.lang.Thread.run(Thread.java:745)
</failure>
  </testcase>
  <system-out><![CDATA[payload eyJ0eXAiOiJKV1QiLCJhbGciOiJIUzI1NiJ9.eyJtZXNzYWdlYm9keSI6eyJ1c2VyaWQiOjR9LCJtZXNzYWdldHlwZSI6ImluaXRpYWxpc2UiLCJyZXF1ZXN0aWQiOjEsInRva2VuIjoiIiwidGltZXN0YW1wIjoxNTEyNDk1MjA2NzEzfQ.xx49ZiWcf_4Ctnr6NWatMd2Q8qp7EGOE1XdjM2nJ5y4
payload eyJ0eXAiOiJKV1QiLCJhbGciOiJIUzI1NiJ9.eyJtZXNzYWdlYm9keSI6eyJ0b3BpYyI6Im5tIiwibWVtYmVyTmFtZSI6IlRlc3RfTWVtYmVyX29NWVp2IiwiZW1haWwiOiJUZXN0X01lbWJlcl9vTVladkB0ZXN0LmNvbSJ9LCJtZXNzYWdldHlwZSI6InJlcXVlc3QiLCJyZXF1ZXN0aWQiOjEsInRva2VuIjoiIiwidGltZXN0YW1wIjoxNTEyNDk1MjA2NzIxfQ.UvZqS4anyuamg4MOeDabiDuzrqX9X8BQO_D6ZWl-500
payload eyJ0eXAiOiJKV1QiLCJhbGciOiJIUzI1NiJ9.eyJtZXNzYWdlYm9keSI6eyJ1c2VyaWQiOjR9LCJtZXNzYWdldHlwZSI6ImluaXRpYWxpc2UiLCJyZXF1ZXN0aWQiOjEsInRva2VuIjoiIiwidGltZXN0YW1wIjoxNTEyNDk1MjE2NzE5fQ.HiEoG981H9WKwkwBGUPJqLXU1DUD13BDkGaLcN6QIHA
payload eyJ0eXAiOiJKV1QiLCJhbGciOiJIUzI1NiJ9.eyJtZXNzYWdlYm9keSI6eyJ0b3BpYyI6Im5tIiwibWVtYmVyTmFtZSI6IlRlc3RfTWVtYmVyX3RmUktYIiwiZW1haWwiOiJUZXN0X01lbWJlcl90ZlJLWEB0ZXN0LmNvbSJ9LCJtZXNzYWdldHlwZSI6InJlcXVlc3QiLCJyZXF1ZXN0aWQiOjEsInRva2VuIjoiIiwidGltZXN0YW1wIjoxNTEyNDk1MjE2NzI3fQ.8ns3gQVP6EzMDGXQfDjk3vMMSA7rPywi04Tl32lArws
]]></system-out>
  <system-err><![CDATA[]]></system-err>
</testsuite>
