<?xml version="1.0" encoding="UTF-8"?>
<testsuite name="com.setl.WebSocketAPITests.ManagementCompany.Creation.createManagementCompanyTest" tests="1" skipped="0" failures="0" errors="0" timestamp="2017-12-05T17:37:54" hostname="Bills-iMac.local" time="0.039">
  <properties/>
  <testcase name="createManagementCompanyWithValidDataTest" classname="com.setl.WebSocketAPITests.ManagementCompany.Creation.createManagementCompanyTest" time="0.039"/>
  <system-out><![CDATA[Sending message :153 bytes
message : {"RequestID":1001,"Version":2,"Request":"startRequest","Data":"d49281d5db1533920759c4aa2458a4904183134f84b6d8c2944bb2569387680a","MessageType":"Response"}
res::5908d55fa568ea7424326b23d24bd17599a844409ed6782f0101a881a71cd35a
Sending message :320 bytes
message : {"Status":"Locked","Data":[{"Token":"fail","Status":"Locked","Message":"","UserName":"","UserID":0,"EMailAddress":"","useTwoFactor":0,"copyMailToEmail":0,"admin":0,"userType":0,"accontID":0,"accountName":"","memberID":0,"last_login":null,"apiKey":null,"investorType":0,"platformAddr":"","defaultAddress":"","defaultWalletID":0}],"MessageType":"Response","Request":"login","RequestID":1002,"Version":2}
]]></system-out>
  <system-err><![CDATA[]]></system-err>
</testsuite>
