<?xml version="1.0" encoding="UTF-8"?>
<testsuite name="com.setl.openCSDClarityTests.UI.CouponPayment.OpenCSDCouponPaymentAcceptanceTest" tests="18" skipped="0" failures="0" errors="0" timestamp="2017-12-05T17:26:47" hostname="Bills-iMac.local" time="92.448">
  <properties/>
  <testcase name="shouldLandOnLoginPage" classname="com.setl.openCSDClarityTests.UI.CouponPayment.OpenCSDCouponPaymentAcceptanceTest" time="4.577"/>
  <testcase name="shouldLoginAndVerifySuccess" classname="com.setl.openCSDClarityTests.UI.CouponPayment.OpenCSDCouponPaymentAcceptanceTest" time="3.704"/>
  <testcase name="shouldLogoutAndVerifySuccess" classname="com.setl.openCSDClarityTests.UI.CouponPayment.OpenCSDCouponPaymentAcceptanceTest" time="4.111"/>
  <testcase name="shouldRequirePasswordToLogin" classname="com.setl.openCSDClarityTests.UI.CouponPayment.OpenCSDCouponPaymentAcceptanceTest" time="2.992"/>
  <testcase name="shouldEditDisplayname" classname="com.setl.openCSDClarityTests.UI.CouponPayment.OpenCSDCouponPaymentAcceptanceTest" time="4.491"/>
  <testcase name="shouldEditFirstname" classname="com.setl.openCSDClarityTests.UI.CouponPayment.OpenCSDCouponPaymentAcceptanceTest" time="5.47"/>
  <testcase name="shouldEditLastname" classname="com.setl.openCSDClarityTests.UI.CouponPayment.OpenCSDCouponPaymentAcceptanceTest" time="5.879"/>
  <testcase name="shouldEditMobilePhone" classname="com.setl.openCSDClarityTests.UI.CouponPayment.OpenCSDCouponPaymentAcceptanceTest" time="5.732"/>
  <testcase name="shouldEditAddress" classname="com.setl.openCSDClarityTests.UI.CouponPayment.OpenCSDCouponPaymentAcceptanceTest" time="5.339"/>
  <testcase name="shouldEditAddressPrefix" classname="com.setl.openCSDClarityTests.UI.CouponPayment.OpenCSDCouponPaymentAcceptanceTest" time="6.053"/>
  <testcase name="shouldEditCity" classname="com.setl.openCSDClarityTests.UI.CouponPayment.OpenCSDCouponPaymentAcceptanceTest" time="6.249"/>
  <testcase name="shouldEditState" classname="com.setl.openCSDClarityTests.UI.CouponPayment.OpenCSDCouponPaymentAcceptanceTest" time="5.974"/>
  <testcase name="shouldEditPostalCode" classname="com.setl.openCSDClarityTests.UI.CouponPayment.OpenCSDCouponPaymentAcceptanceTest" time="5.657"/>
  <testcase name="shouldEditCountry" classname="com.setl.openCSDClarityTests.UI.CouponPayment.OpenCSDCouponPaymentAcceptanceTest" time="5.279"/>
  <testcase name="shouldEditMemorableQuestion" classname="com.setl.openCSDClarityTests.UI.CouponPayment.OpenCSDCouponPaymentAcceptanceTest" time="5.221"/>
  <testcase name="shouldEditMemorableAnswer" classname="com.setl.openCSDClarityTests.UI.CouponPayment.OpenCSDCouponPaymentAcceptanceTest" time="5.016"/>
  <testcase name="shouldEditProfileText" classname="com.setl.openCSDClarityTests.UI.CouponPayment.OpenCSDCouponPaymentAcceptanceTest" time="4.843"/>
  <testcase name="shouldResetAllMyAccountDetails" classname="com.setl.openCSDClarityTests.UI.CouponPayment.OpenCSDCouponPaymentAcceptanceTest" time="5.856"/>
  <system-out><![CDATA[
[TEST shouldLandOnLoginPage STARTING] 
Mac OS X
[TEST ENDED] Time elapsed: 4.449 sec

[TEST shouldLoginAndVerifySuccess STARTING] 
Mac OS X
[TEST ENDED] Time elapsed: 3.574 sec

[TEST shouldLogoutAndVerifySuccess STARTING] 
Mac OS X
[TEST ENDED] Time elapsed: 3.984 sec

[TEST shouldRequirePasswordToLogin STARTING] 
Mac OS X
[TEST ENDED] Time elapsed: 2.864 sec

[TEST shouldEditDisplayname STARTING] 
Mac OS X
[TEST ENDED] Time elapsed: 4.357 sec

[TEST shouldEditFirstname STARTING] 
Mac OS X
[TEST ENDED] Time elapsed: 5.338 sec

[TEST shouldEditLastname STARTING] 
Mac OS X
[TEST ENDED] Time elapsed: 5.749 sec

[TEST shouldEditMobilePhone STARTING] 
Mac OS X
[TEST ENDED] Time elapsed: 5.603 sec

[TEST shouldEditAddress STARTING] 
Mac OS X
[TEST ENDED] Time elapsed: 5.213 sec

[TEST shouldEditAddressPrefix STARTING] 
Mac OS X
[TEST ENDED] Time elapsed: 5.927 sec

[TEST shouldEditCity STARTING] 
Mac OS X
[TEST ENDED] Time elapsed: 6.116 sec

[TEST shouldEditState STARTING] 
Mac OS X
[TEST ENDED] Time elapsed: 5.836 sec

[TEST shouldEditPostalCode STARTING] 
Mac OS X
[TEST ENDED] Time elapsed: 5.529 sec

[TEST shouldEditCountry STARTING] 
Mac OS X
[TEST ENDED] Time elapsed: 5.149 sec

[TEST shouldEditMemorableQuestion STARTING] 
Mac OS X
[TEST ENDED] Time elapsed: 5.088 sec

[TEST shouldEditMemorableAnswer STARTING] 
Mac OS X
[TEST ENDED] Time elapsed: 4.888 sec

[TEST shouldEditProfileText STARTING] 
Mac OS X
[TEST ENDED] Time elapsed: 4.704 sec

[TEST shouldResetAllMyAccountDetails STARTING] 
Mac OS X
[TEST ENDED] Time elapsed: 5.724 sec
]]></system-out>
  <system-err><![CDATA[Starting ChromeDriver 2.33.506106 (8a06c39c4582fbfbab6966dbb1c38a9173bfb1a2) on port 30849
Only local connections are allowed.
Dec 05, 2017 5:26:48 PM org.openqa.selenium.remote.ProtocolHandshake createSession
INFO: Detected dialect: OSS
Starting ChromeDriver 2.33.506106 (8a06c39c4582fbfbab6966dbb1c38a9173bfb1a2) on port 24231
Only local connections are allowed.
Dec 05, 2017 5:26:52 PM org.openqa.selenium.remote.ProtocolHandshake createSession
INFO: Detected dialect: OSS
Starting ChromeDriver 2.33.506106 (8a06c39c4582fbfbab6966dbb1c38a9173bfb1a2) on port 7608
Only local connections are allowed.
Dec 05, 2017 5:26:56 PM org.openqa.selenium.remote.ProtocolHandshake createSession
INFO: Detected dialect: OSS
Starting ChromeDriver 2.33.506106 (8a06c39c4582fbfbab6966dbb1c38a9173bfb1a2) on port 21413
Only local connections are allowed.
Dec 05, 2017 5:27:00 PM org.openqa.selenium.remote.ProtocolHandshake createSession
INFO: Detected dialect: OSS
Starting ChromeDriver 2.33.506106 (8a06c39c4582fbfbab6966dbb1c38a9173bfb1a2) on port 35552
Only local connections are allowed.
Dec 05, 2017 5:27:03 PM org.openqa.selenium.remote.ProtocolHandshake createSession
INFO: Detected dialect: OSS
Starting ChromeDriver 2.33.506106 (8a06c39c4582fbfbab6966dbb1c38a9173bfb1a2) on port 23751
Only local connections are allowed.
Dec 05, 2017 5:27:07 PM org.openqa.selenium.remote.ProtocolHandshake createSession
INFO: Detected dialect: OSS
Starting ChromeDriver 2.33.506106 (8a06c39c4582fbfbab6966dbb1c38a9173bfb1a2) on port 19295
Only local connections are allowed.
Dec 05, 2017 5:27:13 PM org.openqa.selenium.remote.ProtocolHandshake createSession
INFO: Detected dialect: OSS
Starting ChromeDriver 2.33.506106 (8a06c39c4582fbfbab6966dbb1c38a9173bfb1a2) on port 24341
Only local connections are allowed.
Dec 05, 2017 5:27:19 PM org.openqa.selenium.remote.ProtocolHandshake createSession
INFO: Detected dialect: OSS
Starting ChromeDriver 2.33.506106 (8a06c39c4582fbfbab6966dbb1c38a9173bfb1a2) on port 22136
Only local connections are allowed.
Dec 05, 2017 5:27:24 PM org.openqa.selenium.remote.ProtocolHandshake createSession
INFO: Detected dialect: OSS
Starting ChromeDriver 2.33.506106 (8a06c39c4582fbfbab6966dbb1c38a9173bfb1a2) on port 5791
Only local connections are allowed.
Dec 05, 2017 5:27:30 PM org.openqa.selenium.remote.ProtocolHandshake createSession
INFO: Detected dialect: OSS
Starting ChromeDriver 2.33.506106 (8a06c39c4582fbfbab6966dbb1c38a9173bfb1a2) on port 29629
Only local connections are allowed.
Dec 05, 2017 5:27:36 PM org.openqa.selenium.remote.ProtocolHandshake createSession
INFO: Detected dialect: OSS
Starting ChromeDriver 2.33.506106 (8a06c39c4582fbfbab6966dbb1c38a9173bfb1a2) on port 35908
Only local connections are allowed.
Dec 05, 2017 5:27:42 PM org.openqa.selenium.remote.ProtocolHandshake createSession
INFO: Detected dialect: OSS
Starting ChromeDriver 2.33.506106 (8a06c39c4582fbfbab6966dbb1c38a9173bfb1a2) on port 26775
Only local connections are allowed.
Dec 05, 2017 5:27:48 PM org.openqa.selenium.remote.ProtocolHandshake createSession
INFO: Detected dialect: OSS
Starting ChromeDriver 2.33.506106 (8a06c39c4582fbfbab6966dbb1c38a9173bfb1a2) on port 14190
Only local connections are allowed.
Dec 05, 2017 5:27:54 PM org.openqa.selenium.remote.ProtocolHandshake createSession
INFO: Detected dialect: OSS
Starting ChromeDriver 2.33.506106 (8a06c39c4582fbfbab6966dbb1c38a9173bfb1a2) on port 29387
Only local connections are allowed.
Dec 05, 2017 5:27:59 PM org.openqa.selenium.remote.ProtocolHandshake createSession
INFO: Detected dialect: OSS
Starting ChromeDriver 2.33.506106 (8a06c39c4582fbfbab6966dbb1c38a9173bfb1a2) on port 3257
Only local connections are allowed.
Dec 05, 2017 5:28:04 PM org.openqa.selenium.remote.ProtocolHandshake createSession
INFO: Detected dialect: OSS
Starting ChromeDriver 2.33.506106 (8a06c39c4582fbfbab6966dbb1c38a9173bfb1a2) on port 37436
Only local connections are allowed.
Dec 05, 2017 5:28:09 PM org.openqa.selenium.remote.ProtocolHandshake createSession
INFO: Detected dialect: OSS
Starting ChromeDriver 2.33.506106 (8a06c39c4582fbfbab6966dbb1c38a9173bfb1a2) on port 33671
Only local connections are allowed.
Dec 05, 2017 5:28:14 PM org.openqa.selenium.remote.ProtocolHandshake createSession
INFO: Detected dialect: OSS
]]></system-err>
</testsuite>
