<?xml version="1.0" encoding="UTF-8"?>
<testsuite name="com.setl.openCSDClarityTests.UI.Messages.OpenCSDMessagesAcceptanceTest" tests="4" skipped="1" failures="0" errors="0" timestamp="2017-12-05T17:28:43" hostname="Bills-iMac.local" time="12.068">
  <properties/>
  <testcase name="shouldDeleteMessage" classname="com.setl.openCSDClarityTests.UI.Messages.OpenCSDMessagesAcceptanceTest" time="0.0">
    <skipped/>
  </testcase>
  <testcase name="shouldOpenAllMessages" classname="com.setl.openCSDClarityTests.UI.Messages.OpenCSDMessagesAcceptanceTest" time="4.012"/>
  <testcase name="shouldComposeNewMessage" classname="com.setl.openCSDClarityTests.UI.Messages.OpenCSDMessagesAcceptanceTest" time="4.027"/>
  <testcase name="shouldMarkMessageAsRead" classname="com.setl.openCSDClarityTests.UI.Messages.OpenCSDMessagesAcceptanceTest" time="4.028"/>
  <system-out><![CDATA[
[TEST shouldOpenAllMessages STARTING] 
Mac OS X
[TEST ENDED] Time elapsed: 3.886 sec

[TEST shouldComposeNewMessage STARTING] 
Mac OS X
[TEST ENDED] Time elapsed: 3.896 sec

[TEST shouldMarkMessageAsRead STARTING] 
Mac OS X
[TEST ENDED] Time elapsed: 3.902 sec
]]></system-out>
  <system-err><![CDATA[Starting ChromeDriver 2.33.506106 (8a06c39c4582fbfbab6966dbb1c38a9173bfb1a2) on port 28789
Only local connections are allowed.
Dec 05, 2017 5:28:43 PM org.openqa.selenium.remote.ProtocolHandshake createSession
INFO: Detected dialect: OSS
Starting ChromeDriver 2.33.506106 (8a06c39c4582fbfbab6966dbb1c38a9173bfb1a2) on port 31879
Only local connections are allowed.
Dec 05, 2017 5:28:47 PM org.openqa.selenium.remote.ProtocolHandshake createSession
INFO: Detected dialect: OSS
Starting ChromeDriver 2.33.506106 (8a06c39c4582fbfbab6966dbb1c38a9173bfb1a2) on port 31464
Only local connections are allowed.
Dec 05, 2017 5:28:51 PM org.openqa.selenium.remote.ProtocolHandshake createSession
INFO: Detected dialect: OSS
]]></system-err>
</testsuite>
