<?xml version="1.0" encoding="UTF-8"?>
<testsuite name="com.setl.WebSocketAPITests.Account.Creation.createAccountTest" tests="3" skipped="0" failures="0" errors="0" timestamp="2017-12-05T17:37:50" hostname="Bills-iMac.local" time="0.443">
  <properties/>
  <testcase name="createAccountWithValidDataTest" classname="com.setl.WebSocketAPITests.Account.Creation.createAccountTest" time="0.155"/>
  <testcase name="failToCreateAccountWithIncorrectAccountID" classname="com.setl.WebSocketAPITests.Account.Creation.createAccountTest" time="0.131"/>
  <testcase name="failToCreateDuplicateAccount" classname="com.setl.WebSocketAPITests.Account.Creation.createAccountTest" time="0.157"/>
  <system-out><![CDATA[Sending message :153 bytes
message : {"RequestID":1001,"Version":2,"Request":"startRequest","Data":"28e4b2363cf5948c75e49953efc60dca0efcd83ffd26e3b4c35d928a464a8326","MessageType":"Response"}
res::84e81dc69aa1ad1f45da8c39511fcb515f371de0da20541db8a0f9c399bd24a6
Sending message :320 bytes
message : {"Status":"OK","Data":[{"Token":"a45126dde75e3b33fa2d507307d36348f495463ab315c504acbeccce31a74a70","Status":"OK","Message":"","UserName":"Emmanuel","UserID":4,"EMailAddress":"emmanuel.rodriguez@setl.io","useTwoFactor":0,"copyMailToEmail":1,"admin":1,"userType":15,"accontID":1,"accountName":"SETL Private Admin","memberID":1,"last_login":"2017-12-05 17:34:50","apiKey":"/bKH2sZuYyQXUAPia1iHQOEq57HdZbDFAzAruU+6xQg=","investorType":null,"platformAddr":null,"defaultAddress":null,"defaultWalletID":null,"setting":"1"}],"MessageType":"Response","Request":"login","RequestID":1002,"Version":2}
Sending message :428 bytes
message : {"Status":"OK","Data":{"msg":"hello"},"MessageType":"Response","Version":2}
message : {"Status":"OK","Data":[{"Status":"OK","accountID":17,"accountName":"Test_Account_Desc_JQogV","description":"Test_Account_JQogV","parent":1,"billingWallet":null}],"MessageType":"Response","Request":"newAccount","RequestID":1003,"Version":2}
Sending message :153 bytes
message : {"RequestID":1001,"Version":2,"Request":"startRequest","Data":"debdaf00408135ad4f06544ead1613296fb9e6abc57ec6fe447d31b4ad923565","MessageType":"Response"}
res::34871b2d0265c6ae3cca1f8776633d3cf86545614b92a148b7792f5ef16a1edc
Sending message :320 bytes
message : {"Status":"OK","Data":[{"Token":"d0e2727037963baadcc6f70c29448a12f38a2c577256b191c48cf382bade86c1","Status":"OK","Message":"","UserName":"Emmanuel","UserID":4,"EMailAddress":"emmanuel.rodriguez@setl.io","useTwoFactor":0,"copyMailToEmail":1,"admin":1,"userType":15,"accontID":1,"accountName":"SETL Private Admin","memberID":1,"last_login":"2017-12-05 17:37:50","apiKey":"/bKH2sZuYyQXUAPia1iHQOEq57HdZbDFAzAruU+6xQg=","investorType":null,"platformAddr":null,"defaultAddress":null,"defaultWalletID":null,"setting":"1"}],"MessageType":"Response","Request":"login","RequestID":1002,"Version":2}
Sending message :428 bytes
message : {"Status":"OK","Data":{"msg":"hello"},"MessageType":"Response","Version":2}
message : {"Status":"Fail","Data":[{"Status":"Fail","Message":"Permission Denied."}],"MessageType":"Response","Request":"newAccount","RequestID":1003,"Version":2}
Sending message :153 bytes
message : {"RequestID":1001,"Version":2,"Request":"startRequest","Data":"6c4d86ba8be5e0160d2983af0591482879b9c6d49b3c24c04260df3aa40c9a42","MessageType":"Response"}
res::5b2a7a09f6358a1633eb8933bbca30fdd8167508f1cf9e70a3c2239bd91c66fa
Sending message :320 bytes
message : {"Status":"OK","Data":[{"Token":"8a8e2ab52acd21c8a69dc257a3c9410a570629c9548f8f3c1ff4da3db1e02be6","Status":"OK","Message":"","UserName":"Emmanuel","UserID":4,"EMailAddress":"emmanuel.rodriguez@setl.io","useTwoFactor":0,"copyMailToEmail":1,"admin":1,"userType":15,"accontID":1,"accountName":"SETL Private Admin","memberID":1,"last_login":"2017-12-05 17:37:50","apiKey":"/bKH2sZuYyQXUAPia1iHQOEq57HdZbDFAzAruU+6xQg=","investorType":null,"platformAddr":null,"defaultAddress":null,"defaultWalletID":null,"setting":"1"}],"MessageType":"Response","Request":"login","RequestID":1002,"Version":2}
Sending message :428 bytes
message : {"Status":"OK","Data":{"msg":"hello"},"MessageType":"Response","Version":2}
message : {"Status":"OK","Data":[{"Status":"OK","accountID":18,"accountName":"Test_Account_Desc_MVFgD","description":"Test_Account_MVFgD","parent":1,"billingWallet":null}],"MessageType":"Response","Request":"newAccount","RequestID":1003,"Version":2}
Sending message :428 bytes
message : {"Status":"Fail","Data":[{"Status":"Fail","Message":"Account already exist under this member."}],"MessageType":"Response","Request":"newAccount","RequestID":1004,"Version":2}
]]></system-out>
  <system-err><![CDATA[]]></system-err>
</testsuite>
