<?xml version="1.0" encoding="UTF-8"?>
<testsuite name="com.setl.RESTAPITests.Fund.Fetch.fetchUserFundAccessDetailsAcceptanceTest" tests="1" skipped="0" failures="0" errors="0" timestamp="2017-12-05T17:33:20" hostname="Bills-iMac.local" time="0.046">
  <properties/>
  <testcase name="fetchUserDetails" classname="com.setl.RESTAPITests.Fund.Fetch.fetchUserFundAccessDetailsAcceptanceTest" time="0.046"/>
  <system-out><![CDATA[payload eyJ0eXAiOiJKV1QiLCJhbGciOiJIUzI1NiJ9.eyJtZXNzYWdlYm9keSI6eyJ1c2VyaWQiOjZ9LCJtZXNzYWdldHlwZSI6ImluaXRpYWxpc2UiLCJyZXF1ZXN0aWQiOjEsInRva2VuIjoiIiwidGltZXN0YW1wIjoxNTEyNDk1MjAwNjQ3fQ.J5cC6v9icsmL0PejHKzpI3d72LCxr7cMrewQb-joAqk
payload eyJ0eXAiOiJKV1QiLCJhbGciOiJIUzI1NiJ9.eyJtZXNzYWdlYm9keSI6eyJ0b3BpYyI6Imd1ZCJ9LCJtZXNzYWdldHlwZSI6InJlcXVlc3QiLCJyZXF1ZXN0aWQiOjEsInRva2VuIjoiM2EzYjI0MzNiN2U4ZDA4YmQwYjU3ZTg4Mzg1NGFjYTM2MzAwNjZkNmU2YzdhYmFmOGEzOWNiN2JlOTIwMmE3YSIsInRpbWVzdGFtcCI6MTUxMjQ5NTIwMDY2OX0.2TeTaq3f4x5ek616nySTV0QYymAjpfqcWV-cTBq5HDY
{userID=6, displayName=am, firstName=Asset, lastName=Manager, mobilePhone=078474 4555 , addressPrefix=, address1=Add !, address2=, address3=Town, address4=, postalCode=AB11BA, country=[{"id":"TD","text":"Chad"}], memorableQuestion=, memorableAnswer=, profileText=, profilePicture=}
]]></system-out>
  <system-err><![CDATA[eyJhbGciOiJIUzI1NiJ9.eyJyZXF1ZXN0aWQiOjEsIm1lc3NhZ2V0eXBlIjoiZGIiLCJzdGF0dXMiOiJPSyIsImRhdGEiOlt7InVzZXJJRCI6NiwiZGlzcGxheU5hbWUiOiJhbSIsImZpcnN0TmFtZSI6IkFzc2V0IiwibGFzdE5hbWUiOiJNYW5hZ2VyIiwibW9iaWxlUGhvbmUiOiIwNzg0NzQgNDU1NSAiLCJhZGRyZXNzUHJlZml4IjoiIiwiYWRkcmVzczEiOiJBZGQgISIsImFkZHJlc3MyIjoiIiwiYWRkcmVzczMiOiJUb3duIiwiYWRkcmVzczQiOiIiLCJwb3N0YWxDb2RlIjoiQUIxMUJBIiwiY291bnRyeSI6Ilt7XCJpZFwiOlwiVERcIixcInRleHRcIjpcIkNoYWRcIn1dIiwibWVtb3JhYmxlUXVlc3Rpb24iOiIiLCJtZW1vcmFibGVBbnN3ZXIiOiIiLCJwcm9maWxlVGV4dCI6IiIsInByb2ZpbGVQaWN0dXJlIjoiIn1dfQ.bQToeNaH0qK6DfBxSlj8lmsuFiuXlOE1EJ5l58GGv3M
]]></system-err>
</testsuite>
