<?xml version="1.0" encoding="UTF-8"?>
<testsuite name="com.setl.RESTAPITests.Wallet.Creation.createWalletAcceptanceTest" tests="3" skipped="0" failures="0" errors="0" timestamp="2017-12-05T17:34:50" hostname="Bills-iMac.local" time="180.028">
  <properties/>
  <testcase name="createNewResidentialWallet" classname="com.setl.RESTAPITests.Wallet.Creation.createWalletAcceptanceTest" time="60.009"/>
  <testcase name="createNewCommercialWallet" classname="com.setl.RESTAPITests.Wallet.Creation.createWalletAcceptanceTest" time="60.009"/>
  <testcase name="createNewOtherWallet" classname="com.setl.RESTAPITests.Wallet.Creation.createWalletAcceptanceTest" time="60.01"/>
  <system-out><![CDATA[payload eyJ0eXAiOiJKV1QiLCJhbGciOiJIUzI1NiJ9.eyJtZXNzYWdlYm9keSI6eyJ1c2VyaWQiOjR9LCJtZXNzYWdldHlwZSI6ImluaXRpYWxpc2UiLCJyZXF1ZXN0aWQiOjEsInRva2VuIjoiIiwidGltZXN0YW1wIjoxNTEyNDk1MjkwNTYwfQ.GZcdk4f0Mp343MRl2seJwjCsZtNdFxy2k8_t2BkDTIM
payload eyJ0eXAiOiJKV1QiLCJhbGciOiJIUzI1NiJ9.eyJtZXNzYWdlYm9keSI6eyJyZGFBZGRyZXNzMSI6IiIsImNvdW50cnkiOiIiLCJhbGlhc2VzIjoiIiwicmRhQWRkcmVzc1ByZWZpeCI6IiIsImFkZHJlc3MzIjoiIiwiYWRkcmVzczIiOiIiLCJ3YWxsZXRUeXBlIjoiIiwiYWRkcmVzczEiOiIiLCJhZGRyZXNzUHJlZml4IjoiIiwicG9zdGFsQ29kZSI6IiIsIm5ld1B1YmxpYyI6IiIsIm5ld1ByaXZhdGUiOiIiLCJsZWkiOiIiLCJ1aWQiOiIiLCJ3ZWJzaXRlVXJsIjoiIiwid2FsbGV0TmFtZSI6IlRlc3RfV2FsbGV0X0JGaEdmIiwicmRhQ291bnRyeSI6IiIsImlkQ2FyZE51bSI6IiIsInRvcGljIjoibnciLCJpbmNvcnBvcmF0aW9uRGF0ZSI6IiIsImFkZHJlc3M0IjoiIiwiZm9ybWVyTmFtZSI6IiIsImFjY291bnQiOiJxSkRXbkF2eVJjeHIifSwibWVzc2FnZXR5cGUiOiJyZXF1ZXN0IiwicmVxdWVzdGlkIjoxLCJ0b2tlbiI6IiIsInRpbWVzdGFtcCI6MTUxMjQ5NTI5MDU2OH0.RfF6uIH3awjYLWCvdj_Nblp_9s-JD9JGLIYv-03PCrs
payload eyJ0eXAiOiJKV1QiLCJhbGciOiJIUzI1NiJ9.eyJtZXNzYWdlYm9keSI6eyJ1c2VyaWQiOjR9LCJtZXNzYWdldHlwZSI6ImluaXRpYWxpc2UiLCJyZXF1ZXN0aWQiOjEsInRva2VuIjoiIiwidGltZXN0YW1wIjoxNTEyNDk1MzUwNTY4fQ.5BQ20ml-lLQ6GSQLFYdX8hbAmLl8lL1rteuOaXoKYnU
payload eyJ0eXAiOiJKV1QiLCJhbGciOiJIUzI1NiJ9.eyJtZXNzYWdlYm9keSI6eyJyZGFBZGRyZXNzMSI6IiIsImNvdW50cnkiOiIiLCJhbGlhc2VzIjoiIiwicmRhQWRkcmVzc1ByZWZpeCI6IiIsImFkZHJlc3MzIjoiIiwiYWRkcmVzczIiOiIiLCJ3YWxsZXRUeXBlIjoiIiwiYWRkcmVzczEiOiIiLCJhZGRyZXNzUHJlZml4IjoiIiwicG9zdGFsQ29kZSI6IiIsIm5ld1B1YmxpYyI6IiIsIm5ld1ByaXZhdGUiOiIiLCJsZWkiOiIiLCJ1aWQiOiIiLCJ3ZWJzaXRlVXJsIjoiIiwid2FsbGV0TmFtZSI6IlRlc3RfV2FsbGV0X05ZcWhVIiwicmRhQ291bnRyeSI6IiIsImlkQ2FyZE51bSI6IiIsInRvcGljIjoibnciLCJpbmNvcnBvcmF0aW9uRGF0ZSI6IiIsImFkZHJlc3M0IjoiIiwiZm9ybWVyTmFtZSI6IiIsImFjY291bnQiOiJJTGpETGluaU13WnMifSwibWVzc2FnZXR5cGUiOiJyZXF1ZXN0IiwicmVxdWVzdGlkIjoxLCJ0b2tlbiI6IiIsInRpbWVzdGFtcCI6MTUxMjQ5NTM1MDU3NX0.SbWbVAJ6gI0BrOJhq77ZSbLrW1v0w0IQ1LbwVROA-FI
payload eyJ0eXAiOiJKV1QiLCJhbGciOiJIUzI1NiJ9.eyJtZXNzYWdlYm9keSI6eyJ1c2VyaWQiOjR9LCJtZXNzYWdldHlwZSI6ImluaXRpYWxpc2UiLCJyZXF1ZXN0aWQiOjEsInRva2VuIjoiIiwidGltZXN0YW1wIjoxNTEyNDk1NDEwNTc3fQ.wTwSejNoeKMJQu4vMyNReFTmRPKj3kWyfnQ7CzCOeDA
payload eyJ0eXAiOiJKV1QiLCJhbGciOiJIUzI1NiJ9.eyJtZXNzYWdlYm9keSI6eyJyZGFBZGRyZXNzMSI6IiIsImNvdW50cnkiOiIiLCJhbGlhc2VzIjoiIiwicmRhQWRkcmVzc1ByZWZpeCI6IiIsImFkZHJlc3MzIjoiIiwiYWRkcmVzczIiOiIiLCJ3YWxsZXRUeXBlIjoiIiwiYWRkcmVzczEiOiIiLCJhZGRyZXNzUHJlZml4IjoiIiwicG9zdGFsQ29kZSI6IiIsIm5ld1B1YmxpYyI6IiIsIm5ld1ByaXZhdGUiOiIiLCJsZWkiOiIiLCJ1aWQiOiIiLCJ3ZWJzaXRlVXJsIjoiIiwid2FsbGV0TmFtZSI6IlRlc3RfV2FsbGV0X2FMYVd3IiwicmRhQ291bnRyeSI6IiIsImlkQ2FyZE51bSI6IiIsInRvcGljIjoibnciLCJpbmNvcnBvcmF0aW9uRGF0ZSI6IiIsImFkZHJlc3M0IjoiIiwiZm9ybWVyTmFtZSI6IiIsImFjY291bnQiOiJQZ1BqUmNTYWZISksifSwibWVzc2FnZXR5cGUiOiJyZXF1ZXN0IiwicmVxdWVzdGlkIjoxLCJ0b2tlbiI6IiIsInRpbWVzdGFtcCI6MTUxMjQ5NTQxMDU4NX0.ZBxt_-oco0kL1IGB7vVO9NLcKda1w6rsnY9LprE9NL0
]]></system-out>
  <system-err><![CDATA[com.mashape.unirest.http.exceptions.UnirestException: java.net.SocketTimeoutException: Read timed out
	at com.mashape.unirest.http.HttpClientHelper.request(HttpClientHelper.java:143)
	at com.mashape.unirest.request.BaseRequest.asJson(BaseRequest.java:68)
	at io.setl.restapi.client.RestApi.call(RestApi.java:87)
	at io.setl.restapi.client.RestApi.sendMessage(RestApi.java:67)
	at com.setl.RESTAPITests.Wallet.Creation.createWalletAcceptanceTest.createNewResidentialWallet(createWalletAcceptanceTest.java:98)
	at sun.reflect.NativeMethodAccessorImpl.invoke0(Native Method)
	at sun.reflect.NativeMethodAccessorImpl.invoke(NativeMethodAccessorImpl.java:62)
	at sun.reflect.DelegatingMethodAccessorImpl.invoke(DelegatingMethodAccessorImpl.java:43)
	at java.lang.reflect.Method.invoke(Method.java:498)
	at org.junit.runners.model.FrameworkMethod$1.runReflectiveCall(FrameworkMethod.java:50)
	at org.junit.internal.runners.model.ReflectiveCallable.run(ReflectiveCallable.java:12)
	at org.junit.runners.model.FrameworkMethod.invokeExplosively(FrameworkMethod.java:47)
	at org.junit.internal.runners.statements.InvokeMethod.evaluate(InvokeMethod.java:17)
	at org.junit.internal.runners.statements.RunBefores.evaluate(RunBefores.java:26)
	at org.junit.internal.runners.statements.FailOnTimeout$CallableStatement.call(FailOnTimeout.java:298)
	at org.junit.internal.runners.statements.FailOnTimeout$CallableStatement.call(FailOnTimeout.java:292)
	at java.util.concurrent.FutureTask.run(FutureTask.java:266)
	at java.lang.Thread.run(Thread.java:745)
Caused by: java.net.SocketTimeoutException: Read timed out
	at java.net.SocketInputStream.socketRead0(Native Method)
	at java.net.SocketInputStream.socketRead(SocketInputStream.java:116)
	at java.net.SocketInputStream.read(SocketInputStream.java:170)
	at java.net.SocketInputStream.read(SocketInputStream.java:141)
	at org.apache.http.impl.io.SessionInputBufferImpl.streamRead(SessionInputBufferImpl.java:137)
	at org.apache.http.impl.io.SessionInputBufferImpl.fillBuffer(SessionInputBufferImpl.java:153)
	at org.apache.http.impl.io.SessionInputBufferImpl.readLine(SessionInputBufferImpl.java:282)
	at org.apache.http.impl.conn.DefaultHttpResponseParser.parseHead(DefaultHttpResponseParser.java:138)
	at org.apache.http.impl.conn.DefaultHttpResponseParser.parseHead(DefaultHttpResponseParser.java:56)
	at org.apache.http.impl.io.AbstractMessageParser.parse(AbstractMessageParser.java:259)
	at org.apache.http.impl.DefaultBHttpClientConnection.receiveResponseHeader(DefaultBHttpClientConnection.java:163)
	at org.apache.http.impl.conn.CPoolProxy.receiveResponseHeader(CPoolProxy.java:165)
	at org.apache.http.protocol.HttpRequestExecutor.doReceiveResponse(HttpRequestExecutor.java:273)
	at org.apache.http.protocol.HttpRequestExecutor.execute(HttpRequestExecutor.java:125)
	at org.apache.http.impl.execchain.MainClientExec.execute(MainClientExec.java:272)
	at org.apache.http.impl.execchain.ProtocolExec.execute(ProtocolExec.java:185)
	at org.apache.http.impl.execchain.RetryExec.execute(RetryExec.java:89)
	at org.apache.http.impl.execchain.RedirectExec.execute(RedirectExec.java:111)
	at org.apache.http.impl.client.InternalHttpClient.doExecute(InternalHttpClient.java:185)
	at org.apache.http.impl.client.CloseableHttpClient.execute(CloseableHttpClient.java:83)
	at org.apache.http.impl.client.CloseableHttpClient.execute(CloseableHttpClient.java:108)
	at org.apache.http.impl.client.CloseableHttpClient.execute(CloseableHttpClient.java:56)
	at com.mashape.unirest.http.HttpClientHelper.request(HttpClientHelper.java:138)
	... 17 more
com.mashape.unirest.http.exceptions.UnirestException: java.net.SocketTimeoutException: Read timed out
	at com.mashape.unirest.http.HttpClientHelper.request(HttpClientHelper.java:143)
	at com.mashape.unirest.request.BaseRequest.asJson(BaseRequest.java:68)
	at io.setl.restapi.client.RestApi.call(RestApi.java:87)
	at io.setl.restapi.client.RestApi.sendMessage(RestApi.java:67)
	at com.setl.RESTAPITests.Wallet.Creation.createWalletAcceptanceTest.createNewCommercialWallet(createWalletAcceptanceTest.java:57)
	at sun.reflect.NativeMethodAccessorImpl.invoke0(Native Method)
	at sun.reflect.NativeMethodAccessorImpl.invoke(NativeMethodAccessorImpl.java:62)
	at sun.reflect.DelegatingMethodAccessorImpl.invoke(DelegatingMethodAccessorImpl.java:43)
	at java.lang.reflect.Method.invoke(Method.java:498)
	at org.junit.runners.model.FrameworkMethod$1.runReflectiveCall(FrameworkMethod.java:50)
	at org.junit.internal.runners.model.ReflectiveCallable.run(ReflectiveCallable.java:12)
	at org.junit.runners.model.FrameworkMethod.invokeExplosively(FrameworkMethod.java:47)
	at org.junit.internal.runners.statements.InvokeMethod.evaluate(InvokeMethod.java:17)
	at org.junit.internal.runners.statements.RunBefores.evaluate(RunBefores.java:26)
	at org.junit.internal.runners.statements.FailOnTimeout$CallableStatement.call(FailOnTimeout.java:298)
	at org.junit.internal.runners.statements.FailOnTimeout$CallableStatement.call(FailOnTimeout.java:292)
	at java.util.concurrent.FutureTask.run(FutureTask.java:266)
	at java.lang.Thread.run(Thread.java:745)
Caused by: java.net.SocketTimeoutException: Read timed out
	at java.net.SocketInputStream.socketRead0(Native Method)
	at java.net.SocketInputStream.socketRead(SocketInputStream.java:116)
	at java.net.SocketInputStream.read(SocketInputStream.java:170)
	at java.net.SocketInputStream.read(SocketInputStream.java:141)
	at org.apache.http.impl.io.SessionInputBufferImpl.streamRead(SessionInputBufferImpl.java:137)
	at org.apache.http.impl.io.SessionInputBufferImpl.fillBuffer(SessionInputBufferImpl.java:153)
	at org.apache.http.impl.io.SessionInputBufferImpl.readLine(SessionInputBufferImpl.java:282)
	at org.apache.http.impl.conn.DefaultHttpResponseParser.parseHead(DefaultHttpResponseParser.java:138)
	at org.apache.http.impl.conn.DefaultHttpResponseParser.parseHead(DefaultHttpResponseParser.java:56)
	at org.apache.http.impl.io.AbstractMessageParser.parse(AbstractMessageParser.java:259)
	at org.apache.http.impl.DefaultBHttpClientConnection.receiveResponseHeader(DefaultBHttpClientConnection.java:163)
	at org.apache.http.impl.conn.CPoolProxy.receiveResponseHeader(CPoolProxy.java:165)
	at org.apache.http.protocol.HttpRequestExecutor.doReceiveResponse(HttpRequestExecutor.java:273)
	at org.apache.http.protocol.HttpRequestExecutor.execute(HttpRequestExecutor.java:125)
	at org.apache.http.impl.execchain.MainClientExec.execute(MainClientExec.java:272)
	at org.apache.http.impl.execchain.ProtocolExec.execute(ProtocolExec.java:185)
	at org.apache.http.impl.execchain.RetryExec.execute(RetryExec.java:89)
	at org.apache.http.impl.execchain.RedirectExec.execute(RedirectExec.java:111)
	at org.apache.http.impl.client.InternalHttpClient.doExecute(InternalHttpClient.java:185)
	at org.apache.http.impl.client.CloseableHttpClient.execute(CloseableHttpClient.java:83)
	at org.apache.http.impl.client.CloseableHttpClient.execute(CloseableHttpClient.java:108)
	at org.apache.http.impl.client.CloseableHttpClient.execute(CloseableHttpClient.java:56)
	at com.mashape.unirest.http.HttpClientHelper.request(HttpClientHelper.java:138)
	... 17 more
com.mashape.unirest.http.exceptions.UnirestException: java.net.SocketTimeoutException: Read timed out
	at com.mashape.unirest.http.HttpClientHelper.request(HttpClientHelper.java:143)
	at com.mashape.unirest.request.BaseRequest.asJson(BaseRequest.java:68)
	at io.setl.restapi.client.RestApi.call(RestApi.java:87)
	at io.setl.restapi.client.RestApi.sendMessage(RestApi.java:67)
	at com.setl.RESTAPITests.Wallet.Creation.createWalletAcceptanceTest.createNewOtherWallet(createWalletAcceptanceTest.java:140)
	at sun.reflect.NativeMethodAccessorImpl.invoke0(Native Method)
	at sun.reflect.NativeMethodAccessorImpl.invoke(NativeMethodAccessorImpl.java:62)
	at sun.reflect.DelegatingMethodAccessorImpl.invoke(DelegatingMethodAccessorImpl.java:43)
	at java.lang.reflect.Method.invoke(Method.java:498)
	at org.junit.runners.model.FrameworkMethod$1.runReflectiveCall(FrameworkMethod.java:50)
	at org.junit.internal.runners.model.ReflectiveCallable.run(ReflectiveCallable.java:12)
	at org.junit.runners.model.FrameworkMethod.invokeExplosively(FrameworkMethod.java:47)
	at org.junit.internal.runners.statements.InvokeMethod.evaluate(InvokeMethod.java:17)
	at org.junit.internal.runners.statements.RunBefores.evaluate(RunBefores.java:26)
	at org.junit.internal.runners.statements.FailOnTimeout$CallableStatement.call(FailOnTimeout.java:298)
	at org.junit.internal.runners.statements.FailOnTimeout$CallableStatement.call(FailOnTimeout.java:292)
	at java.util.concurrent.FutureTask.run(FutureTask.java:266)
	at java.lang.Thread.run(Thread.java:745)
Caused by: java.net.SocketTimeoutException: Read timed out
	at java.net.SocketInputStream.socketRead0(Native Method)
	at java.net.SocketInputStream.socketRead(SocketInputStream.java:116)
	at java.net.SocketInputStream.read(SocketInputStream.java:170)
	at java.net.SocketInputStream.read(SocketInputStream.java:141)
	at org.apache.http.impl.io.SessionInputBufferImpl.streamRead(SessionInputBufferImpl.java:137)
	at org.apache.http.impl.io.SessionInputBufferImpl.fillBuffer(SessionInputBufferImpl.java:153)
	at org.apache.http.impl.io.SessionInputBufferImpl.readLine(SessionInputBufferImpl.java:282)
	at org.apache.http.impl.conn.DefaultHttpResponseParser.parseHead(DefaultHttpResponseParser.java:138)
	at org.apache.http.impl.conn.DefaultHttpResponseParser.parseHead(DefaultHttpResponseParser.java:56)
	at org.apache.http.impl.io.AbstractMessageParser.parse(AbstractMessageParser.java:259)
	at org.apache.http.impl.DefaultBHttpClientConnection.receiveResponseHeader(DefaultBHttpClientConnection.java:163)
	at org.apache.http.impl.conn.CPoolProxy.receiveResponseHeader(CPoolProxy.java:165)
	at org.apache.http.protocol.HttpRequestExecutor.doReceiveResponse(HttpRequestExecutor.java:273)
	at org.apache.http.protocol.HttpRequestExecutor.execute(HttpRequestExecutor.java:125)
	at org.apache.http.impl.execchain.MainClientExec.execute(MainClientExec.java:272)
	at org.apache.http.impl.execchain.ProtocolExec.execute(ProtocolExec.java:185)
	at org.apache.http.impl.execchain.RetryExec.execute(RetryExec.java:89)
	at org.apache.http.impl.execchain.RedirectExec.execute(RedirectExec.java:111)
	at org.apache.http.impl.client.InternalHttpClient.doExecute(InternalHttpClient.java:185)
	at org.apache.http.impl.client.CloseableHttpClient.execute(CloseableHttpClient.java:83)
	at org.apache.http.impl.client.CloseableHttpClient.execute(CloseableHttpClient.java:108)
	at org.apache.http.impl.client.CloseableHttpClient.execute(CloseableHttpClient.java:56)
	at com.mashape.unirest.http.HttpClientHelper.request(HttpClientHelper.java:138)
	... 17 more
]]></system-err>
</testsuite>
