<?xml version="1.0" encoding="UTF-8"?>
<testsuite name="com.setl.WebSocketAPITests.Account.Deletion.deleteAccountTest" tests="1" skipped="0" failures="1" errors="0" timestamp="2017-12-05T17:37:51" hostname="Bills-iMac.local" time="3.003">
  <properties/>
  <testcase name="deleteAccountTest" classname="com.setl.WebSocketAPITests.Account.Deletion.deleteAccountTest" time="3.003">
    <failure message="org.junit.runners.model.TestTimedOutException: test timed out after 3000 milliseconds" type="org.junit.runners.model.TestTimedOutException">org.junit.runners.model.TestTimedOutException: test timed out after 3000 milliseconds
	at sun.misc.Unsafe.park(Native Method)
	at java.util.concurrent.locks.LockSupport.park(LockSupport.java:175)
	at java.util.concurrent.locks.AbstractQueuedSynchronizer.parkAndCheckInterrupt(AbstractQueuedSynchronizer.java:836)
	at java.util.concurrent.locks.AbstractQueuedSynchronizer.doAcquireSharedInterruptibly(AbstractQueuedSynchronizer.java:997)
	at java.util.concurrent.locks.AbstractQueuedSynchronizer.acquireSharedInterruptibly(AbstractQueuedSynchronizer.java:1304)
	at java.util.concurrent.CountDownLatch.await(CountDownLatch.java:231)
	at SETLAPIHelpers.WebSocketAPI.AccountHelper.deleteAccount(AccountHelper.java:142)
	at com.setl.WebSocketAPITests.Account.Deletion.deleteAccountTest.deleteAccountTest(deleteAccountTest.java:40)
	at sun.reflect.NativeMethodAccessorImpl.invoke0(Native Method)
	at sun.reflect.NativeMethodAccessorImpl.invoke(NativeMethodAccessorImpl.java:62)
	at sun.reflect.DelegatingMethodAccessorImpl.invoke(DelegatingMethodAccessorImpl.java:43)
	at java.lang.reflect.Method.invoke(Method.java:498)
	at org.junit.runners.model.FrameworkMethod$1.runReflectiveCall(FrameworkMethod.java:50)
	at org.junit.internal.runners.model.ReflectiveCallable.run(ReflectiveCallable.java:12)
	at org.junit.runners.model.FrameworkMethod.invokeExplosively(FrameworkMethod.java:47)
	at org.junit.internal.runners.statements.InvokeMethod.evaluate(InvokeMethod.java:17)
	at org.junit.internal.runners.statements.FailOnTimeout$CallableStatement.call(FailOnTimeout.java:298)
	at org.junit.internal.runners.statements.FailOnTimeout$CallableStatement.call(FailOnTimeout.java:292)
	at java.util.concurrent.FutureTask.run(FutureTask.java:266)
	at java.lang.Thread.run(Thread.java:745)
</failure>
  </testcase>
  <system-out><![CDATA[Sending message :153 bytes
message : {"RequestID":1001,"Version":2,"Request":"startRequest","Data":"f2a235d4126a2f7c3be27ef38e21df181d21adc5f871401309afa4d451405d7f","MessageType":"Response"}
res::fcd701df3f2631195187adeed59281915411c4b15f2d0f1e66b865db8c89a942
Sending message :320 bytes
message : {"Status":"Locked","Data":[{"Token":"fail","Status":"Locked","Message":"","UserName":"","UserID":0,"EMailAddress":"","useTwoFactor":0,"copyMailToEmail":0,"admin":0,"userType":0,"accontID":0,"accountName":"","memberID":0,"last_login":null,"apiKey":null,"investorType":0,"platformAddr":"","defaultAddress":"","defaultWalletID":0}],"MessageType":"Response","Request":"login","RequestID":1002,"Version":2}
Sending message :344 bytes
message : {"Status":"Fail","Data":[{"Status":"Fail","Message":"Permission Denied."}],"MessageType":"Response","Request":"newAccount","RequestID":1003,"Version":2}
Sending message :236 bytes
message : {"Status":"Fail","Data":[{"Status":"Fail","Message":"Permission Denied."}],"MessageType":"Response","Request":"deleteAccount","RequestID":1004,"Version":2}
Response account Id =  null
Input account id = 0
]]></system-out>
  <system-err><![CDATA[java.lang.NullPointerException
	at SETLAPIHelpers.WebSocketAPI.AccountHelper.lambda$deleteAccount$3(AccountHelper.java:134)
	at io.setl.wsclient.socketsrv.SocketServerEndpoint.handleJson(SocketServerEndpoint.java:89)
	at io.setl.wsclient.shared.AbstractServerEndPoint.onMessage(AbstractServerEndPoint.java:57)
	at io.setl.wsclient.shared.AbstractServerEndPoint.onMessage(AbstractServerEndPoint.java:66)
	at io.setl.wsclient.shared.AbstractServerEndPoint.handleMesage(AbstractServerEndPoint.java:23)
	at io.setl.wsclient.scluster.SetlSocketClusterClient.ackCall(SetlSocketClusterClient.java:50)
	at io.setl.utils.cluster.SocketCluster.handleStringMessage(SocketCluster.java:110)
	at io.setl.utils.cluster.SocketCluster.handleMessage(SocketCluster.java:159)
	at io.setl.utils.cluster.SocketCluster.onTextMessage(SocketCluster.java:91)
	at io.setl.utils.cluster.trasport.impl.JettyWsWrapper.onMessage(JettyWsWrapper.java:90)
	at sun.reflect.GeneratedMethodAccessor18.invoke(Unknown Source)
	at sun.reflect.DelegatingMethodAccessorImpl.invoke(DelegatingMethodAccessorImpl.java:43)
	at java.lang.reflect.Method.invoke(Method.java:498)
	at org.eclipse.jetty.websocket.common.events.annotated.CallableMethod.call(CallableMethod.java:71)
	at org.eclipse.jetty.websocket.common.events.annotated.OptionalSessionCallableMethod.call(OptionalSessionCallableMethod.java:72)
	at org.eclipse.jetty.websocket.common.events.JettyAnnotatedEventDriver.onTextMessage(JettyAnnotatedEventDriver.java:234)
	at org.eclipse.jetty.websocket.common.message.SimpleTextMessage.messageComplete(SimpleTextMessage.java:69)
	at org.eclipse.jetty.websocket.common.events.AbstractEventDriver.appendMessage(AbstractEventDriver.java:66)
	at org.eclipse.jetty.websocket.common.events.JettyAnnotatedEventDriver.onTextFrame(JettyAnnotatedEventDriver.java:226)
	at org.eclipse.jetty.websocket.common.events.AbstractEventDriver.incomingFrame(AbstractEventDriver.java:162)
	at org.eclipse.jetty.websocket.common.WebSocketSession.incomingFrame(WebSocketSession.java:375)
	at org.eclipse.jetty.websocket.common.extensions.ExtensionStack.incomingFrame(ExtensionStack.java:220)
	at org.eclipse.jetty.websocket.common.Parser.notifyFrame(Parser.java:220)
	at org.eclipse.jetty.websocket.common.Parser.parse(Parser.java:256)
	at org.eclipse.jetty.websocket.common.io.AbstractWebSocketConnection.readParse(AbstractWebSocketConnection.java:679)
	at org.eclipse.jetty.websocket.common.io.AbstractWebSocketConnection.onFillable(AbstractWebSocketConnection.java:511)
	at org.eclipse.jetty.io.AbstractConnection$ReadCallback.succeeded(AbstractConnection.java:279)
	at org.eclipse.jetty.io.FillInterest.fillable(FillInterest.java:110)
	at org.eclipse.jetty.io.ChannelEndPoint$2.run(ChannelEndPoint.java:124)
	at org.eclipse.jetty.util.thread.Invocable.invokePreferred(Invocable.java:128)
	at org.eclipse.jetty.util.thread.Invocable$InvocableExecutor.invoke(Invocable.java:222)
	at org.eclipse.jetty.util.thread.strategy.EatWhatYouKill.doProduce(EatWhatYouKill.java:294)
	at org.eclipse.jetty.util.thread.strategy.EatWhatYouKill.run(EatWhatYouKill.java:199)
	at org.eclipse.jetty.util.thread.QueuedThreadPool.runJob(QueuedThreadPool.java:673)
	at org.eclipse.jetty.util.thread.QueuedThreadPool$2.run(QueuedThreadPool.java:591)
	at java.lang.Thread.run(Thread.java:745)
]]></system-err>
</testsuite>
