<?xml version="1.0" encoding="UTF-8"?>
<testsuite name="com.setl.openCSDClarityTests.UI.Navigation.OpenCSDNavigationAcceptanceTest" tests="32" skipped="23" failures="0" errors="0" timestamp="2017-12-05T17:28:55" hostname="Bills-iMac.local" time="42.288">
  <properties/>
  <testcase name="shouldNavigateToFundHoldings" classname="com.setl.openCSDClarityTests.UI.Navigation.OpenCSDNavigationAcceptanceTest" time="0.0">
    <skipped/>
  </testcase>
  <testcase name="shouldNavigateToCouponPayment" classname="com.setl.openCSDClarityTests.UI.Navigation.OpenCSDNavigationAcceptanceTest" time="0.0">
    <skipped/>
  </testcase>
  <testcase name="shouldNavigateToSICAV" classname="com.setl.openCSDClarityTests.UI.Navigation.OpenCSDNavigationAcceptanceTest" time="0.0">
    <skipped/>
  </testcase>
  <testcase name="shouldNavigateToSplit" classname="com.setl.openCSDClarityTests.UI.Navigation.OpenCSDNavigationAcceptanceTest" time="0.0">
    <skipped/>
  </testcase>
  <testcase name="shouldNavigateToFund" classname="com.setl.openCSDClarityTests.UI.Navigation.OpenCSDNavigationAcceptanceTest" time="0.0">
    <skipped/>
  </testcase>
  <testcase name="shouldNavigateToManageOrders" classname="com.setl.openCSDClarityTests.UI.Navigation.OpenCSDNavigationAcceptanceTest" time="0.0">
    <skipped/>
  </testcase>
  <testcase name="shouldNavigateToMergerAbsorption" classname="com.setl.openCSDClarityTests.UI.Navigation.OpenCSDNavigationAcceptanceTest" time="0.0">
    <skipped/>
  </testcase>
  <testcase name="shouldNavigateToManagementCompany" classname="com.setl.openCSDClarityTests.UI.Navigation.OpenCSDNavigationAcceptanceTest" time="0.0">
    <skipped/>
  </testcase>
  <testcase name="shouldNavigateToIssueReports" classname="com.setl.openCSDClarityTests.UI.Navigation.OpenCSDNavigationAcceptanceTest" time="0.0">
    <skipped/>
  </testcase>
  <testcase name="shouldNavigateToTransactionReports" classname="com.setl.openCSDClarityTests.UI.Navigation.OpenCSDNavigationAcceptanceTest" time="0.0">
    <skipped/>
  </testcase>
  <testcase name="shouldNavigateToKYCAdmin" classname="com.setl.openCSDClarityTests.UI.Navigation.OpenCSDNavigationAcceptanceTest" time="0.0">
    <skipped/>
  </testcase>
  <testcase name="shouldNavigateToNetAssetValue" classname="com.setl.openCSDClarityTests.UI.Navigation.OpenCSDNavigationAcceptanceTest" time="0.0">
    <skipped/>
  </testcase>
  <testcase name="shouldNavigateToWallets" classname="com.setl.openCSDClarityTests.UI.Navigation.OpenCSDNavigationAcceptanceTest" time="0.0">
    <skipped/>
  </testcase>
  <testcase name="shouldNavigateToBalancesReports" classname="com.setl.openCSDClarityTests.UI.Navigation.OpenCSDNavigationAcceptanceTest" time="0.0">
    <skipped/>
  </testcase>
  <testcase name="shouldNavigateToIssueResolution" classname="com.setl.openCSDClarityTests.UI.Navigation.OpenCSDNavigationAcceptanceTest" time="0.0">
    <skipped/>
  </testcase>
  <testcase name="shouldNavigateToRelationships" classname="com.setl.openCSDClarityTests.UI.Navigation.OpenCSDNavigationAcceptanceTest" time="0.0">
    <skipped/>
  </testcase>
  <testcase name="shouldNavigateToDocuments" classname="com.setl.openCSDClarityTests.UI.Navigation.OpenCSDNavigationAcceptanceTest" time="0.0">
    <skipped/>
  </testcase>
  <testcase name="shouldNavigateToDistribution" classname="com.setl.openCSDClarityTests.UI.Navigation.OpenCSDNavigationAcceptanceTest" time="0.0">
    <skipped/>
  </testcase>
  <testcase name="shouldNavigateToMember" classname="com.setl.openCSDClarityTests.UI.Navigation.OpenCSDNavigationAcceptanceTest" time="0.0">
    <skipped/>
  </testcase>
  <testcase name="shouldNavigateToCreateResolution" classname="com.setl.openCSDClarityTests.UI.Navigation.OpenCSDNavigationAcceptanceTest" time="0.0">
    <skipped/>
  </testcase>
  <testcase name="shouldNavigateToWizard" classname="com.setl.openCSDClarityTests.UI.Navigation.OpenCSDNavigationAcceptanceTest" time="0.0">
    <skipped/>
  </testcase>
  <testcase name="shouldNavigateToChainMember" classname="com.setl.openCSDClarityTests.UI.Navigation.OpenCSDNavigationAcceptanceTest" time="0.0">
    <skipped/>
  </testcase>
  <testcase name="shouldNavigateToMyAccount" classname="com.setl.openCSDClarityTests.UI.Navigation.OpenCSDNavigationAcceptanceTest" time="0.0">
    <skipped/>
  </testcase>
  <testcase name="shouldNavigateToMessages" classname="com.setl.openCSDClarityTests.UI.Navigation.OpenCSDNavigationAcceptanceTest" time="4.293"/>
  <testcase name="shouldNavigateToHome" classname="com.setl.openCSDClarityTests.UI.Navigation.OpenCSDNavigationAcceptanceTest" time="5.224"/>
  <testcase name="shouldNavigateToUsers" classname="com.setl.openCSDClarityTests.UI.Navigation.OpenCSDNavigationAcceptanceTest" time="4.862"/>
  <testcase name="shouldNavigateToUserWallets" classname="com.setl.openCSDClarityTests.UI.Navigation.OpenCSDNavigationAcceptanceTest" time="4.946"/>
  <testcase name="shouldNavigateToPermissions" classname="com.setl.openCSDClarityTests.UI.Navigation.OpenCSDNavigationAcceptanceTest" time="4.885"/>
  <testcase name="shouldNavigateToRegisterIssuer" classname="com.setl.openCSDClarityTests.UI.Navigation.OpenCSDNavigationAcceptanceTest" time="4.789"/>
  <testcase name="shouldNavigateToRegisterAsset" classname="com.setl.openCSDClarityTests.UI.Navigation.OpenCSDNavigationAcceptanceTest" time="4.809"/>
  <testcase name="shouldNavigateToIssueAsset" classname="com.setl.openCSDClarityTests.UI.Navigation.OpenCSDNavigationAcceptanceTest" time="4.809"/>
  <testcase name="shouldNavigateToMessagesFromTopButtons" classname="com.setl.openCSDClarityTests.UI.Navigation.OpenCSDNavigationAcceptanceTest" time="3.669"/>
  <system-out><![CDATA[
[TEST shouldNavigateToMessages STARTING] 
Mac OS X
Link to Addresses is not readyorg.openqa.selenium.NoSuchElementException: no such element: Unable to locate element: {"method":"xpath","selector":".//*[@id='home-addresses-select']/a/span"}
  (Session info: chrome=62.0.3202.94)
  (Driver info: chromedriver=2.33.506106 (8a06c39c4582fbfbab6966dbb1c38a9173bfb1a2),platform=Mac OS X 10.13.1 x86_64) (WARNING: The server did not provide any stacktrace information)
Command duration or timeout: 0 milliseconds
For documentation on this error, please visit: http://seleniumhq.org/exceptions/no_such_element.html
Build info: version: '3.5.3', revision: 'a88d25fe6b', time: '2017-08-29T12:42:44.417Z'
System info: host: 'Bills-iMac.local', ip: 'fe80:0:0:0:30:d59:d5d9:9367%en0', os.name: 'Mac OS X', os.arch: 'x86_64', os.version: '10.13.1', java.version: '1.8.0_102'
Driver info: org.openqa.selenium.chrome.ChromeDriver
Capabilities [{mobileEmulationEnabled=false, hasTouchScreen=false, platform=MAC, acceptSslCerts=true, webStorageEnabled=true, browserName=chrome, takesScreenshot=true, javascriptEnabled=true, platformName=MAC, setWindowRect=true, unexpectedAlertBehaviour=, applicationCacheEnabled=false, rotatable=false, networkConnectionEnabled=false, chrome={chromedriverVersion=2.33.506106 (8a06c39c4582fbfbab6966dbb1c38a9173bfb1a2), userDataDir=/var/folders/f5/f4tjd9ps6pggj9nq_6qtjq0w0000gn/T/.org.chromium.Chromium.RavliY}, takesHeapSnapshot=true, pageLoadStrategy=normal, unhandledPromptBehavior=, databaseEnabled=false, handlesAlerts=true, version=62.0.3202.94, browserConnectionEnabled=false, nativeEvents=true, locationContextEnabled=true, cssSelectorsEnabled=true}]
Session ID: d96421375d2466b04e613ed837f980ba
*** Element info: {Using=xpath, value=.//*[@id='home-addresses-select']/a/span}
[TEST ENDED] Time elapsed: 4.166 sec

[TEST shouldNavigateToHome STARTING] 
Mac OS X
Login button not ready no such element: Unable to locate element: {"method":"id","selector":"login-submit"}
  (Session info: chrome=62.0.3202.94)
  (Driver info: chromedriver=2.33.506106 (8a06c39c4582fbfbab6966dbb1c38a9173bfb1a2),platform=Mac OS X 10.13.1 x86_64) (WARNING: The server did not provide any stacktrace information)
Command duration or timeout: 0 milliseconds
For documentation on this error, please visit: http://seleniumhq.org/exceptions/no_such_element.html
Build info: version: '3.5.3', revision: 'a88d25fe6b', time: '2017-08-29T12:42:44.417Z'
System info: host: 'Bills-iMac.local', ip: 'fe80:0:0:0:30:d59:d5d9:9367%en0', os.name: 'Mac OS X', os.arch: 'x86_64', os.version: '10.13.1', java.version: '1.8.0_102'
Driver info: org.openqa.selenium.chrome.ChromeDriver
Capabilities [{mobileEmulationEnabled=false, hasTouchScreen=false, platform=MAC, acceptSslCerts=true, webStorageEnabled=true, browserName=chrome, takesScreenshot=true, javascriptEnabled=true, platformName=MAC, setWindowRect=true, unexpectedAlertBehaviour=, applicationCacheEnabled=false, rotatable=false, networkConnectionEnabled=false, chrome={chromedriverVersion=2.33.506106 (8a06c39c4582fbfbab6966dbb1c38a9173bfb1a2), userDataDir=/var/folders/f5/f4tjd9ps6pggj9nq_6qtjq0w0000gn/T/.org.chromium.Chromium.z4GcdC}, takesHeapSnapshot=true, pageLoadStrategy=normal, unhandledPromptBehavior=, databaseEnabled=false, handlesAlerts=true, version=62.0.3202.94, browserConnectionEnabled=false, nativeEvents=true, locationContextEnabled=true, cssSelectorsEnabled=true}]
Session ID: 347fdb053d06f2a78a8cb40e7a21877b
*** Element info: {Using=id, value=login-submit}
[TEST ENDED] Time elapsed: 5.095 sec

[TEST shouldNavigateToUsers STARTING] 
Mac OS X
[TEST ENDED] Time elapsed: 4.734 sec

[TEST shouldNavigateToUserWallets STARTING] 
Mac OS X
[TEST ENDED] Time elapsed: 4.819 sec

[TEST shouldNavigateToPermissions STARTING] 
Mac OS X
[TEST ENDED] Time elapsed: 4.750 sec

[TEST shouldNavigateToRegisterIssuer STARTING] 
Mac OS X
[TEST ENDED] Time elapsed: 4.659 sec

[TEST shouldNavigateToRegisterAsset STARTING] 
Mac OS X
[TEST ENDED] Time elapsed: 4.681 sec

[TEST shouldNavigateToIssueAsset STARTING] 
Mac OS X
[TEST ENDED] Time elapsed: 4.683 sec

[TEST shouldNavigateToMessagesFromTopButtons STARTING] 
Mac OS X
[TEST ENDED] Time elapsed: 3.530 sec
]]></system-out>
  <system-err><![CDATA[Starting ChromeDriver 2.33.506106 (8a06c39c4582fbfbab6966dbb1c38a9173bfb1a2) on port 3385
Only local connections are allowed.
Dec 05, 2017 5:28:55 PM org.openqa.selenium.remote.ProtocolHandshake createSession
INFO: Detected dialect: OSS
Starting ChromeDriver 2.33.506106 (8a06c39c4582fbfbab6966dbb1c38a9173bfb1a2) on port 41238
Only local connections are allowed.
Dec 05, 2017 5:29:00 PM org.openqa.selenium.remote.ProtocolHandshake createSession
INFO: Detected dialect: OSS
Starting ChromeDriver 2.33.506106 (8a06c39c4582fbfbab6966dbb1c38a9173bfb1a2) on port 40565
Only local connections are allowed.
Dec 05, 2017 5:29:05 PM org.openqa.selenium.remote.ProtocolHandshake createSession
INFO: Detected dialect: OSS
Starting ChromeDriver 2.33.506106 (8a06c39c4582fbfbab6966dbb1c38a9173bfb1a2) on port 32714
Only local connections are allowed.
Dec 05, 2017 5:29:10 PM org.openqa.selenium.remote.ProtocolHandshake createSession
INFO: Detected dialect: OSS
Starting ChromeDriver 2.33.506106 (8a06c39c4582fbfbab6966dbb1c38a9173bfb1a2) on port 7670
Only local connections are allowed.
Dec 05, 2017 5:29:15 PM org.openqa.selenium.remote.ProtocolHandshake createSession
INFO: Detected dialect: OSS
Starting ChromeDriver 2.33.506106 (8a06c39c4582fbfbab6966dbb1c38a9173bfb1a2) on port 32658
Only local connections are allowed.
Dec 05, 2017 5:29:19 PM org.openqa.selenium.remote.ProtocolHandshake createSession
INFO: Detected dialect: OSS
Starting ChromeDriver 2.33.506106 (8a06c39c4582fbfbab6966dbb1c38a9173bfb1a2) on port 36604
Only local connections are allowed.
Dec 05, 2017 5:29:24 PM org.openqa.selenium.remote.ProtocolHandshake createSession
INFO: Detected dialect: OSS
Starting ChromeDriver 2.33.506106 (8a06c39c4582fbfbab6966dbb1c38a9173bfb1a2) on port 41683
Only local connections are allowed.
Dec 05, 2017 5:29:29 PM org.openqa.selenium.remote.ProtocolHandshake createSession
INFO: Detected dialect: OSS
Starting ChromeDriver 2.33.506106 (8a06c39c4582fbfbab6966dbb1c38a9173bfb1a2) on port 42253
Only local connections are allowed.
Dec 05, 2017 5:29:34 PM org.openqa.selenium.remote.ProtocolHandshake createSession
INFO: Detected dialect: OSS
]]></system-err>
</testsuite>
