<?xml version="1.0" encoding="UTF-8"?>
<testsuite name="com.setl.openCSDClarityTests.UI.Navigation.OpenCSDTabNavigationAcceptanceTest" tests="4" skipped="1" failures="0" errors="0" timestamp="2017-12-05T17:29:37" hostname="Bills-iMac.local" time="16.701">
  <properties/>
  <testcase name="shouldNavigateToChainAdminTabMember" classname="com.setl.openCSDClarityTests.UI.Navigation.OpenCSDTabNavigationAcceptanceTest" time="0.0">
    <skipped/>
  </testcase>
  <testcase name="shouldNavigateToUserAdminTabAddUser" classname="com.setl.openCSDClarityTests.UI.Navigation.OpenCSDTabNavigationAcceptanceTest" time="5.527"/>
  <testcase name="shouldNavigateToUserAdminTabAddWallets" classname="com.setl.openCSDClarityTests.UI.Navigation.OpenCSDTabNavigationAcceptanceTest" time="5.553"/>
  <testcase name="shouldNavigateToUserAdminTabAddPermissions" classname="com.setl.openCSDClarityTests.UI.Navigation.OpenCSDTabNavigationAcceptanceTest" time="5.621"/>
  <system-out><![CDATA[
[TEST shouldNavigateToUserAdminTabAddUser STARTING] 
Mac OS X
[TEST ENDED] Time elapsed: 5.389 sec

[TEST shouldNavigateToUserAdminTabAddWallets STARTING] 
Mac OS X
[TEST ENDED] Time elapsed: 5.426 sec

[TEST shouldNavigateToUserAdminTabAddPermissions STARTING] 
Mac OS X
[TEST ENDED] Time elapsed: 5.494 sec
]]></system-out>
  <system-err><![CDATA[Starting ChromeDriver 2.33.506106 (8a06c39c4582fbfbab6966dbb1c38a9173bfb1a2) on port 28726
Only local connections are allowed.
Dec 05, 2017 5:29:38 PM org.openqa.selenium.remote.ProtocolHandshake createSession
INFO: Detected dialect: OSS
Starting ChromeDriver 2.33.506106 (8a06c39c4582fbfbab6966dbb1c38a9173bfb1a2) on port 9492
Only local connections are allowed.
Dec 05, 2017 5:29:43 PM org.openqa.selenium.remote.ProtocolHandshake createSession
INFO: Detected dialect: OSS
Starting ChromeDriver 2.33.506106 (8a06c39c4582fbfbab6966dbb1c38a9173bfb1a2) on port 27323
Only local connections are allowed.
Dec 05, 2017 5:29:49 PM org.openqa.selenium.remote.ProtocolHandshake createSession
INFO: Detected dialect: OSS
]]></system-err>
</testsuite>
