<?xml version="1.0" encoding="UTF-8"?>
<testsuite name="com.setl.openCSDClarityTests.UI.Login.OpenCSDLoginAcceptanceTest" tests="6" skipped="1" failures="0" errors="0" timestamp="2017-12-05T17:28:19" hostname="Bills-iMac.local" time="13.366">
  <properties/>
  <testcase name="shouldRequirePasswordToLogin" classname="com.setl.openCSDClarityTests.UI.Login.OpenCSDLoginAcceptanceTest" time="0.0">
    <skipped/>
  </testcase>
  <testcase name="shouldLandOnLoginPage" classname="com.setl.openCSDClarityTests.UI.Login.OpenCSDLoginAcceptanceTest" time="2.057"/>
  <testcase name="shouldLoginAndVerifySuccess" classname="com.setl.openCSDClarityTests.UI.Login.OpenCSDLoginAcceptanceTest" time="3.112"/>
  <testcase name="shouldLogoutAndVerifySuccess" classname="com.setl.openCSDClarityTests.UI.Login.OpenCSDLoginAcceptanceTest" time="3.609"/>
  <testcase name="shouldNotLoginWithIncorrectPassword" classname="com.setl.openCSDClarityTests.UI.Login.OpenCSDLoginAcceptanceTest" time="2.321"/>
  <testcase name="shouldShowPopupForUsernameRequired" classname="com.setl.openCSDClarityTests.UI.Login.OpenCSDLoginAcceptanceTest" time="2.265"/>
  <system-out><![CDATA[
[TEST shouldLandOnLoginPage STARTING] 
Mac OS X
[TEST ENDED] Time elapsed: 1.930 sec

[TEST shouldLoginAndVerifySuccess STARTING] 
Mac OS X
[TEST ENDED] Time elapsed: 2.986 sec

[TEST shouldLogoutAndVerifySuccess STARTING] 
Mac OS X
[TEST ENDED] Time elapsed: 3.481 sec

[TEST shouldNotLoginWithIncorrectPassword STARTING] 
Mac OS X
[TEST ENDED] Time elapsed: 2.226 sec

[TEST shouldShowPopupForUsernameRequired STARTING] 
Mac OS X
[TEST ENDED] Time elapsed: 2.131 sec
]]></system-out>
  <system-err><![CDATA[Starting ChromeDriver 2.33.506106 (8a06c39c4582fbfbab6966dbb1c38a9173bfb1a2) on port 48722
Only local connections are allowed.
Dec 05, 2017 5:28:20 PM org.openqa.selenium.remote.ProtocolHandshake createSession
INFO: Detected dialect: OSS
Starting ChromeDriver 2.33.506106 (8a06c39c4582fbfbab6966dbb1c38a9173bfb1a2) on port 17070
Only local connections are allowed.
Dec 05, 2017 5:28:22 PM org.openqa.selenium.remote.ProtocolHandshake createSession
INFO: Detected dialect: OSS
Starting ChromeDriver 2.33.506106 (8a06c39c4582fbfbab6966dbb1c38a9173bfb1a2) on port 45467
Only local connections are allowed.
Dec 05, 2017 5:28:25 PM org.openqa.selenium.remote.ProtocolHandshake createSession
INFO: Detected dialect: OSS
Starting ChromeDriver 2.33.506106 (8a06c39c4582fbfbab6966dbb1c38a9173bfb1a2) on port 18992
Only local connections are allowed.
Dec 05, 2017 5:28:29 PM org.openqa.selenium.remote.ProtocolHandshake createSession
INFO: Detected dialect: OSS
Starting ChromeDriver 2.33.506106 (8a06c39c4582fbfbab6966dbb1c38a9173bfb1a2) on port 6932
Only local connections are allowed.
Dec 05, 2017 5:28:31 PM org.openqa.selenium.remote.ProtocolHandshake createSession
INFO: Detected dialect: OSS
]]></system-err>
</testsuite>
