<?xml version="1.0" encoding="UTF-8"?>
<testsuite name="com.setl.RESTAPITests.Wallet.Fetch.fetchWalletAccessAcceptanceTest" tests="1" skipped="0" failures="0" errors="0" timestamp="2017-12-05T17:37:50" hostname="Bills-iMac.local" time="0.062">
  <properties/>
  <testcase name="fetchWalletAccessDetails" classname="com.setl.RESTAPITests.Wallet.Fetch.fetchWalletAccessAcceptanceTest" time="0.062"/>
  <system-out><![CDATA[payload eyJ0eXAiOiJKV1QiLCJhbGciOiJIUzI1NiJ9.eyJtZXNzYWdlYm9keSI6eyJ1c2VyaWQiOjZ9LCJtZXNzYWdldHlwZSI6ImluaXRpYWxpc2UiLCJyZXF1ZXN0aWQiOjEsInRva2VuIjoiIiwidGltZXN0YW1wIjoxNTEyNDk1NDcwNTg4fQ.brMqa277czlAvMZtfijY53TKKlNN2VW4zkN_9zCCGFM
payload eyJ0eXAiOiJKV1QiLCJhbGciOiJIUzI1NiJ9.eyJtZXNzYWdlYm9keSI6eyJ0b3BpYyI6ImdteXdhIn0sIm1lc3NhZ2V0eXBlIjoicmVxdWVzdCIsInJlcXVlc3RpZCI6MSwidG9rZW4iOiIzYTNiMjQzM2I3ZThkMDhiZDBiNTdlODgzODU0YWNhMzYzMDA2NmQ2ZTZjN2FiYWY4YTM5Y2I3YmU5MjAyYTdhIiwidGltZXN0YW1wIjoxNTEyNDk1NDcwNjE3fQ.Fjmg0wrOa6MNchq-0AhBIRFdNI-DrUCW1oddTg1y6Us
{userID=6, walletID=3, permission=3, permissionDetail=, accountID=3, walletName=AMWallet, commuPub=FgPKlXh/MDru8FWQM/vPKk8nV/XmbxPSkEZkOBzyF14=, walletType=3, walletLocked=0, walletTypeName=null, GLEI=null, bankWalletID=null, CorrespondenceAddress=null}
]]></system-out>
  <system-err><![CDATA[eyJhbGciOiJIUzI1NiJ9.eyJyZXF1ZXN0aWQiOjEsIm1lc3NhZ2V0eXBlIjoiZGIiLCJzdGF0dXMiOiJPSyIsImRhdGEiOlt7InVzZXJJRCI6Niwid2FsbGV0SUQiOjMsInBlcm1pc3Npb24iOjMsInBlcm1pc3Npb25EZXRhaWwiOiIiLCJhY2NvdW50SUQiOjMsIndhbGxldE5hbWUiOiJBTVdhbGxldCIsImNvbW11UHViIjoiRmdQS2xYaC9NRHJ1OEZXUU0vdlBLazhuVi9YbWJ4UFNrRVprT0J6eUYxND0iLCJ3YWxsZXRUeXBlIjozLCJ3YWxsZXRMb2NrZWQiOjAsIndhbGxldFR5cGVOYW1lIjpudWxsLCJHTEVJIjpudWxsLCJiYW5rV2FsbGV0SUQiOm51bGwsIkNvcnJlc3BvbmRlbmNlQWRkcmVzcyI6bnVsbH0seyJ1c2VySUQiOjYsIndhbGxldElEIjo1LCJwZXJtaXNzaW9uIjozLCJwZXJtaXNzaW9uRGV0YWlsIjoiIiwiYWNjb3VudElEIjozLCJ3YWxsZXROYW1lIjoiIiwiY29tbXVQdWIiOiJYWVh1dFZuSHBnbUdYUFlpVnhhemNJbUNmYldQTm5oV0U3bVdFK294bFNzPSIsIndhbGxldFR5cGUiOjMsIndhbGxldExvY2tlZCI6MCwid2FsbGV0VHlwZU5hbWUiOm51bGwsIkdMRUkiOm51bGwsImJhbmtXYWxsZXRJRCI6bnVsbCwiQ29ycmVzcG9uZGVuY2VBZGRyZXNzIjpudWxsfSx7InVzZXJJRCI6Niwid2FsbGV0SUQiOjYsInBlcm1pc3Npb24iOjMsInBlcm1pc3Npb25EZXRhaWwiOiIiLCJhY2NvdW50SUQiOjMsIndhbGxldE5hbWUiOiJsb24wMDZGMSIsImNvbW11UHViIjoid01VMUZXWjBjb2NhQWRDVlp1UVZxaDkrRVB6R3B1WG9ueWhyVXJRazBGRT0iLCJ3YWxsZXRUeXBlIjozLCJ3YWxsZXRMb2NrZWQiOjAsIndhbGxldFR5cGVOYW1lIjpudWxsLCJHTEVJIjpudWxsLCJiYW5rV2FsbGV0SUQiOm51bGwsIkNvcnJlc3BvbmRlbmNlQWRkcmVzcyI6bnVsbH0seyJ1c2VySUQiOjYsIndhbGxldElEIjo3LCJwZXJtaXNzaW9uIjozLCJwZXJtaXNzaW9uRGV0YWlsIjoiIiwiYWNjb3VudElEIjozLCJ3YWxsZXROYW1lIjoiVGVzdCBTaGFyZSBUd28iLCJjb21tdVB1YiI6IjdqZ29DQ3grRm44STJwQmFBUStxa0ZkT256K0RQa2x3bFRzeXlrUWZOSHM9Iiwid2FsbGV0VHlwZSI6Mywid2FsbGV0TG9ja2VkIjowLCJ3YWxsZXRUeXBlTmFtZSI6bnVsbCwiR0xFSSI6bnVsbCwiYmFua1dhbGxldElEIjpudWxsLCJDb3JyZXNwb25kZW5jZUFkZHJlc3MiOm51bGx9LHsidXNlcklEIjo2LCJ3YWxsZXRJRCI6OCwicGVybWlzc2lvbiI6MywicGVybWlzc2lvbkRldGFpbCI6IiIsImFjY291bnRJRCI6Mywid2FsbGV0TmFtZSI6Ik9sbGllRnVuZDEiLCJjb21tdVB1YiI6ImNQdHNjMzEydmFYZFQzY0tXQ2NVS2ROa1V3alZMYXEyQjR3VVlVMDhDVVE9Iiwid2FsbGV0VHlwZSI6Mywid2FsbGV0TG9ja2VkIjowLCJ3YWxsZXRUeXBlTmFtZSI6bnVsbCwiR0xFSSI6bnVsbCwiYmFua1dhbGxldElEIjpudWxsLCJDb3JyZXNwb25kZW5jZUFkZHJlc3MiOm51bGx9LHsidXNlcklEIjo2LCJ3YWxsZXRJRCI6OSwicGVybWlzc2lvbiI6MywicGVybWlzc2lvbkRldGFpbCI6IiIsImFjY291bnRJRCI6Mywid2FsbGV0TmFtZSI6Ik9sbGllRnVuZDIiLCJjb21tdVB1YiI6Ikt4SW1lYm5zNk40YU9jOVhSV3A3R3FIRGlIdU5BTmNwNG11UnpteWREMjg9Iiwid2FsbGV0VHlwZSI6Mywid2FsbGV0TG9ja2VkIjowLCJ3YWxsZXRUeXBlTmFtZSI6bnVsbCwiR0xFSSI6bnVsbCwiYmFua1dhbGxldElEIjpudWxsLCJDb3JyZXNwb25kZW5jZUFkZHJlc3MiOm51bGx9LHsidXNlcklEIjo2LCJ3YWxsZXRJRCI6MTAsInBlcm1pc3Npb24iOjMsInBlcm1pc3Npb25EZXRhaWwiOiIiLCJhY2NvdW50SUQiOjMsIndhbGxldE5hbWUiOiJzYWQiLCJjb21tdVB1YiI6IlM3cDEwQmpkNUkwZnVTZXBlbFNyZWJ2L2hObXNJZGdhQ1NhQW10cnJXaGc9Iiwid2FsbGV0VHlwZSI6Mywid2FsbGV0TG9ja2VkIjowLCJ3YWxsZXRUeXBlTmFtZSI6bnVsbCwiR0xFSSI6bnVsbCwiYmFua1dhbGxldElEIjpudWxsLCJDb3JyZXNwb25kZW5jZUFkZHJlc3MiOm51bGx9LHsidXNlcklEIjo2LCJ3YWxsZXRJRCI6MTcsInBlcm1pc3Npb24iOjMsInBlcm1pc3Npb25EZXRhaWwiOiIiLCJhY2NvdW50SUQiOjMsIndhbGxldE5hbWUiOiJPbGxpZVRlc3QzIiwiY29tbXVQdWIiOiJtb0QyVjRaWU1nU2FYK1RZU1FPaHVPQWRkeXoxbmxocUt5QUpMSXhsUlJNPSIsIndhbGxldFR5cGUiOjMsIndhbGxldExvY2tlZCI6MCwid2FsbGV0VHlwZU5hbWUiOm51bGwsIkdMRUkiOm51bGwsImJhbmtXYWxsZXRJRCI6bnVsbCwiQ29ycmVzcG9uZGVuY2VBZGRyZXNzIjpudWxsfSx7InVzZXJJRCI6Niwid2FsbGV0SUQiOjE4LCJwZXJtaXNzaW9uIjozLCJwZXJtaXNzaW9uRGV0YWlsIjoiIiwiYWNjb3VudElEIjozLCJ3YWxsZXROYW1lIjoiT2xsaWVUZXN0NCIsImNvbW11UHViIjoiU3J2OXRydS9xY29LNWRHMGhVOHkwKzhaeElIN3lFUHNQM3h5MUlSV3FuOD0iLCJ3YWxsZXRUeXBlIjozLCJ3YWxsZXRMb2NrZWQiOjAsIndhbGxldFR5cGVOYW1lIjpudWxsLCJHTEVJIjpudWxsLCJiYW5rV2FsbGV0SUQiOm51bGwsIkNvcnJlc3BvbmRlbmNlQWRkcmVzcyI6bnVsbH0seyJ1c2VySUQiOjYsIndhbGxldElEIjoxOSwicGVybWlzc2lvbiI6MywicGVybWlzc2lvbkRldGFpbCI6IiIsImFjY291bnRJRCI6Mywid2FsbGV0TmFtZSI6IiIsImNvbW11UHViIjoiT0NZTkRkeXhNKzA1aEN4ZDI2Wkdad3lXZHFKSXpBRFUyc0poVU9MSkVRZz0iLCJ3YWxsZXRUeXBlIjozLCJ3YWxsZXRMb2NrZWQiOjAsIndhbGxldFR5cGVOYW1lIjpudWxsLCJHTEVJIjpudWxsLCJiYW5rV2FsbGV0SUQiOm51bGwsIkNvcnJlc3BvbmRlbmNlQWRkcmVzcyI6bnVsbH0seyJ1c2VySUQiOjYsIndhbGxldElEIjoyMCwicGVybWlzc2lvbiI6MywicGVybWlzc2lvbkRldGFpbCI6IiIsImFjY291bnRJRCI6Mywid2FsbGV0TmFtZSI6IkJURjUiLCJjb21tdVB1YiI6InVielJLSmZGR3krVWFzTEo1Tndaczhrd2FmS3Q2ZW40TUNPeVdCRjM4Mzg9Iiwid2FsbGV0VHlwZSI6Mywid2FsbGV0TG9ja2VkIjowLCJ3YWxsZXRUeXBlTmFtZSI6bnVsbCwiR0xFSSI6bnVsbCwiYmFua1dhbGxldElEIjpudWxsLCJDb3JyZXNwb25kZW5jZUFkZHJlc3MiOm51bGx9LHsidXNlcklEIjo2LCJ3YWxsZXRJRCI6MjQsInBlcm1pc3Npb24iOjMsInBlcm1pc3Npb25EZXRhaWwiOiIiLCJhY2NvdW50SUQiOjMsIndhbGxldE5hbWUiOiJUZXN0IFNoYXJlIDciLCJjb21tdVB1YiI6Ijgxa2cwcWw2VDVwZGYxSER4U2xyVnNIMjZHRVN4N2ZJRTN4UytBVWt4R1U9Iiwid2FsbGV0VHlwZSI6Mywid2FsbGV0TG9ja2VkIjowLCJ3YWxsZXRUeXBlTmFtZSI6bnVsbCwiR0xFSSI6bnVsbCwiYmFua1dhbGxldElEIjpudWxsLCJDb3JyZXNwb25kZW5jZUFkZHJlc3MiOm51bGx9LHsidXNlcklEIjo2LCJ3YWxsZXRJRCI6MjUsInBlcm1pc3Npb24iOjMsInBlcm1pc3Npb25EZXRhaWwiOiIiLCJhY2NvdW50SUQiOjMsIndhbGxldE5hbWUiOiJUZXN0IFNoYXJlIDgiLCJjb21tdVB1YiI6ImFSRHRIdVVxZEF4ZWtoWitJOWQxdnpNY0hQSm01TTMzRGh6cHVQUVBZaDQ9Iiwid2FsbGV0VHlwZSI6Mywid2FsbGV0TG9ja2VkIjowLCJ3YWxsZXRUeXBlTmFtZSI6bnVsbCwiR0xFSSI6bnVsbCwiYmFua1dhbGxldElEIjpudWxsLCJDb3JyZXNwb25kZW5jZUFkZHJlc3MiOm51bGx9LHsidXNlcklEIjo2LCJ3YWxsZXRJRCI6MjYsInBlcm1pc3Npb24iOjMsInBlcm1pc3Npb25EZXRhaWwiOiIiLCJhY2NvdW50SUQiOjMsIndhbGxldE5hbWUiOiJUZXN0IFNoYXJlIDkiLCJjb21tdVB1YiI6IkxKSk1mSW1ya3FlMklDc2R0WWNrd2MzcExYSVA5MEZaYTRFbVFyRk9Sem89Iiwid2FsbGV0VHlwZSI6Mywid2FsbGV0TG9ja2VkIjowLCJ3YWxsZXRUeXBlTmFtZSI6bnVsbCwiR0xFSSI6bnVsbCwiYmFua1dhbGxldElEIjpudWxsLCJDb3JyZXNwb25kZW5jZUFkZHJlc3MiOm51bGx9LHsidXNlcklEIjo2LCJ3YWxsZXRJRCI6MzEsInBlcm1pc3Npb24iOjMsInBlcm1pc3Npb25EZXRhaWwiOiIiLCJhY2NvdW50SUQiOjMsIndhbGxldE5hbWUiOiJUZXN0IFNoYXJlIDEwIiwiY29tbXVQdWIiOiJUWVJ3Y0o3dUJHOVNEUWpYZDNBSFpGWmpQVXBtS291bitNR0xmNDNRQ1Q0PSIsIndhbGxldFR5cGUiOjMsIndhbGxldExvY2tlZCI6MCwid2FsbGV0VHlwZU5hbWUiOm51bGwsIkdMRUkiOm51bGwsImJhbmtXYWxsZXRJRCI6bnVsbCwiQ29ycmVzcG9uZGVuY2VBZGRyZXNzIjpudWxsfSx7InVzZXJJRCI6Niwid2FsbGV0SUQiOjM2LCJwZXJtaXNzaW9uIjozLCJwZXJtaXNzaW9uRGV0YWlsIjoiIiwiYWNjb3VudElEIjozLCJ3YWxsZXROYW1lIjoiIiwiY29tbXVQdWIiOiI3V2RTRWttWkFlc1ZFOVI5TmlzcVJjbWhjUTFoelg4UTFXVTR5L0RjSWxFPSIsIndhbGxldFR5cGUiOjMsIndhbGxldExvY2tlZCI6MCwid2FsbGV0VHlwZU5hbWUiOm51bGwsIkdMRUkiOm51bGwsImJhbmtXYWxsZXRJRCI6bnVsbCwiQ29ycmVzcG9uZGVuY2VBZGRyZXNzIjpudWxsfSx7InVzZXJJRCI6Niwid2FsbGV0SUQiOjM3LCJwZXJtaXNzaW9uIjozLCJwZXJtaXNzaW9uRGV0YWlsIjoiIiwiYWNjb3VudElEIjozLCJ3YWxsZXROYW1lIjoiREVDUCIsImNvbW11UHViIjoiUElPcjZ5dzQxbTdkOTZxb2JtWldmNGZRNzEvOC9jK2FXUlBZQnROc3FSRT0iLCJ3YWxsZXRUeXBlIjozLCJ3YWxsZXRMb2NrZWQiOjAsIndhbGxldFR5cGVOYW1lIjpudWxsLCJHTEVJIjpudWxsLCJiYW5rV2FsbGV0SUQiOm51bGwsIkNvcnJlc3BvbmRlbmNlQWRkcmVzcyI6bnVsbH0seyJ1c2VySUQiOjYsIndhbGxldElEIjozOCwicGVybWlzc2lvbiI6MywicGVybWlzc2lvbkRldGFpbCI6IiIsImFjY291bnRJRCI6Mywid2FsbGV0TmFtZSI6IiIsImNvbW11UHViIjoiaW1qY0x3M1FoeVVoYXZnZlVYUGh1Z08rSUZuZXkvSUhMbU1PRHhjcTFTdz0iLCJ3YWxsZXRUeXBlIjozLCJ3YWxsZXRMb2NrZWQiOjAsIndhbGxldFR5cGVOYW1lIjpudWxsLCJHTEVJIjpudWxsLCJiYW5rV2FsbGV0SUQiOm51bGwsIkNvcnJlc3BvbmRlbmNlQWRkcmVzcyI6bnVsbH0seyJ1c2VySUQiOjYsIndhbGxldElEIjozOSwicGVybWlzc2lvbiI6MywicGVybWlzc2lvbkRldGFpbCI6IiIsImFjY291bnRJRCI6Mywid2FsbGV0TmFtZSI6IjEyMyIsImNvbW11UHViIjoiVEJsQnFPNkJQanBUVGwrWC9lbHRZaS92R1lNL1VtOFZscWpBRVVjNkFFUT0iLCJ3YWxsZXRUeXBlIjozLCJ3YWxsZXRMb2NrZWQiOjAsIndhbGxldFR5cGVOYW1lIjpudWxsLCJHTEVJIjpudWxsLCJiYW5rV2FsbGV0SUQiOm51bGwsIkNvcnJlc3BvbmRlbmNlQWRkcmVzcyI6bnVsbH0seyJ1c2VySUQiOjYsIndhbGxldElEIjo0MCwicGVybWlzc2lvbiI6MywicGVybWlzc2lvbkRldGFpbCI6IiIsImFjY291bnRJRCI6Mywid2FsbGV0TmFtZSI6IiIsImNvbW11UHViIjoid3lJZzFnTGg3WEFQU3NvQ0lMVDh0bCtkV1dZejlmMWpSWmh4OVI2TVAzbz0iLCJ3YWxsZXRUeXBlIjozLCJ3YWxsZXRMb2NrZWQiOjAsIndhbGxldFR5cGVOYW1lIjpudWxsLCJHTEVJIjpudWxsLCJiYW5rV2FsbGV0SUQiOm51bGwsIkNvcnJlc3BvbmRlbmNlQWRkcmVzcyI6bnVsbH0seyJ1c2VySUQiOjYsIndhbGxldElEIjo0MSwicGVybWlzc2lvbiI6MywicGVybWlzc2lvbkRldGFpbCI6IiIsImFjY291bnRJRCI6Mywid2FsbGV0TmFtZSI6IlRGVCBTaGFyZSIsImNvbW11UHViIjoiN1VYeVo0Y0ljZit3TEY1b2FmV1RJZE1GejcrUmYrVTFkY0diSTNrZzJoQT0iLCJ3YWxsZXRUeXBlIjozLCJ3YWxsZXRMb2NrZWQiOjAsIndhbGxldFR5cGVOYW1lIjpudWxsLCJHTEVJIjpudWxsLCJiYW5rV2FsbGV0SUQiOm51bGwsIkNvcnJlc3BvbmRlbmNlQWRkcmVzcyI6bnVsbH0seyJ1c2VySUQiOjYsIndhbGxldElEIjo0NywicGVybWlzc2lvbiI6MywicGVybWlzc2lvbkRldGFpbCI6IiIsImFjY291bnRJRCI6Mywid2FsbGV0TmFtZSI6ImZ1bmRpbmd0ZXN0MSIsImNvbW11UHViIjoiTmkycC9sQ1pWU0hHS0t6VXRZSkxVZW9QS29CQmRnNElQeFA4REd5Q1JVcz0iLCJ3YWxsZXRUeXBlIjozLCJ3YWxsZXRMb2NrZWQiOjAsIndhbGxldFR5cGVOYW1lIjpudWxsLCJHTEVJIjpudWxsLCJiYW5rV2FsbGV0SUQiOm51bGwsIkNvcnJlc3BvbmRlbmNlQWRkcmVzcyI6bnVsbH0seyJ1c2VySUQiOjYsIndhbGxldElEIjo0OSwicGVybWlzc2lvbiI6MywicGVybWlzc2lvbkRldGFpbCI6IiIsImFjY291bnRJRCI6Mywid2FsbGV0TmFtZSI6IkJpbGxzIFRlc3Qgc2hhcmUgMTIiLCJjb21tdVB1YiI6IkJoM3MxU1NtUjFSaXhrbE1QQjVUd1d2L1B6V0Nwc2VDUHBkcCtUZW5uRTg9Iiwid2FsbGV0VHlwZSI6Mywid2FsbGV0TG9ja2VkIjowLCJ3YWxsZXRUeXBlTmFtZSI6bnVsbCwiR0xFSSI6bnVsbCwiYmFua1dhbGxldElEIjpudWxsLCJDb3JyZXNwb25kZW5jZUFkZHJlc3MiOm51bGx9LHsidXNlcklEIjo2LCJ3YWxsZXRJRCI6NTAsInBlcm1pc3Npb24iOjMsInBlcm1pc3Npb25EZXRhaWwiOiIiLCJhY2NvdW50SUQiOjMsIndhbGxldE5hbWUiOiJUZXN0IENoYXJzIiwiY29tbXVQdWIiOiJqaU53S25tNjlxSjRXelZlV0FUVnJDRDNScFUrZHV3bjBlN29VakZQVGlRPSIsIndhbGxldFR5cGUiOjMsIndhbGxldExvY2tlZCI6MCwid2FsbGV0VHlwZU5hbWUiOm51bGwsIkdMRUkiOm51bGwsImJhbmtXYWxsZXRJRCI6bnVsbCwiQ29ycmVzcG9uZGVuY2VBZGRyZXNzIjpudWxsfSx7InVzZXJJRCI6Niwid2FsbGV0SUQiOjUxLCJwZXJtaXNzaW9uIjozLCJwZXJtaXNzaW9uRGV0YWlsIjoiIiwiYWNjb3VudElEIjozLCJ3YWxsZXROYW1lIjoic2hhcmVOYW1lVGVzdEhLMjAxNzExMjMtMSIsImNvbW11UHViIjoiU09lY0JPOTFtOHVERVVqTFhjY2NXM21IbEZIaHJRY0x0RDdabS9xWUlIZz0iLCJ3YWxsZXRUeXBlIjozLCJ3YWxsZXRMb2NrZWQiOjAsIndhbGxldFR5cGVOYW1lIjpudWxsLCJHTEVJIjpudWxsLCJiYW5rV2FsbGV0SUQiOm51bGwsIkNvcnJlc3BvbmRlbmNlQWRkcmVzcyI6bnVsbH0seyJ1c2VySUQiOjYsIndhbGxldElEIjo1MiwicGVybWlzc2lvbiI6MywicGVybWlzc2lvbkRldGFpbCI6IiIsImFjY291bnRJRCI6Mywid2FsbGV0TmFtZSI6InNoYXJlTmFtZVRlc3RISzIwMTcxMTIzLTIiLCJjb21tdVB1YiI6InlOSmNFZVRHQklQWXZzOXRmWkxsbkdXeVR4N2tjQjBDdXN1QXBtREMwaVE9Iiwid2FsbGV0VHlwZSI6Mywid2FsbGV0TG9ja2VkIjowLCJ3YWxsZXRUeXBlTmFtZSI6bnVsbCwiR0xFSSI6bnVsbCwiYmFua1dhbGxldElEIjpudWxsLCJDb3JyZXNwb25kZW5jZUFkZHJlc3MiOm51bGx9LHsidXNlcklEIjo2LCJ3YWxsZXRJRCI6NTMsInBlcm1pc3Npb24iOjMsInBlcm1pc3Npb25EZXRhaWwiOiIiLCJhY2NvdW50SUQiOjMsIndhbGxldE5hbWUiOiJCaWxsIFRlc3QgRnVuZCAxIiwiY29tbXVQdWIiOiJmRitPMFdJWk9COENNdFpRWFpsTDNoZlVvK1NSZHdreExneUk1WkUzYVVZPSIsIndhbGxldFR5cGUiOjMsIndhbGxldExvY2tlZCI6MCwid2FsbGV0VHlwZU5hbWUiOm51bGwsIkdMRUkiOm51bGwsImJhbmtXYWxsZXRJRCI6bnVsbCwiQ29ycmVzcG9uZGVuY2VBZGRyZXNzIjpudWxsfSx7InVzZXJJRCI6Niwid2FsbGV0SUQiOjY1LCJwZXJtaXNzaW9uIjozLCJwZXJtaXNzaW9uRGV0YWlsIjoiIiwiYWNjb3VudElEIjozLCJ3YWxsZXROYW1lIjoic25oa29sbGllMDMiLCJjb21tdVB1YiI6IlJoR2l4RjFFNG80OFdYWTBmL1h1MERaZkpFSkRvajlYV0hZeEYyWmE0QkE9Iiwid2FsbGV0VHlwZSI6Mywid2FsbGV0TG9ja2VkIjowLCJ3YWxsZXRUeXBlTmFtZSI6bnVsbCwiR0xFSSI6bnVsbCwiYmFua1dhbGxldElEIjpudWxsLCJDb3JyZXNwb25kZW5jZUFkZHJlc3MiOm51bGx9LHsidXNlcklEIjo2LCJ3YWxsZXRJRCI6NjYsInBlcm1pc3Npb24iOjMsInBlcm1pc3Npb25EZXRhaWwiOiIiLCJhY2NvdW50SUQiOjMsIndhbGxldE5hbWUiOiJzbkxhc3RFc2NhcGVRdW90ZSIsImNvbW11UHViIjoidzY3YXNQRG1iMm5Ma0RLckxtd3c0Y21ralRxbmVKdTZScGlObExjb016ND0iLCJ3YWxsZXRUeXBlIjozLCJ3YWxsZXRMb2NrZWQiOjAsIndhbGxldFR5cGVOYW1lIjpudWxsLCJHTEVJIjpudWxsLCJiYW5rV2FsbGV0SUQiOm51bGwsIkNvcnJlc3BvbmRlbmNlQWRkcmVzcyI6bnVsbH0seyJ1c2VySUQiOjYsIndhbGxldElEIjo2NywicGVybWlzc2lvbiI6MywicGVybWlzc2lvbkRldGFpbCI6IiIsImFjY291bnRJRCI6Mywid2FsbGV0TmFtZSI6IlRlc3RGdW5kTmFtZTE4IiwiY29tbXVQdWIiOiJFU0hCdHJKdlpjREptOU1hUWVwT05rK0l1RS9NTFRXc1ZhbWVRck9Id0VJPSIsIndhbGxldFR5cGUiOjMsIndhbGxldExvY2tlZCI6MCwid2FsbGV0VHlwZU5hbWUiOm51bGwsIkdMRUkiOm51bGwsImJhbmtXYWxsZXRJRCI6bnVsbCwiQ29ycmVzcG9uZGVuY2VBZGRyZXNzIjpudWxsfSx7InVzZXJJRCI6Niwid2FsbGV0SUQiOjY4LCJwZXJtaXNzaW9uIjozLCJwZXJtaXNzaW9uRGV0YWlsIjoiIiwiYWNjb3VudElEIjozLCJ3YWxsZXROYW1lIjoiQm9icyBTaGFyZSIsImNvbW11UHViIjoiK0gzdVpjeFFvME9xRks2cDVtdHpQRXB3elZWZFZ2RXp1VVVQR0l3ZUMxMD0iLCJ3YWxsZXRUeXBlIjozLCJ3YWxsZXRMb2NrZWQiOjAsIndhbGxldFR5cGVOYW1lIjpudWxsLCJHTEVJIjpudWxsLCJiYW5rV2FsbGV0SUQiOm51bGwsIkNvcnJlc3BvbmRlbmNlQWRkcmVzcyI6bnVsbH0seyJ1c2VySUQiOjYsIndhbGxldElEIjo4MiwicGVybWlzc2lvbiI6MywicGVybWlzc2lvbkRldGFpbCI6IiIsImFjY291bnRJRCI6Mywid2FsbGV0TmFtZSI6IlRlc3RTaGFyZSIsImNvbW11UHViIjoiRUgzQU1ySjRaVEtPQ2V1U05iWmttellMUW5yQ0d4eWhrM1hWaDAvS1oyYz0iLCJ3YWxsZXRUeXBlIjozLCJ3YWxsZXRMb2NrZWQiOjAsIndhbGxldFR5cGVOYW1lIjpudWxsLCJHTEVJIjpudWxsLCJiYW5rV2FsbGV0SUQiOm51bGwsIkNvcnJlc3BvbmRlbmNlQWRkcmVzcyI6bnVsbH0seyJ1c2VySUQiOjYsIndhbGxldElEIjo4MywicGVybWlzc2lvbiI6MywicGVybWlzc2lvbkRldGFpbCI6IiIsImFjY291bnRJRCI6Mywid2FsbGV0TmFtZSI6IlRlc3RTaGFyZSIsImNvbW11UHViIjoic0RILysxZ2hmZVFJS2dCOGY5V0UzNnB1Rzk4ZjdXMUdFYXdSRG5IUk5tND0iLCJ3YWxsZXRUeXBlIjozLCJ3YWxsZXRMb2NrZWQiOjAsIndhbGxldFR5cGVOYW1lIjpudWxsLCJHTEVJIjpudWxsLCJiYW5rV2FsbGV0SUQiOm51bGwsIkNvcnJlc3BvbmRlbmNlQWRkcmVzcyI6bnVsbH0seyJ1c2VySUQiOjYsIndhbGxldElEIjo4NCwicGVybWlzc2lvbiI6MywicGVybWlzc2lvbkRldGFpbCI6IiIsImFjY291bnRJRCI6Mywid2FsbGV0TmFtZSI6IlRlc3RTaGFyZSIsImNvbW11UHViIjoiL1ArVDRLUlBiZlY0aTlEaE84RHNxYjQzWWdtaDhjdWVjMi9QTUVhTjRnRT0iLCJ3YWxsZXRUeXBlIjozLCJ3YWxsZXRMb2NrZWQiOjAsIndhbGxldFR5cGVOYW1lIjpudWxsLCJHTEVJIjpudWxsLCJiYW5rV2FsbGV0SUQiOm51bGwsIkNvcnJlc3BvbmRlbmNlQWRkcmVzcyI6bnVsbH0seyJ1c2VySUQiOjYsIndhbGxldElEIjo4NSwicGVybWlzc2lvbiI6MywicGVybWlzc2lvbkRldGFpbCI6IiIsImFjY291bnRJRCI6Mywid2FsbGV0TmFtZSI6IlRlc3RTaGFyZSIsImNvbW11UHViIjoiOThvbUVpY3JlVk1YaDdvY0pacDVERXQ0M3F2aFNGaDA4eWJtT29wbHpDWT0iLCJ3YWxsZXRUeXBlIjozLCJ3YWxsZXRMb2NrZWQiOjAsIndhbGxldFR5cGVOYW1lIjpudWxsLCJHTEVJIjpudWxsLCJiYW5rV2FsbGV0SUQiOm51bGwsIkNvcnJlc3BvbmRlbmNlQWRkcmVzcyI6bnVsbH0seyJ1c2VySUQiOjYsIndhbGxldElEIjo4NiwicGVybWlzc2lvbiI6MywicGVybWlzc2lvbkRldGFpbCI6IiIsImFjY291bnRJRCI6Mywid2FsbGV0TmFtZSI6IlRlc3RTaGFyZSIsImNvbW11UHViIjoiQTEzWmdLaGdXODdLK2JvTDFkQWQ3T2pwOUFlSkFsTGt5NTdXeTNMUFBIQT0iLCJ3YWxsZXRUeXBlIjozLCJ3YWxsZXRMb2NrZWQiOjAsIndhbGxldFR5cGVOYW1lIjpudWxsLCJHTEVJIjpudWxsLCJiYW5rV2FsbGV0SUQiOm51bGwsIkNvcnJlc3BvbmRlbmNlQWRkcmVzcyI6bnVsbH0seyJ1c2VySUQiOjYsIndhbGxldElEIjo4NywicGVybWlzc2lvbiI6MywicGVybWlzc2lvbkRldGFpbCI6IiIsImFjY291bnRJRCI6Mywid2FsbGV0TmFtZSI6IlRlc3RTaGFyZSIsImNvbW11UHViIjoibzY4Yi9adWlZSUF1MndwU1dSTExGWEdGb3BYTllsdVRhWnU0TmZlc1lTcz0iLCJ3YWxsZXRUeXBlIjozLCJ3YWxsZXRMb2NrZWQiOjAsIndhbGxldFR5cGVOYW1lIjpudWxsLCJHTEVJIjpudWxsLCJiYW5rV2FsbGV0SUQiOm51bGwsIkNvcnJlc3BvbmRlbmNlQWRkcmVzcyI6bnVsbH0seyJ1c2VySUQiOjYsIndhbGxldElEIjo4OCwicGVybWlzc2lvbiI6MywicGVybWlzc2lvbkRldGFpbCI6IiIsImFjY291bnRJRCI6Mywid2FsbGV0TmFtZSI6IlRlc3RTaGFyZSIsImNvbW11UHViIjoibFNwK1MzUHNFZE9Ya0FsNXJFTHJDc09qOTlsSXpaQ0VrNG5GREdLdk5sdz0iLCJ3YWxsZXRUeXBlIjozLCJ3YWxsZXRMb2NrZWQiOjAsIndhbGxldFR5cGVOYW1lIjpudWxsLCJHTEVJIjpudWxsLCJiYW5rV2FsbGV0SUQiOm51bGwsIkNvcnJlc3BvbmRlbmNlQWRkcmVzcyI6bnVsbH0seyJ1c2VySUQiOjYsIndhbGxldElEIjo5MSwicGVybWlzc2lvbiI6MywicGVybWlzc2lvbkRldGFpbCI6IiIsImFjY291bnRJRCI6Mywid2FsbGV0TmFtZSI6IlRlc3RTaGFyZSIsImNvbW11UHViIjoiZDVpbDV1alRkaGFwSmJnWHdVMDFFNFJ3N1RaaHZtV0wyS3VjSFRFSVNrZz0iLCJ3YWxsZXRUeXBlIjozLCJ3YWxsZXRMb2NrZWQiOjAsIndhbGxldFR5cGVOYW1lIjpudWxsLCJHTEVJIjpudWxsLCJiYW5rV2FsbGV0SUQiOm51bGwsIkNvcnJlc3BvbmRlbmNlQWRkcmVzcyI6bnVsbH0seyJ1c2VySUQiOjYsIndhbGxldElEIjo5MiwicGVybWlzc2lvbiI6MywicGVybWlzc2lvbkRldGFpbCI6IiIsImFjY291bnRJRCI6Mywid2FsbGV0TmFtZSI6IlRlc3RTaGFyZSIsImNvbW11UHViIjoiWHltaFQrZnQzSXJCaFkrcTZTSUJrWGVZKytFS0w2RFRLQUJOSUJ2ai95dz0iLCJ3YWxsZXRUeXBlIjozLCJ3YWxsZXRMb2NrZWQiOjAsIndhbGxldFR5cGVOYW1lIjpudWxsLCJHTEVJIjpudWxsLCJiYW5rV2FsbGV0SUQiOm51bGwsIkNvcnJlc3BvbmRlbmNlQWRkcmVzcyI6bnVsbH0seyJ1c2VySUQiOjYsIndhbGxldElEIjo5MywicGVybWlzc2lvbiI6MywicGVybWlzc2lvbkRldGFpbCI6IiIsImFjY291bnRJRCI6Mywid2FsbGV0TmFtZSI6IlRlc3RTaGFyZSIsImNvbW11UHViIjoiTC95Zk9tbUVHMThYZStJRitENWszOGk1Y24zTHJuVkRIQmliYXhZRjZsQT0iLCJ3YWxsZXRUeXBlIjozLCJ3YWxsZXRMb2NrZWQiOjAsIndhbGxldFR5cGVOYW1lIjpudWxsLCJHTEVJIjpudWxsLCJiYW5rV2FsbGV0SUQiOm51bGwsIkNvcnJlc3BvbmRlbmNlQWRkcmVzcyI6bnVsbH0seyJ1c2VySUQiOjYsIndhbGxldElEIjo5NCwicGVybWlzc2lvbiI6MywicGVybWlzc2lvbkRldGFpbCI6IiIsImFjY291bnRJRCI6Mywid2FsbGV0TmFtZSI6ImhiYmhoYmhiIiwiY29tbXVQdWIiOiIybGtXcU5MWnR3WDkwQzFvdVoxR3BZWmVpYzM2MDZyOFJZRzlnM1RMV1QwPSIsIndhbGxldFR5cGUiOjMsIndhbGxldExvY2tlZCI6MCwid2FsbGV0VHlwZU5hbWUiOm51bGwsIkdMRUkiOm51bGwsImJhbmtXYWxsZXRJRCI6bnVsbCwiQ29ycmVzcG9uZGVuY2VBZGRyZXNzIjpudWxsfSx7InVzZXJJRCI6Niwid2FsbGV0SUQiOjk1LCJwZXJtaXNzaW9uIjozLCJwZXJtaXNzaW9uRGV0YWlsIjoiIiwiYWNjb3VudElEIjozLCJ3YWxsZXROYW1lIjoiVGVzdFNoYXJlIiwiY29tbXVQdWIiOiJFWDNVWVB0TmU4eWEwZHRkY0IxYkMvZEtOQ21mdTNxQkxKYUR6ZmlmMERzPSIsIndhbGxldFR5cGUiOjMsIndhbGxldExvY2tlZCI6MCwid2FsbGV0VHlwZU5hbWUiOm51bGwsIkdMRUkiOm51bGwsImJhbmtXYWxsZXRJRCI6bnVsbCwiQ29ycmVzcG9uZGVuY2VBZGRyZXNzIjpudWxsfSx7InVzZXJJRCI6Niwid2FsbGV0SUQiOjk2LCJwZXJtaXNzaW9uIjozLCJwZXJtaXNzaW9uRGV0YWlsIjoiIiwiYWNjb3VudElEIjozLCJ3YWxsZXROYW1lIjoiVGVzdFNoYXJlIiwiY29tbXVQdWIiOiJFdENMN1krUEptVUxzeWFZajZRQVFzYmt6KzV5WWN6V1BtU1BRTHVTaFRJPSIsIndhbGxldFR5cGUiOjMsIndhbGxldExvY2tlZCI6MCwid2FsbGV0VHlwZU5hbWUiOm51bGwsIkdMRUkiOm51bGwsImJhbmtXYWxsZXRJRCI6bnVsbCwiQ29ycmVzcG9uZGVuY2VBZGRyZXNzIjpudWxsfSx7InVzZXJJRCI6Niwid2FsbGV0SUQiOjk3LCJwZXJtaXNzaW9uIjozLCJwZXJtaXNzaW9uRGV0YWlsIjoiIiwiYWNjb3VudElEIjozLCJ3YWxsZXROYW1lIjoiVGVzdFNoYXJlIiwiY29tbXVQdWIiOiJ1Tys3RkNWZHVGd08rVFhCSnJ1QTBveHJuRkhRY1J5RGpnNlNwN2N6TVFRPSIsIndhbGxldFR5cGUiOjMsIndhbGxldExvY2tlZCI6MCwid2FsbGV0VHlwZU5hbWUiOm51bGwsIkdMRUkiOm51bGwsImJhbmtXYWxsZXRJRCI6bnVsbCwiQ29ycmVzcG9uZGVuY2VBZGRyZXNzIjpudWxsfSx7InVzZXJJRCI6Niwid2FsbGV0SUQiOjk4LCJwZXJtaXNzaW9uIjozLCJwZXJtaXNzaW9uRGV0YWlsIjoiIiwiYWNjb3VudElEIjozLCJ3YWxsZXROYW1lIjoiVGVzdFNoYXJlIiwiY29tbXVQdWIiOiJ5MlZ0bXNnS21Xc3QvSlBmWEVWUkdZNy9ycjRTWUdJdkxzZXB3alc0YWdvPSIsIndhbGxldFR5cGUiOjMsIndhbGxldExvY2tlZCI6MCwid2FsbGV0VHlwZU5hbWUiOm51bGwsIkdMRUkiOm51bGwsImJhbmtXYWxsZXRJRCI6bnVsbCwiQ29ycmVzcG9uZGVuY2VBZGRyZXNzIjpudWxsfSx7InVzZXJJRCI6Niwid2FsbGV0SUQiOjk5LCJwZXJtaXNzaW9uIjozLCJwZXJtaXNzaW9uRGV0YWlsIjoiIiwiYWNjb3VudElEIjozLCJ3YWxsZXROYW1lIjoiVGVzdFNoYXJlIiwiY29tbXVQdWIiOiJTbGVueEJUenBBOThVVUFkUGJKdERXUmJXNmx5VHhFWFVxNjl6WnloYVRZPSIsIndhbGxldFR5cGUiOjMsIndhbGxldExvY2tlZCI6MCwid2FsbGV0VHlwZU5hbWUiOm51bGwsIkdMRUkiOm51bGwsImJhbmtXYWxsZXRJRCI6bnVsbCwiQ29ycmVzcG9uZGVuY2VBZGRyZXNzIjpudWxsfSx7InVzZXJJRCI6Niwid2FsbGV0SUQiOjEwMSwicGVybWlzc2lvbiI6MywicGVybWlzc2lvbkRldGFpbCI6IiIsImFjY291bnRJRCI6Mywid2FsbGV0TmFtZSI6IlRlc3RTaGFyZSIsImNvbW11UHViIjoiRS9YVm95S0FHWncvbkppM2wyR3JnK3VabVhtVEk1TmNWSU4zN2NVR2hnQT0iLCJ3YWxsZXRUeXBlIjozLCJ3YWxsZXRMb2NrZWQiOjAsIndhbGxldFR5cGVOYW1lIjpudWxsLCJHTEVJIjpudWxsLCJiYW5rV2FsbGV0SUQiOm51bGwsIkNvcnJlc3BvbmRlbmNlQWRkcmVzcyI6bnVsbH0seyJ1c2VySUQiOjYsIndhbGxldElEIjoxMDIsInBlcm1pc3Npb24iOjMsInBlcm1pc3Npb25EZXRhaWwiOiIiLCJhY2NvdW50SUQiOjMsIndhbGxldE5hbWUiOiJUZXN0U2hhcmUiLCJjb21tdVB1YiI6ImRndHpJVTVEZ1lIL09sb3Vmb3VEbmJrQ2paK3RCb2s5VjZFVGdrRDhFd1E9Iiwid2FsbGV0VHlwZSI6Mywid2FsbGV0TG9ja2VkIjowLCJ3YWxsZXRUeXBlTmFtZSI6bnVsbCwiR0xFSSI6bnVsbCwiYmFua1dhbGxldElEIjpudWxsLCJDb3JyZXNwb25kZW5jZUFkZHJlc3MiOm51bGx9LHsidXNlcklEIjo2LCJ3YWxsZXRJRCI6MTAzLCJwZXJtaXNzaW9uIjozLCJwZXJtaXNzaW9uRGV0YWlsIjoiIiwiYWNjb3VudElEIjozLCJ3YWxsZXROYW1lIjoiVGVzdFNoYXJlIiwiY29tbXVQdWIiOiJjekdRQk9kYVhiTCt6Wm5rYVNCNlI0SFJ2bGxwcjhaY01uMktnUTdLalFrPSIsIndhbGxldFR5cGUiOjMsIndhbGxldExvY2tlZCI6MCwid2FsbGV0VHlwZU5hbWUiOm51bGwsIkdMRUkiOm51bGwsImJhbmtXYWxsZXRJRCI6bnVsbCwiQ29ycmVzcG9uZGVuY2VBZGRyZXNzIjpudWxsfSx7InVzZXJJRCI6Niwid2FsbGV0SUQiOjEwNCwicGVybWlzc2lvbiI6MywicGVybWlzc2lvbkRldGFpbCI6IiIsImFjY291bnRJRCI6Mywid2FsbGV0TmFtZSI6IlRlc3RTaGFyZSIsImNvbW11UHViIjoiTjBScTNHeEdyRGF6MlVnSWRoSkpBcUkyVG85clc4TGlQWDRCWTlBZ3JEVT0iLCJ3YWxsZXRUeXBlIjozLCJ3YWxsZXRMb2NrZWQiOjAsIndhbGxldFR5cGVOYW1lIjpudWxsLCJHTEVJIjpudWxsLCJiYW5rV2FsbGV0SUQiOm51bGwsIkNvcnJlc3BvbmRlbmNlQWRkcmVzcyI6bnVsbH0seyJ1c2VySUQiOjYsIndhbGxldElEIjoxMDYsInBlcm1pc3Npb24iOjMsInBlcm1pc3Npb25EZXRhaWwiOiIiLCJhY2NvdW50SUQiOjMsIndhbGxldE5hbWUiOiJUZXN0U2hhcmUiLCJjb21tdVB1YiI6InFEUWxlOThyUlBiWmhucWhxVnZPZUFpRy9IKzVIRkNySFFSbmx3dGY3eUk9Iiwid2FsbGV0VHlwZSI6Mywid2FsbGV0TG9ja2VkIjowLCJ3YWxsZXRUeXBlTmFtZSI6bnVsbCwiR0xFSSI6bnVsbCwiYmFua1dhbGxldElEIjpudWxsLCJDb3JyZXNwb25kZW5jZUFkZHJlc3MiOm51bGx9LHsidXNlcklEIjo2LCJ3YWxsZXRJRCI6MTA5LCJwZXJtaXNzaW9uIjozLCJwZXJtaXNzaW9uRGV0YWlsIjoiIiwiYWNjb3VudElEIjozLCJ3YWxsZXROYW1lIjoiVGVzdFNoYXJlIiwiY29tbXVQdWIiOiJPVHVTUVBPY2VDL2NkKzZUUlhTcXFtSGpsdkYrR3B5a2o5VDI3QmRBcXo0PSIsIndhbGxldFR5cGUiOjMsIndhbGxldExvY2tlZCI6MCwid2FsbGV0VHlwZU5hbWUiOm51bGwsIkdMRUkiOm51bGwsImJhbmtXYWxsZXRJRCI6bnVsbCwiQ29ycmVzcG9uZGVuY2VBZGRyZXNzIjpudWxsfSx7InVzZXJJRCI6Niwid2FsbGV0SUQiOjExMSwicGVybWlzc2lvbiI6MywicGVybWlzc2lvbkRldGFpbCI6IiIsImFjY291bnRJRCI6Mywid2FsbGV0TmFtZSI6IlRlc3RTaGFyZSIsImNvbW11UHViIjoiaUt5SnpXdWdsK0FaNGt4NE50MmdyTng5WXdTQXFqWEZRSlhRbU8xbFhROD0iLCJ3YWxsZXRUeXBlIjozLCJ3YWxsZXRMb2NrZWQiOjAsIndhbGxldFR5cGVOYW1lIjpudWxsLCJHTEVJIjpudWxsLCJiYW5rV2FsbGV0SUQiOm51bGwsIkNvcnJlc3BvbmRlbmNlQWRkcmVzcyI6bnVsbH0seyJ1c2VySUQiOjYsIndhbGxldElEIjoxMTMsInBlcm1pc3Npb24iOjMsInBlcm1pc3Npb25EZXRhaWwiOiIiLCJhY2NvdW50SUQiOjMsIndhbGxldE5hbWUiOiJUZXN0U2hhcmUiLCJjb21tdVB1YiI6IjNxNWl0WDJoNnRhYlc4MlczK1E0ZWdNMzJZemtGaGYzVG9ERWJGZlZLbkk9Iiwid2FsbGV0VHlwZSI6Mywid2FsbGV0TG9ja2VkIjowLCJ3YWxsZXRUeXBlTmFtZSI6bnVsbCwiR0xFSSI6bnVsbCwiYmFua1dhbGxldElEIjpudWxsLCJDb3JyZXNwb25kZW5jZUFkZHJlc3MiOm51bGx9LHsidXNlcklEIjo2LCJ3YWxsZXRJRCI6MTE0LCJwZXJtaXNzaW9uIjozLCJwZXJtaXNzaW9uRGV0YWlsIjoiIiwiYWNjb3VudElEIjozLCJ3YWxsZXROYW1lIjoiVGVzdFNoYXJlIiwiY29tbXVQdWIiOiJ1K0lSbGJWZkdLUytpVkhNd2J0bWhFaktVSzdMeWh1YUJTZUYrZlRkTG5ZPSIsIndhbGxldFR5cGUiOjMsIndhbGxldExvY2tlZCI6MCwid2FsbGV0VHlwZU5hbWUiOm51bGwsIkdMRUkiOm51bGwsImJhbmtXYWxsZXRJRCI6bnVsbCwiQ29ycmVzcG9uZGVuY2VBZGRyZXNzIjpudWxsfSx7InVzZXJJRCI6Niwid2FsbGV0SUQiOjExNiwicGVybWlzc2lvbiI6MywicGVybWlzc2lvbkRldGFpbCI6IiIsImFjY291bnRJRCI6Mywid2FsbGV0TmFtZSI6IlRlc3RTaGFyZSIsImNvbW11UHViIjoiUnREamRndloxaGdoUFFGTlFVc2RvSWZrdktReGFyZWJrRGNLVGdIRnBRND0iLCJ3YWxsZXRUeXBlIjozLCJ3YWxsZXRMb2NrZWQiOjAsIndhbGxldFR5cGVOYW1lIjpudWxsLCJHTEVJIjpudWxsLCJiYW5rV2FsbGV0SUQiOm51bGwsIkNvcnJlc3BvbmRlbmNlQWRkcmVzcyI6bnVsbH1dfQ.ZsRq0Ik43P-I9v-4m0rJIxHvJV7sZfR8v9r6ZE5WRHc
]]></system-err>
</testsuite>
