<?xml version="1.0" encoding="UTF-8"?>
<testsuite name="src.RESTAPITests.Wallet.Creation.createWalletAcceptanceTest" tests="3" skipped="0" failures="3" errors="0" timestamp="2017-11-28T12:12:05" hostname="Bills-iMac.local" time="0.178">
  <properties/>
  <testcase name="createNewResidentialWallet" classname="src.RESTAPITests.Wallet.Creation.createWalletAcceptanceTest" time="0.086">
    <failure message="java.lang.NullPointerException" type="java.lang.NullPointerException">java.lang.NullPointerException
	at src.RESTAPITests.Wallet.Creation.createWalletAcceptanceTest.lambda$createNewResidentialWallet$1(createWalletAcceptanceTest.java:121)
	at io.setl.restapi.client.RestApi.sendMessage(RestApi.java:76)
	at src.RESTAPITests.Wallet.Creation.createWalletAcceptanceTest.createNewResidentialWallet(createWalletAcceptanceTest.java:99)
	at sun.reflect.NativeMethodAccessorImpl.invoke0(Native Method)
	at sun.reflect.NativeMethodAccessorImpl.invoke(NativeMethodAccessorImpl.java:62)
	at sun.reflect.DelegatingMethodAccessorImpl.invoke(DelegatingMethodAccessorImpl.java:43)
	at java.lang.reflect.Method.invoke(Method.java:498)
	at org.junit.runners.model.FrameworkMethod$1.runReflectiveCall(FrameworkMethod.java:50)
	at org.junit.internal.runners.model.ReflectiveCallable.run(ReflectiveCallable.java:12)
	at org.junit.runners.model.FrameworkMethod.invokeExplosively(FrameworkMethod.java:47)
	at org.junit.internal.runners.statements.InvokeMethod.evaluate(InvokeMethod.java:17)
	at org.junit.internal.runners.statements.RunBefores.evaluate(RunBefores.java:26)
	at org.junit.internal.runners.statements.FailOnTimeout$CallableStatement.call(FailOnTimeout.java:298)
	at org.junit.internal.runners.statements.FailOnTimeout$CallableStatement.call(FailOnTimeout.java:292)
	at java.util.concurrent.FutureTask.run(FutureTask.java:266)
	at java.lang.Thread.run(Thread.java:745)
</failure>
  </testcase>
  <testcase name="createNewCommercialWallet" classname="src.RESTAPITests.Wallet.Creation.createWalletAcceptanceTest" time="0.073">
    <failure message="java.lang.NullPointerException" type="java.lang.NullPointerException">java.lang.NullPointerException
	at src.RESTAPITests.Wallet.Creation.createWalletAcceptanceTest.lambda$createNewCommercialWallet$0(createWalletAcceptanceTest.java:80)
	at io.setl.restapi.client.RestApi.sendMessage(RestApi.java:76)
	at src.RESTAPITests.Wallet.Creation.createWalletAcceptanceTest.createNewCommercialWallet(createWalletAcceptanceTest.java:58)
	at sun.reflect.NativeMethodAccessorImpl.invoke0(Native Method)
	at sun.reflect.NativeMethodAccessorImpl.invoke(NativeMethodAccessorImpl.java:62)
	at sun.reflect.DelegatingMethodAccessorImpl.invoke(DelegatingMethodAccessorImpl.java:43)
	at java.lang.reflect.Method.invoke(Method.java:498)
	at org.junit.runners.model.FrameworkMethod$1.runReflectiveCall(FrameworkMethod.java:50)
	at org.junit.internal.runners.model.ReflectiveCallable.run(ReflectiveCallable.java:12)
	at org.junit.runners.model.FrameworkMethod.invokeExplosively(FrameworkMethod.java:47)
	at org.junit.internal.runners.statements.InvokeMethod.evaluate(InvokeMethod.java:17)
	at org.junit.internal.runners.statements.RunBefores.evaluate(RunBefores.java:26)
	at org.junit.internal.runners.statements.FailOnTimeout$CallableStatement.call(FailOnTimeout.java:298)
	at org.junit.internal.runners.statements.FailOnTimeout$CallableStatement.call(FailOnTimeout.java:292)
	at java.util.concurrent.FutureTask.run(FutureTask.java:266)
	at java.lang.Thread.run(Thread.java:745)
</failure>
  </testcase>
  <testcase name="createNewOtherWallet" classname="src.RESTAPITests.Wallet.Creation.createWalletAcceptanceTest" time="0.019">
    <failure message="java.lang.NullPointerException" type="java.lang.NullPointerException">java.lang.NullPointerException
	at src.RESTAPITests.Wallet.Creation.createWalletAcceptanceTest.lambda$createNewOtherWallet$2(createWalletAcceptanceTest.java:163)
	at io.setl.restapi.client.RestApi.sendMessage(RestApi.java:76)
	at src.RESTAPITests.Wallet.Creation.createWalletAcceptanceTest.createNewOtherWallet(createWalletAcceptanceTest.java:141)
	at sun.reflect.NativeMethodAccessorImpl.invoke0(Native Method)
	at sun.reflect.NativeMethodAccessorImpl.invoke(NativeMethodAccessorImpl.java:62)
	at sun.reflect.DelegatingMethodAccessorImpl.invoke(DelegatingMethodAccessorImpl.java:43)
	at java.lang.reflect.Method.invoke(Method.java:498)
	at org.junit.runners.model.FrameworkMethod$1.runReflectiveCall(FrameworkMethod.java:50)
	at org.junit.internal.runners.model.ReflectiveCallable.run(ReflectiveCallable.java:12)
	at org.junit.runners.model.FrameworkMethod.invokeExplosively(FrameworkMethod.java:47)
	at org.junit.internal.runners.statements.InvokeMethod.evaluate(InvokeMethod.java:17)
	at org.junit.internal.runners.statements.RunBefores.evaluate(RunBefores.java:26)
	at org.junit.internal.runners.statements.FailOnTimeout$CallableStatement.call(FailOnTimeout.java:298)
	at org.junit.internal.runners.statements.FailOnTimeout$CallableStatement.call(FailOnTimeout.java:292)
	at java.util.concurrent.FutureTask.run(FutureTask.java:266)
	at java.lang.Thread.run(Thread.java:745)
</failure>
  </testcase>
  <system-out><![CDATA[]]></system-out>
  <system-err><![CDATA[eyJhbGciOiJIUzI1NiJ9.eyJyZXF1ZXN0aWQiOjEsIm1lc3NhZ2V0eXBlIjoiZGIiLCJzdGF0dXMiOiJPSyIsImRhdGEiOnsiU3RhdHVzIjoiRmFpbCIsIk1lc3NhZ2UiOnsiY29kZSI6IkVSX1RSVU5DQVRFRF9XUk9OR19WQUxVRV9GT1JfRklFTEQiLCJlcnJubyI6MTM2Niwic3FsTWVzc2FnZSI6IkluY29ycmVjdCBpbnRlZ2VyIHZhbHVlOiAndURrcmtYY0dLaExPJyBmb3IgY29sdW1uICd0aGlzQWNjb3VudElEJyBhdCByb3cgMSIsInNxbFN0YXRlIjoiSFkwMDAiLCJpbmRleCI6MCwic3FsIjoiY2FsbCBzcF90YmxXYWxsZXREZXRhaWxfSW5zZXJ0KCcwNzhmNmU5NzMyMmVhOGVhOWQ5N2Q0OWJiZGI3OGMzOWIwNWQ4MGNmOWVjYzY1YzkwODhkZjQzNzIyNWE4MmFkJywnVGVzdF9XYWxsZXRfZlBNa3UnLCd1RGtya1hjR0toTE8nLCcnLCcnLCdWQlRkckpTTTFEVDFwRmdpdm05WUU3dVYzekthRzVXYWVuVHNGSU9CWGI4PScsJys4R0pXOGs2ZkFLOTJ4RlZlRWY0ZXBpUElmMjVoMDZjOG9hR1YvVmFYbVE9JywnJywnJywnJywnJywnJywnJywnJywnJywnJywnJywnJywnJywnJywnJywnJywnJyxOVUxMLE5VTEwsTlVMTCxOVUxMLE5VTEwsTlVMTCxOVUxMLE5VTEwsTlVMTCxOVUxMLE5VTEwsTlVMTCxOVUxMLE5VTEwsTlVMTCxOVUxMLE5VTEwsTlVMTCxOVUxMLE5VTEwsTlVMTCxOVUxMLE5VTEwpIn19fQ.d8893NJQ1-1T5IgHDd5SewqnwsGgPzTdG85H3YNN0po
eyJhbGciOiJIUzI1NiJ9.eyJyZXF1ZXN0aWQiOjEsIm1lc3NhZ2V0eXBlIjoiZGIiLCJzdGF0dXMiOiJPSyIsImRhdGEiOnsiU3RhdHVzIjoiRmFpbCIsIk1lc3NhZ2UiOnsiY29kZSI6IkVSX1RSVU5DQVRFRF9XUk9OR19WQUxVRV9GT1JfRklFTEQiLCJlcnJubyI6MTM2Niwic3FsTWVzc2FnZSI6IkluY29ycmVjdCBpbnRlZ2VyIHZhbHVlOiAnQWlJU0NBcEVGT0pIJyBmb3IgY29sdW1uICd0aGlzQWNjb3VudElEJyBhdCByb3cgMSIsInNxbFN0YXRlIjoiSFkwMDAiLCJpbmRleCI6MCwic3FsIjoiY2FsbCBzcF90YmxXYWxsZXREZXRhaWxfSW5zZXJ0KCcwNzhmNmU5NzMyMmVhOGVhOWQ5N2Q0OWJiZGI3OGMzOWIwNWQ4MGNmOWVjYzY1YzkwODhkZjQzNzIyNWE4MmFkJywnVGVzdF9XYWxsZXRfRnFwWXcnLCdBaUlTQ0FwRUZPSkgnLCcnLCcnLCdCemM1c3BHUVFHWGg4YXhvM0grd2wyazBEQVc5dnNGaXZGUFEwa3VzVlVnPScsJ1FocWtvZnJ4SkpzekVXeXpNQ3BtSEZ1T1VnRTk3WlczY1NtZGpwKytGUU09JywnJywnJywnJywnJywnJywnJywnJywnJywnJywnJywnJywnJywnJywnJywnJywnJyxOVUxMLE5VTEwsTlVMTCxOVUxMLE5VTEwsTlVMTCxOVUxMLE5VTEwsTlVMTCxOVUxMLE5VTEwsTlVMTCxOVUxMLE5VTEwsTlVMTCxOVUxMLE5VTEwsTlVMTCxOVUxMLE5VTEwsTlVMTCxOVUxMLE5VTEwpIn19fQ.Eh3k8LbyWWlyn7-Yw_k9tvf7FqIirkEsY79baG49H2Q
eyJhbGciOiJIUzI1NiJ9.eyJyZXF1ZXN0aWQiOjEsIm1lc3NhZ2V0eXBlIjoiZGIiLCJzdGF0dXMiOiJPSyIsImRhdGEiOnsiU3RhdHVzIjoiRmFpbCIsIk1lc3NhZ2UiOnsiY29kZSI6IkVSX1RSVU5DQVRFRF9XUk9OR19WQUxVRV9GT1JfRklFTEQiLCJlcnJubyI6MTM2Niwic3FsTWVzc2FnZSI6IkluY29ycmVjdCBpbnRlZ2VyIHZhbHVlOiAnQXZYREpmVlBuR1ZoJyBmb3IgY29sdW1uICd0aGlzQWNjb3VudElEJyBhdCByb3cgMSIsInNxbFN0YXRlIjoiSFkwMDAiLCJpbmRleCI6MCwic3FsIjoiY2FsbCBzcF90YmxXYWxsZXREZXRhaWxfSW5zZXJ0KCcwNzhmNmU5NzMyMmVhOGVhOWQ5N2Q0OWJiZGI3OGMzOWIwNWQ4MGNmOWVjYzY1YzkwODhkZjQzNzIyNWE4MmFkJywnVGVzdF9XYWxsZXRfWFZKZFknLCdBdlhESmZWUG5HVmgnLCcnLCcnLCc2K1YyRytPSDZrcHZDRFkrN0FvY24yMU01RkJ5dkRFSzl4bEdOVTNtY1RjPScsJ2F4Nit3WHJuT2lSdEFrWDlNTXh6NmFrY1hWbkU4alg1NUVydTNMUytVV0k9JywnJywnJywnJywnJywnJywnJywnJywnJywnJywnJywnJywnJywnJywnJywnJywnJyxOVUxMLE5VTEwsTlVMTCxOVUxMLE5VTEwsTlVMTCxOVUxMLE5VTEwsTlVMTCxOVUxMLE5VTEwsTlVMTCxOVUxMLE5VTEwsTlVMTCxOVUxMLE5VTEwsTlVMTCxOVUxMLE5VTEwsTlVMTCxOVUxMLE5VTEwpIn19fQ.Wx3Igl7JZShpEKG6FnteMOURgW8Wmb59v_P-31yXiNU
]]></system-err>
</testsuite>
