<?xml version="1.0" encoding="UTF-8"?>
<testsuite name="src.WebSocketAPITests.Member.Creation.createMemberTest" tests="4" skipped="0" failures="1" errors="0" timestamp="2017-11-28T12:12:09" hostname="Bills-iMac.local" time="3.791">
  <properties/>
  <testcase name="createMemberWithValidDataTest" classname="src.WebSocketAPITests.Member.Creation.createMemberTest" time="0.223"/>
  <testcase name="createMultipleMember" classname="src.WebSocketAPITests.Member.Creation.createMemberTest" time="0.339"/>
  <testcase name="createNewMemberAndVerifySuccess" classname="src.WebSocketAPITests.Member.Creation.createMemberTest" time="3.006">
    <failure message="org.junit.runners.model.TestTimedOutException: test timed out after 3000 milliseconds" type="org.junit.runners.model.TestTimedOutException">org.junit.runners.model.TestTimedOutException: test timed out after 3000 milliseconds
	at sun.misc.Unsafe.park(Native Method)
	at java.util.concurrent.locks.LockSupport.park(LockSupport.java:175)
	at java.util.concurrent.locks.AbstractQueuedSynchronizer.parkAndCheckInterrupt(AbstractQueuedSynchronizer.java:836)
	at java.util.concurrent.locks.AbstractQueuedSynchronizer.doAcquireSharedInterruptibly(AbstractQueuedSynchronizer.java:997)
	at java.util.concurrent.locks.AbstractQueuedSynchronizer.acquireSharedInterruptibly(AbstractQueuedSynchronizer.java:1304)
	at java.util.concurrent.CountDownLatch.await(CountDownLatch.java:231)
	at SETLAPIHelpers.WebSocketAPI.LoginHelper.login(LoginHelper.java:31)
	at src.WebSocketAPITests.Member.Creation.createMemberTest.createNewMemberAndVerifySuccess(createMemberTest.java:52)
	at sun.reflect.NativeMethodAccessorImpl.invoke0(Native Method)
	at sun.reflect.NativeMethodAccessorImpl.invoke(NativeMethodAccessorImpl.java:62)
	at sun.reflect.DelegatingMethodAccessorImpl.invoke(DelegatingMethodAccessorImpl.java:43)
	at java.lang.reflect.Method.invoke(Method.java:498)
	at org.junit.runners.model.FrameworkMethod$1.runReflectiveCall(FrameworkMethod.java:50)
	at org.junit.internal.runners.model.ReflectiveCallable.run(ReflectiveCallable.java:12)
	at org.junit.runners.model.FrameworkMethod.invokeExplosively(FrameworkMethod.java:47)
	at org.junit.internal.runners.statements.InvokeMethod.evaluate(InvokeMethod.java:17)
	at org.junit.internal.runners.statements.FailOnTimeout$CallableStatement.call(FailOnTimeout.java:298)
	at org.junit.internal.runners.statements.FailOnTimeout$CallableStatement.call(FailOnTimeout.java:292)
	at java.util.concurrent.FutureTask.run(FutureTask.java:266)
	at java.lang.Thread.run(Thread.java:745)
</failure>
  </testcase>
  <testcase name="createNewMember" classname="src.WebSocketAPITests.Member.Creation.createMemberTest" time="0.223"/>
  <system-out><![CDATA[Member Name : Test_Member_XwWIX
Member email : Test_Member_XwWIX@test.com
Sending message :153 bytes
message : {"RequestID":1001,"Version":2,"Request":"startRequest","Data":"ce240bf2c8fb6b0c4929923954c94fd53a9434202eca9ee088f32ef96027e350","MessageType":"Response"}
res::b9dc9b851827189199d24de3507430cddfe3d1fdbff5f9d37480cf44dcde0383
Sending message :320 bytes
message : {"Status":"OK","Data":[{"Token":"802d0b0403d26707c8d85d372ecf0fe3b4ea64f9907afdcabe504627885420e1","Status":"OK","Message":"","UserName":"Emmanuel","UserID":4,"EMailAddress":"emmanuel.rodriguez@setl.io","useTwoFactor":0,"copyMailToEmail":1,"admin":1,"userType":15,"accontID":1,"accountName":"SETL Private Admin","memberID":1,"last_login":"2017-11-28 12:12:06","apiKey":"gV6Il3IAP0ML1WQ4jNkmYAb5FRExrAfWcGCaKzYMQ24=","investorType":null,"platformAddr":"1LsKRrgh2ewD9aA3jMYEqKVgYLQwhQp7gG","defaultAddress":"13jF8jCPmxJi6HBtaqxGyn8GLPcDj1VrJX","defaultWalletID":null}],"MessageType":"Response","Request":"login","RequestID":1002,"Version":2}
Sending message :300 bytes
Sending message :153 bytes
message : {"RequestID":1001,"Version":2,"Request":"startRequest","Data":"d4bd7ead9bea8267c95ba59513ac08d2786a520d8f0e8726d5d2a0c52cff9e2d","MessageType":"Response"}
res::201cdbac0f40c6d92242dc175edb289656dd06e1bdef4e94d9e697b416eaa07a
Sending message :320 bytes
message : {"Status":"OK","Data":[{"Token":"b326012dcee6f231e89cec909bc2fc287fec3e249537acd3fe408dea396fc480","Status":"OK","Message":"","UserName":"Emmanuel","UserID":4,"EMailAddress":"emmanuel.rodriguez@setl.io","useTwoFactor":0,"copyMailToEmail":1,"admin":1,"userType":15,"accontID":1,"accountName":"SETL Private Admin","memberID":1,"last_login":"2017-11-28 12:12:09","apiKey":"gV6Il3IAP0ML1WQ4jNkmYAb5FRExrAfWcGCaKzYMQ24=","investorType":null,"platformAddr":"1LsKRrgh2ewD9aA3jMYEqKVgYLQwhQp7gG","defaultAddress":"13jF8jCPmxJi6HBtaqxGyn8GLPcDj1VrJX","defaultWalletID":null}],"MessageType":"Response","Request":"login","RequestID":1002,"Version":2}
Sending message :384 bytes
message : {"Status":"OK","Data":[{"Status":"OK","memberID":236,"userID":448,"userName":"Admin_236","emailAddress":"Test_Member_XTaNt@test.com","accountID":264,"parent":236,"isManager":0,"accountLocked":0,"userType":35,"isAdmin":0,"accountName":"Test_Member_XTaNt_Admin_Account","description":"Test_Member_XTaNt admin account","billingWallet":"","memberName":"Test_Member_XTaNt","pass":"UMA74NOAVM4H"}],"MessageType":"Response","Request":"newMember","RequestID":1003,"Version":2}
Sending message :384 bytes
message : {"Status":"OK","Data":[{"Status":"OK","memberID":237,"userID":449,"userName":"Admin_237","emailAddress":"Test_Member_uWFeV@test.com","accountID":265,"parent":237,"isManager":0,"accountLocked":0,"userType":35,"isAdmin":0,"accountName":"Test_Member_uWFeV_Admin_Account","description":"Test_Member_uWFeV admin account","billingWallet":"","memberName":"Test_Member_uWFeV","pass":"RYJCQNRNRLHB"}],"MessageType":"Response","Request":"newMember","RequestID":1004,"Version":2}
Sending message :384 bytes
message : {"Status":"OK","Data":{"msg":"hello"},"MessageType":"Response","Version":2}
message : {"Status":"OK","Data":[{"Status":"OK","memberID":238,"userID":450,"userName":"Admin_238","emailAddress":"Test_Member_FYkYk@test.com","accountID":266,"parent":238,"isManager":0,"accountLocked":0,"userType":35,"isAdmin":0,"accountName":"Test_Member_FYkYk_Admin_Account","description":"Test_Member_FYkYk admin account","billingWallet":"","memberName":"Test_Member_FYkYk","pass":"QBWKTAGBUAF3"}],"MessageType":"Response","Request":"newMember","RequestID":1005,"Version":2}
Sending message :384 bytes
message : {"Status":"OK","Data":[{"memberID":1,"memberName":"SETL Private Member","canAdmin":1},{"memberID":5,"memberName":"HKEX","canAdmin":1},{"memberID":6,"memberName":"blob1","canAdmin":0},{"memberID":7,"memberName":"blob3","canAdmin":0},{"memberID":8,"memberName":"blob2","canAdmin":0},{"memberID":9,"memberName":"blob6","canAdmin":0},{"memberID":10,"memberName":"blob5","canAdmin":0},{"memberID":11,"memberName":"blob4","canAdmin":0},{"memberID":12,"memberName":"blob8","canAdmin":0},{"memberID":13,"memberName":"blob7","canAdmin":0},{"memberID":14,"memberName":"blob9","canAdmin":0},{"memberID":15,"memberName":"blob10","canAdmin":0},{"memberID":16,"memberName":"blob12","canAdmin":0},{"memberID":17,"memberName":"blob19","canAdmin":0},{"memberID":18,"memberName":"blob24","canAdmin":0},{"memberID":19,"memberName":"blob29","canAdmin":0},{"memberID":20,"memberName":"blob13","canAdmin":0},{"memberID":21,"memberName":"blob18","canAdmin":0},{"memberID":22,"memberName":"blob23","canAdmin":0},{"memberID":23,"memberName":"blob28","canAdmin":0},{"memberID":24,"memberName":"blob11","canAdmin":0},{"memberID":25,"memberName":"blob16","canAdmin":0},{"memberID":26,"memberName":"blob21","canAdmin":0},{"memberID":27,"memberName":"blob26","canAdmin":0},{"memberID":28,"memberName":"blob31","canAdmin":0},{"memberID":29,"memberName":"blob14","canAdmin":0},{"memberID":30,"memberName":"blob17","canAdmin":0},{"memberID":31,"memberName":"blob22","canAdmin":0},{"memberID":32,"memberName":"blob27","canAdmin":0},{"memberID":33,"memberName":"blob15","canAdmin":0},{"memberID":34,"memberName":"blob20","canAdmin":0},{"memberID":35,"memberName":"blob25","canAdmin":0},{"memberID":36,"memberName":"blob30","canAdmin":0},{"memberID":37,"memberName":"blob33","canAdmin":0},{"memberID":38,"memberName":"blob40","canAdmin":0},{"memberID":39,"memberName":"blob45","canAdmin":0},{"memberID":40,"memberName":"blob50","canAdmin":0},{"memberID":41,"memberName":"blob55","canAdmin":0},{"memberID":42,"memberName":"blob60","canAdmin":0},{"memberID":43,"memberName":"blob65","canAdmin":0},{"memberID":44,"memberName":"blob70","canAdmin":0},{"memberID":45,"memberName":"blob75","canAdmin":0},{"memberID":46,"memberName":"blob80","canAdmin":0},{"memberID":47,"memberName":"blob85","canAdmin":0},{"memberID":48,"memberName":"blob90","canAdmin":0},{"memberID":49,"memberName":"blob95","canAdmin":0},{"memberID":50,"memberName":"blob100","canAdmin":0},{"memberID":51,"memberName":"blob105","canAdmin":0},{"memberID":52,"memberName":"blob110","canAdmin":0},{"memberID":53,"memberName":"blob115","canAdmin":0},{"memberID":54,"memberName":"blob32","canAdmin":0},{"memberID":55,"memberName":"blob37","canAdmin":0},{"memberID":56,"memberName":"blob42","canAdmin":0},{"memberID":57,"memberName":"blob47","canAdmin":0},{"memberID":58,"memberName":"blob52","canAdmin":0},{"memberID":59,"memberName":"blob57","canAdmin":0},{"memberID":60,"memberName":"blob62","canAdmin":0},{"memberID":61,"memberName":"blob67","canAdmin":0},{"memberID":62,"memberName":"blob72","canAdmin":0},{"memberID":63,"memberName":"blob77","canAdmin":0},{"memberID":64,"memberName":"blob82","canAdmin":0},{"memberID":65,"memberName":"blob87","canAdmin":0},{"memberID":66,"memberName":"blob92","canAdmin":0},{"memberID":67,"memberName":"blob97","canAdmin":0},{"memberID":68,"memberName":"blob102","canAdmin":0},{"memberID":69,"memberName":"blob107","canAdmin":0},{"memberID":70,"memberName":"blob112","canAdmin":0},{"memberID":71,"memberName":"blob117","canAdmin":0},{"memberID":72,"memberName":"blob34","canAdmin":0},{"memberID":73,"memberName":"blob38","canAdmin":0},{"memberID":74,"memberName":"blob43","canAdmin":0},{"memberID":75,"memberName":"blob48","canAdmin":0},{"memberID":76,"memberName":"blob53","canAdmin":0},{"memberID":77,"memberName":"blob58","canAdmin":0},{"memberID":78,"memberName":"blob63","canAdmin":0},{"memberID":79,"memberName":"blob68","canAdmin":0},{"memberID":80,"memberName":"blob73","canAdmin":0},{"memberID":81,"memberName":"blob78","canAdmin":0},{"memberID":82,"memberName":"blob83","canAdmin":0},{"memberID":83,"memberName":"blob88","canAdmin":0},{"memberID":84,"memberName":"blob93","canAdmin":0},{"memberID":85,"memberName":"blob98","canAdmin":0},{"memberID":86,"memberName":"blob103","canAdmin":0},{"memberID":87,"memberName":"blob108","canAdmin":0},{"memberID":88,"memberName":"blob113","canAdmin":0},{"memberID":89,"memberName":"blob118","canAdmin":0},{"memberID":90,"memberName":"blob36","canAdmin":0},{"memberID":91,"memberName":"blob41","canAdmin":0},{"memberID":92,"memberName":"blob46","canAdmin":0},{"memberID":93,"memberName":"blob51","canAdmin":0},{"memberID":94,"memberName":"blob56","canAdmin":0},{"memberID":95,"memberName":"blob61","canAdmin":0},{"memberID":96,"memberName":"blob66","canAdmin":0},{"memberID":97,"memberName":"blob71","canAdmin":0},{"memberID":98,"memberName":"blob76","canAdmin":0},{"memberID":99,"memberName":"blob81","canAdmin":0},{"memberID":100,"memberName":"blob86","canAdmin":0},{"memberID":101,"memberName":"Test_Member_yeaXY","canAdmin":0},{"memberID":102,"memberName":"Test_Member_dAJBv","canAdmin":0},{"memberID":103,"memberName":"Test_Member_RMBFa","canAdmin":0},{"memberID":104,"memberName":"Test_Member_mxQyA","canAdmin":0},{"memberID":105,"memberName":"Test_Member_dEivJ","canAdmin":0},{"memberID":106,"memberName":"Test_Member_idhvD","canAdmin":0},{"memberID":107,"memberName":"Test_Member_zAtiL","canAdmin":0},{"memberID":108,"memberName":"Test_Member_aGZkK","canAdmin":0},{"memberID":109,"memberName":"Test_Member_UXvtl","canAdmin":0},{"memberID":110,"memberName":"Test_Member_dDeox","canAdmin":0},{"memberID":111,"memberName":"Test_Member_BKtvI","canAdmin":0},{"memberID":112,"memberName":"Test_Member_EfSsK","canAdmin":0},{"memberID":113,"memberName":"Test_Member_jVedf","canAdmin":0},{"memberID":114,"memberName":"Test_Member_ARxxF","canAdmin":0},{"memberID":115,"memberName":"Test_Member_BpDGa","canAdmin":0},{"memberID":116,"memberName":"Test_Member_fQpVc","canAdmin":0},{"memberID":117,"memberName":"Test_Member_NuvgQ","canAdmin":0},{"memberID":118,"memberName":"Test_Member_Hqokj","canAdmin":0},{"memberID":119,"memberName":"Test_Member_ApEer","canAdmin":0},{"memberID":120,"memberName":"Test_Member_UDYwd","canAdmin":0},{"memberID":121,"memberName":"Test_Member_DxtQu","canAdmin":0},{"memberID":122,"memberName":"Test_Member_gGKNh","canAdmin":0},{"memberID":123,"memberName":"Test_Member_FSpSH","canAdmin":0},{"memberID":124,"memberName":"Test_Member_qMTRu","canAdmin":0},{"memberID":125,"memberName":"Test_Member_oDCYH","canAdmin":0},{"memberID":126,"memberName":"Test_Member_NluLC","canAdmin":0},{"memberID":127,"memberName":"Test_Member_OptBA","canAdmin":0},{"memberID":128,"memberName":"Test_Member_DEWok","canAdmin":0},{"memberID":129,"memberName":"Test_Member_LgsDS","canAdmin":0},{"memberID":130,"memberName":"Test_Member_RUdXs","canAdmin":0},{"memberID":131,"memberName":"Test_Member_qoFop","canAdmin":0},{"memberID":132,"memberName":"Test_Member_FLOoT","canAdmin":0},{"memberID":133,"memberName":"Test_Member_XyjdW","canAdmin":0},{"memberID":134,"memberName":"Test_Member_QfGHu","canAdmin":0},{"memberID":135,"memberName":"Test_Member_niKRk","canAdmin":0},{"memberID":136,"memberName":"Test_Member_gzLoq","canAdmin":0},{"memberID":137,"memberName":"Test_Member_SsABp","canAdmin":0},{"memberID":138,"memberName":"Test_Member_bZdgY","canAdmin":0},{"memberID":139,"memberName":"Test_Member_mVmaw","canAdmin":0},{"memberID":140,"memberName":"Test_Member_poPrA","canAdmin":0},{"memberID":141,"memberName":"Test_Member_yNwNZ","canAdmin":0},{"memberID":142,"memberName":"Test_Member_YcBfN","canAdmin":0},{"memberID":143,"memberName":"Test_Member_aAZGs","canAdmin":0},{"memberID":144,"memberName":"Test_Member_JzJwP","canAdmin":0},{"memberID":145,"memberName":"Test_Member_wuAWJ","canAdmin":0},{"memberID":146,"memberName":"Test_Member_aZkFX","canAdmin":0},{"memberID":147,"memberName":"Test_Member_YCFGp","canAdmin":0},{"memberID":148,"memberName":"Test_Member_eCZCY","canAdmin":0},{"memberID":149,"memberName":"Test_Member_EhPyD","canAdmin":0},{"memberID":150,"memberName":"Test_Member_AHrkr","canAdmin":0},{"memberID":151,"memberName":"Test_Member_hjtxW","canAdmin":0},{"memberID":152,"memberName":"Test_Member_ilmKe","canAdmin":0},{"memberID":153,"memberName":"Test_Member_vKout","canAdmin":0},{"memberID":154,"memberName":"Test_Member_KCYZC","canAdmin":0},{"memberID":155,"memberName":"Test_Member_YMJIF","canAdmin":0},{"memberID":156,"memberName":"Test_Member_WiexI","canAdmin":0},{"memberID":157,"memberName":"Test_Member_gNVsW","canAdmin":0},{"memberID":158,"memberName":"Test_Member_ejWfA","canAdmin":0},{"memberID":159,"memberName":"Test_Member_JUKUi","canAdmin":0},{"memberID":160,"memberName":"Test_Member_oUHrd","canAdmin":0},{"memberID":161,"memberName":"Test_Member_JGocE","canAdmin":0},{"memberID":162,"memberName":"Test_Member_BcluP","canAdmin":0},{"memberID":163,"memberName":"Test_Member_MuEGm","canAdmin":0},{"memberID":164,"memberName":"Test_Member_EVdfO","canAdmin":0},{"memberID":165,"memberName":"Test_Member_XplrK","canAdmin":0},{"memberID":166,"memberName":"Test_Member_WXALK","canAdmin":0},{"memberID":167,"memberName":"Test_Member_ljSEW","canAdmin":0},{"memberID":168,"memberName":"Test_Member_bUqCP","canAdmin":0},{"memberID":169,"memberName":"Test_Member_YwIVE","canAdmin":0},{"memberID":170,"memberName":"Test_Member_jixWa","canAdmin":0},{"memberID":171,"memberName":"Test_Member_TuGLZ","canAdmin":0},{"memberID":175,"memberName":"Test_Member_gsbKl","canAdmin":0},{"memberID":176,"memberName":"Test_Member_hgkhc","canAdmin":0},{"memberID":178,"memberName":"Test_Member_KIQYo","canAdmin":0},{"memberID":179,"memberName":"Test_Member_oKLrs","canAdmin":0},{"memberID":180,"memberName":"Test_Member_iazRv","canAdmin":0},{"memberID":181,"memberName":"Test_Member_HzzBD","canAdmin":0},{"memberID":182,"memberName":"Test_Member_zzPyk","canAdmin":0},{"memberID":183,"memberName":"Test_Member_OvJgl","canAdmin":0},{"memberID":184,"memberName":"Test_Member_VmhAi","canAdmin":0},{"memberID":185,"memberName":"Test_Member_wzlvX","canAdmin":0},{"memberID":186,"memberName":"Test_Member_dOyAm","canAdmin":0},{"memberID":187,"memberName":"Test_Member_kQTgs","canAdmin":0},{"memberID":188,"memberName":"Test_Member_enxNg","canAdmin":0},{"memberID":189,"memberName":"Test_Member_eBlps","canAdmin":0},{"memberID":190,"memberName":"Test_Member_BCbLU","canAdmin":0},{"memberID":191,"memberName":"Test_Member_lXXqW","canAdmin":0},{"memberID":192,"memberName":"Test_Member_XZCCZ","canAdmin":0},{"memberID":195,"memberName":"Test_Member_BHcRh","canAdmin":0},{"memberID":197,"memberName":"Test_Member_YNYLI","canAdmin":0},{"memberID":198,"memberName":"Test_Member_wvxhk","canAdmin":0},{"memberID":199,"memberName":"Test_Member_mCRaB","canAdmin":0},{"memberID":200,"memberName":"Test_Member_WSjyO","canAdmin":0},{"memberID":201,"memberName":"Test_Member_BPAXc","canAdmin":0},{"memberID":203,"memberName":"Test_Member_buEQh","canAdmin":0},{"memberID":205,"memberName":"Test_Member_CYetK","canAdmin":0},{"memberID":206,"memberName":"Test_Member_ZhxZQ","canAdmin":0},{"memberID":207,"memberName":"Test_Member_Gcwiv","canAdmin":0},{"memberID":208,"memberName":"Test_Member_cGnrg","canAdmin":0},{"memberID":209,"memberName":"Test_Member_mVqxa","canAdmin":0},{"memberID":210,"memberName":"Test_Member_ZwQBk","canAdmin":0},{"memberID":212,"memberName":"Test_Member_oaNBp","canAdmin":0},{"memberID":214,"memberName":"Test_Member_PlHmN","canAdmin":0},{"memberID":216,"memberName":"","canAdmin":0},{"memberID":218,"memberName":"Test_Member_FUwhL","canAdmin":0},{"memberID":219,"memberName":"Test_Member_kwSKs","canAdmin":0},{"memberID":220,"memberName":"Test_Member_pSmse","canAdmin":0},{"memberID":221,"memberName":"Test_Member_GOOpc","canAdmin":0},{"memberID":222,"memberName":"Test_Member_mrgHK","canAdmin":0},{"memberID":223,"memberName":"Test_Member_kEnIe","canAdmin":0},{"memberID":224,"memberName":"Test_Member_jlzyw","canAdmin":0},{"memberID":226,"memberName":"Test_Member_qNHMc","canAdmin":0},{"memberID":228,"memberName":"Test_Member_kZFWd","canAdmin":0},{"memberID":230,"memberName":"Test_Member_rvwAr","canAdmin":0},{"memberID":231,"memberName":"Test_Member_tJUfM","canAdmin":0},{"memberID":232,"memberName":"Test_Member_aVOkX","canAdmin":0},{"memberID":233,"memberName":"Test_Member_DoTVI","canAdmin":0},{"memberID":235,"memberName":"Test_Member_YvXXD","canAdmin":0},{"memberID":236,"memberName":"Test_Member_XTaNt","canAdmin":0}],"MessageType":"Response","Request":"nm","Version":2}
message : {"Status":"OK","Data":[{"memberID":1,"memberName":"SETL Private Member","canAdmin":1},{"memberID":5,"memberName":"HKEX","canAdmin":1},{"memberID":6,"memberName":"blob1","canAdmin":0},{"memberID":7,"memberName":"blob3","canAdmin":0},{"memberID":8,"memberName":"blob2","canAdmin":0},{"memberID":9,"memberName":"blob6","canAdmin":0},{"memberID":10,"memberName":"blob5","canAdmin":0},{"memberID":11,"memberName":"blob4","canAdmin":0},{"memberID":12,"memberName":"blob8","canAdmin":0},{"memberID":13,"memberName":"blob7","canAdmin":0},{"memberID":14,"memberName":"blob9","canAdmin":0},{"memberID":15,"memberName":"blob10","canAdmin":0},{"memberID":16,"memberName":"blob12","canAdmin":0},{"memberID":17,"memberName":"blob19","canAdmin":0},{"memberID":18,"memberName":"blob24","canAdmin":0},{"memberID":19,"memberName":"blob29","canAdmin":0},{"memberID":20,"memberName":"blob13","canAdmin":0},{"memberID":21,"memberName":"blob18","canAdmin":0},{"memberID":22,"memberName":"blob23","canAdmin":0},{"memberID":23,"memberName":"blob28","canAdmin":0},{"memberID":24,"memberName":"blob11","canAdmin":0},{"memberID":25,"memberName":"blob16","canAdmin":0},{"memberID":26,"memberName":"blob21","canAdmin":0},{"memberID":27,"memberName":"blob26","canAdmin":0},{"memberID":28,"memberName":"blob31","canAdmin":0},{"memberID":29,"memberName":"blob14","canAdmin":0},{"memberID":30,"memberName":"blob17","canAdmin":0},{"memberID":31,"memberName":"blob22","canAdmin":0},{"memberID":32,"memberName":"blob27","canAdmin":0},{"memberID":33,"memberName":"blob15","canAdmin":0},{"memberID":34,"memberName":"blob20","canAdmin":0},{"memberID":35,"memberName":"blob25","canAdmin":0},{"memberID":36,"memberName":"blob30","canAdmin":0},{"memberID":37,"memberName":"blob33","canAdmin":0},{"memberID":38,"memberName":"blob40","canAdmin":0},{"memberID":39,"memberName":"blob45","canAdmin":0},{"memberID":40,"memberName":"blob50","canAdmin":0},{"memberID":41,"memberName":"blob55","canAdmin":0},{"memberID":42,"memberName":"blob60","canAdmin":0},{"memberID":43,"memberName":"blob65","canAdmin":0},{"memberID":44,"memberName":"blob70","canAdmin":0},{"memberID":45,"memberName":"blob75","canAdmin":0},{"memberID":46,"memberName":"blob80","canAdmin":0},{"memberID":47,"memberName":"blob85","canAdmin":0},{"memberID":48,"memberName":"blob90","canAdmin":0},{"memberID":49,"memberName":"blob95","canAdmin":0},{"memberID":50,"memberName":"blob100","canAdmin":0},{"memberID":51,"memberName":"blob105","canAdmin":0},{"memberID":52,"memberName":"blob110","canAdmin":0},{"memberID":53,"memberName":"blob115","canAdmin":0},{"memberID":54,"memberName":"blob32","canAdmin":0},{"memberID":55,"memberName":"blob37","canAdmin":0},{"memberID":56,"memberName":"blob42","canAdmin":0},{"memberID":57,"memberName":"blob47","canAdmin":0},{"memberID":58,"memberName":"blob52","canAdmin":0},{"memberID":59,"memberName":"blob57","canAdmin":0},{"memberID":60,"memberName":"blob62","canAdmin":0},{"memberID":61,"memberName":"blob67","canAdmin":0},{"memberID":62,"memberName":"blob72","canAdmin":0},{"memberID":63,"memberName":"blob77","canAdmin":0},{"memberID":64,"memberName":"blob82","canAdmin":0},{"memberID":65,"memberName":"blob87","canAdmin":0},{"memberID":66,"memberName":"blob92","canAdmin":0},{"memberID":67,"memberName":"blob97","canAdmin":0},{"memberID":68,"memberName":"blob102","canAdmin":0},{"memberID":69,"memberName":"blob107","canAdmin":0},{"memberID":70,"memberName":"blob112","canAdmin":0},{"memberID":71,"memberName":"blob117","canAdmin":0},{"memberID":72,"memberName":"blob34","canAdmin":0},{"memberID":73,"memberName":"blob38","canAdmin":0},{"memberID":74,"memberName":"blob43","canAdmin":0},{"memberID":75,"memberName":"blob48","canAdmin":0},{"memberID":76,"memberName":"blob53","canAdmin":0},{"memberID":77,"memberName":"blob58","canAdmin":0},{"memberID":78,"memberName":"blob63","canAdmin":0},{"memberID":79,"memberName":"blob68","canAdmin":0},{"memberID":80,"memberName":"blob73","canAdmin":0},{"memberID":81,"memberName":"blob78","canAdmin":0},{"memberID":82,"memberName":"blob83","canAdmin":0},{"memberID":83,"memberName":"blob88","canAdmin":0},{"memberID":84,"memberName":"blob93","canAdmin":0},{"memberID":85,"memberName":"blob98","canAdmin":0},{"memberID":86,"memberName":"blob103","canAdmin":0},{"memberID":87,"memberName":"blob108","canAdmin":0},{"memberID":88,"memberName":"blob113","canAdmin":0},{"memberID":89,"memberName":"blob118","canAdmin":0},{"memberID":90,"memberName":"blob36","canAdmin":0},{"memberID":91,"memberName":"blob41","canAdmin":0},{"memberID":92,"memberName":"blob46","canAdmin":0},{"memberID":93,"memberName":"blob51","canAdmin":0},{"memberID":94,"memberName":"blob56","canAdmin":0},{"memberID":95,"memberName":"blob61","canAdmin":0},{"memberID":96,"memberName":"blob66","canAdmin":0},{"memberID":97,"memberName":"blob71","canAdmin":0},{"memberID":98,"memberName":"blob76","canAdmin":0},{"memberID":99,"memberName":"blob81","canAdmin":0},{"memberID":100,"memberName":"blob86","canAdmin":0},{"memberID":101,"memberName":"Test_Member_yeaXY","canAdmin":0},{"memberID":102,"memberName":"Test_Member_dAJBv","canAdmin":0},{"memberID":103,"memberName":"Test_Member_RMBFa","canAdmin":0},{"memberID":104,"memberName":"Test_Member_mxQyA","canAdmin":0},{"memberID":105,"memberName":"Test_Member_dEivJ","canAdmin":0},{"memberID":106,"memberName":"Test_Member_idhvD","canAdmin":0},{"memberID":107,"memberName":"Test_Member_zAtiL","canAdmin":0},{"memberID":108,"memberName":"Test_Member_aGZkK","canAdmin":0},{"memberID":109,"memberName":"Test_Member_UXvtl","canAdmin":0},{"memberID":110,"memberName":"Test_Member_dDeox","canAdmin":0},{"memberID":111,"memberName":"Test_Member_BKtvI","canAdmin":0},{"memberID":112,"memberName":"Test_Member_EfSsK","canAdmin":0},{"memberID":113,"memberName":"Test_Member_jVedf","canAdmin":0},{"memberID":114,"memberName":"Test_Member_ARxxF","canAdmin":0},{"memberID":115,"memberName":"Test_Member_BpDGa","canAdmin":0},{"memberID":116,"memberName":"Test_Member_fQpVc","canAdmin":0},{"memberID":117,"memberName":"Test_Member_NuvgQ","canAdmin":0},{"memberID":118,"memberName":"Test_Member_Hqokj","canAdmin":0},{"memberID":119,"memberName":"Test_Member_ApEer","canAdmin":0},{"memberID":120,"memberName":"Test_Member_UDYwd","canAdmin":0},{"memberID":121,"memberName":"Test_Member_DxtQu","canAdmin":0},{"memberID":122,"memberName":"Test_Member_gGKNh","canAdmin":0},{"memberID":123,"memberName":"Test_Member_FSpSH","canAdmin":0},{"memberID":124,"memberName":"Test_Member_qMTRu","canAdmin":0},{"memberID":125,"memberName":"Test_Member_oDCYH","canAdmin":0},{"memberID":126,"memberName":"Test_Member_NluLC","canAdmin":0},{"memberID":127,"memberName":"Test_Member_OptBA","canAdmin":0},{"memberID":128,"memberName":"Test_Member_DEWok","canAdmin":0},{"memberID":129,"memberName":"Test_Member_LgsDS","canAdmin":0},{"memberID":130,"memberName":"Test_Member_RUdXs","canAdmin":0},{"memberID":131,"memberName":"Test_Member_qoFop","canAdmin":0},{"memberID":132,"memberName":"Test_Member_FLOoT","canAdmin":0},{"memberID":133,"memberName":"Test_Member_XyjdW","canAdmin":0},{"memberID":134,"memberName":"Test_Member_QfGHu","canAdmin":0},{"memberID":135,"memberName":"Test_Member_niKRk","canAdmin":0},{"memberID":136,"memberName":"Test_Member_gzLoq","canAdmin":0},{"memberID":137,"memberName":"Test_Member_SsABp","canAdmin":0},{"memberID":138,"memberName":"Test_Member_bZdgY","canAdmin":0},{"memberID":139,"memberName":"Test_Member_mVmaw","canAdmin":0},{"memberID":140,"memberName":"Test_Member_poPrA","canAdmin":0},{"memberID":141,"memberName":"Test_Member_yNwNZ","canAdmin":0},{"memberID":142,"memberName":"Test_Member_YcBfN","canAdmin":0},{"memberID":143,"memberName":"Test_Member_aAZGs","canAdmin":0},{"memberID":144,"memberName":"Test_Member_JzJwP","canAdmin":0},{"memberID":145,"memberName":"Test_Member_wuAWJ","canAdmin":0},{"memberID":146,"memberName":"Test_Member_aZkFX","canAdmin":0},{"memberID":147,"memberName":"Test_Member_YCFGp","canAdmin":0},{"memberID":148,"memberName":"Test_Member_eCZCY","canAdmin":0},{"memberID":149,"memberName":"Test_Member_EhPyD","canAdmin":0},{"memberID":150,"memberName":"Test_Member_AHrkr","canAdmin":0},{"memberID":151,"memberName":"Test_Member_hjtxW","canAdmin":0},{"memberID":152,"memberName":"Test_Member_ilmKe","canAdmin":0},{"memberID":153,"memberName":"Test_Member_vKout","canAdmin":0},{"memberID":154,"memberName":"Test_Member_KCYZC","canAdmin":0},{"memberID":155,"memberName":"Test_Member_YMJIF","canAdmin":0},{"memberID":156,"memberName":"Test_Member_WiexI","canAdmin":0},{"memberID":157,"memberName":"Test_Member_gNVsW","canAdmin":0},{"memberID":158,"memberName":"Test_Member_ejWfA","canAdmin":0},{"memberID":159,"memberName":"Test_Member_JUKUi","canAdmin":0},{"memberID":160,"memberName":"Test_Member_oUHrd","canAdmin":0},{"memberID":161,"memberName":"Test_Member_JGocE","canAdmin":0},{"memberID":162,"memberName":"Test_Member_BcluP","canAdmin":0},{"memberID":163,"memberName":"Test_Member_MuEGm","canAdmin":0},{"memberID":164,"memberName":"Test_Member_EVdfO","canAdmin":0},{"memberID":165,"memberName":"Test_Member_XplrK","canAdmin":0},{"memberID":166,"memberName":"Test_Member_WXALK","canAdmin":0},{"memberID":167,"memberName":"Test_Member_ljSEW","canAdmin":0},{"memberID":168,"memberName":"Test_Member_bUqCP","canAdmin":0},{"memberID":169,"memberName":"Test_Member_YwIVE","canAdmin":0},{"memberID":170,"memberName":"Test_Member_jixWa","canAdmin":0},{"memberID":171,"memberName":"Test_Member_TuGLZ","canAdmin":0},{"memberID":175,"memberName":"Test_Member_gsbKl","canAdmin":0},{"memberID":176,"memberName":"Test_Member_hgkhc","canAdmin":0},{"memberID":178,"memberName":"Test_Member_KIQYo","canAdmin":0},{"memberID":179,"memberName":"Test_Member_oKLrs","canAdmin":0},{"memberID":180,"memberName":"Test_Member_iazRv","canAdmin":0},{"memberID":181,"memberName":"Test_Member_HzzBD","canAdmin":0},{"memberID":182,"memberName":"Test_Member_zzPyk","canAdmin":0},{"memberID":183,"memberName":"Test_Member_OvJgl","canAdmin":0},{"memberID":184,"memberName":"Test_Member_VmhAi","canAdmin":0},{"memberID":185,"memberName":"Test_Member_wzlvX","canAdmin":0},{"memberID":186,"memberName":"Test_Member_dOyAm","canAdmin":0},{"memberID":187,"memberName":"Test_Member_kQTgs","canAdmin":0},{"memberID":188,"memberName":"Test_Member_enxNg","canAdmin":0},{"memberID":189,"memberName":"Test_Member_eBlps","canAdmin":0},{"memberID":190,"memberName":"Test_Member_BCbLU","canAdmin":0},{"memberID":191,"memberName":"Test_Member_lXXqW","canAdmin":0},{"memberID":192,"memberName":"Test_Member_XZCCZ","canAdmin":0},{"memberID":195,"memberName":"Test_Member_BHcRh","canAdmin":0},{"memberID":197,"memberName":"Test_Member_YNYLI","canAdmin":0},{"memberID":198,"memberName":"Test_Member_wvxhk","canAdmin":0},{"memberID":199,"memberName":"Test_Member_mCRaB","canAdmin":0},{"memberID":200,"memberName":"Test_Member_WSjyO","canAdmin":0},{"memberID":201,"memberName":"Test_Member_BPAXc","canAdmin":0},{"memberID":203,"memberName":"Test_Member_buEQh","canAdmin":0},{"memberID":205,"memberName":"Test_Member_CYetK","canAdmin":0},{"memberID":206,"memberName":"Test_Member_ZhxZQ","canAdmin":0},{"memberID":207,"memberName":"Test_Member_Gcwiv","canAdmin":0},{"memberID":208,"memberName":"Test_Member_cGnrg","canAdmin":0},{"memberID":209,"memberName":"Test_Member_mVqxa","canAdmin":0},{"memberID":210,"memberName":"Test_Member_ZwQBk","canAdmin":0},{"memberID":212,"memberName":"Test_Member_oaNBp","canAdmin":0},{"memberID":214,"memberName":"Test_Member_PlHmN","canAdmin":0},{"memberID":216,"memberName":"","canAdmin":0},{"memberID":218,"memberName":"Test_Member_FUwhL","canAdmin":0},{"memberID":219,"memberName":"Test_Member_kwSKs","canAdmin":0},{"memberID":220,"memberName":"Test_Member_pSmse","canAdmin":0},{"memberID":221,"memberName":"Test_Member_GOOpc","canAdmin":0},{"memberID":222,"memberName":"Test_Member_mrgHK","canAdmin":0},{"memberID":223,"memberName":"Test_Member_kEnIe","canAdmin":0},{"memberID":224,"memberName":"Test_Member_jlzyw","canAdmin":0},{"memberID":226,"memberName":"Test_Member_qNHMc","canAdmin":0},{"memberID":228,"memberName":"Test_Member_kZFWd","canAdmin":0},{"memberID":230,"memberName":"Test_Member_rvwAr","canAdmin":0},{"memberID":231,"memberName":"Test_Member_tJUfM","canAdmin":0},{"memberID":232,"memberName":"Test_Member_aVOkX","canAdmin":0},{"memberID":233,"memberName":"Test_Member_DoTVI","canAdmin":0},{"memberID":235,"memberName":"Test_Member_YvXXD","canAdmin":0},{"memberID":236,"memberName":"Test_Member_XTaNt","canAdmin":0}],"MessageType":"Response","Request":"nm","Version":2}
message : {"Status":"OK","Data":[{"Status":"OK","memberID":239,"userID":451,"userName":"Admin_239","emailAddress":"Test_Member_LVEuX@test.com","accountID":267,"parent":239,"isManager":0,"accountLocked":0,"userType":35,"isAdmin":0,"accountName":"Test_Member_LVEuX_Admin_Account","description":"Test_Member_LVEuX admin account","billingWallet":"","memberName":"Test_Member_LVEuX","pass":"Z33YGYEP6JTH"}],"MessageType":"Response","Request":"newMember","RequestID":1006,"Version":2}
Sending message :384 bytes
message : {"Status":"OK","Data":[{"Status":"OK","memberID":240,"userID":452,"userName":"Admin_240","emailAddress":"Test_Member_LeCBp@test.com","accountID":268,"parent":240,"isManager":0,"accountLocked":0,"userType":35,"isAdmin":0,"accountName":"Test_Member_LeCBp_Admin_Account","description":"Test_Member_LeCBp admin account","billingWallet":"","memberName":"Test_Member_LeCBp","pass":"7GD4FEEMPGSI"}],"MessageType":"Response","Request":"newMember","RequestID":1007,"Version":2}
Sending message :153 bytes
Sending message :153 bytes
message : {"RequestID":1001,"Version":2,"Request":"startRequest","Data":"1f179a84502756a42412b7687612c6d95848e2d21a6a40e5c6997a173dc47f3e","MessageType":"Response"}
res::c42d6ac1557a884b14b3cee5ca01838b6ab1a106f7a58a70040075d2512d60b9
Sending message :320 bytes
message : {"Status":"OK","Data":[{"Token":"5c46236eb087b3a793f2c9fed98b3c10e7b809f4165a613f1db4489941ad4832","Status":"OK","Message":"","UserName":"Emmanuel","UserID":4,"EMailAddress":"emmanuel.rodriguez@setl.io","useTwoFactor":0,"copyMailToEmail":1,"admin":1,"userType":15,"accontID":1,"accountName":"SETL Private Admin","memberID":1,"last_login":"2017-11-28 12:12:10","apiKey":"gV6Il3IAP0ML1WQ4jNkmYAb5FRExrAfWcGCaKzYMQ24=","investorType":null,"platformAddr":"1LsKRrgh2ewD9aA3jMYEqKVgYLQwhQp7gG","defaultAddress":"13jF8jCPmxJi6HBtaqxGyn8GLPcDj1VrJX","defaultWalletID":null}],"MessageType":"Response","Request":"login","RequestID":1002,"Version":2}
Sending message :384 bytes
message : {"Status":"OK","Data":[{"Status":"OK","memberID":241,"userID":453,"userName":"Admin_241","emailAddress":"Test_Member_olgxi@test.com","accountID":269,"parent":241,"isManager":0,"accountLocked":0,"userType":35,"isAdmin":0,"accountName":"Test_Member_olgxi_Admin_Account","description":"Test_Member_olgxi admin account","billingWallet":"","memberName":"Test_Member_olgxi","pass":"TVS3REEGVVKW"}],"MessageType":"Response","Request":"newMember","RequestID":1003,"Version":2}
]]></system-out>
  <system-err><![CDATA[]]></system-err>
</testsuite>
