<?xml version="1.0" encoding="UTF-8"?>
<testsuite name="src.WebSocketAPITests.Member.MemberManagement.addAccountToMemberTest" tests="2" skipped="0" failures="2" errors="0" timestamp="2017-11-28T12:12:13" hostname="Bills-iMac.local" time="3.241">
  <properties/>
  <testcase name="addAccountToExistingMember" classname="src.WebSocketAPITests.Member.MemberManagement.addAccountToMemberTest" time="3.005">
    <failure message="org.junit.runners.model.TestTimedOutException: test timed out after 3000 milliseconds" type="org.junit.runners.model.TestTimedOutException">org.junit.runners.model.TestTimedOutException: test timed out after 3000 milliseconds
	at sun.misc.Unsafe.park(Native Method)
	at java.util.concurrent.locks.LockSupport.park(LockSupport.java:175)
	at java.util.concurrent.locks.AbstractQueuedSynchronizer.parkAndCheckInterrupt(AbstractQueuedSynchronizer.java:836)
	at java.util.concurrent.locks.AbstractQueuedSynchronizer.doAcquireSharedInterruptibly(AbstractQueuedSynchronizer.java:997)
	at java.util.concurrent.locks.AbstractQueuedSynchronizer.acquireSharedInterruptibly(AbstractQueuedSynchronizer.java:1304)
	at java.util.concurrent.CountDownLatch.await(CountDownLatch.java:231)
	at SETLAPIHelpers.WebSocketAPI.LoginHelper.login(LoginHelper.java:31)
	at src.WebSocketAPITests.Member.MemberManagement.addAccountToMemberTest.addAccountToExistingMember(addAccountToMemberTest.java:52)
	at sun.reflect.NativeMethodAccessorImpl.invoke0(Native Method)
	at sun.reflect.NativeMethodAccessorImpl.invoke(NativeMethodAccessorImpl.java:62)
	at sun.reflect.DelegatingMethodAccessorImpl.invoke(DelegatingMethodAccessorImpl.java:43)
	at java.lang.reflect.Method.invoke(Method.java:498)
	at org.junit.runners.model.FrameworkMethod$1.runReflectiveCall(FrameworkMethod.java:50)
	at org.junit.internal.runners.model.ReflectiveCallable.run(ReflectiveCallable.java:12)
	at org.junit.runners.model.FrameworkMethod.invokeExplosively(FrameworkMethod.java:47)
	at org.junit.internal.runners.statements.InvokeMethod.evaluate(InvokeMethod.java:17)
	at org.junit.internal.runners.statements.FailOnTimeout$CallableStatement.call(FailOnTimeout.java:298)
	at org.junit.internal.runners.statements.FailOnTimeout$CallableStatement.call(FailOnTimeout.java:292)
	at java.util.concurrent.FutureTask.run(FutureTask.java:266)
	at java.lang.Thread.run(Thread.java:745)
</failure>
  </testcase>
  <testcase name="createNewMemberAndAddAccount" classname="src.WebSocketAPITests.Member.MemberManagement.addAccountToMemberTest" time="0.236">
    <failure message="java.lang.NullPointerException" type="java.lang.NullPointerException">java.lang.NullPointerException
	at io.setl.wsclient.shared.AbstractServerEndPoint.sendMessage(AbstractServerEndPoint.java:84)
	at SETLAPIHelpers.WebSocketAPI.MemberHelper.addAccountToMember(MemberHelper.java:108)
	at src.WebSocketAPITests.Member.MemberManagement.addAccountToMemberTest.createNewMemberAndAddAccount(addAccountToMemberTest.java:45)
	at sun.reflect.NativeMethodAccessorImpl.invoke0(Native Method)
	at sun.reflect.NativeMethodAccessorImpl.invoke(NativeMethodAccessorImpl.java:62)
	at sun.reflect.DelegatingMethodAccessorImpl.invoke(DelegatingMethodAccessorImpl.java:43)
	at java.lang.reflect.Method.invoke(Method.java:498)
	at org.junit.runners.model.FrameworkMethod$1.runReflectiveCall(FrameworkMethod.java:50)
	at org.junit.internal.runners.model.ReflectiveCallable.run(ReflectiveCallable.java:12)
	at org.junit.runners.model.FrameworkMethod.invokeExplosively(FrameworkMethod.java:47)
	at org.junit.internal.runners.statements.InvokeMethod.evaluate(InvokeMethod.java:17)
	at org.junit.internal.runners.statements.FailOnTimeout$CallableStatement.call(FailOnTimeout.java:298)
	at org.junit.internal.runners.statements.FailOnTimeout$CallableStatement.call(FailOnTimeout.java:292)
	at java.util.concurrent.FutureTask.run(FutureTask.java:266)
	at java.lang.Thread.run(Thread.java:745)
</failure>
  </testcase>
  <system-out><![CDATA[Sending message :153 bytes
Sending message :153 bytes
message : {"RequestID":1001,"Version":2,"Request":"startRequest","Data":"7023dc5741faa1337a983af82209f211bc88042e694607994f480f4dbd9ab512","MessageType":"Response"}
res::50c4e5d98561abae88dbd13615eb8e9eae3a8fb39877c355e43a707999f5a11f
Sending message :320 bytes
message : {"Status":"OK","Data":[{"Token":"4d069df9f72959348abd922ddd8baff162df87881954b0ec466a1ceef694dc0c","Status":"OK","Message":"","UserName":"Emmanuel","UserID":4,"EMailAddress":"emmanuel.rodriguez@setl.io","useTwoFactor":0,"copyMailToEmail":1,"admin":1,"userType":15,"accontID":1,"accountName":"SETL Private Admin","memberID":1,"last_login":"2017-11-28 12:12:13","apiKey":"gV6Il3IAP0ML1WQ4jNkmYAb5FRExrAfWcGCaKzYMQ24=","investorType":null,"platformAddr":"1LsKRrgh2ewD9aA3jMYEqKVgYLQwhQp7gG","defaultAddress":"13jF8jCPmxJi6HBtaqxGyn8GLPcDj1VrJX","defaultWalletID":null}],"MessageType":"Response","Request":"login","RequestID":1002,"Version":2}
Sending message :384 bytes
message : {"Status":"OK","Data":[{"Status":"OK","memberID":243,"userID":455,"userName":"Admin_243","emailAddress":"Test_Member_GcBIa@test.com","accountID":271,"parent":243,"isManager":0,"accountLocked":0,"userType":35,"isAdmin":0,"accountName":"Test_Member_GcBIa_Admin_Account","description":"Test_Member_GcBIa admin account","billingWallet":"","memberName":"Test_Member_GcBIa","pass":"BFWBCIBPI3P5"}],"MessageType":"Response","Request":"newMember","RequestID":1003,"Version":2}
]]></system-out>
  <system-err><![CDATA[]]></system-err>
</testsuite>
