<?xml version="1.0" encoding="UTF-8"?>
<testsuite name="src.RESTAPITests.Arrangement.ListArrangement.listArrangementAcceptanceTest" tests="10" skipped="0" failures="1" errors="0" timestamp="2017-11-28T12:11:58" hostname="Bills-iMac.local" time="0.414">
  <properties/>
  <testcase name="failToCreateArrangementWithIncorrectPermissions" classname="src.RESTAPITests.Arrangement.ListArrangement.listArrangementAcceptanceTest" time="0.001">
    <failure message="java.lang.NullPointerException" type="java.lang.NullPointerException">java.lang.NullPointerException
	at SETLAPIHelpers.RestAPI.AccountHelper.createAccountFailure(AccountHelper.java:64)
	at src.RESTAPITests.Arrangement.ListArrangement.listArrangementAcceptanceTest.failToCreateArrangementWithIncorrectPermissions(listArrangementAcceptanceTest.java:172)
	at sun.reflect.NativeMethodAccessorImpl.invoke0(Native Method)
	at sun.reflect.NativeMethodAccessorImpl.invoke(NativeMethodAccessorImpl.java:62)
	at sun.reflect.DelegatingMethodAccessorImpl.invoke(DelegatingMethodAccessorImpl.java:43)
	at java.lang.reflect.Method.invoke(Method.java:498)
	at org.junit.runners.model.FrameworkMethod$1.runReflectiveCall(FrameworkMethod.java:50)
	at org.junit.internal.runners.model.ReflectiveCallable.run(ReflectiveCallable.java:12)
	at org.junit.runners.model.FrameworkMethod.invokeExplosively(FrameworkMethod.java:47)
	at org.junit.internal.runners.statements.InvokeMethod.evaluate(InvokeMethod.java:17)
	at org.junit.internal.runners.statements.RunBefores.evaluate(RunBefores.java:26)
	at org.junit.internal.runners.statements.FailOnTimeout$CallableStatement.call(FailOnTimeout.java:298)
	at org.junit.internal.runners.statements.FailOnTimeout$CallableStatement.call(FailOnTimeout.java:292)
	at java.util.concurrent.FutureTask.run(FutureTask.java:266)
	at java.lang.Thread.run(Thread.java:745)
</failure>
  </testcase>
  <testcase name="insertArrangementAcceptanceTest" classname="src.RESTAPITests.Arrangement.ListArrangement.listArrangementAcceptanceTest" time="0.046"/>
  <testcase name="listAllArrangementsAsInvestor" classname="src.RESTAPITests.Arrangement.ListArrangement.listArrangementAcceptanceTest" time="0.048"/>
  <testcase name="listAllArrangementsByStatusAsInvestor" classname="src.RESTAPITests.Arrangement.ListArrangement.listArrangementAcceptanceTest" time="0.042"/>
  <testcase name="listArrangementsByAssetAsAssetManager" classname="src.RESTAPITests.Arrangement.ListArrangement.listArrangementAcceptanceTest" time="0.044"/>
  <testcase name="listArrangementsByStatusAsAssetManager" classname="src.RESTAPITests.Arrangement.ListArrangement.listArrangementAcceptanceTest" time="0.046"/>
  <testcase name="listAllArrangementsByArrangementTypeAsInvestor" classname="src.RESTAPITests.Arrangement.ListArrangement.listArrangementAcceptanceTest" time="0.042"/>
  <testcase name="listAllArrangementsByAssetAsInvestor" classname="src.RESTAPITests.Arrangement.ListArrangement.listArrangementAcceptanceTest" time="0.041"/>
  <testcase name="listAllArrangementsAsAssetManager" classname="src.RESTAPITests.Arrangement.ListArrangement.listArrangementAcceptanceTest" time="0.04"/>
  <testcase name="listArrangementsByArrangementTypeAsAssetManager" classname="src.RESTAPITests.Arrangement.ListArrangement.listArrangementAcceptanceTest" time="0.062"/>
  <system-out><![CDATA[]]></system-out>
  <system-err><![CDATA[eyJhbGciOiJIUzI1NiJ9.eyJyZXF1ZXN0aWQiOjEsIm1lc3NhZ2V0eXBlIjoiZGIiLCJzdGF0dXMiOiJPSyIsImRhdGEiOlt7IlN0YXR1cyI6Ik9LIiwiYXJyYW5nZW1lbnRJRCI6MjAsImNvbnRyYWN0QWRkcmVzcyI6IiAnU0VMRUNUICogRlJPTSBzZXRsbmV0LnRibFVzZXJzOycgIiwiY29udHJhY3RFeHBpcnkiOjE1MDg4NjA0NDl9XX0.tD-Fjj7zj4b00ATl6ZFaP51kSmikVGxi2biReU0YZxk
eyJhbGciOiJIUzI1NiJ9.eyJyZXF1ZXN0aWQiOjEsIm1lc3NhZ2V0eXBlIjoiZGIiLCJzdGF0dXMiOiJPSyIsImRhdGEiOlt7IlN0YXR1cyI6Ik9LIiwiYXJyYW5nZW1lbnRJRCI6MSwiY3JlYXRvcklEIjo0LCJwcmljZSI6MCwidHlwZSI6Mywic3RhdHVzIjowLCJtZXRhRGF0YSI6IntcImN1cnJlbmN5XCI6XCJHQlBcIixcInVuaXRzXCI6MTAwMDAwLFwicHJpY2VcIjo2MDAwMDAsXCJjb25zaWRlcmF0aW9uXCI6NjAwMDAwLFwicmVmXCI6XCJcIixcImFzc2V0SVNJTlwiOlwiMTIzMVwiLFwicmVnaXN0cmFyXCI6XCJMb25fMDA2IE1nbXQgQ295XCIsXCJmZWVQZXJjZW50XCI6MCxcImludmVzdG9ySWRcIjoxMSxcImludmVzdG9yV2FsbGV0SWRcIjo0LFwiaW52ZXN0b3JXYWxsZXROYW1lXCI6XCJJbnZlc3RvclwiLFwiaW52ZXN0b3JXYWxsZXRDb21tdVB1YlwiOlwiRFdoTTBvSFIxdnQyMG9ZVlZPNCttcDdvN1ZUVGg0c1c2NVBxZHMyWVZDRT1cIixcImludmVzdG9yV2FsbGV0QWRkclwiOlwiMVA0RFpjM1BQazhoZEpIcW5XeGU5UEJFMjY1eXVmMnFmc1wiLFwiaW52ZXN0b3JXYWxsZXRCYW5rSURcIjowLFwiaW52ZXN0b3JXYWxsZXRCYW5rQ29tbXVQdWJcIjpcIlwiLFwiaW52ZXN0b3JTdWJQb3J0Zm9saW9cIjpcIlRlc3RTdWJcIixcImliYW5cIjpcIklCQU5cIn0iLCJhc3NldCI6IjEyMzF8QlRGNSIsImN1dG9mZkRhdGUiOiIyMDE3LTExLTI2IDAwOjAwOjAwIiwiZGVsaXZlcnlEYXRlIjoiMjAxNy0xMi0wMSAwMDowMDowMCIsInZhbHVhdGlvbkRhdGUiOiIyMDE3LTEyLTAxIDAwOjAwOjAwIiwicGFydHlUeXBlIjoxLCJpc0Fkdmlzb3IiOjAsImFkdmlzb3JBY2NvdW50TmFtZSI6bnVsbCwiYWR2aXNvckFjY291bnRJRCI6bnVsbCwidG90YWwiOjI3LCJpbnZlc3RCeSI6MCwicXVhbnRpdHkiOjEwMDAwMCwiQW1vdW50V2l0aENvc3QiOjAsImZlZVBlcmNlbnQiOjAsInBsYXRGb3JtRmVlIjowfSx7IlN0YXR1cyI6Ik9LIiwiYXJyYW5nZW1lbnRJRCI6MiwiY3JlYXRvcklEIjo0LCJwcmljZSI6MTAwMDAwMCwidHlwZSI6Mywic3RhdHVzIjotMSwibWV0YURhdGEiOiJ7XCJjdXJyZW5jeVwiOlwiR0JQXCIsXCJ1bml0c1wiOjEwMDAwMCxcInByaWNlXCI6NjAwMDAwLFwiY29uc2lkZXJhdGlvblwiOjYwMDAwMCxcInJlZlwiOlwiXCIsXCJhc3NldElTSU5cIjpcIjEyMzFcIixcInJlZ2lzdHJhclwiOlwiTG9uXzAwNiBNZ210IENveVwiLFwiZmVlUGVyY2VudFwiOjAsXCJpbnZlc3RvcklkXCI6MTEsXCJpbnZlc3RvcldhbGxldElkXCI6NCxcImludmVzdG9yV2FsbGV0TmFtZVwiOlwiSW52ZXN0b3JcIixcImludmVzdG9yV2FsbGV0Q29tbXVQdWJcIjpcIkRXaE0wb0hSMXZ0MjBvWVZWTzQrbXA3bzdWVFRoNHNXNjVQcWRzMllWQ0U9XCIsXCJpbnZlc3RvcldhbGxldEFkZHJcIjpcIjFQNERaYzNQUGs4aGRKSHFuV3hlOVBCRTI2NXl1ZjJxZnNcIixcImludmVzdG9yV2FsbGV0QmFua0lEXCI6MCxcImludmVzdG9yV2FsbGV0QmFua0NvbW11UHViXCI6XCJcIixcImludmVzdG9yU3ViUG9ydGZvbGlvXCI6XCJUZXN0U3ViXCIsXCJpYmFuXCI6XCJJQkFOXCJ9IiwiYXNzZXQiOiIxMjMxfEJURjUiLCJjdXRvZmZEYXRlIjoiMjAxNy0xMS0yMSAwMDowMDowMCIsImRlbGl2ZXJ5RGF0ZSI6IjIwMTctMTEtMjEgMTA6NTE6MDAiLCJ2YWx1YXRpb25EYXRlIjoiMjAxNy0xMS0yMSAwMDowMDowMCIsInBhcnR5VHlwZSI6MSwiaXNBZHZpc29yIjowLCJhZHZpc29yQWNjb3VudE5hbWUiOm51bGwsImFkdmlzb3JBY2NvdW50SUQiOm51bGwsInRvdGFsIjoyNywiaW52ZXN0QnkiOjAsInF1YW50aXR5IjoxMDAwMDAsIkFtb3VudFdpdGhDb3N0IjowLCJmZWVQZXJjZW50IjowLCJwbGF0Rm9ybUZlZSI6MH0seyJTdGF0dXMiOiJPSyIsImFycmFuZ2VtZW50SUQiOjMsImNyZWF0b3JJRCI6NCwicHJpY2UiOjEwMDAwMDAsInR5cGUiOjMsInN0YXR1cyI6LTEsIm1ldGFEYXRhIjoie1wiY3VycmVuY3lcIjpcIkdCUFwiLFwidW5pdHNcIjoxMDAwMDAsXCJwcmljZVwiOjEwMDAwMDAsXCJjb25zaWRlcmF0aW9uXCI6MTAwMDAwMCxcInJlZlwiOlwiXCIsXCJhc3NldElTSU5cIjpcIjEyMzFcIixcInJlZ2lzdHJhclwiOlwiTG9uXzAwNiBNZ210IENveVwiLFwiZmVlUGVyY2VudFwiOjAsXCJpbnZlc3RvcklkXCI6MTEsXCJpbnZlc3RvcldhbGxldElkXCI6NCxcImludmVzdG9yV2FsbGV0TmFtZVwiOlwiSW52ZXN0b3JcIixcImludmVzdG9yV2FsbGV0Q29tbXVQdWJcIjpcIkRXaE0wb0hSMXZ0MjBvWVZWTzQrbXA3bzdWVFRoNHNXNjVQcWRzMllWQ0U9XCIsXCJpbnZlc3RvcldhbGxldEFkZHJcIjpcIjFQNERaYzNQUGs4aGRKSHFuV3hlOVBCRTI2NXl1ZjJxZnNcIixcImludmVzdG9yV2FsbGV0QmFua0lEXCI6MCxcImludmVzdG9yV2FsbGV0QmFua0NvbW11UHViXCI6XCJcIixcImludmVzdG9yU3ViUG9ydGZvbGlvXCI6XCJUZXN0U3ViXCIsXCJpYmFuXCI6XCJJQkFOXCJ9IiwiYXNzZXQiOiIxMjMxfEJURjUiLCJjdXRvZmZEYXRlIjoiMjAxNy0xMS0yMSAwMDowMDowMCIsImRlbGl2ZXJ5RGF0ZSI6IjIwMTctMTEtMjEgMDA6MDA6MDAiLCJ2YWx1YXRpb25EYXRlIjoiMjAxNy0xMS0yMSAwMDowMDowMCIsInBhcnR5VHlwZSI6MSwiaXNBZHZpc29yIjowLCJhZHZpc29yQWNjb3VudE5hbWUiOm51bGwsImFkdmlzb3JBY2NvdW50SUQiOm51bGwsInRvdGFsIjoyNywiaW52ZXN0QnkiOjAsInF1YW50aXR5IjoxMDAwMDAsIkFtb3VudFdpdGhDb3N0IjowLCJmZWVQZXJjZW50IjowLCJwbGF0Rm9ybUZlZSI6MH0seyJTdGF0dXMiOiJPSyIsImFycmFuZ2VtZW50SUQiOjQsImNyZWF0b3JJRCI6NCwicHJpY2UiOjIzNTAwMCwidHlwZSI6Mywic3RhdHVzIjotMSwibWV0YURhdGEiOiJ7XCJjdXJyZW5jeVwiOlwiXCIsXCJ1bml0c1wiOjcwMDAwMCxcInByaWNlXCI6MzAwMDAwLFwiY29uc2lkZXJhdGlvblwiOjIxMDAwMDAsXCJyZWZcIjpcIlwiLFwiYXNzZXRJU0lOXCI6XCJPbGxpZVRlc3Q0XCIsXCJyZWdpc3RyYXJcIjpcIkxvbl8wMDYgTWdtdCBDb3lcIixcImZlZVBlcmNlbnRcIjowLFwiaW52ZXN0b3JJZFwiOjExLFwiaW52ZXN0b3JXYWxsZXRJZFwiOjQsXCJpbnZlc3RvcldhbGxldE5hbWVcIjpcIkludmVzdG9yXCIsXCJpbnZlc3RvcldhbGxldENvbW11UHViXCI6XCJEV2hNMG9IUjF2dDIwb1lWVk80K21wN283VlRUaDRzVzY1UHFkczJZVkNFPVwiLFwiaW52ZXN0b3JXYWxsZXRBZGRyXCI6XCIxUDREWmMzUFBrOGhkSkhxbld4ZTlQQkUyNjV5dWYycWZzXCIsXCJpbnZlc3RvcldhbGxldEJhbmtJRFwiOjAsXCJpbnZlc3RvcldhbGxldEJhbmtDb21tdVB1YlwiOlwiXCIsXCJpbnZlc3RvclN1YlBvcnRmb2xpb1wiOlwiVGVzdFN1YlwiLFwiaWJhblwiOlwiSUJBTlwifSIsImFzc2V0IjoiT2xsaWVUZXN0NHxPbGxpZVRlc3Q0IiwiY3V0b2ZmRGF0ZSI6IjIwMTctMTEtMjEgMDA6MDA6MDAiLCJkZWxpdmVyeURhdGUiOiIyMDE3LTExLTIxIDAwOjAwOjAwIiwidmFsdWF0aW9uRGF0ZSI6IjIwMTctMTEtMjEgMDA6MDA6MDAiLCJwYXJ0eVR5cGUiOjEsImlzQWR2aXNvciI6MCwiYWR2aXNvckFjY291bnROYW1lIjpudWxsLCJhZHZpc29yQWNjb3VudElEIjpudWxsLCJ0b3RhbCI6MjcsImludmVzdEJ5IjowLCJxdWFudGl0eSI6NzAwMDAwLCJBbW91bnRXaXRoQ29zdCI6MCwiZmVlUGVyY2VudCI6MCwicGxhdEZvcm1GZWUiOjB9LHsiU3RhdHVzIjoiT0siLCJhcnJhbmdlbWVudElEIjo1LCJjcmVhdG9ySUQiOjQsInByaWNlIjoyMzUwMDAsInR5cGUiOjMsInN0YXR1cyI6LTEsIm1ldGFEYXRhIjoie1wiY3VycmVuY3lcIjpcIlwiLFwidW5pdHNcIjozMDAwMDAsXCJwcmljZVwiOjIzNTAwMCxcImNvbnNpZGVyYXRpb25cIjo3MDAwMDAsXCJyZWZcIjpcIlwiLFwiYXNzZXRJU0lOXCI6XCJPbGxpZVRlc3Q0XCIsXCJyZWdpc3RyYXJcIjpcIkxvbl8wMDYgTWdtdCBDb3lcIixcImZlZVBlcmNlbnRcIjowLFwiaW52ZXN0b3JJZFwiOjExLFwiaW52ZXN0b3JXYWxsZXRJZFwiOjQsXCJpbnZlc3RvcldhbGxldE5hbWVcIjpcIkludmVzdG9yXCIsXCJpbnZlc3RvcldhbGxldENvbW11UHViXCI6XCJEV2hNMG9IUjF2dDIwb1lWVk80K21wN283VlRUaDRzVzY1UHFkczJZVkNFPVwiLFwiaW52ZXN0b3JXYWxsZXRBZGRyXCI6XCIxUDREWmMzUFBrOGhkSkhxbld4ZTlQQkUyNjV5dWYycWZzXCIsXCJpbnZlc3RvcldhbGxldEJhbmtJRFwiOjAsXCJpbnZlc3RvcldhbGxldEJhbmtDb21tdVB1YlwiOlwiXCIsXCJpbnZlc3RvclN1YlBvcnRmb2xpb1wiOlwiVGVzdFN1YlwiLFwiaWJhblwiOlwiSUJBTlwifSIsImFzc2V0IjoiT2xsaWVUZXN0NHxPbGxpZVRlc3Q0IiwiY3V0b2ZmRGF0ZSI6IjIwMTctMTEtMjEgMDA6MDA6MDAiLCJkZWxpdmVyeURhdGUiOiIyMDE3LTExLTIxIDAwOjAwOjAwIiwidmFsdWF0aW9uRGF0ZSI6IjIwMTctMTEtMjEgMDA6MDA6MDAiLCJwYXJ0eVR5cGUiOjEsImlzQWR2aXNvciI6MCwiYWR2aXNvckFjY291bnROYW1lIjpudWxsLCJhZHZpc29yQWNjb3VudElEIjpudWxsLCJ0b3RhbCI6MjcsImludmVzdEJ5IjowLCJxdWFudGl0eSI6MzAwMDAwLCJBbW91bnRXaXRoQ29zdCI6MCwiZmVlUGVyY2VudCI6MCwicGxhdEZvcm1GZWUiOjB9LHsiU3RhdHVzIjoiT0siLCJhcnJhbmdlbWVudElEIjo2LCJjcmVhdG9ySUQiOjQsInByaWNlIjo1NjAwMDAsInR5cGUiOjMsInN0YXR1cyI6LTEsIm1ldGFEYXRhIjoie1wiY3VycmVuY3lcIjpcIlwiLFwidW5pdHNcIjo2MDAwMDAsXCJwcmljZVwiOjU2MDAwMCxcImNvbnNpZGVyYXRpb25cIjozMzAwMDAwLFwicmVmXCI6XCJcIixcImFzc2V0SVNJTlwiOlwiNDI1OFwiLFwicmVnaXN0cmFyXCI6XCJMb25fMDA2IE1nbXQgQ295XCIsXCJmZWVQZXJjZW50XCI6MCxcImludmVzdG9ySWRcIjoxMSxcImludmVzdG9yV2FsbGV0SWRcIjo0LFwiaW52ZXN0b3JXYWxsZXROYW1lXCI6XCJJbnZlc3RvclwiLFwiaW52ZXN0b3JXYWxsZXRDb21tdVB1YlwiOlwiRFdoTTBvSFIxdnQyMG9ZVlZPNCttcDdvN1ZUVGg0c1c2NVBxZHMyWVZDRT1cIixcImludmVzdG9yV2FsbGV0QWRkclwiOlwiMVA0RFpjM1BQazhoZEpIcW5XeGU5UEJFMjY1eXVmMnFmc1wiLFwiaW52ZXN0b3JXYWxsZXRCYW5rSURcIjowLFwiaW52ZXN0b3JXYWxsZXRCYW5rQ29tbXVQdWJcIjpcIlwiLFwiaW52ZXN0b3JTdWJQb3J0Zm9saW9cIjpcIlRlc3RTdWJcIixcImliYW5cIjpcIklCQU5cIn0iLCJhc3NldCI6IjQyNTh8VGVzdCBTaGFyZSA4IiwiY3V0b2ZmRGF0ZSI6IjIwMTctMTEtMjEgMDA6MDA6MDAiLCJkZWxpdmVyeURhdGUiOiIyMDE3LTExLTIxIDAwOjAwOjAwIiwidmFsdWF0aW9uRGF0ZSI6IjIwMTctMTEtMjEgMDA6MDA6MDAiLCJwYXJ0eVR5cGUiOjEsImlzQWR2aXNvciI6MCwiYWR2aXNvckFjY291bnROYW1lIjpudWxsLCJhZHZpc29yQWNjb3VudElEIjpudWxsLCJ0b3RhbCI6MjcsImludmVzdEJ5IjowLCJxdWFudGl0eSI6NjAwMDAwLCJBbW91bnRXaXRoQ29zdCI6MCwiZmVlUGVyY2VudCI6MCwicGxhdEZvcm1GZWUiOjB9LHsiU3RhdHVzIjoiT0siLCJhcnJhbmdlbWVudElEIjo3LCJjcmVhdG9ySUQiOjQsInByaWNlIjo2MzAwMDAsInR5cGUiOjMsInN0YXR1cyI6LTEsIm1ldGFEYXRhIjoie1wiY3VycmVuY3lcIjpcIlVTRFwiLFwidW5pdHNcIjoyMDAwMDAsXCJwcmljZVwiOjYzMDAwMCxcImNvbnNpZGVyYXRpb25cIjoxMjAwMDAwLFwicmVmXCI6XCJcIixcImFzc2V0SVNJTlwiOlwiNzg5Nzk4XCIsXCJyZWdpc3RyYXJcIjpcIkxvbl8wMDYgTWdtdCBDb3lcIixcImZlZVBlcmNlbnRcIjowLFwiaW52ZXN0b3JJZFwiOjExLFwiaW52ZXN0b3JXYWxsZXRJZFwiOjQsXCJpbnZlc3RvcldhbGxldE5hbWVcIjpcIkludmVzdG9yXCIsXCJpbnZlc3RvcldhbGxldENvbW11UHViXCI6XCJEV2hNMG9IUjF2dDIwb1lWVk80K21wN283VlRUaDRzVzY1UHFkczJZVkNFPVwiLFwiaW52ZXN0b3JXYWxsZXRBZGRyXCI6XCIxUDREWmMzUFBrOGhkSkhxbld4ZTlQQkUyNjV5dWYycWZzXCIsXCJpbnZlc3RvcldhbGxldEJhbmtJRFwiOjAsXCJpbnZlc3RvcldhbGxldEJhbmtDb21tdVB1YlwiOlwiXCIsXCJpbnZlc3RvclN1YlBvcnRmb2xpb1wiOlwiVGVzdFN1YlwiLFwiaWJhblwiOlwiSUJBTlwifSIsImFzc2V0IjoiNzg5Nzk4fFRlc3QgU2hhcmUgNyIsImN1dG9mZkRhdGUiOiIyMDE3LTExLTIxIDAwOjAwOjAwIiwiZGVsaXZlcnlEYXRlIjoiMjAxNy0xMS0yMSAwMDowMDowMCIsInZhbHVhdGlvbkRhdGUiOiIyMDE3LTExLTIxIDAwOjAwOjAwIiwicGFydHlUeXBlIjoxLCJpc0Fkdmlzb3IiOjAsImFkdmlzb3JBY2NvdW50TmFtZSI6bnVsbCwiYWR2aXNvckFjY291bnRJRCI6bnVsbCwidG90YWwiOjI3LCJpbnZlc3RCeSI6MCwicXVhbnRpdHkiOjIwMDAwMCwiQW1vdW50V2l0aENvc3QiOjAsImZlZVBlcmNlbnQiOjAsInBsYXRGb3JtRmVlIjowfSx7IlN0YXR1cyI6Ik9LIiwiYXJyYW5nZW1lbnRJRCI6OCwiY3JlYXRvcklEIjo0LCJwcmljZSI6NTYwMDAwLCJ0eXBlIjo0LCJzdGF0dXMiOi0xLCJtZXRhRGF0YSI6IntcImN1cnJlbmN5XCI6XCJcIixcInVuaXRzXCI6MjAwMDAwLFwicHJpY2VcIjo1NjAwMDAsXCJjb25zaWRlcmF0aW9uXCI6MTEwMDAwMCxcInJlZlwiOlwiXCIsXCJhc3NldElTSU5cIjpcIjQyNThcIixcInJlZ2lzdHJhclwiOlwiTG9uXzAwNiBNZ210IENveVwiLFwiZmVlUGVyY2VudFwiOjAsXCJpbnZlc3RvcklkXCI6MTEsXCJpbnZlc3RvcldhbGxldElkXCI6NCxcImludmVzdG9yV2FsbGV0TmFtZVwiOlwiSW52ZXN0b3JcIixcImludmVzdG9yV2FsbGV0Q29tbXVQdWJcIjpcIkRXaE0wb0hSMXZ0MjBvWVZWTzQrbXA3bzdWVFRoNHNXNjVQcWRzMllWQ0U9XCIsXCJpbnZlc3RvcldhbGxldEFkZHJcIjpcIjFQNERaYzNQUGs4aGRKSHFuV3hlOVBCRTI2NXl1ZjJxZnNcIixcImludmVzdG9yV2FsbGV0QmFua0lEXCI6MCxcImludmVzdG9yV2FsbGV0QmFua0NvbW11UHViXCI6XCJcIixcImludmVzdG9yU3ViUG9ydGZvbGlvXCI6XCJUZXN0U3ViXCIsXCJpYmFuXCI6XCJJQkFOXCJ9IiwiYXNzZXQiOiI0MjU4fFRlc3QgU2hhcmUgOCIsImN1dG9mZkRhdGUiOiIyMDE3LTExLTIxIDAwOjAwOjAwIiwiZGVsaXZlcnlEYXRlIjoiMjAxNy0xMS0yMSAwMDowMDowMCIsInZhbHVhdGlvbkRhdGUiOiIyMDE3LTExLTIxIDAwOjAwOjAwIiwicGFydHlUeXBlIjoxLCJpc0Fkdmlzb3IiOjAsImFkdmlzb3JBY2NvdW50TmFtZSI6bnVsbCwiYWR2aXNvckFjY291bnRJRCI6bnVsbCwidG90YWwiOjI3LCJpbnZlc3RCeSI6MCwicXVhbnRpdHkiOjIwMDAwMCwiQW1vdW50V2l0aENvc3QiOjAsImZlZVBlcmNlbnQiOjAsInBsYXRGb3JtRmVlIjowfSx7IlN0YXR1cyI6Ik9LIiwiYXJyYW5nZW1lbnRJRCI6OSwiY3JlYXRvcklEIjo0LCJwcmljZSI6NTM2MDAwLCJ0eXBlIjozLCJzdGF0dXMiOi0xLCJtZXRhRGF0YSI6IntcImN1cnJlbmN5XCI6XCJVU0RcIixcInVuaXRzXCI6MjAwMDAwLFwicHJpY2VcIjo1MzYwMDAsXCJjb25zaWRlcmF0aW9uXCI6MTAwMDAwMCxcInJlZlwiOlwiXCIsXCJhc3NldElTSU5cIjpcIjk5OTlcIixcInJlZ2lzdHJhclwiOlwiQmlsbFMgVGVzdGluZyBNZ210IENvMlwiLFwiZmVlUGVyY2VudFwiOjAsXCJpbnZlc3RvcklkXCI6MTEsXCJpbnZlc3RvcldhbGxldElkXCI6NCxcImludmVzdG9yV2FsbGV0TmFtZVwiOlwiSW52ZXN0b3JcIixcImludmVzdG9yV2FsbGV0Q29tbXVQdWJcIjpcIkRXaE0wb0hSMXZ0MjBvWVZWTzQrbXA3bzdWVFRoNHNXNjVQcWRzMllWQ0U9XCIsXCJpbnZlc3RvcldhbGxldEFkZHJcIjpcIjFQNERaYzNQUGs4aGRKSHFuV3hlOVBCRTI2NXl1ZjJxZnNcIixcImludmVzdG9yV2FsbGV0QmFua0lEXCI6MCxcImludmVzdG9yV2FsbGV0QmFua0NvbW11UHViXCI6XCJcIixcImludmVzdG9yU3ViUG9ydGZvbGlvXCI6XCJUZXN0U3ViXCIsXCJpYmFuXCI6XCJJQkFOXCJ9IiwiYXNzZXQiOiI5OTk5fFRlc3QgU2hhcmUgOSIsImN1dG9mZkRhdGUiOiIyMDE3LTExLTIxIDAwOjAwOjAwIiwiZGVsaXZlcnlEYXRlIjoiMjAxNy0xMS0yMSAwMDowMDowMCIsInZhbHVhdGlvbkRhdGUiOiIyMDE3LTExLTIxIDAwOjAwOjAwIiwicGFydHlUeXBlIjoxLCJpc0Fkdmlzb3IiOjAsImFkdmlzb3JBY2NvdW50TmFtZSI6bnVsbCwiYWR2aXNvckFjY291bnRJRCI6bnVsbCwidG90YWwiOjI3LCJpbnZlc3RCeSI6MCwicXVhbnRpdHkiOjIwMDAwMCwiQW1vdW50V2l0aENvc3QiOjAsImZlZVBlcmNlbnQiOjAsInBsYXRGb3JtRmVlIjowfSx7IlN0YXR1cyI6Ik9LIiwiYXJyYW5nZW1lbnRJRCI6MTAsImNyZWF0b3JJRCI6NCwicHJpY2UiOjUzNjAwMCwidHlwZSI6Mywic3RhdHVzIjotMSwibWV0YURhdGEiOiJ7XCJjdXJyZW5jeVwiOlwiVVNEXCIsXCJ1bml0c1wiOjIwMDAwMCxcInByaWNlXCI6NTM2MDAwLFwiY29uc2lkZXJhdGlvblwiOjEwMDAwMDAsXCJyZWZcIjpcIlwiLFwiYXNzZXRJU0lOXCI6XCI5OTk5XCIsXCJyZWdpc3RyYXJcIjpcIkJpbGxTIFRlc3RpbmcgTWdtdCBDbzJcIixcImZlZVBlcmNlbnRcIjowLFwiaW52ZXN0b3JJZFwiOjExLFwiaW52ZXN0b3JXYWxsZXRJZFwiOjQsXCJpbnZlc3RvcldhbGxldE5hbWVcIjpcIkludmVzdG9yXCIsXCJpbnZlc3RvcldhbGxldENvbW11UHViXCI6XCJEV2hNMG9IUjF2dDIwb1lWVk80K21wN283VlRUaDRzVzY1UHFkczJZVkNFPVwiLFwiaW52ZXN0b3JXYWxsZXRBZGRyXCI6XCIxUDREWmMzUFBrOGhkSkhxbld4ZTlQQkUyNjV5dWYycWZzXCIsXCJpbnZlc3RvcldhbGxldEJhbmtJRFwiOjAsXCJpbnZlc3RvcldhbGxldEJhbmtDb21tdVB1YlwiOlwiXCIsXCJpbnZlc3RvclN1YlBvcnRmb2xpb1wiOlwiVGVzdFN1YlwiLFwiaWJhblwiOlwiSUJBTlwifSIsImFzc2V0IjoiOTk5OXxUZXN0IFNoYXJlIDkiLCJjdXRvZmZEYXRlIjoiMjAxNy0xMS0yMSAwMDowMDowMCIsImRlbGl2ZXJ5RGF0ZSI6IjIwMTctMTEtMjEgMDA6MDA6MDAiLCJ2YWx1YXRpb25EYXRlIjoiMjAxNy0xMS0yMSAwMDowMDowMCIsInBhcnR5VHlwZSI6MSwiaXNBZHZpc29yIjowLCJhZHZpc29yQWNjb3VudE5hbWUiOm51bGwsImFkdmlzb3JBY2NvdW50SUQiOm51bGwsInRvdGFsIjoyNywiaW52ZXN0QnkiOjAsInF1YW50aXR5IjoyMDAwMDAsIkFtb3VudFdpdGhDb3N0IjowLCJmZWVQZXJjZW50IjowLCJwbGF0Rm9ybUZlZSI6MH1dfQ.zeOPdD2dGaQ03MmvVt-wt6lD8yn1ZKI3BhS8Fz6cups
eyJhbGciOiJIUzI1NiJ9.eyJyZXF1ZXN0aWQiOjEsIm1lc3NhZ2V0eXBlIjoiZGIiLCJzdGF0dXMiOiJPSyIsImRhdGEiOlt7IlN0YXR1cyI6Ik9LIiwiYXJyYW5nZW1lbnRJRCI6MjAsImNyZWF0b3JJRCI6NCwicHJpY2UiOm51bGwsInR5cGUiOjMsInN0YXR1cyI6MiwibWV0YURhdGEiOiJ7XCJjdXJyZW5jeVwiOlwiR0JQXCIsXCJ1bml0c1wiOjEwMDAwMCxcInByaWNlXCI6MTAwMDAwLFwiY29uc2lkZXJhdGlvblwiOjEwMDAwMCxcInJlZlwiOlwiXCIsXCJhc3NldElTSU5cIjpcIjEyMzFcIixcInJlZ2lzdHJhclwiOlwiTG9uXzAwNiBNZ210IENveVwiLFwiZmVlUGVyY2VudFwiOjAsXCJpbnZlc3RvcklkXCI6MTEsXCJpbnZlc3RvcldhbGxldElkXCI6NCxcImludmVzdG9yV2FsbGV0TmFtZVwiOlwiSW52ZXN0b3JcIixcImludmVzdG9yV2FsbGV0Q29tbXVQdWJcIjpcIkRXaE0wb0hSMXZ0MjBvWVZWTzQrbXA3bzdWVFRoNHNXNjVQcWRzMllWQ0U9XCIsXCJpbnZlc3RvcldhbGxldEFkZHJcIjpcIjFQNERaYzNQUGs4aGRKSHFuV3hlOVBCRTI2NXl1ZjJxZnNcIixcImludmVzdG9yV2FsbGV0QmFua0lEXCI6MCxcImludmVzdG9yV2FsbGV0QmFua0NvbW11UHViXCI6XCJcIixcImludmVzdG9yU3ViUG9ydGZvbGlvXCI6XCJUZXN0U3ViXCIsXCJpYmFuXCI6XCJJQkFOXCJ9IiwiYXNzZXQiOiIxMjMxfEJURjUiLCJjdXRvZmZEYXRlIjoiMjAxNy0xMS0yMyAwMDowMDowMCIsImRlbGl2ZXJ5RGF0ZSI6IjIwMTctMTItMDEgMDA6MDA6MDAiLCJ2YWx1YXRpb25EYXRlIjoiMjAxNy0xMS0wMyAwMDowMDowMCIsInBhcnR5VHlwZSI6MSwiaXNBZHZpc29yIjowLCJhZHZpc29yQWNjb3VudE5hbWUiOm51bGwsImFkdmlzb3JBY2NvdW50SUQiOm51bGwsInRvdGFsIjo2LCJpbnZlc3RCeSI6MCwicXVhbnRpdHkiOjEwMDAwMCwiQW1vdW50V2l0aENvc3QiOjAsImZlZVBlcmNlbnQiOjAsInBsYXRGb3JtRmVlIjowfSx7IlN0YXR1cyI6Ik9LIiwiYXJyYW5nZW1lbnRJRCI6MjEsImNyZWF0b3JJRCI6NCwicHJpY2UiOm51bGwsInR5cGUiOjMsInN0YXR1cyI6MiwibWV0YURhdGEiOiJ7XCJjdXJyZW5jeVwiOlwiR0JQXCIsXCJ1bml0c1wiOjEwMDAwMCxcInByaWNlXCI6MTAwMDAwLFwiY29uc2lkZXJhdGlvblwiOjEwMDAwMCxcInJlZlwiOlwiXCIsXCJhc3NldElTSU5cIjpcIjEyMzFcIixcInJlZ2lzdHJhclwiOlwiTG9uXzAwNiBNZ210IENveVwiLFwiZmVlUGVyY2VudFwiOjAsXCJpbnZlc3RvcklkXCI6MTEsXCJpbnZlc3RvcldhbGxldElkXCI6NCxcImludmVzdG9yV2FsbGV0TmFtZVwiOlwiSW52ZXN0b3JcIixcImludmVzdG9yV2FsbGV0Q29tbXVQdWJcIjpcIkRXaE0wb0hSMXZ0MjBvWVZWTzQrbXA3bzdWVFRoNHNXNjVQcWRzMllWQ0U9XCIsXCJpbnZlc3RvcldhbGxldEFkZHJcIjpcIjFQNERaYzNQUGs4aGRKSHFuV3hlOVBCRTI2NXl1ZjJxZnNcIixcImludmVzdG9yV2FsbGV0QmFua0lEXCI6MCxcImludmVzdG9yV2FsbGV0QmFua0NvbW11UHViXCI6XCJcIixcImludmVzdG9yU3ViUG9ydGZvbGlvXCI6XCJUZXN0U3ViXCIsXCJpYmFuXCI6XCJJQkFOXCJ9IiwiYXNzZXQiOiIxMjMxfEJURjUiLCJjdXRvZmZEYXRlIjoiMjAxNy0xMS0yMyAwMDowMDowMCIsImRlbGl2ZXJ5RGF0ZSI6IjIwMTctMTEtMDEgMDA6MDA6MDAiLCJ2YWx1YXRpb25EYXRlIjoiMjAxNy0xMS0wMyAwMDowMDowMCIsInBhcnR5VHlwZSI6MSwiaXNBZHZpc29yIjowLCJhZHZpc29yQWNjb3VudE5hbWUiOm51bGwsImFkdmlzb3JBY2NvdW50SUQiOm51bGwsInRvdGFsIjo2LCJpbnZlc3RCeSI6MCwicXVhbnRpdHkiOjEwMDAwMCwiQW1vdW50V2l0aENvc3QiOjAsImZlZVBlcmNlbnQiOjAsInBsYXRGb3JtRmVlIjowfSx7IlN0YXR1cyI6Ik9LIiwiYXJyYW5nZW1lbnRJRCI6MjIsImNyZWF0b3JJRCI6NCwicHJpY2UiOm51bGwsInR5cGUiOjMsInN0YXR1cyI6MiwibWV0YURhdGEiOiJ7XCJjdXJyZW5jeVwiOlwiR0JQXCIsXCJ1bml0c1wiOjEwMDAwMCxcInByaWNlXCI6MTAwMDAwLFwiY29uc2lkZXJhdGlvblwiOjEwMDAwMCxcInJlZlwiOlwiXCIsXCJhc3NldElTSU5cIjpcIjEyMzFcIixcInJlZ2lzdHJhclwiOlwiTG9uXzAwNiBNZ210IENveVwiLFwiZmVlUGVyY2VudFwiOjAsXCJpbnZlc3RvcklkXCI6MTEsXCJpbnZlc3RvcldhbGxldElkXCI6NCxcImludmVzdG9yV2FsbGV0TmFtZVwiOlwiSW52ZXN0b3JcIixcImludmVzdG9yV2FsbGV0Q29tbXVQdWJcIjpcIkRXaE0wb0hSMXZ0MjBvWVZWTzQrbXA3bzdWVFRoNHNXNjVQcWRzMllWQ0U9XCIsXCJpbnZlc3RvcldhbGxldEFkZHJcIjpcIjFQNERaYzNQUGs4aGRKSHFuV3hlOVBCRTI2NXl1ZjJxZnNcIixcImludmVzdG9yV2FsbGV0QmFua0lEXCI6MCxcImludmVzdG9yV2FsbGV0QmFua0NvbW11UHViXCI6XCJcIixcImludmVzdG9yU3ViUG9ydGZvbGlvXCI6XCJUZXN0U3ViXCIsXCJpYmFuXCI6XCJJQkFOXCJ9IiwiYXNzZXQiOiIxMjMxfEJURjUiLCJjdXRvZmZEYXRlIjoiMjAxNy0xMS0yMyAwMDowMDowMCIsImRlbGl2ZXJ5RGF0ZSI6IjIwMTctMTEtMTQgMDA6MDA6MDAiLCJ2YWx1YXRpb25EYXRlIjoiMjAxNy0xMS0wMyAwMDowMDowMCIsInBhcnR5VHlwZSI6MSwiaXNBZHZpc29yIjowLCJhZHZpc29yQWNjb3VudE5hbWUiOm51bGwsImFkdmlzb3JBY2NvdW50SUQiOm51bGwsInRvdGFsIjo2LCJpbnZlc3RCeSI6MCwicXVhbnRpdHkiOjEwMDAwMCwiQW1vdW50V2l0aENvc3QiOjAsImZlZVBlcmNlbnQiOjAsInBsYXRGb3JtRmVlIjowfSx7IlN0YXR1cyI6Ik9LIiwiYXJyYW5nZW1lbnRJRCI6MjMsImNyZWF0b3JJRCI6NCwicHJpY2UiOm51bGwsInR5cGUiOjMsInN0YXR1cyI6MiwibWV0YURhdGEiOiJ7XCJjdXJyZW5jeVwiOlwiR0JQXCIsXCJ1bml0c1wiOjEwMDAwMCxcInByaWNlXCI6MTAwMDAwLFwiY29uc2lkZXJhdGlvblwiOjEwMDAwMCxcInJlZlwiOlwiXCIsXCJhc3NldElTSU5cIjpcIjEyMzFcIixcInJlZ2lzdHJhclwiOlwiTG9uXzAwNiBNZ210IENveVwiLFwiZmVlUGVyY2VudFwiOjAsXCJpbnZlc3RvcklkXCI6MTEsXCJpbnZlc3RvcldhbGxldElkXCI6NCxcImludmVzdG9yV2FsbGV0TmFtZVwiOlwiSW52ZXN0b3JcIixcImludmVzdG9yV2FsbGV0Q29tbXVQdWJcIjpcIkRXaE0wb0hSMXZ0MjBvWVZWTzQrbXA3bzdWVFRoNHNXNjVQcWRzMllWQ0U9XCIsXCJpbnZlc3RvcldhbGxldEFkZHJcIjpcIjFQNERaYzNQUGs4aGRKSHFuV3hlOVBCRTI2NXl1ZjJxZnNcIixcImludmVzdG9yV2FsbGV0QmFua0lEXCI6MCxcImludmVzdG9yV2FsbGV0QmFua0NvbW11UHViXCI6XCJcIixcImludmVzdG9yU3ViUG9ydGZvbGlvXCI6XCJUZXN0U3ViXCIsXCJpYmFuXCI6XCJJQkFOXCJ9IiwiYXNzZXQiOiIxMjMxfEJURjUiLCJjdXRvZmZEYXRlIjoiMjAxNy0xMS0xNCAwMDowMDowMCIsImRlbGl2ZXJ5RGF0ZSI6IjIwMTctMTEtMTQgMDA6MDA6MDAiLCJ2YWx1YXRpb25EYXRlIjoiMjAxNy0xMS0wMyAwMDowMDowMCIsInBhcnR5VHlwZSI6MSwiaXNBZHZpc29yIjowLCJhZHZpc29yQWNjb3VudE5hbWUiOm51bGwsImFkdmlzb3JBY2NvdW50SUQiOm51bGwsInRvdGFsIjo2LCJpbnZlc3RCeSI6MCwicXVhbnRpdHkiOjEwMDAwMCwiQW1vdW50V2l0aENvc3QiOjAsImZlZVBlcmNlbnQiOjAsInBsYXRGb3JtRmVlIjowfSx7IlN0YXR1cyI6Ik9LIiwiYXJyYW5nZW1lbnRJRCI6MjUsImNyZWF0b3JJRCI6NCwicHJpY2UiOm51bGwsInR5cGUiOjMsInN0YXR1cyI6MiwibWV0YURhdGEiOiJ7XCJjdXJyZW5jeVwiOlwiVVNEXCIsXCJ1bml0c1wiOjEwMDAwMCxcInByaWNlXCI6NzAwMDAwLFwiY29uc2lkZXJhdGlvblwiOjcwMDAwMCxcInJlZlwiOlwiXCIsXCJhc3NldElTSU5cIjpcIjc4OTc5OFwiLFwicmVnaXN0cmFyXCI6XCJMb25fMDA2IE1nbXQgQ295XCIsXCJmZWVQZXJjZW50XCI6MCxcImludmVzdG9ySWRcIjoxMSxcImludmVzdG9yV2FsbGV0SWRcIjo0LFwiaW52ZXN0b3JXYWxsZXROYW1lXCI6XCJJbnZlc3RvclwiLFwiaW52ZXN0b3JXYWxsZXRDb21tdVB1YlwiOlwiRFdoTTBvSFIxdnQyMG9ZVlZPNCttcDdvN1ZUVGg0c1c2NVBxZHMyWVZDRT1cIixcImludmVzdG9yV2FsbGV0QWRkclwiOlwiMVA0RFpjM1BQazhoZEpIcW5XeGU5UEJFMjY1eXVmMnFmc1wiLFwiaW52ZXN0b3JXYWxsZXRCYW5rSURcIjowLFwiaW52ZXN0b3JXYWxsZXRCYW5rQ29tbXVQdWJcIjpcIlwiLFwiaW52ZXN0b3JTdWJQb3J0Zm9saW9cIjpcIlRlc3RTdWJcIixcImliYW5cIjpcIklCQU5cIn0iLCJhc3NldCI6Ijc4OTc5OHxUZXN0IFNoYXJlIDciLCJjdXRvZmZEYXRlIjoiMjAxNy0xMS0wOCAwMDowMDowMCIsImRlbGl2ZXJ5RGF0ZSI6IjIwMTctMTEtMDggMDA6MDA6MDAiLCJ2YWx1YXRpb25EYXRlIjoiMjAxNy0xMS0wOCAwMDowMDowMCIsInBhcnR5VHlwZSI6MSwiaXNBZHZpc29yIjowLCJhZHZpc29yQWNjb3VudE5hbWUiOm51bGwsImFkdmlzb3JBY2NvdW50SUQiOm51bGwsInRvdGFsIjo2LCJpbnZlc3RCeSI6MCwicXVhbnRpdHkiOjEwMDAwMCwiQW1vdW50V2l0aENvc3QiOjAsImZlZVBlcmNlbnQiOjAsInBsYXRGb3JtRmVlIjowfSx7IlN0YXR1cyI6Ik9LIiwiYXJyYW5nZW1lbnRJRCI6MjcsImNyZWF0b3JJRCI6NCwicHJpY2UiOm51bGwsInR5cGUiOjMsInN0YXR1cyI6MiwibWV0YURhdGEiOiJ7XCJjdXJyZW5jeVwiOlwiR0JQXCIsXCJ1bml0c1wiOjEwMDAwMCxcInByaWNlXCI6NTAwMDAwLFwiY29uc2lkZXJhdGlvblwiOjUwMDAwMCxcInJlZlwiOlwiXCIsXCJhc3NldElTSU5cIjpcIjU0NjU0NlwiLFwicmVnaXN0cmFyXCI6XCJMb25fMDA2IE1nbXQgQ295XCIsXCJmZWVQZXJjZW50XCI6MCxcImludmVzdG9ySWRcIjoxMSxcImludmVzdG9yV2FsbGV0SWRcIjo0LFwiaW52ZXN0b3JXYWxsZXROYW1lXCI6XCJJbnZlc3RvclwiLFwiaW52ZXN0b3JXYWxsZXRDb21tdVB1YlwiOlwiRFdoTTBvSFIxdnQyMG9ZVlZPNCttcDdvN1ZUVGg0c1c2NVBxZHMyWVZDRT1cIixcImludmVzdG9yV2FsbGV0QWRkclwiOlwiMVA0RFpjM1BQazhoZEpIcW5XeGU5UEJFMjY1eXVmMnFmc1wiLFwiaW52ZXN0b3JXYWxsZXRCYW5rSURcIjowLFwiaW52ZXN0b3JXYWxsZXRCYW5rQ29tbXVQdWJcIjpcIlwiLFwiaW52ZXN0b3JTdWJQb3J0Zm9saW9cIjpcIlRlc3RTdWJcIixcImliYW5cIjpcIklCQU5cIn0iLCJhc3NldCI6IjU0NjU0NnxCaWxscyBUZXN0IHNoYXJlIDEyIiwiY3V0b2ZmRGF0ZSI6IjIwMTctMTEtMjcgMDE6MDA6MDAiLCJkZWxpdmVyeURhdGUiOiIyMDE3LTEyLTA2IDAwOjAwOjAwIiwidmFsdWF0aW9uRGF0ZSI6IjIwMTctMTItMDEgMDA6MDA6MDAiLCJwYXJ0eVR5cGUiOjEsImlzQWR2aXNvciI6MCwiYWR2aXNvckFjY291bnROYW1lIjpudWxsLCJhZHZpc29yQWNjb3VudElEIjpudWxsLCJ0b3RhbCI6NiwiaW52ZXN0QnkiOjAsInF1YW50aXR5IjoxMDAwMDAsIkFtb3VudFdpdGhDb3N0IjowLCJmZWVQZXJjZW50IjowLCJwbGF0Rm9ybUZlZSI6MH1dfQ.wDkXZB39weqWymDnhaHXJhmlk3GYdU_OdgxmUH9kn5k
eyJhbGciOiJIUzI1NiJ9.eyJyZXF1ZXN0aWQiOjEsIm1lc3NhZ2V0eXBlIjoiZGIiLCJzdGF0dXMiOiJPSyIsImRhdGEiOlt7IlN0YXR1cyI6Ik9LIiwiYXJyYW5nZW1lbnRJRCI6MSwiY3JlYXRvcklEIjo0LCJwcmljZSI6MCwidHlwZSI6Mywic3RhdHVzIjowLCJtZXRhRGF0YSI6IntcImN1cnJlbmN5XCI6XCJHQlBcIixcInVuaXRzXCI6MTAwMDAwLFwicHJpY2VcIjo2MDAwMDAsXCJjb25zaWRlcmF0aW9uXCI6NjAwMDAwLFwicmVmXCI6XCJcIixcImFzc2V0SVNJTlwiOlwiMTIzMVwiLFwicmVnaXN0cmFyXCI6XCJMb25fMDA2IE1nbXQgQ295XCIsXCJmZWVQZXJjZW50XCI6MCxcImludmVzdG9ySWRcIjoxMSxcImludmVzdG9yV2FsbGV0SWRcIjo0LFwiaW52ZXN0b3JXYWxsZXROYW1lXCI6XCJJbnZlc3RvclwiLFwiaW52ZXN0b3JXYWxsZXRDb21tdVB1YlwiOlwiRFdoTTBvSFIxdnQyMG9ZVlZPNCttcDdvN1ZUVGg0c1c2NVBxZHMyWVZDRT1cIixcImludmVzdG9yV2FsbGV0QWRkclwiOlwiMVA0RFpjM1BQazhoZEpIcW5XeGU5UEJFMjY1eXVmMnFmc1wiLFwiaW52ZXN0b3JXYWxsZXRCYW5rSURcIjowLFwiaW52ZXN0b3JXYWxsZXRCYW5rQ29tbXVQdWJcIjpcIlwiLFwiaW52ZXN0b3JTdWJQb3J0Zm9saW9cIjpcIlRlc3RTdWJcIixcImliYW5cIjpcIklCQU5cIn0iLCJhc3NldCI6IjEyMzF8QlRGNSIsImN1dG9mZkRhdGUiOiIyMDE3LTExLTI2IDAwOjAwOjAwIiwiZGVsaXZlcnlEYXRlIjoiMjAxNy0xMi0wMSAwMDowMDowMCIsInZhbHVhdGlvbkRhdGUiOiIyMDE3LTEyLTAxIDAwOjAwOjAwIiwicGFydHlUeXBlIjoyLCJpc0Fkdmlzb3IiOjAsImFkdmlzb3JBY2NvdW50TmFtZSI6bnVsbCwiYWR2aXNvckFjY291bnRJRCI6bnVsbCwidG90YWwiOjEwLCJpbnZlc3RCeSI6MCwicXVhbnRpdHkiOjEwMDAwMCwiQW1vdW50V2l0aENvc3QiOjAsImZlZVBlcmNlbnQiOjAsInBsYXRGb3JtRmVlIjowfSx7IlN0YXR1cyI6Ik9LIiwiYXJyYW5nZW1lbnRJRCI6MiwiY3JlYXRvcklEIjo0LCJwcmljZSI6MTAwMDAwMCwidHlwZSI6Mywic3RhdHVzIjotMSwibWV0YURhdGEiOiJ7XCJjdXJyZW5jeVwiOlwiR0JQXCIsXCJ1bml0c1wiOjEwMDAwMCxcInByaWNlXCI6NjAwMDAwLFwiY29uc2lkZXJhdGlvblwiOjYwMDAwMCxcInJlZlwiOlwiXCIsXCJhc3NldElTSU5cIjpcIjEyMzFcIixcInJlZ2lzdHJhclwiOlwiTG9uXzAwNiBNZ210IENveVwiLFwiZmVlUGVyY2VudFwiOjAsXCJpbnZlc3RvcklkXCI6MTEsXCJpbnZlc3RvcldhbGxldElkXCI6NCxcImludmVzdG9yV2FsbGV0TmFtZVwiOlwiSW52ZXN0b3JcIixcImludmVzdG9yV2FsbGV0Q29tbXVQdWJcIjpcIkRXaE0wb0hSMXZ0MjBvWVZWTzQrbXA3bzdWVFRoNHNXNjVQcWRzMllWQ0U9XCIsXCJpbnZlc3RvcldhbGxldEFkZHJcIjpcIjFQNERaYzNQUGs4aGRKSHFuV3hlOVBCRTI2NXl1ZjJxZnNcIixcImludmVzdG9yV2FsbGV0QmFua0lEXCI6MCxcImludmVzdG9yV2FsbGV0QmFua0NvbW11UHViXCI6XCJcIixcImludmVzdG9yU3ViUG9ydGZvbGlvXCI6XCJUZXN0U3ViXCIsXCJpYmFuXCI6XCJJQkFOXCJ9IiwiYXNzZXQiOiIxMjMxfEJURjUiLCJjdXRvZmZEYXRlIjoiMjAxNy0xMS0yMSAwMDowMDowMCIsImRlbGl2ZXJ5RGF0ZSI6IjIwMTctMTEtMjEgMTA6NTE6MDAiLCJ2YWx1YXRpb25EYXRlIjoiMjAxNy0xMS0yMSAwMDowMDowMCIsInBhcnR5VHlwZSI6MiwiaXNBZHZpc29yIjowLCJhZHZpc29yQWNjb3VudE5hbWUiOm51bGwsImFkdmlzb3JBY2NvdW50SUQiOm51bGwsInRvdGFsIjoxMCwiaW52ZXN0QnkiOjAsInF1YW50aXR5IjoxMDAwMDAsIkFtb3VudFdpdGhDb3N0IjowLCJmZWVQZXJjZW50IjowLCJwbGF0Rm9ybUZlZSI6MH0seyJTdGF0dXMiOiJPSyIsImFycmFuZ2VtZW50SUQiOjMsImNyZWF0b3JJRCI6NCwicHJpY2UiOjEwMDAwMDAsInR5cGUiOjMsInN0YXR1cyI6LTEsIm1ldGFEYXRhIjoie1wiY3VycmVuY3lcIjpcIkdCUFwiLFwidW5pdHNcIjoxMDAwMDAsXCJwcmljZVwiOjEwMDAwMDAsXCJjb25zaWRlcmF0aW9uXCI6MTAwMDAwMCxcInJlZlwiOlwiXCIsXCJhc3NldElTSU5cIjpcIjEyMzFcIixcInJlZ2lzdHJhclwiOlwiTG9uXzAwNiBNZ210IENveVwiLFwiZmVlUGVyY2VudFwiOjAsXCJpbnZlc3RvcklkXCI6MTEsXCJpbnZlc3RvcldhbGxldElkXCI6NCxcImludmVzdG9yV2FsbGV0TmFtZVwiOlwiSW52ZXN0b3JcIixcImludmVzdG9yV2FsbGV0Q29tbXVQdWJcIjpcIkRXaE0wb0hSMXZ0MjBvWVZWTzQrbXA3bzdWVFRoNHNXNjVQcWRzMllWQ0U9XCIsXCJpbnZlc3RvcldhbGxldEFkZHJcIjpcIjFQNERaYzNQUGs4aGRKSHFuV3hlOVBCRTI2NXl1ZjJxZnNcIixcImludmVzdG9yV2FsbGV0QmFua0lEXCI6MCxcImludmVzdG9yV2FsbGV0QmFua0NvbW11UHViXCI6XCJcIixcImludmVzdG9yU3ViUG9ydGZvbGlvXCI6XCJUZXN0U3ViXCIsXCJpYmFuXCI6XCJJQkFOXCJ9IiwiYXNzZXQiOiIxMjMxfEJURjUiLCJjdXRvZmZEYXRlIjoiMjAxNy0xMS0yMSAwMDowMDowMCIsImRlbGl2ZXJ5RGF0ZSI6IjIwMTctMTEtMjEgMDA6MDA6MDAiLCJ2YWx1YXRpb25EYXRlIjoiMjAxNy0xMS0yMSAwMDowMDowMCIsInBhcnR5VHlwZSI6MiwiaXNBZHZpc29yIjowLCJhZHZpc29yQWNjb3VudE5hbWUiOm51bGwsImFkdmlzb3JBY2NvdW50SUQiOm51bGwsInRvdGFsIjoxMCwiaW52ZXN0QnkiOjAsInF1YW50aXR5IjoxMDAwMDAsIkFtb3VudFdpdGhDb3N0IjowLCJmZWVQZXJjZW50IjowLCJwbGF0Rm9ybUZlZSI6MH0seyJTdGF0dXMiOiJPSyIsImFycmFuZ2VtZW50SUQiOjEyLCJjcmVhdG9ySUQiOjQsInByaWNlIjozMDAwMDAsInR5cGUiOjMsInN0YXR1cyI6LTEsIm1ldGFEYXRhIjoie1wiY3VycmVuY3lcIjpcIkdCUFwiLFwidW5pdHNcIjozMDAwMDAsXCJwcmljZVwiOjMwMDAwMCxcImNvbnNpZGVyYXRpb25cIjo5MDAwMDAsXCJyZWZcIjpcIlwiLFwiYXNzZXRJU0lOXCI6XCIxMjMxXCIsXCJyZWdpc3RyYXJcIjpcIkxvbl8wMDYgTWdtdCBDb3lcIixcImZlZVBlcmNlbnRcIjowLFwiaW52ZXN0b3JJZFwiOjExLFwiaW52ZXN0b3JXYWxsZXRJZFwiOjQsXCJpbnZlc3RvcldhbGxldE5hbWVcIjpcIkludmVzdG9yXCIsXCJpbnZlc3RvcldhbGxldENvbW11UHViXCI6XCJEV2hNMG9IUjF2dDIwb1lWVk80K21wN283VlRUaDRzVzY1UHFkczJZVkNFPVwiLFwiaW52ZXN0b3JXYWxsZXRBZGRyXCI6XCIxUDREWmMzUFBrOGhkSkhxbld4ZTlQQkUyNjV5dWYycWZzXCIsXCJpbnZlc3RvcldhbGxldEJhbmtJRFwiOjAsXCJpbnZlc3RvcldhbGxldEJhbmtDb21tdVB1YlwiOlwiXCIsXCJpbnZlc3RvclN1YlBvcnRmb2xpb1wiOlwiVGVzdFN1YlwiLFwiaWJhblwiOlwiSUJBTlwifSIsImFzc2V0IjoiMTIzMXxCVEY1IiwiY3V0b2ZmRGF0ZSI6IjIwMTctMTEtMjIgMDA6MDA6MDAiLCJkZWxpdmVyeURhdGUiOiIyMDE3LTExLTIyIDAwOjAwOjAwIiwidmFsdWF0aW9uRGF0ZSI6IjIwMTctMTEtMjIgMDA6MDA6MDAiLCJwYXJ0eVR5cGUiOjIsImlzQWR2aXNvciI6MCwiYWR2aXNvckFjY291bnROYW1lIjpudWxsLCJhZHZpc29yQWNjb3VudElEIjpudWxsLCJ0b3RhbCI6MTAsImludmVzdEJ5IjowLCJxdWFudGl0eSI6MzAwMDAwLCJBbW91bnRXaXRoQ29zdCI6MCwiZmVlUGVyY2VudCI6MCwicGxhdEZvcm1GZWUiOjB9LHsiU3RhdHVzIjoiT0siLCJhcnJhbmdlbWVudElEIjoyMCwiY3JlYXRvcklEIjo0LCJwcmljZSI6bnVsbCwidHlwZSI6Mywic3RhdHVzIjoyLCJtZXRhRGF0YSI6IntcImN1cnJlbmN5XCI6XCJHQlBcIixcInVuaXRzXCI6MTAwMDAwLFwicHJpY2VcIjoxMDAwMDAsXCJjb25zaWRlcmF0aW9uXCI6MTAwMDAwLFwicmVmXCI6XCJcIixcImFzc2V0SVNJTlwiOlwiMTIzMVwiLFwicmVnaXN0cmFyXCI6XCJMb25fMDA2IE1nbXQgQ295XCIsXCJmZWVQZXJjZW50XCI6MCxcImludmVzdG9ySWRcIjoxMSxcImludmVzdG9yV2FsbGV0SWRcIjo0LFwiaW52ZXN0b3JXYWxsZXROYW1lXCI6XCJJbnZlc3RvclwiLFwiaW52ZXN0b3JXYWxsZXRDb21tdVB1YlwiOlwiRFdoTTBvSFIxdnQyMG9ZVlZPNCttcDdvN1ZUVGg0c1c2NVBxZHMyWVZDRT1cIixcImludmVzdG9yV2FsbGV0QWRkclwiOlwiMVA0RFpjM1BQazhoZEpIcW5XeGU5UEJFMjY1eXVmMnFmc1wiLFwiaW52ZXN0b3JXYWxsZXRCYW5rSURcIjowLFwiaW52ZXN0b3JXYWxsZXRCYW5rQ29tbXVQdWJcIjpcIlwiLFwiaW52ZXN0b3JTdWJQb3J0Zm9saW9cIjpcIlRlc3RTdWJcIixcImliYW5cIjpcIklCQU5cIn0iLCJhc3NldCI6IjEyMzF8QlRGNSIsImN1dG9mZkRhdGUiOiIyMDE3LTExLTIzIDAwOjAwOjAwIiwiZGVsaXZlcnlEYXRlIjoiMjAxNy0xMi0wMSAwMDowMDowMCIsInZhbHVhdGlvbkRhdGUiOiIyMDE3LTExLTAzIDAwOjAwOjAwIiwicGFydHlUeXBlIjoyLCJpc0Fkdmlzb3IiOjAsImFkdmlzb3JBY2NvdW50TmFtZSI6bnVsbCwiYWR2aXNvckFjY291bnRJRCI6bnVsbCwidG90YWwiOjEwLCJpbnZlc3RCeSI6MCwicXVhbnRpdHkiOjEwMDAwMCwiQW1vdW50V2l0aENvc3QiOjAsImZlZVBlcmNlbnQiOjAsInBsYXRGb3JtRmVlIjowfSx7IlN0YXR1cyI6Ik9LIiwiYXJyYW5nZW1lbnRJRCI6MjEsImNyZWF0b3JJRCI6NCwicHJpY2UiOm51bGwsInR5cGUiOjMsInN0YXR1cyI6MiwibWV0YURhdGEiOiJ7XCJjdXJyZW5jeVwiOlwiR0JQXCIsXCJ1bml0c1wiOjEwMDAwMCxcInByaWNlXCI6MTAwMDAwLFwiY29uc2lkZXJhdGlvblwiOjEwMDAwMCxcInJlZlwiOlwiXCIsXCJhc3NldElTSU5cIjpcIjEyMzFcIixcInJlZ2lzdHJhclwiOlwiTG9uXzAwNiBNZ210IENveVwiLFwiZmVlUGVyY2VudFwiOjAsXCJpbnZlc3RvcklkXCI6MTEsXCJpbnZlc3RvcldhbGxldElkXCI6NCxcImludmVzdG9yV2FsbGV0TmFtZVwiOlwiSW52ZXN0b3JcIixcImludmVzdG9yV2FsbGV0Q29tbXVQdWJcIjpcIkRXaE0wb0hSMXZ0MjBvWVZWTzQrbXA3bzdWVFRoNHNXNjVQcWRzMllWQ0U9XCIsXCJpbnZlc3RvcldhbGxldEFkZHJcIjpcIjFQNERaYzNQUGs4aGRKSHFuV3hlOVBCRTI2NXl1ZjJxZnNcIixcImludmVzdG9yV2FsbGV0QmFua0lEXCI6MCxcImludmVzdG9yV2FsbGV0QmFua0NvbW11UHViXCI6XCJcIixcImludmVzdG9yU3ViUG9ydGZvbGlvXCI6XCJUZXN0U3ViXCIsXCJpYmFuXCI6XCJJQkFOXCJ9IiwiYXNzZXQiOiIxMjMxfEJURjUiLCJjdXRvZmZEYXRlIjoiMjAxNy0xMS0yMyAwMDowMDowMCIsImRlbGl2ZXJ5RGF0ZSI6IjIwMTctMTEtMDEgMDA6MDA6MDAiLCJ2YWx1YXRpb25EYXRlIjoiMjAxNy0xMS0wMyAwMDowMDowMCIsInBhcnR5VHlwZSI6MiwiaXNBZHZpc29yIjowLCJhZHZpc29yQWNjb3VudE5hbWUiOm51bGwsImFkdmlzb3JBY2NvdW50SUQiOm51bGwsInRvdGFsIjoxMCwiaW52ZXN0QnkiOjAsInF1YW50aXR5IjoxMDAwMDAsIkFtb3VudFdpdGhDb3N0IjowLCJmZWVQZXJjZW50IjowLCJwbGF0Rm9ybUZlZSI6MH0seyJTdGF0dXMiOiJPSyIsImFycmFuZ2VtZW50SUQiOjIyLCJjcmVhdG9ySUQiOjQsInByaWNlIjpudWxsLCJ0eXBlIjozLCJzdGF0dXMiOjIsIm1ldGFEYXRhIjoie1wiY3VycmVuY3lcIjpcIkdCUFwiLFwidW5pdHNcIjoxMDAwMDAsXCJwcmljZVwiOjEwMDAwMCxcImNvbnNpZGVyYXRpb25cIjoxMDAwMDAsXCJyZWZcIjpcIlwiLFwiYXNzZXRJU0lOXCI6XCIxMjMxXCIsXCJyZWdpc3RyYXJcIjpcIkxvbl8wMDYgTWdtdCBDb3lcIixcImZlZVBlcmNlbnRcIjowLFwiaW52ZXN0b3JJZFwiOjExLFwiaW52ZXN0b3JXYWxsZXRJZFwiOjQsXCJpbnZlc3RvcldhbGxldE5hbWVcIjpcIkludmVzdG9yXCIsXCJpbnZlc3RvcldhbGxldENvbW11UHViXCI6XCJEV2hNMG9IUjF2dDIwb1lWVk80K21wN283VlRUaDRzVzY1UHFkczJZVkNFPVwiLFwiaW52ZXN0b3JXYWxsZXRBZGRyXCI6XCIxUDREWmMzUFBrOGhkSkhxbld4ZTlQQkUyNjV5dWYycWZzXCIsXCJpbnZlc3RvcldhbGxldEJhbmtJRFwiOjAsXCJpbnZlc3RvcldhbGxldEJhbmtDb21tdVB1YlwiOlwiXCIsXCJpbnZlc3RvclN1YlBvcnRmb2xpb1wiOlwiVGVzdFN1YlwiLFwiaWJhblwiOlwiSUJBTlwifSIsImFzc2V0IjoiMTIzMXxCVEY1IiwiY3V0b2ZmRGF0ZSI6IjIwMTctMTEtMjMgMDA6MDA6MDAiLCJkZWxpdmVyeURhdGUiOiIyMDE3LTExLTE0IDAwOjAwOjAwIiwidmFsdWF0aW9uRGF0ZSI6IjIwMTctMTEtMDMgMDA6MDA6MDAiLCJwYXJ0eVR5cGUiOjIsImlzQWR2aXNvciI6MCwiYWR2aXNvckFjY291bnROYW1lIjpudWxsLCJhZHZpc29yQWNjb3VudElEIjpudWxsLCJ0b3RhbCI6MTAsImludmVzdEJ5IjowLCJxdWFudGl0eSI6MTAwMDAwLCJBbW91bnRXaXRoQ29zdCI6MCwiZmVlUGVyY2VudCI6MCwicGxhdEZvcm1GZWUiOjB9LHsiU3RhdHVzIjoiT0siLCJhcnJhbmdlbWVudElEIjoyMywiY3JlYXRvcklEIjo0LCJwcmljZSI6bnVsbCwidHlwZSI6Mywic3RhdHVzIjoyLCJtZXRhRGF0YSI6IntcImN1cnJlbmN5XCI6XCJHQlBcIixcInVuaXRzXCI6MTAwMDAwLFwicHJpY2VcIjoxMDAwMDAsXCJjb25zaWRlcmF0aW9uXCI6MTAwMDAwLFwicmVmXCI6XCJcIixcImFzc2V0SVNJTlwiOlwiMTIzMVwiLFwicmVnaXN0cmFyXCI6XCJMb25fMDA2IE1nbXQgQ295XCIsXCJmZWVQZXJjZW50XCI6MCxcImludmVzdG9ySWRcIjoxMSxcImludmVzdG9yV2FsbGV0SWRcIjo0LFwiaW52ZXN0b3JXYWxsZXROYW1lXCI6XCJJbnZlc3RvclwiLFwiaW52ZXN0b3JXYWxsZXRDb21tdVB1YlwiOlwiRFdoTTBvSFIxdnQyMG9ZVlZPNCttcDdvN1ZUVGg0c1c2NVBxZHMyWVZDRT1cIixcImludmVzdG9yV2FsbGV0QWRkclwiOlwiMVA0RFpjM1BQazhoZEpIcW5XeGU5UEJFMjY1eXVmMnFmc1wiLFwiaW52ZXN0b3JXYWxsZXRCYW5rSURcIjowLFwiaW52ZXN0b3JXYWxsZXRCYW5rQ29tbXVQdWJcIjpcIlwiLFwiaW52ZXN0b3JTdWJQb3J0Zm9saW9cIjpcIlRlc3RTdWJcIixcImliYW5cIjpcIklCQU5cIn0iLCJhc3NldCI6IjEyMzF8QlRGNSIsImN1dG9mZkRhdGUiOiIyMDE3LTExLTE0IDAwOjAwOjAwIiwiZGVsaXZlcnlEYXRlIjoiMjAxNy0xMS0xNCAwMDowMDowMCIsInZhbHVhdGlvbkRhdGUiOiIyMDE3LTExLTAzIDAwOjAwOjAwIiwicGFydHlUeXBlIjoyLCJpc0Fkdmlzb3IiOjAsImFkdmlzb3JBY2NvdW50TmFtZSI6bnVsbCwiYWR2aXNvckFjY291bnRJRCI6bnVsbCwidG90YWwiOjEwLCJpbnZlc3RCeSI6MCwicXVhbnRpdHkiOjEwMDAwMCwiQW1vdW50V2l0aENvc3QiOjAsImZlZVBlcmNlbnQiOjAsInBsYXRGb3JtRmVlIjowfSx7IlN0YXR1cyI6Ik9LIiwiYXJyYW5nZW1lbnRJRCI6MjQsImNyZWF0b3JJRCI6NCwicHJpY2UiOm51bGwsInR5cGUiOjMsInN0YXR1cyI6MSwibWV0YURhdGEiOiJ7XCJjdXJyZW5jeVwiOlwiR0JQXCIsXCJ1bml0c1wiOjEwMDAwMCxcInByaWNlXCI6MTAwMDAwLFwiY29uc2lkZXJhdGlvblwiOjEwMDAwMCxcInJlZlwiOlwiXCIsXCJhc3NldElTSU5cIjpcIjEyMzFcIixcInJlZ2lzdHJhclwiOlwiTG9uXzAwNiBNZ210IENveVwiLFwiZmVlUGVyY2VudFwiOjAsXCJpbnZlc3RvcklkXCI6MTEsXCJpbnZlc3RvcldhbGxldElkXCI6NCxcImludmVzdG9yV2FsbGV0TmFtZVwiOlwiSW52ZXN0b3JcIixcImludmVzdG9yV2FsbGV0Q29tbXVQdWJcIjpcIkRXaE0wb0hSMXZ0MjBvWVZWTzQrbXA3bzdWVFRoNHNXNjVQcWRzMllWQ0U9XCIsXCJpbnZlc3RvcldhbGxldEFkZHJcIjpcIjFQNERaYzNQUGs4aGRKSHFuV3hlOVBCRTI2NXl1ZjJxZnNcIixcImludmVzdG9yV2FsbGV0QmFua0lEXCI6MCxcImludmVzdG9yV2FsbGV0QmFua0NvbW11UHViXCI6XCJcIixcImludmVzdG9yU3ViUG9ydGZvbGlvXCI6XCJUZXN0U3ViXCIsXCJpYmFuXCI6XCJJQkFOXCJ9IiwiYXNzZXQiOiIxMjMxfEJURjUiLCJjdXRvZmZEYXRlIjoiMjAxNy0xMi0wNyAwMDowMDowMCIsImRlbGl2ZXJ5RGF0ZSI6IjIwMTctMTEtMTQgMDA6MDA6MDAiLCJ2YWx1YXRpb25EYXRlIjoiMjAxNy0xMi0wOCAwMDowMDowMCIsInBhcnR5VHlwZSI6MiwiaXNBZHZpc29yIjowLCJhZHZpc29yQWNjb3VudE5hbWUiOm51bGwsImFkdmlzb3JBY2NvdW50SUQiOm51bGwsInRvdGFsIjoxMCwiaW52ZXN0QnkiOjAsInF1YW50aXR5IjoxMDAwMDAsIkFtb3VudFdpdGhDb3N0IjowLCJmZWVQZXJjZW50IjowLCJwbGF0Rm9ybUZlZSI6MH0seyJTdGF0dXMiOiJPSyIsImFycmFuZ2VtZW50SUQiOjI2LCJjcmVhdG9ySUQiOjQsInByaWNlIjpudWxsLCJ0eXBlIjozLCJzdGF0dXMiOjEsIm1ldGFEYXRhIjoie1wiY3VycmVuY3lcIjpcIkdCUFwiLFwidW5pdHNcIjoxMDAwMDAsXCJwcmljZVwiOjEwMDAwMCxcImNvbnNpZGVyYXRpb25cIjoxMDAwMDAsXCJyZWZcIjpcIlwiLFwiYXNzZXRJU0lOXCI6XCIxMjMxXCIsXCJyZWdpc3RyYXJcIjpcIkxvbl8wMDYgTWdtdCBDb3lcIixcImZlZVBlcmNlbnRcIjowLFwiaW52ZXN0b3JJZFwiOjExLFwiaW52ZXN0b3JXYWxsZXRJZFwiOjQsXCJpbnZlc3RvcldhbGxldE5hbWVcIjpcIkludmVzdG9yXCIsXCJpbnZlc3RvcldhbGxldENvbW11UHViXCI6XCJEV2hNMG9IUjF2dDIwb1lWVk80K21wN283VlRUaDRzVzY1UHFkczJZVkNFPVwiLFwiaW52ZXN0b3JXYWxsZXRBZGRyXCI6XCIxUDREWmMzUFBrOGhkSkhxbld4ZTlQQkUyNjV5dWYycWZzXCIsXCJpbnZlc3RvcldhbGxldEJhbmtJRFwiOjAsXCJpbnZlc3RvcldhbGxldEJhbmtDb21tdVB1YlwiOlwiXCIsXCJpbnZlc3RvclN1YlBvcnRmb2xpb1wiOlwiVGVzdFN1YlwiLFwiaWJhblwiOlwiSUJBTlwifSIsImFzc2V0IjoiMTIzMXxCVEY1IiwiY3V0b2ZmRGF0ZSI6IjIwMTctMTItMTcgMDk6MzA6MDAiLCJkZWxpdmVyeURhdGUiOiIyMDE3LTEyLTE3IDAwOjAwOjAwIiwidmFsdWF0aW9uRGF0ZSI6IjIwMTctMTItMjIgMDA6MDA6MDAiLCJwYXJ0eVR5cGUiOjIsImlzQWR2aXNvciI6MCwiYWR2aXNvckFjY291bnROYW1lIjpudWxsLCJhZHZpc29yQWNjb3VudElEIjpudWxsLCJ0b3RhbCI6MTAsImludmVzdEJ5IjowLCJxdWFudGl0eSI6MTAwMDAwLCJBbW91bnRXaXRoQ29zdCI6MCwiZmVlUGVyY2VudCI6MCwicGxhdEZvcm1GZWUiOjB9XX0.q4s3Ss36NBs0IAxDTn6p7RK1O1_Sdta4VK6ZwWCP-RU
eyJhbGciOiJIUzI1NiJ9.eyJyZXF1ZXN0aWQiOjEsIm1lc3NhZ2V0eXBlIjoiZGIiLCJzdGF0dXMiOiJPSyIsImRhdGEiOlt7IlN0YXR1cyI6Ik9LIiwiYXJyYW5nZW1lbnRJRCI6MiwiY3JlYXRvcklEIjo0LCJwcmljZSI6MTAwMDAwMCwidHlwZSI6Mywic3RhdHVzIjotMSwibWV0YURhdGEiOiJ7XCJjdXJyZW5jeVwiOlwiR0JQXCIsXCJ1bml0c1wiOjEwMDAwMCxcInByaWNlXCI6NjAwMDAwLFwiY29uc2lkZXJhdGlvblwiOjYwMDAwMCxcInJlZlwiOlwiXCIsXCJhc3NldElTSU5cIjpcIjEyMzFcIixcInJlZ2lzdHJhclwiOlwiTG9uXzAwNiBNZ210IENveVwiLFwiZmVlUGVyY2VudFwiOjAsXCJpbnZlc3RvcklkXCI6MTEsXCJpbnZlc3RvcldhbGxldElkXCI6NCxcImludmVzdG9yV2FsbGV0TmFtZVwiOlwiSW52ZXN0b3JcIixcImludmVzdG9yV2FsbGV0Q29tbXVQdWJcIjpcIkRXaE0wb0hSMXZ0MjBvWVZWTzQrbXA3bzdWVFRoNHNXNjVQcWRzMllWQ0U9XCIsXCJpbnZlc3RvcldhbGxldEFkZHJcIjpcIjFQNERaYzNQUGs4aGRKSHFuV3hlOVBCRTI2NXl1ZjJxZnNcIixcImludmVzdG9yV2FsbGV0QmFua0lEXCI6MCxcImludmVzdG9yV2FsbGV0QmFua0NvbW11UHViXCI6XCJcIixcImludmVzdG9yU3ViUG9ydGZvbGlvXCI6XCJUZXN0U3ViXCIsXCJpYmFuXCI6XCJJQkFOXCJ9IiwiYXNzZXQiOiIxMjMxfEJURjUiLCJjdXRvZmZEYXRlIjoiMjAxNy0xMS0yMSAwMDowMDowMCIsImRlbGl2ZXJ5RGF0ZSI6IjIwMTctMTEtMjEgMTA6NTE6MDAiLCJ2YWx1YXRpb25EYXRlIjoiMjAxNy0xMS0yMSAwMDowMDowMCIsInBhcnR5VHlwZSI6MiwiaXNBZHZpc29yIjowLCJhZHZpc29yQWNjb3VudE5hbWUiOm51bGwsImFkdmlzb3JBY2NvdW50SUQiOm51bGwsInRvdGFsIjoxNywiaW52ZXN0QnkiOjAsInF1YW50aXR5IjoxMDAwMDAsIkFtb3VudFdpdGhDb3N0IjowLCJmZWVQZXJjZW50IjowLCJwbGF0Rm9ybUZlZSI6MH0seyJTdGF0dXMiOiJPSyIsImFycmFuZ2VtZW50SUQiOjMsImNyZWF0b3JJRCI6NCwicHJpY2UiOjEwMDAwMDAsInR5cGUiOjMsInN0YXR1cyI6LTEsIm1ldGFEYXRhIjoie1wiY3VycmVuY3lcIjpcIkdCUFwiLFwidW5pdHNcIjoxMDAwMDAsXCJwcmljZVwiOjEwMDAwMDAsXCJjb25zaWRlcmF0aW9uXCI6MTAwMDAwMCxcInJlZlwiOlwiXCIsXCJhc3NldElTSU5cIjpcIjEyMzFcIixcInJlZ2lzdHJhclwiOlwiTG9uXzAwNiBNZ210IENveVwiLFwiZmVlUGVyY2VudFwiOjAsXCJpbnZlc3RvcklkXCI6MTEsXCJpbnZlc3RvcldhbGxldElkXCI6NCxcImludmVzdG9yV2FsbGV0TmFtZVwiOlwiSW52ZXN0b3JcIixcImludmVzdG9yV2FsbGV0Q29tbXVQdWJcIjpcIkRXaE0wb0hSMXZ0MjBvWVZWTzQrbXA3bzdWVFRoNHNXNjVQcWRzMllWQ0U9XCIsXCJpbnZlc3RvcldhbGxldEFkZHJcIjpcIjFQNERaYzNQUGs4aGRKSHFuV3hlOVBCRTI2NXl1ZjJxZnNcIixcImludmVzdG9yV2FsbGV0QmFua0lEXCI6MCxcImludmVzdG9yV2FsbGV0QmFua0NvbW11UHViXCI6XCJcIixcImludmVzdG9yU3ViUG9ydGZvbGlvXCI6XCJUZXN0U3ViXCIsXCJpYmFuXCI6XCJJQkFOXCJ9IiwiYXNzZXQiOiIxMjMxfEJURjUiLCJjdXRvZmZEYXRlIjoiMjAxNy0xMS0yMSAwMDowMDowMCIsImRlbGl2ZXJ5RGF0ZSI6IjIwMTctMTEtMjEgMDA6MDA6MDAiLCJ2YWx1YXRpb25EYXRlIjoiMjAxNy0xMS0yMSAwMDowMDowMCIsInBhcnR5VHlwZSI6MiwiaXNBZHZpc29yIjowLCJhZHZpc29yQWNjb3VudE5hbWUiOm51bGwsImFkdmlzb3JBY2NvdW50SUQiOm51bGwsInRvdGFsIjoxNywiaW52ZXN0QnkiOjAsInF1YW50aXR5IjoxMDAwMDAsIkFtb3VudFdpdGhDb3N0IjowLCJmZWVQZXJjZW50IjowLCJwbGF0Rm9ybUZlZSI6MH0seyJTdGF0dXMiOiJPSyIsImFycmFuZ2VtZW50SUQiOjQsImNyZWF0b3JJRCI6NCwicHJpY2UiOjIzNTAwMCwidHlwZSI6Mywic3RhdHVzIjotMSwibWV0YURhdGEiOiJ7XCJjdXJyZW5jeVwiOlwiXCIsXCJ1bml0c1wiOjcwMDAwMCxcInByaWNlXCI6MzAwMDAwLFwiY29uc2lkZXJhdGlvblwiOjIxMDAwMDAsXCJyZWZcIjpcIlwiLFwiYXNzZXRJU0lOXCI6XCJPbGxpZVRlc3Q0XCIsXCJyZWdpc3RyYXJcIjpcIkxvbl8wMDYgTWdtdCBDb3lcIixcImZlZVBlcmNlbnRcIjowLFwiaW52ZXN0b3JJZFwiOjExLFwiaW52ZXN0b3JXYWxsZXRJZFwiOjQsXCJpbnZlc3RvcldhbGxldE5hbWVcIjpcIkludmVzdG9yXCIsXCJpbnZlc3RvcldhbGxldENvbW11UHViXCI6XCJEV2hNMG9IUjF2dDIwb1lWVk80K21wN283VlRUaDRzVzY1UHFkczJZVkNFPVwiLFwiaW52ZXN0b3JXYWxsZXRBZGRyXCI6XCIxUDREWmMzUFBrOGhkSkhxbld4ZTlQQkUyNjV5dWYycWZzXCIsXCJpbnZlc3RvcldhbGxldEJhbmtJRFwiOjAsXCJpbnZlc3RvcldhbGxldEJhbmtDb21tdVB1YlwiOlwiXCIsXCJpbnZlc3RvclN1YlBvcnRmb2xpb1wiOlwiVGVzdFN1YlwiLFwiaWJhblwiOlwiSUJBTlwifSIsImFzc2V0IjoiT2xsaWVUZXN0NHxPbGxpZVRlc3Q0IiwiY3V0b2ZmRGF0ZSI6IjIwMTctMTEtMjEgMDA6MDA6MDAiLCJkZWxpdmVyeURhdGUiOiIyMDE3LTExLTIxIDAwOjAwOjAwIiwidmFsdWF0aW9uRGF0ZSI6IjIwMTctMTEtMjEgMDA6MDA6MDAiLCJwYXJ0eVR5cGUiOjIsImlzQWR2aXNvciI6MCwiYWR2aXNvckFjY291bnROYW1lIjpudWxsLCJhZHZpc29yQWNjb3VudElEIjpudWxsLCJ0b3RhbCI6MTcsImludmVzdEJ5IjowLCJxdWFudGl0eSI6NzAwMDAwLCJBbW91bnRXaXRoQ29zdCI6MCwiZmVlUGVyY2VudCI6MCwicGxhdEZvcm1GZWUiOjB9LHsiU3RhdHVzIjoiT0siLCJhcnJhbmdlbWVudElEIjo1LCJjcmVhdG9ySUQiOjQsInByaWNlIjoyMzUwMDAsInR5cGUiOjMsInN0YXR1cyI6LTEsIm1ldGFEYXRhIjoie1wiY3VycmVuY3lcIjpcIlwiLFwidW5pdHNcIjozMDAwMDAsXCJwcmljZVwiOjIzNTAwMCxcImNvbnNpZGVyYXRpb25cIjo3MDAwMDAsXCJyZWZcIjpcIlwiLFwiYXNzZXRJU0lOXCI6XCJPbGxpZVRlc3Q0XCIsXCJyZWdpc3RyYXJcIjpcIkxvbl8wMDYgTWdtdCBDb3lcIixcImZlZVBlcmNlbnRcIjowLFwiaW52ZXN0b3JJZFwiOjExLFwiaW52ZXN0b3JXYWxsZXRJZFwiOjQsXCJpbnZlc3RvcldhbGxldE5hbWVcIjpcIkludmVzdG9yXCIsXCJpbnZlc3RvcldhbGxldENvbW11UHViXCI6XCJEV2hNMG9IUjF2dDIwb1lWVk80K21wN283VlRUaDRzVzY1UHFkczJZVkNFPVwiLFwiaW52ZXN0b3JXYWxsZXRBZGRyXCI6XCIxUDREWmMzUFBrOGhkSkhxbld4ZTlQQkUyNjV5dWYycWZzXCIsXCJpbnZlc3RvcldhbGxldEJhbmtJRFwiOjAsXCJpbnZlc3RvcldhbGxldEJhbmtDb21tdVB1YlwiOlwiXCIsXCJpbnZlc3RvclN1YlBvcnRmb2xpb1wiOlwiVGVzdFN1YlwiLFwiaWJhblwiOlwiSUJBTlwifSIsImFzc2V0IjoiT2xsaWVUZXN0NHxPbGxpZVRlc3Q0IiwiY3V0b2ZmRGF0ZSI6IjIwMTctMTEtMjEgMDA6MDA6MDAiLCJkZWxpdmVyeURhdGUiOiIyMDE3LTExLTIxIDAwOjAwOjAwIiwidmFsdWF0aW9uRGF0ZSI6IjIwMTctMTEtMjEgMDA6MDA6MDAiLCJwYXJ0eVR5cGUiOjIsImlzQWR2aXNvciI6MCwiYWR2aXNvckFjY291bnROYW1lIjpudWxsLCJhZHZpc29yQWNjb3VudElEIjpudWxsLCJ0b3RhbCI6MTcsImludmVzdEJ5IjowLCJxdWFudGl0eSI6MzAwMDAwLCJBbW91bnRXaXRoQ29zdCI6MCwiZmVlUGVyY2VudCI6MCwicGxhdEZvcm1GZWUiOjB9LHsiU3RhdHVzIjoiT0siLCJhcnJhbmdlbWVudElEIjo2LCJjcmVhdG9ySUQiOjQsInByaWNlIjo1NjAwMDAsInR5cGUiOjMsInN0YXR1cyI6LTEsIm1ldGFEYXRhIjoie1wiY3VycmVuY3lcIjpcIlwiLFwidW5pdHNcIjo2MDAwMDAsXCJwcmljZVwiOjU2MDAwMCxcImNvbnNpZGVyYXRpb25cIjozMzAwMDAwLFwicmVmXCI6XCJcIixcImFzc2V0SVNJTlwiOlwiNDI1OFwiLFwicmVnaXN0cmFyXCI6XCJMb25fMDA2IE1nbXQgQ295XCIsXCJmZWVQZXJjZW50XCI6MCxcImludmVzdG9ySWRcIjoxMSxcImludmVzdG9yV2FsbGV0SWRcIjo0LFwiaW52ZXN0b3JXYWxsZXROYW1lXCI6XCJJbnZlc3RvclwiLFwiaW52ZXN0b3JXYWxsZXRDb21tdVB1YlwiOlwiRFdoTTBvSFIxdnQyMG9ZVlZPNCttcDdvN1ZUVGg0c1c2NVBxZHMyWVZDRT1cIixcImludmVzdG9yV2FsbGV0QWRkclwiOlwiMVA0RFpjM1BQazhoZEpIcW5XeGU5UEJFMjY1eXVmMnFmc1wiLFwiaW52ZXN0b3JXYWxsZXRCYW5rSURcIjowLFwiaW52ZXN0b3JXYWxsZXRCYW5rQ29tbXVQdWJcIjpcIlwiLFwiaW52ZXN0b3JTdWJQb3J0Zm9saW9cIjpcIlRlc3RTdWJcIixcImliYW5cIjpcIklCQU5cIn0iLCJhc3NldCI6IjQyNTh8VGVzdCBTaGFyZSA4IiwiY3V0b2ZmRGF0ZSI6IjIwMTctMTEtMjEgMDA6MDA6MDAiLCJkZWxpdmVyeURhdGUiOiIyMDE3LTExLTIxIDAwOjAwOjAwIiwidmFsdWF0aW9uRGF0ZSI6IjIwMTctMTEtMjEgMDA6MDA6MDAiLCJwYXJ0eVR5cGUiOjIsImlzQWR2aXNvciI6MCwiYWR2aXNvckFjY291bnROYW1lIjpudWxsLCJhZHZpc29yQWNjb3VudElEIjpudWxsLCJ0b3RhbCI6MTcsImludmVzdEJ5IjowLCJxdWFudGl0eSI6NjAwMDAwLCJBbW91bnRXaXRoQ29zdCI6MCwiZmVlUGVyY2VudCI6MCwicGxhdEZvcm1GZWUiOjB9LHsiU3RhdHVzIjoiT0siLCJhcnJhbmdlbWVudElEIjo3LCJjcmVhdG9ySUQiOjQsInByaWNlIjo2MzAwMDAsInR5cGUiOjMsInN0YXR1cyI6LTEsIm1ldGFEYXRhIjoie1wiY3VycmVuY3lcIjpcIlVTRFwiLFwidW5pdHNcIjoyMDAwMDAsXCJwcmljZVwiOjYzMDAwMCxcImNvbnNpZGVyYXRpb25cIjoxMjAwMDAwLFwicmVmXCI6XCJcIixcImFzc2V0SVNJTlwiOlwiNzg5Nzk4XCIsXCJyZWdpc3RyYXJcIjpcIkxvbl8wMDYgTWdtdCBDb3lcIixcImZlZVBlcmNlbnRcIjowLFwiaW52ZXN0b3JJZFwiOjExLFwiaW52ZXN0b3JXYWxsZXRJZFwiOjQsXCJpbnZlc3RvcldhbGxldE5hbWVcIjpcIkludmVzdG9yXCIsXCJpbnZlc3RvcldhbGxldENvbW11UHViXCI6XCJEV2hNMG9IUjF2dDIwb1lWVk80K21wN283VlRUaDRzVzY1UHFkczJZVkNFPVwiLFwiaW52ZXN0b3JXYWxsZXRBZGRyXCI6XCIxUDREWmMzUFBrOGhkSkhxbld4ZTlQQkUyNjV5dWYycWZzXCIsXCJpbnZlc3RvcldhbGxldEJhbmtJRFwiOjAsXCJpbnZlc3RvcldhbGxldEJhbmtDb21tdVB1YlwiOlwiXCIsXCJpbnZlc3RvclN1YlBvcnRmb2xpb1wiOlwiVGVzdFN1YlwiLFwiaWJhblwiOlwiSUJBTlwifSIsImFzc2V0IjoiNzg5Nzk4fFRlc3QgU2hhcmUgNyIsImN1dG9mZkRhdGUiOiIyMDE3LTExLTIxIDAwOjAwOjAwIiwiZGVsaXZlcnlEYXRlIjoiMjAxNy0xMS0yMSAwMDowMDowMCIsInZhbHVhdGlvbkRhdGUiOiIyMDE3LTExLTIxIDAwOjAwOjAwIiwicGFydHlUeXBlIjoyLCJpc0Fkdmlzb3IiOjAsImFkdmlzb3JBY2NvdW50TmFtZSI6bnVsbCwiYWR2aXNvckFjY291bnRJRCI6bnVsbCwidG90YWwiOjE3LCJpbnZlc3RCeSI6MCwicXVhbnRpdHkiOjIwMDAwMCwiQW1vdW50V2l0aENvc3QiOjAsImZlZVBlcmNlbnQiOjAsInBsYXRGb3JtRmVlIjowfSx7IlN0YXR1cyI6Ik9LIiwiYXJyYW5nZW1lbnRJRCI6OCwiY3JlYXRvcklEIjo0LCJwcmljZSI6NTYwMDAwLCJ0eXBlIjo0LCJzdGF0dXMiOi0xLCJtZXRhRGF0YSI6IntcImN1cnJlbmN5XCI6XCJcIixcInVuaXRzXCI6MjAwMDAwLFwicHJpY2VcIjo1NjAwMDAsXCJjb25zaWRlcmF0aW9uXCI6MTEwMDAwMCxcInJlZlwiOlwiXCIsXCJhc3NldElTSU5cIjpcIjQyNThcIixcInJlZ2lzdHJhclwiOlwiTG9uXzAwNiBNZ210IENveVwiLFwiZmVlUGVyY2VudFwiOjAsXCJpbnZlc3RvcklkXCI6MTEsXCJpbnZlc3RvcldhbGxldElkXCI6NCxcImludmVzdG9yV2FsbGV0TmFtZVwiOlwiSW52ZXN0b3JcIixcImludmVzdG9yV2FsbGV0Q29tbXVQdWJcIjpcIkRXaE0wb0hSMXZ0MjBvWVZWTzQrbXA3bzdWVFRoNHNXNjVQcWRzMllWQ0U9XCIsXCJpbnZlc3RvcldhbGxldEFkZHJcIjpcIjFQNERaYzNQUGs4aGRKSHFuV3hlOVBCRTI2NXl1ZjJxZnNcIixcImludmVzdG9yV2FsbGV0QmFua0lEXCI6MCxcImludmVzdG9yV2FsbGV0QmFua0NvbW11UHViXCI6XCJcIixcImludmVzdG9yU3ViUG9ydGZvbGlvXCI6XCJUZXN0U3ViXCIsXCJpYmFuXCI6XCJJQkFOXCJ9IiwiYXNzZXQiOiI0MjU4fFRlc3QgU2hhcmUgOCIsImN1dG9mZkRhdGUiOiIyMDE3LTExLTIxIDAwOjAwOjAwIiwiZGVsaXZlcnlEYXRlIjoiMjAxNy0xMS0yMSAwMDowMDowMCIsInZhbHVhdGlvbkRhdGUiOiIyMDE3LTExLTIxIDAwOjAwOjAwIiwicGFydHlUeXBlIjoyLCJpc0Fkdmlzb3IiOjAsImFkdmlzb3JBY2NvdW50TmFtZSI6bnVsbCwiYWR2aXNvckFjY291bnRJRCI6bnVsbCwidG90YWwiOjE3LCJpbnZlc3RCeSI6MCwicXVhbnRpdHkiOjIwMDAwMCwiQW1vdW50V2l0aENvc3QiOjAsImZlZVBlcmNlbnQiOjAsInBsYXRGb3JtRmVlIjowfSx7IlN0YXR1cyI6Ik9LIiwiYXJyYW5nZW1lbnRJRCI6OSwiY3JlYXRvcklEIjo0LCJwcmljZSI6NTM2MDAwLCJ0eXBlIjozLCJzdGF0dXMiOi0xLCJtZXRhRGF0YSI6IntcImN1cnJlbmN5XCI6XCJVU0RcIixcInVuaXRzXCI6MjAwMDAwLFwicHJpY2VcIjo1MzYwMDAsXCJjb25zaWRlcmF0aW9uXCI6MTAwMDAwMCxcInJlZlwiOlwiXCIsXCJhc3NldElTSU5cIjpcIjk5OTlcIixcInJlZ2lzdHJhclwiOlwiQmlsbFMgVGVzdGluZyBNZ210IENvMlwiLFwiZmVlUGVyY2VudFwiOjAsXCJpbnZlc3RvcklkXCI6MTEsXCJpbnZlc3RvcldhbGxldElkXCI6NCxcImludmVzdG9yV2FsbGV0TmFtZVwiOlwiSW52ZXN0b3JcIixcImludmVzdG9yV2FsbGV0Q29tbXVQdWJcIjpcIkRXaE0wb0hSMXZ0MjBvWVZWTzQrbXA3bzdWVFRoNHNXNjVQcWRzMllWQ0U9XCIsXCJpbnZlc3RvcldhbGxldEFkZHJcIjpcIjFQNERaYzNQUGs4aGRKSHFuV3hlOVBCRTI2NXl1ZjJxZnNcIixcImludmVzdG9yV2FsbGV0QmFua0lEXCI6MCxcImludmVzdG9yV2FsbGV0QmFua0NvbW11UHViXCI6XCJcIixcImludmVzdG9yU3ViUG9ydGZvbGlvXCI6XCJUZXN0U3ViXCIsXCJpYmFuXCI6XCJJQkFOXCJ9IiwiYXNzZXQiOiI5OTk5fFRlc3QgU2hhcmUgOSIsImN1dG9mZkRhdGUiOiIyMDE3LTExLTIxIDAwOjAwOjAwIiwiZGVsaXZlcnlEYXRlIjoiMjAxNy0xMS0yMSAwMDowMDowMCIsInZhbHVhdGlvbkRhdGUiOiIyMDE3LTExLTIxIDAwOjAwOjAwIiwicGFydHlUeXBlIjoyLCJpc0Fkdmlzb3IiOjAsImFkdmlzb3JBY2NvdW50TmFtZSI6bnVsbCwiYWR2aXNvckFjY291bnRJRCI6bnVsbCwidG90YWwiOjE3LCJpbnZlc3RCeSI6MCwicXVhbnRpdHkiOjIwMDAwMCwiQW1vdW50V2l0aENvc3QiOjAsImZlZVBlcmNlbnQiOjAsInBsYXRGb3JtRmVlIjowfSx7IlN0YXR1cyI6Ik9LIiwiYXJyYW5nZW1lbnRJRCI6MTAsImNyZWF0b3JJRCI6NCwicHJpY2UiOjUzNjAwMCwidHlwZSI6Mywic3RhdHVzIjotMSwibWV0YURhdGEiOiJ7XCJjdXJyZW5jeVwiOlwiVVNEXCIsXCJ1bml0c1wiOjIwMDAwMCxcInByaWNlXCI6NTM2MDAwLFwiY29uc2lkZXJhdGlvblwiOjEwMDAwMDAsXCJyZWZcIjpcIlwiLFwiYXNzZXRJU0lOXCI6XCI5OTk5XCIsXCJyZWdpc3RyYXJcIjpcIkJpbGxTIFRlc3RpbmcgTWdtdCBDbzJcIixcImZlZVBlcmNlbnRcIjowLFwiaW52ZXN0b3JJZFwiOjExLFwiaW52ZXN0b3JXYWxsZXRJZFwiOjQsXCJpbnZlc3RvcldhbGxldE5hbWVcIjpcIkludmVzdG9yXCIsXCJpbnZlc3RvcldhbGxldENvbW11UHViXCI6XCJEV2hNMG9IUjF2dDIwb1lWVk80K21wN283VlRUaDRzVzY1UHFkczJZVkNFPVwiLFwiaW52ZXN0b3JXYWxsZXRBZGRyXCI6XCIxUDREWmMzUFBrOGhkSkhxbld4ZTlQQkUyNjV5dWYycWZzXCIsXCJpbnZlc3RvcldhbGxldEJhbmtJRFwiOjAsXCJpbnZlc3RvcldhbGxldEJhbmtDb21tdVB1YlwiOlwiXCIsXCJpbnZlc3RvclN1YlBvcnRmb2xpb1wiOlwiVGVzdFN1YlwiLFwiaWJhblwiOlwiSUJBTlwifSIsImFzc2V0IjoiOTk5OXxUZXN0IFNoYXJlIDkiLCJjdXRvZmZEYXRlIjoiMjAxNy0xMS0yMSAwMDowMDowMCIsImRlbGl2ZXJ5RGF0ZSI6IjIwMTctMTEtMjEgMDA6MDA6MDAiLCJ2YWx1YXRpb25EYXRlIjoiMjAxNy0xMS0yMSAwMDowMDowMCIsInBhcnR5VHlwZSI6MiwiaXNBZHZpc29yIjowLCJhZHZpc29yQWNjb3VudE5hbWUiOm51bGwsImFkdmlzb3JBY2NvdW50SUQiOm51bGwsInRvdGFsIjoxNywiaW52ZXN0QnkiOjAsInF1YW50aXR5IjoyMDAwMDAsIkFtb3VudFdpdGhDb3N0IjowLCJmZWVQZXJjZW50IjowLCJwbGF0Rm9ybUZlZSI6MH0seyJTdGF0dXMiOiJPSyIsImFycmFuZ2VtZW50SUQiOjExLCJjcmVhdG9ySUQiOjQsInByaWNlIjoyMDAwMDAsInR5cGUiOjMsInN0YXR1cyI6LTEsIm1ldGFEYXRhIjoie1wiY3VycmVuY3lcIjpcIlwiLFwidW5pdHNcIjoyMDAwMDAsXCJwcmljZVwiOjIwMDAwMCxcImNvbnNpZGVyYXRpb25cIjo0MDAwMDAsXCJyZWZcIjpcIlwiLFwiYXNzZXRJU0lOXCI6XCJPbGxpZVRlc3Q0XCIsXCJyZWdpc3RyYXJcIjpcIkxvbl8wMDYgTWdtdCBDb3lcIixcImZlZVBlcmNlbnRcIjowLFwiaW52ZXN0b3JJZFwiOjExLFwiaW52ZXN0b3JXYWxsZXRJZFwiOjQsXCJpbnZlc3RvcldhbGxldE5hbWVcIjpcIkludmVzdG9yXCIsXCJpbnZlc3RvcldhbGxldENvbW11UHViXCI6XCJEV2hNMG9IUjF2dDIwb1lWVk80K21wN283VlRUaDRzVzY1UHFkczJZVkNFPVwiLFwiaW52ZXN0b3JXYWxsZXRBZGRyXCI6XCIxUDREWmMzUFBrOGhkSkhxbld4ZTlQQkUyNjV5dWYycWZzXCIsXCJpbnZlc3RvcldhbGxldEJhbmtJRFwiOjAsXCJpbnZlc3RvcldhbGxldEJhbmtDb21tdVB1YlwiOlwiXCIsXCJpbnZlc3RvclN1YlBvcnRmb2xpb1wiOlwiVGVzdFN1YlwiLFwiaWJhblwiOlwiSUJBTlwifSIsImFzc2V0IjoiT2xsaWVUZXN0NHxPbGxpZVRlc3Q0IiwiY3V0b2ZmRGF0ZSI6IjIwMTctMTEtMjIgMDA6MDA6MDAiLCJkZWxpdmVyeURhdGUiOiIyMDE3LTExLTIyIDAwOjAwOjAwIiwidmFsdWF0aW9uRGF0ZSI6IjIwMTctMTEtMjIgMDA6MDA6MDAiLCJwYXJ0eVR5cGUiOjIsImlzQWR2aXNvciI6MCwiYWR2aXNvckFjY291bnROYW1lIjpudWxsLCJhZHZpc29yQWNjb3VudElEIjpudWxsLCJ0b3RhbCI6MTcsImludmVzdEJ5IjowLCJxdWFudGl0eSI6MjAwMDAwLCJBbW91bnRXaXRoQ29zdCI6MCwiZmVlUGVyY2VudCI6MCwicGxhdEZvcm1GZWUiOjB9XX0.DOb2V4iXM291dr5yVOCtntMpxkBDNUJh6wOCASIeWQM
eyJhbGciOiJIUzI1NiJ9.eyJyZXF1ZXN0aWQiOjEsIm1lc3NhZ2V0eXBlIjoiZGIiLCJzdGF0dXMiOiJPSyIsImRhdGEiOlt7IlN0YXR1cyI6Ik9LIiwiYXJyYW5nZW1lbnRJRCI6MSwiY3JlYXRvcklEIjo0LCJwcmljZSI6MCwidHlwZSI6Mywic3RhdHVzIjowLCJtZXRhRGF0YSI6IntcImN1cnJlbmN5XCI6XCJHQlBcIixcInVuaXRzXCI6MTAwMDAwLFwicHJpY2VcIjo2MDAwMDAsXCJjb25zaWRlcmF0aW9uXCI6NjAwMDAwLFwicmVmXCI6XCJcIixcImFzc2V0SVNJTlwiOlwiMTIzMVwiLFwicmVnaXN0cmFyXCI6XCJMb25fMDA2IE1nbXQgQ295XCIsXCJmZWVQZXJjZW50XCI6MCxcImludmVzdG9ySWRcIjoxMSxcImludmVzdG9yV2FsbGV0SWRcIjo0LFwiaW52ZXN0b3JXYWxsZXROYW1lXCI6XCJJbnZlc3RvclwiLFwiaW52ZXN0b3JXYWxsZXRDb21tdVB1YlwiOlwiRFdoTTBvSFIxdnQyMG9ZVlZPNCttcDdvN1ZUVGg0c1c2NVBxZHMyWVZDRT1cIixcImludmVzdG9yV2FsbGV0QWRkclwiOlwiMVA0RFpjM1BQazhoZEpIcW5XeGU5UEJFMjY1eXVmMnFmc1wiLFwiaW52ZXN0b3JXYWxsZXRCYW5rSURcIjowLFwiaW52ZXN0b3JXYWxsZXRCYW5rQ29tbXVQdWJcIjpcIlwiLFwiaW52ZXN0b3JTdWJQb3J0Zm9saW9cIjpcIlRlc3RTdWJcIixcImliYW5cIjpcIklCQU5cIn0iLCJhc3NldCI6IjEyMzF8QlRGNSIsImN1dG9mZkRhdGUiOiIyMDE3LTExLTI2IDAwOjAwOjAwIiwiZGVsaXZlcnlEYXRlIjoiMjAxNy0xMi0wMSAwMDowMDowMCIsInZhbHVhdGlvbkRhdGUiOiIyMDE3LTEyLTAxIDAwOjAwOjAwIiwicGFydHlUeXBlIjoxLCJpc0Fkdmlzb3IiOjAsImFkdmlzb3JBY2NvdW50TmFtZSI6bnVsbCwiYWR2aXNvckFjY291bnRJRCI6bnVsbCwidG90YWwiOjI2LCJpbnZlc3RCeSI6MCwicXVhbnRpdHkiOjEwMDAwMCwiQW1vdW50V2l0aENvc3QiOjAsImZlZVBlcmNlbnQiOjAsInBsYXRGb3JtRmVlIjowfSx7IlN0YXR1cyI6Ik9LIiwiYXJyYW5nZW1lbnRJRCI6MiwiY3JlYXRvcklEIjo0LCJwcmljZSI6MTAwMDAwMCwidHlwZSI6Mywic3RhdHVzIjotMSwibWV0YURhdGEiOiJ7XCJjdXJyZW5jeVwiOlwiR0JQXCIsXCJ1bml0c1wiOjEwMDAwMCxcInByaWNlXCI6NjAwMDAwLFwiY29uc2lkZXJhdGlvblwiOjYwMDAwMCxcInJlZlwiOlwiXCIsXCJhc3NldElTSU5cIjpcIjEyMzFcIixcInJlZ2lzdHJhclwiOlwiTG9uXzAwNiBNZ210IENveVwiLFwiZmVlUGVyY2VudFwiOjAsXCJpbnZlc3RvcklkXCI6MTEsXCJpbnZlc3RvcldhbGxldElkXCI6NCxcImludmVzdG9yV2FsbGV0TmFtZVwiOlwiSW52ZXN0b3JcIixcImludmVzdG9yV2FsbGV0Q29tbXVQdWJcIjpcIkRXaE0wb0hSMXZ0MjBvWVZWTzQrbXA3bzdWVFRoNHNXNjVQcWRzMllWQ0U9XCIsXCJpbnZlc3RvcldhbGxldEFkZHJcIjpcIjFQNERaYzNQUGs4aGRKSHFuV3hlOVBCRTI2NXl1ZjJxZnNcIixcImludmVzdG9yV2FsbGV0QmFua0lEXCI6MCxcImludmVzdG9yV2FsbGV0QmFua0NvbW11UHViXCI6XCJcIixcImludmVzdG9yU3ViUG9ydGZvbGlvXCI6XCJUZXN0U3ViXCIsXCJpYmFuXCI6XCJJQkFOXCJ9IiwiYXNzZXQiOiIxMjMxfEJURjUiLCJjdXRvZmZEYXRlIjoiMjAxNy0xMS0yMSAwMDowMDowMCIsImRlbGl2ZXJ5RGF0ZSI6IjIwMTctMTEtMjEgMTA6NTE6MDAiLCJ2YWx1YXRpb25EYXRlIjoiMjAxNy0xMS0yMSAwMDowMDowMCIsInBhcnR5VHlwZSI6MSwiaXNBZHZpc29yIjowLCJhZHZpc29yQWNjb3VudE5hbWUiOm51bGwsImFkdmlzb3JBY2NvdW50SUQiOm51bGwsInRvdGFsIjoyNiwiaW52ZXN0QnkiOjAsInF1YW50aXR5IjoxMDAwMDAsIkFtb3VudFdpdGhDb3N0IjowLCJmZWVQZXJjZW50IjowLCJwbGF0Rm9ybUZlZSI6MH0seyJTdGF0dXMiOiJPSyIsImFycmFuZ2VtZW50SUQiOjMsImNyZWF0b3JJRCI6NCwicHJpY2UiOjEwMDAwMDAsInR5cGUiOjMsInN0YXR1cyI6LTEsIm1ldGFEYXRhIjoie1wiY3VycmVuY3lcIjpcIkdCUFwiLFwidW5pdHNcIjoxMDAwMDAsXCJwcmljZVwiOjEwMDAwMDAsXCJjb25zaWRlcmF0aW9uXCI6MTAwMDAwMCxcInJlZlwiOlwiXCIsXCJhc3NldElTSU5cIjpcIjEyMzFcIixcInJlZ2lzdHJhclwiOlwiTG9uXzAwNiBNZ210IENveVwiLFwiZmVlUGVyY2VudFwiOjAsXCJpbnZlc3RvcklkXCI6MTEsXCJpbnZlc3RvcldhbGxldElkXCI6NCxcImludmVzdG9yV2FsbGV0TmFtZVwiOlwiSW52ZXN0b3JcIixcImludmVzdG9yV2FsbGV0Q29tbXVQdWJcIjpcIkRXaE0wb0hSMXZ0MjBvWVZWTzQrbXA3bzdWVFRoNHNXNjVQcWRzMllWQ0U9XCIsXCJpbnZlc3RvcldhbGxldEFkZHJcIjpcIjFQNERaYzNQUGs4aGRKSHFuV3hlOVBCRTI2NXl1ZjJxZnNcIixcImludmVzdG9yV2FsbGV0QmFua0lEXCI6MCxcImludmVzdG9yV2FsbGV0QmFua0NvbW11UHViXCI6XCJcIixcImludmVzdG9yU3ViUG9ydGZvbGlvXCI6XCJUZXN0U3ViXCIsXCJpYmFuXCI6XCJJQkFOXCJ9IiwiYXNzZXQiOiIxMjMxfEJURjUiLCJjdXRvZmZEYXRlIjoiMjAxNy0xMS0yMSAwMDowMDowMCIsImRlbGl2ZXJ5RGF0ZSI6IjIwMTctMTEtMjEgMDA6MDA6MDAiLCJ2YWx1YXRpb25EYXRlIjoiMjAxNy0xMS0yMSAwMDowMDowMCIsInBhcnR5VHlwZSI6MSwiaXNBZHZpc29yIjowLCJhZHZpc29yQWNjb3VudE5hbWUiOm51bGwsImFkdmlzb3JBY2NvdW50SUQiOm51bGwsInRvdGFsIjoyNiwiaW52ZXN0QnkiOjAsInF1YW50aXR5IjoxMDAwMDAsIkFtb3VudFdpdGhDb3N0IjowLCJmZWVQZXJjZW50IjowLCJwbGF0Rm9ybUZlZSI6MH0seyJTdGF0dXMiOiJPSyIsImFycmFuZ2VtZW50SUQiOjQsImNyZWF0b3JJRCI6NCwicHJpY2UiOjIzNTAwMCwidHlwZSI6Mywic3RhdHVzIjotMSwibWV0YURhdGEiOiJ7XCJjdXJyZW5jeVwiOlwiXCIsXCJ1bml0c1wiOjcwMDAwMCxcInByaWNlXCI6MzAwMDAwLFwiY29uc2lkZXJhdGlvblwiOjIxMDAwMDAsXCJyZWZcIjpcIlwiLFwiYXNzZXRJU0lOXCI6XCJPbGxpZVRlc3Q0XCIsXCJyZWdpc3RyYXJcIjpcIkxvbl8wMDYgTWdtdCBDb3lcIixcImZlZVBlcmNlbnRcIjowLFwiaW52ZXN0b3JJZFwiOjExLFwiaW52ZXN0b3JXYWxsZXRJZFwiOjQsXCJpbnZlc3RvcldhbGxldE5hbWVcIjpcIkludmVzdG9yXCIsXCJpbnZlc3RvcldhbGxldENvbW11UHViXCI6XCJEV2hNMG9IUjF2dDIwb1lWVk80K21wN283VlRUaDRzVzY1UHFkczJZVkNFPVwiLFwiaW52ZXN0b3JXYWxsZXRBZGRyXCI6XCIxUDREWmMzUFBrOGhkSkhxbld4ZTlQQkUyNjV5dWYycWZzXCIsXCJpbnZlc3RvcldhbGxldEJhbmtJRFwiOjAsXCJpbnZlc3RvcldhbGxldEJhbmtDb21tdVB1YlwiOlwiXCIsXCJpbnZlc3RvclN1YlBvcnRmb2xpb1wiOlwiVGVzdFN1YlwiLFwiaWJhblwiOlwiSUJBTlwifSIsImFzc2V0IjoiT2xsaWVUZXN0NHxPbGxpZVRlc3Q0IiwiY3V0b2ZmRGF0ZSI6IjIwMTctMTEtMjEgMDA6MDA6MDAiLCJkZWxpdmVyeURhdGUiOiIyMDE3LTExLTIxIDAwOjAwOjAwIiwidmFsdWF0aW9uRGF0ZSI6IjIwMTctMTEtMjEgMDA6MDA6MDAiLCJwYXJ0eVR5cGUiOjEsImlzQWR2aXNvciI6MCwiYWR2aXNvckFjY291bnROYW1lIjpudWxsLCJhZHZpc29yQWNjb3VudElEIjpudWxsLCJ0b3RhbCI6MjYsImludmVzdEJ5IjowLCJxdWFudGl0eSI6NzAwMDAwLCJBbW91bnRXaXRoQ29zdCI6MCwiZmVlUGVyY2VudCI6MCwicGxhdEZvcm1GZWUiOjB9LHsiU3RhdHVzIjoiT0siLCJhcnJhbmdlbWVudElEIjo1LCJjcmVhdG9ySUQiOjQsInByaWNlIjoyMzUwMDAsInR5cGUiOjMsInN0YXR1cyI6LTEsIm1ldGFEYXRhIjoie1wiY3VycmVuY3lcIjpcIlwiLFwidW5pdHNcIjozMDAwMDAsXCJwcmljZVwiOjIzNTAwMCxcImNvbnNpZGVyYXRpb25cIjo3MDAwMDAsXCJyZWZcIjpcIlwiLFwiYXNzZXRJU0lOXCI6XCJPbGxpZVRlc3Q0XCIsXCJyZWdpc3RyYXJcIjpcIkxvbl8wMDYgTWdtdCBDb3lcIixcImZlZVBlcmNlbnRcIjowLFwiaW52ZXN0b3JJZFwiOjExLFwiaW52ZXN0b3JXYWxsZXRJZFwiOjQsXCJpbnZlc3RvcldhbGxldE5hbWVcIjpcIkludmVzdG9yXCIsXCJpbnZlc3RvcldhbGxldENvbW11UHViXCI6XCJEV2hNMG9IUjF2dDIwb1lWVk80K21wN283VlRUaDRzVzY1UHFkczJZVkNFPVwiLFwiaW52ZXN0b3JXYWxsZXRBZGRyXCI6XCIxUDREWmMzUFBrOGhkSkhxbld4ZTlQQkUyNjV5dWYycWZzXCIsXCJpbnZlc3RvcldhbGxldEJhbmtJRFwiOjAsXCJpbnZlc3RvcldhbGxldEJhbmtDb21tdVB1YlwiOlwiXCIsXCJpbnZlc3RvclN1YlBvcnRmb2xpb1wiOlwiVGVzdFN1YlwiLFwiaWJhblwiOlwiSUJBTlwifSIsImFzc2V0IjoiT2xsaWVUZXN0NHxPbGxpZVRlc3Q0IiwiY3V0b2ZmRGF0ZSI6IjIwMTctMTEtMjEgMDA6MDA6MDAiLCJkZWxpdmVyeURhdGUiOiIyMDE3LTExLTIxIDAwOjAwOjAwIiwidmFsdWF0aW9uRGF0ZSI6IjIwMTctMTEtMjEgMDA6MDA6MDAiLCJwYXJ0eVR5cGUiOjEsImlzQWR2aXNvciI6MCwiYWR2aXNvckFjY291bnROYW1lIjpudWxsLCJhZHZpc29yQWNjb3VudElEIjpudWxsLCJ0b3RhbCI6MjYsImludmVzdEJ5IjowLCJxdWFudGl0eSI6MzAwMDAwLCJBbW91bnRXaXRoQ29zdCI6MCwiZmVlUGVyY2VudCI6MCwicGxhdEZvcm1GZWUiOjB9LHsiU3RhdHVzIjoiT0siLCJhcnJhbmdlbWVudElEIjo2LCJjcmVhdG9ySUQiOjQsInByaWNlIjo1NjAwMDAsInR5cGUiOjMsInN0YXR1cyI6LTEsIm1ldGFEYXRhIjoie1wiY3VycmVuY3lcIjpcIlwiLFwidW5pdHNcIjo2MDAwMDAsXCJwcmljZVwiOjU2MDAwMCxcImNvbnNpZGVyYXRpb25cIjozMzAwMDAwLFwicmVmXCI6XCJcIixcImFzc2V0SVNJTlwiOlwiNDI1OFwiLFwicmVnaXN0cmFyXCI6XCJMb25fMDA2IE1nbXQgQ295XCIsXCJmZWVQZXJjZW50XCI6MCxcImludmVzdG9ySWRcIjoxMSxcImludmVzdG9yV2FsbGV0SWRcIjo0LFwiaW52ZXN0b3JXYWxsZXROYW1lXCI6XCJJbnZlc3RvclwiLFwiaW52ZXN0b3JXYWxsZXRDb21tdVB1YlwiOlwiRFdoTTBvSFIxdnQyMG9ZVlZPNCttcDdvN1ZUVGg0c1c2NVBxZHMyWVZDRT1cIixcImludmVzdG9yV2FsbGV0QWRkclwiOlwiMVA0RFpjM1BQazhoZEpIcW5XeGU5UEJFMjY1eXVmMnFmc1wiLFwiaW52ZXN0b3JXYWxsZXRCYW5rSURcIjowLFwiaW52ZXN0b3JXYWxsZXRCYW5rQ29tbXVQdWJcIjpcIlwiLFwiaW52ZXN0b3JTdWJQb3J0Zm9saW9cIjpcIlRlc3RTdWJcIixcImliYW5cIjpcIklCQU5cIn0iLCJhc3NldCI6IjQyNTh8VGVzdCBTaGFyZSA4IiwiY3V0b2ZmRGF0ZSI6IjIwMTctMTEtMjEgMDA6MDA6MDAiLCJkZWxpdmVyeURhdGUiOiIyMDE3LTExLTIxIDAwOjAwOjAwIiwidmFsdWF0aW9uRGF0ZSI6IjIwMTctMTEtMjEgMDA6MDA6MDAiLCJwYXJ0eVR5cGUiOjEsImlzQWR2aXNvciI6MCwiYWR2aXNvckFjY291bnROYW1lIjpudWxsLCJhZHZpc29yQWNjb3VudElEIjpudWxsLCJ0b3RhbCI6MjYsImludmVzdEJ5IjowLCJxdWFudGl0eSI6NjAwMDAwLCJBbW91bnRXaXRoQ29zdCI6MCwiZmVlUGVyY2VudCI6MCwicGxhdEZvcm1GZWUiOjB9LHsiU3RhdHVzIjoiT0siLCJhcnJhbmdlbWVudElEIjo3LCJjcmVhdG9ySUQiOjQsInByaWNlIjo2MzAwMDAsInR5cGUiOjMsInN0YXR1cyI6LTEsIm1ldGFEYXRhIjoie1wiY3VycmVuY3lcIjpcIlVTRFwiLFwidW5pdHNcIjoyMDAwMDAsXCJwcmljZVwiOjYzMDAwMCxcImNvbnNpZGVyYXRpb25cIjoxMjAwMDAwLFwicmVmXCI6XCJcIixcImFzc2V0SVNJTlwiOlwiNzg5Nzk4XCIsXCJyZWdpc3RyYXJcIjpcIkxvbl8wMDYgTWdtdCBDb3lcIixcImZlZVBlcmNlbnRcIjowLFwiaW52ZXN0b3JJZFwiOjExLFwiaW52ZXN0b3JXYWxsZXRJZFwiOjQsXCJpbnZlc3RvcldhbGxldE5hbWVcIjpcIkludmVzdG9yXCIsXCJpbnZlc3RvcldhbGxldENvbW11UHViXCI6XCJEV2hNMG9IUjF2dDIwb1lWVk80K21wN283VlRUaDRzVzY1UHFkczJZVkNFPVwiLFwiaW52ZXN0b3JXYWxsZXRBZGRyXCI6XCIxUDREWmMzUFBrOGhkSkhxbld4ZTlQQkUyNjV5dWYycWZzXCIsXCJpbnZlc3RvcldhbGxldEJhbmtJRFwiOjAsXCJpbnZlc3RvcldhbGxldEJhbmtDb21tdVB1YlwiOlwiXCIsXCJpbnZlc3RvclN1YlBvcnRmb2xpb1wiOlwiVGVzdFN1YlwiLFwiaWJhblwiOlwiSUJBTlwifSIsImFzc2V0IjoiNzg5Nzk4fFRlc3QgU2hhcmUgNyIsImN1dG9mZkRhdGUiOiIyMDE3LTExLTIxIDAwOjAwOjAwIiwiZGVsaXZlcnlEYXRlIjoiMjAxNy0xMS0yMSAwMDowMDowMCIsInZhbHVhdGlvbkRhdGUiOiIyMDE3LTExLTIxIDAwOjAwOjAwIiwicGFydHlUeXBlIjoxLCJpc0Fkdmlzb3IiOjAsImFkdmlzb3JBY2NvdW50TmFtZSI6bnVsbCwiYWR2aXNvckFjY291bnRJRCI6bnVsbCwidG90YWwiOjI2LCJpbnZlc3RCeSI6MCwicXVhbnRpdHkiOjIwMDAwMCwiQW1vdW50V2l0aENvc3QiOjAsImZlZVBlcmNlbnQiOjAsInBsYXRGb3JtRmVlIjowfSx7IlN0YXR1cyI6Ik9LIiwiYXJyYW5nZW1lbnRJRCI6OSwiY3JlYXRvcklEIjo0LCJwcmljZSI6NTM2MDAwLCJ0eXBlIjozLCJzdGF0dXMiOi0xLCJtZXRhRGF0YSI6IntcImN1cnJlbmN5XCI6XCJVU0RcIixcInVuaXRzXCI6MjAwMDAwLFwicHJpY2VcIjo1MzYwMDAsXCJjb25zaWRlcmF0aW9uXCI6MTAwMDAwMCxcInJlZlwiOlwiXCIsXCJhc3NldElTSU5cIjpcIjk5OTlcIixcInJlZ2lzdHJhclwiOlwiQmlsbFMgVGVzdGluZyBNZ210IENvMlwiLFwiZmVlUGVyY2VudFwiOjAsXCJpbnZlc3RvcklkXCI6MTEsXCJpbnZlc3RvcldhbGxldElkXCI6NCxcImludmVzdG9yV2FsbGV0TmFtZVwiOlwiSW52ZXN0b3JcIixcImludmVzdG9yV2FsbGV0Q29tbXVQdWJcIjpcIkRXaE0wb0hSMXZ0MjBvWVZWTzQrbXA3bzdWVFRoNHNXNjVQcWRzMllWQ0U9XCIsXCJpbnZlc3RvcldhbGxldEFkZHJcIjpcIjFQNERaYzNQUGs4aGRKSHFuV3hlOVBCRTI2NXl1ZjJxZnNcIixcImludmVzdG9yV2FsbGV0QmFua0lEXCI6MCxcImludmVzdG9yV2FsbGV0QmFua0NvbW11UHViXCI6XCJcIixcImludmVzdG9yU3ViUG9ydGZvbGlvXCI6XCJUZXN0U3ViXCIsXCJpYmFuXCI6XCJJQkFOXCJ9IiwiYXNzZXQiOiI5OTk5fFRlc3QgU2hhcmUgOSIsImN1dG9mZkRhdGUiOiIyMDE3LTExLTIxIDAwOjAwOjAwIiwiZGVsaXZlcnlEYXRlIjoiMjAxNy0xMS0yMSAwMDowMDowMCIsInZhbHVhdGlvbkRhdGUiOiIyMDE3LTExLTIxIDAwOjAwOjAwIiwicGFydHlUeXBlIjoxLCJpc0Fkdmlzb3IiOjAsImFkdmlzb3JBY2NvdW50TmFtZSI6bnVsbCwiYWR2aXNvckFjY291bnRJRCI6bnVsbCwidG90YWwiOjI2LCJpbnZlc3RCeSI6MCwicXVhbnRpdHkiOjIwMDAwMCwiQW1vdW50V2l0aENvc3QiOjAsImZlZVBlcmNlbnQiOjAsInBsYXRGb3JtRmVlIjowfSx7IlN0YXR1cyI6Ik9LIiwiYXJyYW5nZW1lbnRJRCI6MTAsImNyZWF0b3JJRCI6NCwicHJpY2UiOjUzNjAwMCwidHlwZSI6Mywic3RhdHVzIjotMSwibWV0YURhdGEiOiJ7XCJjdXJyZW5jeVwiOlwiVVNEXCIsXCJ1bml0c1wiOjIwMDAwMCxcInByaWNlXCI6NTM2MDAwLFwiY29uc2lkZXJhdGlvblwiOjEwMDAwMDAsXCJyZWZcIjpcIlwiLFwiYXNzZXRJU0lOXCI6XCI5OTk5XCIsXCJyZWdpc3RyYXJcIjpcIkJpbGxTIFRlc3RpbmcgTWdtdCBDbzJcIixcImZlZVBlcmNlbnRcIjowLFwiaW52ZXN0b3JJZFwiOjExLFwiaW52ZXN0b3JXYWxsZXRJZFwiOjQsXCJpbnZlc3RvcldhbGxldE5hbWVcIjpcIkludmVzdG9yXCIsXCJpbnZlc3RvcldhbGxldENvbW11UHViXCI6XCJEV2hNMG9IUjF2dDIwb1lWVk80K21wN283VlRUaDRzVzY1UHFkczJZVkNFPVwiLFwiaW52ZXN0b3JXYWxsZXRBZGRyXCI6XCIxUDREWmMzUFBrOGhkSkhxbld4ZTlQQkUyNjV5dWYycWZzXCIsXCJpbnZlc3RvcldhbGxldEJhbmtJRFwiOjAsXCJpbnZlc3RvcldhbGxldEJhbmtDb21tdVB1YlwiOlwiXCIsXCJpbnZlc3RvclN1YlBvcnRmb2xpb1wiOlwiVGVzdFN1YlwiLFwiaWJhblwiOlwiSUJBTlwifSIsImFzc2V0IjoiOTk5OXxUZXN0IFNoYXJlIDkiLCJjdXRvZmZEYXRlIjoiMjAxNy0xMS0yMSAwMDowMDowMCIsImRlbGl2ZXJ5RGF0ZSI6IjIwMTctMTEtMjEgMDA6MDA6MDAiLCJ2YWx1YXRpb25EYXRlIjoiMjAxNy0xMS0yMSAwMDowMDowMCIsInBhcnR5VHlwZSI6MSwiaXNBZHZpc29yIjowLCJhZHZpc29yQWNjb3VudE5hbWUiOm51bGwsImFkdmlzb3JBY2NvdW50SUQiOm51bGwsInRvdGFsIjoyNiwiaW52ZXN0QnkiOjAsInF1YW50aXR5IjoyMDAwMDAsIkFtb3VudFdpdGhDb3N0IjowLCJmZWVQZXJjZW50IjowLCJwbGF0Rm9ybUZlZSI6MH0seyJTdGF0dXMiOiJPSyIsImFycmFuZ2VtZW50SUQiOjExLCJjcmVhdG9ySUQiOjQsInByaWNlIjoyMDAwMDAsInR5cGUiOjMsInN0YXR1cyI6LTEsIm1ldGFEYXRhIjoie1wiY3VycmVuY3lcIjpcIlwiLFwidW5pdHNcIjoyMDAwMDAsXCJwcmljZVwiOjIwMDAwMCxcImNvbnNpZGVyYXRpb25cIjo0MDAwMDAsXCJyZWZcIjpcIlwiLFwiYXNzZXRJU0lOXCI6XCJPbGxpZVRlc3Q0XCIsXCJyZWdpc3RyYXJcIjpcIkxvbl8wMDYgTWdtdCBDb3lcIixcImZlZVBlcmNlbnRcIjowLFwiaW52ZXN0b3JJZFwiOjExLFwiaW52ZXN0b3JXYWxsZXRJZFwiOjQsXCJpbnZlc3RvcldhbGxldE5hbWVcIjpcIkludmVzdG9yXCIsXCJpbnZlc3RvcldhbGxldENvbW11UHViXCI6XCJEV2hNMG9IUjF2dDIwb1lWVk80K21wN283VlRUaDRzVzY1UHFkczJZVkNFPVwiLFwiaW52ZXN0b3JXYWxsZXRBZGRyXCI6XCIxUDREWmMzUFBrOGhkSkhxbld4ZTlQQkUyNjV5dWYycWZzXCIsXCJpbnZlc3RvcldhbGxldEJhbmtJRFwiOjAsXCJpbnZlc3RvcldhbGxldEJhbmtDb21tdVB1YlwiOlwiXCIsXCJpbnZlc3RvclN1YlBvcnRmb2xpb1wiOlwiVGVzdFN1YlwiLFwiaWJhblwiOlwiSUJBTlwifSIsImFzc2V0IjoiT2xsaWVUZXN0NHxPbGxpZVRlc3Q0IiwiY3V0b2ZmRGF0ZSI6IjIwMTctMTEtMjIgMDA6MDA6MDAiLCJkZWxpdmVyeURhdGUiOiIyMDE3LTExLTIyIDAwOjAwOjAwIiwidmFsdWF0aW9uRGF0ZSI6IjIwMTctMTEtMjIgMDA6MDA6MDAiLCJwYXJ0eVR5cGUiOjEsImlzQWR2aXNvciI6MCwiYWR2aXNvckFjY291bnROYW1lIjpudWxsLCJhZHZpc29yQWNjb3VudElEIjpudWxsLCJ0b3RhbCI6MjYsImludmVzdEJ5IjowLCJxdWFudGl0eSI6MjAwMDAwLCJBbW91bnRXaXRoQ29zdCI6MCwiZmVlUGVyY2VudCI6MCwicGxhdEZvcm1GZWUiOjB9XX0.Y9nVDjNTFArK_PPm9fedn4n21gjrOmNymSSp3IoH6SY
eyJhbGciOiJIUzI1NiJ9.eyJyZXF1ZXN0aWQiOjEsIm1lc3NhZ2V0eXBlIjoiZGIiLCJzdGF0dXMiOiJPSyIsImRhdGEiOlt7IlN0YXR1cyI6Ik9LIiwiYXJyYW5nZW1lbnRJRCI6MSwiY3JlYXRvcklEIjo0LCJwcmljZSI6MCwidHlwZSI6Mywic3RhdHVzIjowLCJtZXRhRGF0YSI6IntcImN1cnJlbmN5XCI6XCJHQlBcIixcInVuaXRzXCI6MTAwMDAwLFwicHJpY2VcIjo2MDAwMDAsXCJjb25zaWRlcmF0aW9uXCI6NjAwMDAwLFwicmVmXCI6XCJcIixcImFzc2V0SVNJTlwiOlwiMTIzMVwiLFwicmVnaXN0cmFyXCI6XCJMb25fMDA2IE1nbXQgQ295XCIsXCJmZWVQZXJjZW50XCI6MCxcImludmVzdG9ySWRcIjoxMSxcImludmVzdG9yV2FsbGV0SWRcIjo0LFwiaW52ZXN0b3JXYWxsZXROYW1lXCI6XCJJbnZlc3RvclwiLFwiaW52ZXN0b3JXYWxsZXRDb21tdVB1YlwiOlwiRFdoTTBvSFIxdnQyMG9ZVlZPNCttcDdvN1ZUVGg0c1c2NVBxZHMyWVZDRT1cIixcImludmVzdG9yV2FsbGV0QWRkclwiOlwiMVA0RFpjM1BQazhoZEpIcW5XeGU5UEJFMjY1eXVmMnFmc1wiLFwiaW52ZXN0b3JXYWxsZXRCYW5rSURcIjowLFwiaW52ZXN0b3JXYWxsZXRCYW5rQ29tbXVQdWJcIjpcIlwiLFwiaW52ZXN0b3JTdWJQb3J0Zm9saW9cIjpcIlRlc3RTdWJcIixcImliYW5cIjpcIklCQU5cIn0iLCJhc3NldCI6IjEyMzF8QlRGNSIsImN1dG9mZkRhdGUiOiIyMDE3LTExLTI2IDAwOjAwOjAwIiwiZGVsaXZlcnlEYXRlIjoiMjAxNy0xMi0wMSAwMDowMDowMCIsInZhbHVhdGlvbkRhdGUiOiIyMDE3LTEyLTAxIDAwOjAwOjAwIiwicGFydHlUeXBlIjoxLCJpc0Fkdmlzb3IiOjAsImFkdmlzb3JBY2NvdW50TmFtZSI6bnVsbCwiYWR2aXNvckFjY291bnRJRCI6bnVsbCwidG90YWwiOjEwLCJpbnZlc3RCeSI6MCwicXVhbnRpdHkiOjEwMDAwMCwiQW1vdW50V2l0aENvc3QiOjAsImZlZVBlcmNlbnQiOjAsInBsYXRGb3JtRmVlIjowfSx7IlN0YXR1cyI6Ik9LIiwiYXJyYW5nZW1lbnRJRCI6MiwiY3JlYXRvcklEIjo0LCJwcmljZSI6MTAwMDAwMCwidHlwZSI6Mywic3RhdHVzIjotMSwibWV0YURhdGEiOiJ7XCJjdXJyZW5jeVwiOlwiR0JQXCIsXCJ1bml0c1wiOjEwMDAwMCxcInByaWNlXCI6NjAwMDAwLFwiY29uc2lkZXJhdGlvblwiOjYwMDAwMCxcInJlZlwiOlwiXCIsXCJhc3NldElTSU5cIjpcIjEyMzFcIixcInJlZ2lzdHJhclwiOlwiTG9uXzAwNiBNZ210IENveVwiLFwiZmVlUGVyY2VudFwiOjAsXCJpbnZlc3RvcklkXCI6MTEsXCJpbnZlc3RvcldhbGxldElkXCI6NCxcImludmVzdG9yV2FsbGV0TmFtZVwiOlwiSW52ZXN0b3JcIixcImludmVzdG9yV2FsbGV0Q29tbXVQdWJcIjpcIkRXaE0wb0hSMXZ0MjBvWVZWTzQrbXA3bzdWVFRoNHNXNjVQcWRzMllWQ0U9XCIsXCJpbnZlc3RvcldhbGxldEFkZHJcIjpcIjFQNERaYzNQUGs4aGRKSHFuV3hlOVBCRTI2NXl1ZjJxZnNcIixcImludmVzdG9yV2FsbGV0QmFua0lEXCI6MCxcImludmVzdG9yV2FsbGV0QmFua0NvbW11UHViXCI6XCJcIixcImludmVzdG9yU3ViUG9ydGZvbGlvXCI6XCJUZXN0U3ViXCIsXCJpYmFuXCI6XCJJQkFOXCJ9IiwiYXNzZXQiOiIxMjMxfEJURjUiLCJjdXRvZmZEYXRlIjoiMjAxNy0xMS0yMSAwMDowMDowMCIsImRlbGl2ZXJ5RGF0ZSI6IjIwMTctMTEtMjEgMTA6NTE6MDAiLCJ2YWx1YXRpb25EYXRlIjoiMjAxNy0xMS0yMSAwMDowMDowMCIsInBhcnR5VHlwZSI6MSwiaXNBZHZpc29yIjowLCJhZHZpc29yQWNjb3VudE5hbWUiOm51bGwsImFkdmlzb3JBY2NvdW50SUQiOm51bGwsInRvdGFsIjoxMCwiaW52ZXN0QnkiOjAsInF1YW50aXR5IjoxMDAwMDAsIkFtb3VudFdpdGhDb3N0IjowLCJmZWVQZXJjZW50IjowLCJwbGF0Rm9ybUZlZSI6MH0seyJTdGF0dXMiOiJPSyIsImFycmFuZ2VtZW50SUQiOjMsImNyZWF0b3JJRCI6NCwicHJpY2UiOjEwMDAwMDAsInR5cGUiOjMsInN0YXR1cyI6LTEsIm1ldGFEYXRhIjoie1wiY3VycmVuY3lcIjpcIkdCUFwiLFwidW5pdHNcIjoxMDAwMDAsXCJwcmljZVwiOjEwMDAwMDAsXCJjb25zaWRlcmF0aW9uXCI6MTAwMDAwMCxcInJlZlwiOlwiXCIsXCJhc3NldElTSU5cIjpcIjEyMzFcIixcInJlZ2lzdHJhclwiOlwiTG9uXzAwNiBNZ210IENveVwiLFwiZmVlUGVyY2VudFwiOjAsXCJpbnZlc3RvcklkXCI6MTEsXCJpbnZlc3RvcldhbGxldElkXCI6NCxcImludmVzdG9yV2FsbGV0TmFtZVwiOlwiSW52ZXN0b3JcIixcImludmVzdG9yV2FsbGV0Q29tbXVQdWJcIjpcIkRXaE0wb0hSMXZ0MjBvWVZWTzQrbXA3bzdWVFRoNHNXNjVQcWRzMllWQ0U9XCIsXCJpbnZlc3RvcldhbGxldEFkZHJcIjpcIjFQNERaYzNQUGs4aGRKSHFuV3hlOVBCRTI2NXl1ZjJxZnNcIixcImludmVzdG9yV2FsbGV0QmFua0lEXCI6MCxcImludmVzdG9yV2FsbGV0QmFua0NvbW11UHViXCI6XCJcIixcImludmVzdG9yU3ViUG9ydGZvbGlvXCI6XCJUZXN0U3ViXCIsXCJpYmFuXCI6XCJJQkFOXCJ9IiwiYXNzZXQiOiIxMjMxfEJURjUiLCJjdXRvZmZEYXRlIjoiMjAxNy0xMS0yMSAwMDowMDowMCIsImRlbGl2ZXJ5RGF0ZSI6IjIwMTctMTEtMjEgMDA6MDA6MDAiLCJ2YWx1YXRpb25EYXRlIjoiMjAxNy0xMS0yMSAwMDowMDowMCIsInBhcnR5VHlwZSI6MSwiaXNBZHZpc29yIjowLCJhZHZpc29yQWNjb3VudE5hbWUiOm51bGwsImFkdmlzb3JBY2NvdW50SUQiOm51bGwsInRvdGFsIjoxMCwiaW52ZXN0QnkiOjAsInF1YW50aXR5IjoxMDAwMDAsIkFtb3VudFdpdGhDb3N0IjowLCJmZWVQZXJjZW50IjowLCJwbGF0Rm9ybUZlZSI6MH0seyJTdGF0dXMiOiJPSyIsImFycmFuZ2VtZW50SUQiOjEyLCJjcmVhdG9ySUQiOjQsInByaWNlIjozMDAwMDAsInR5cGUiOjMsInN0YXR1cyI6LTEsIm1ldGFEYXRhIjoie1wiY3VycmVuY3lcIjpcIkdCUFwiLFwidW5pdHNcIjozMDAwMDAsXCJwcmljZVwiOjMwMDAwMCxcImNvbnNpZGVyYXRpb25cIjo5MDAwMDAsXCJyZWZcIjpcIlwiLFwiYXNzZXRJU0lOXCI6XCIxMjMxXCIsXCJyZWdpc3RyYXJcIjpcIkxvbl8wMDYgTWdtdCBDb3lcIixcImZlZVBlcmNlbnRcIjowLFwiaW52ZXN0b3JJZFwiOjExLFwiaW52ZXN0b3JXYWxsZXRJZFwiOjQsXCJpbnZlc3RvcldhbGxldE5hbWVcIjpcIkludmVzdG9yXCIsXCJpbnZlc3RvcldhbGxldENvbW11UHViXCI6XCJEV2hNMG9IUjF2dDIwb1lWVk80K21wN283VlRUaDRzVzY1UHFkczJZVkNFPVwiLFwiaW52ZXN0b3JXYWxsZXRBZGRyXCI6XCIxUDREWmMzUFBrOGhkSkhxbld4ZTlQQkUyNjV5dWYycWZzXCIsXCJpbnZlc3RvcldhbGxldEJhbmtJRFwiOjAsXCJpbnZlc3RvcldhbGxldEJhbmtDb21tdVB1YlwiOlwiXCIsXCJpbnZlc3RvclN1YlBvcnRmb2xpb1wiOlwiVGVzdFN1YlwiLFwiaWJhblwiOlwiSUJBTlwifSIsImFzc2V0IjoiMTIzMXxCVEY1IiwiY3V0b2ZmRGF0ZSI6IjIwMTctMTEtMjIgMDA6MDA6MDAiLCJkZWxpdmVyeURhdGUiOiIyMDE3LTExLTIyIDAwOjAwOjAwIiwidmFsdWF0aW9uRGF0ZSI6IjIwMTctMTEtMjIgMDA6MDA6MDAiLCJwYXJ0eVR5cGUiOjEsImlzQWR2aXNvciI6MCwiYWR2aXNvckFjY291bnROYW1lIjpudWxsLCJhZHZpc29yQWNjb3VudElEIjpudWxsLCJ0b3RhbCI6MTAsImludmVzdEJ5IjowLCJxdWFudGl0eSI6MzAwMDAwLCJBbW91bnRXaXRoQ29zdCI6MCwiZmVlUGVyY2VudCI6MCwicGxhdEZvcm1GZWUiOjB9LHsiU3RhdHVzIjoiT0siLCJhcnJhbmdlbWVudElEIjoyMCwiY3JlYXRvcklEIjo0LCJwcmljZSI6bnVsbCwidHlwZSI6Mywic3RhdHVzIjoyLCJtZXRhRGF0YSI6IntcImN1cnJlbmN5XCI6XCJHQlBcIixcInVuaXRzXCI6MTAwMDAwLFwicHJpY2VcIjoxMDAwMDAsXCJjb25zaWRlcmF0aW9uXCI6MTAwMDAwLFwicmVmXCI6XCJcIixcImFzc2V0SVNJTlwiOlwiMTIzMVwiLFwicmVnaXN0cmFyXCI6XCJMb25fMDA2IE1nbXQgQ295XCIsXCJmZWVQZXJjZW50XCI6MCxcImludmVzdG9ySWRcIjoxMSxcImludmVzdG9yV2FsbGV0SWRcIjo0LFwiaW52ZXN0b3JXYWxsZXROYW1lXCI6XCJJbnZlc3RvclwiLFwiaW52ZXN0b3JXYWxsZXRDb21tdVB1YlwiOlwiRFdoTTBvSFIxdnQyMG9ZVlZPNCttcDdvN1ZUVGg0c1c2NVBxZHMyWVZDRT1cIixcImludmVzdG9yV2FsbGV0QWRkclwiOlwiMVA0RFpjM1BQazhoZEpIcW5XeGU5UEJFMjY1eXVmMnFmc1wiLFwiaW52ZXN0b3JXYWxsZXRCYW5rSURcIjowLFwiaW52ZXN0b3JXYWxsZXRCYW5rQ29tbXVQdWJcIjpcIlwiLFwiaW52ZXN0b3JTdWJQb3J0Zm9saW9cIjpcIlRlc3RTdWJcIixcImliYW5cIjpcIklCQU5cIn0iLCJhc3NldCI6IjEyMzF8QlRGNSIsImN1dG9mZkRhdGUiOiIyMDE3LTExLTIzIDAwOjAwOjAwIiwiZGVsaXZlcnlEYXRlIjoiMjAxNy0xMi0wMSAwMDowMDowMCIsInZhbHVhdGlvbkRhdGUiOiIyMDE3LTExLTAzIDAwOjAwOjAwIiwicGFydHlUeXBlIjoxLCJpc0Fkdmlzb3IiOjAsImFkdmlzb3JBY2NvdW50TmFtZSI6bnVsbCwiYWR2aXNvckFjY291bnRJRCI6bnVsbCwidG90YWwiOjEwLCJpbnZlc3RCeSI6MCwicXVhbnRpdHkiOjEwMDAwMCwiQW1vdW50V2l0aENvc3QiOjAsImZlZVBlcmNlbnQiOjAsInBsYXRGb3JtRmVlIjowfSx7IlN0YXR1cyI6Ik9LIiwiYXJyYW5nZW1lbnRJRCI6MjEsImNyZWF0b3JJRCI6NCwicHJpY2UiOm51bGwsInR5cGUiOjMsInN0YXR1cyI6MiwibWV0YURhdGEiOiJ7XCJjdXJyZW5jeVwiOlwiR0JQXCIsXCJ1bml0c1wiOjEwMDAwMCxcInByaWNlXCI6MTAwMDAwLFwiY29uc2lkZXJhdGlvblwiOjEwMDAwMCxcInJlZlwiOlwiXCIsXCJhc3NldElTSU5cIjpcIjEyMzFcIixcInJlZ2lzdHJhclwiOlwiTG9uXzAwNiBNZ210IENveVwiLFwiZmVlUGVyY2VudFwiOjAsXCJpbnZlc3RvcklkXCI6MTEsXCJpbnZlc3RvcldhbGxldElkXCI6NCxcImludmVzdG9yV2FsbGV0TmFtZVwiOlwiSW52ZXN0b3JcIixcImludmVzdG9yV2FsbGV0Q29tbXVQdWJcIjpcIkRXaE0wb0hSMXZ0MjBvWVZWTzQrbXA3bzdWVFRoNHNXNjVQcWRzMllWQ0U9XCIsXCJpbnZlc3RvcldhbGxldEFkZHJcIjpcIjFQNERaYzNQUGs4aGRKSHFuV3hlOVBCRTI2NXl1ZjJxZnNcIixcImludmVzdG9yV2FsbGV0QmFua0lEXCI6MCxcImludmVzdG9yV2FsbGV0QmFua0NvbW11UHViXCI6XCJcIixcImludmVzdG9yU3ViUG9ydGZvbGlvXCI6XCJUZXN0U3ViXCIsXCJpYmFuXCI6XCJJQkFOXCJ9IiwiYXNzZXQiOiIxMjMxfEJURjUiLCJjdXRvZmZEYXRlIjoiMjAxNy0xMS0yMyAwMDowMDowMCIsImRlbGl2ZXJ5RGF0ZSI6IjIwMTctMTEtMDEgMDA6MDA6MDAiLCJ2YWx1YXRpb25EYXRlIjoiMjAxNy0xMS0wMyAwMDowMDowMCIsInBhcnR5VHlwZSI6MSwiaXNBZHZpc29yIjowLCJhZHZpc29yQWNjb3VudE5hbWUiOm51bGwsImFkdmlzb3JBY2NvdW50SUQiOm51bGwsInRvdGFsIjoxMCwiaW52ZXN0QnkiOjAsInF1YW50aXR5IjoxMDAwMDAsIkFtb3VudFdpdGhDb3N0IjowLCJmZWVQZXJjZW50IjowLCJwbGF0Rm9ybUZlZSI6MH0seyJTdGF0dXMiOiJPSyIsImFycmFuZ2VtZW50SUQiOjIyLCJjcmVhdG9ySUQiOjQsInByaWNlIjpudWxsLCJ0eXBlIjozLCJzdGF0dXMiOjIsIm1ldGFEYXRhIjoie1wiY3VycmVuY3lcIjpcIkdCUFwiLFwidW5pdHNcIjoxMDAwMDAsXCJwcmljZVwiOjEwMDAwMCxcImNvbnNpZGVyYXRpb25cIjoxMDAwMDAsXCJyZWZcIjpcIlwiLFwiYXNzZXRJU0lOXCI6XCIxMjMxXCIsXCJyZWdpc3RyYXJcIjpcIkxvbl8wMDYgTWdtdCBDb3lcIixcImZlZVBlcmNlbnRcIjowLFwiaW52ZXN0b3JJZFwiOjExLFwiaW52ZXN0b3JXYWxsZXRJZFwiOjQsXCJpbnZlc3RvcldhbGxldE5hbWVcIjpcIkludmVzdG9yXCIsXCJpbnZlc3RvcldhbGxldENvbW11UHViXCI6XCJEV2hNMG9IUjF2dDIwb1lWVk80K21wN283VlRUaDRzVzY1UHFkczJZVkNFPVwiLFwiaW52ZXN0b3JXYWxsZXRBZGRyXCI6XCIxUDREWmMzUFBrOGhkSkhxbld4ZTlQQkUyNjV5dWYycWZzXCIsXCJpbnZlc3RvcldhbGxldEJhbmtJRFwiOjAsXCJpbnZlc3RvcldhbGxldEJhbmtDb21tdVB1YlwiOlwiXCIsXCJpbnZlc3RvclN1YlBvcnRmb2xpb1wiOlwiVGVzdFN1YlwiLFwiaWJhblwiOlwiSUJBTlwifSIsImFzc2V0IjoiMTIzMXxCVEY1IiwiY3V0b2ZmRGF0ZSI6IjIwMTctMTEtMjMgMDA6MDA6MDAiLCJkZWxpdmVyeURhdGUiOiIyMDE3LTExLTE0IDAwOjAwOjAwIiwidmFsdWF0aW9uRGF0ZSI6IjIwMTctMTEtMDMgMDA6MDA6MDAiLCJwYXJ0eVR5cGUiOjEsImlzQWR2aXNvciI6MCwiYWR2aXNvckFjY291bnROYW1lIjpudWxsLCJhZHZpc29yQWNjb3VudElEIjpudWxsLCJ0b3RhbCI6MTAsImludmVzdEJ5IjowLCJxdWFudGl0eSI6MTAwMDAwLCJBbW91bnRXaXRoQ29zdCI6MCwiZmVlUGVyY2VudCI6MCwicGxhdEZvcm1GZWUiOjB9LHsiU3RhdHVzIjoiT0siLCJhcnJhbmdlbWVudElEIjoyMywiY3JlYXRvcklEIjo0LCJwcmljZSI6bnVsbCwidHlwZSI6Mywic3RhdHVzIjoyLCJtZXRhRGF0YSI6IntcImN1cnJlbmN5XCI6XCJHQlBcIixcInVuaXRzXCI6MTAwMDAwLFwicHJpY2VcIjoxMDAwMDAsXCJjb25zaWRlcmF0aW9uXCI6MTAwMDAwLFwicmVmXCI6XCJcIixcImFzc2V0SVNJTlwiOlwiMTIzMVwiLFwicmVnaXN0cmFyXCI6XCJMb25fMDA2IE1nbXQgQ295XCIsXCJmZWVQZXJjZW50XCI6MCxcImludmVzdG9ySWRcIjoxMSxcImludmVzdG9yV2FsbGV0SWRcIjo0LFwiaW52ZXN0b3JXYWxsZXROYW1lXCI6XCJJbnZlc3RvclwiLFwiaW52ZXN0b3JXYWxsZXRDb21tdVB1YlwiOlwiRFdoTTBvSFIxdnQyMG9ZVlZPNCttcDdvN1ZUVGg0c1c2NVBxZHMyWVZDRT1cIixcImludmVzdG9yV2FsbGV0QWRkclwiOlwiMVA0RFpjM1BQazhoZEpIcW5XeGU5UEJFMjY1eXVmMnFmc1wiLFwiaW52ZXN0b3JXYWxsZXRCYW5rSURcIjowLFwiaW52ZXN0b3JXYWxsZXRCYW5rQ29tbXVQdWJcIjpcIlwiLFwiaW52ZXN0b3JTdWJQb3J0Zm9saW9cIjpcIlRlc3RTdWJcIixcImliYW5cIjpcIklCQU5cIn0iLCJhc3NldCI6IjEyMzF8QlRGNSIsImN1dG9mZkRhdGUiOiIyMDE3LTExLTE0IDAwOjAwOjAwIiwiZGVsaXZlcnlEYXRlIjoiMjAxNy0xMS0xNCAwMDowMDowMCIsInZhbHVhdGlvbkRhdGUiOiIyMDE3LTExLTAzIDAwOjAwOjAwIiwicGFydHlUeXBlIjoxLCJpc0Fkdmlzb3IiOjAsImFkdmlzb3JBY2NvdW50TmFtZSI6bnVsbCwiYWR2aXNvckFjY291bnRJRCI6bnVsbCwidG90YWwiOjEwLCJpbnZlc3RCeSI6MCwicXVhbnRpdHkiOjEwMDAwMCwiQW1vdW50V2l0aENvc3QiOjAsImZlZVBlcmNlbnQiOjAsInBsYXRGb3JtRmVlIjowfSx7IlN0YXR1cyI6Ik9LIiwiYXJyYW5nZW1lbnRJRCI6MjQsImNyZWF0b3JJRCI6NCwicHJpY2UiOm51bGwsInR5cGUiOjMsInN0YXR1cyI6MSwibWV0YURhdGEiOiJ7XCJjdXJyZW5jeVwiOlwiR0JQXCIsXCJ1bml0c1wiOjEwMDAwMCxcInByaWNlXCI6MTAwMDAwLFwiY29uc2lkZXJhdGlvblwiOjEwMDAwMCxcInJlZlwiOlwiXCIsXCJhc3NldElTSU5cIjpcIjEyMzFcIixcInJlZ2lzdHJhclwiOlwiTG9uXzAwNiBNZ210IENveVwiLFwiZmVlUGVyY2VudFwiOjAsXCJpbnZlc3RvcklkXCI6MTEsXCJpbnZlc3RvcldhbGxldElkXCI6NCxcImludmVzdG9yV2FsbGV0TmFtZVwiOlwiSW52ZXN0b3JcIixcImludmVzdG9yV2FsbGV0Q29tbXVQdWJcIjpcIkRXaE0wb0hSMXZ0MjBvWVZWTzQrbXA3bzdWVFRoNHNXNjVQcWRzMllWQ0U9XCIsXCJpbnZlc3RvcldhbGxldEFkZHJcIjpcIjFQNERaYzNQUGs4aGRKSHFuV3hlOVBCRTI2NXl1ZjJxZnNcIixcImludmVzdG9yV2FsbGV0QmFua0lEXCI6MCxcImludmVzdG9yV2FsbGV0QmFua0NvbW11UHViXCI6XCJcIixcImludmVzdG9yU3ViUG9ydGZvbGlvXCI6XCJUZXN0U3ViXCIsXCJpYmFuXCI6XCJJQkFOXCJ9IiwiYXNzZXQiOiIxMjMxfEJURjUiLCJjdXRvZmZEYXRlIjoiMjAxNy0xMi0wNyAwMDowMDowMCIsImRlbGl2ZXJ5RGF0ZSI6IjIwMTctMTEtMTQgMDA6MDA6MDAiLCJ2YWx1YXRpb25EYXRlIjoiMjAxNy0xMi0wOCAwMDowMDowMCIsInBhcnR5VHlwZSI6MSwiaXNBZHZpc29yIjowLCJhZHZpc29yQWNjb3VudE5hbWUiOm51bGwsImFkdmlzb3JBY2NvdW50SUQiOm51bGwsInRvdGFsIjoxMCwiaW52ZXN0QnkiOjAsInF1YW50aXR5IjoxMDAwMDAsIkFtb3VudFdpdGhDb3N0IjowLCJmZWVQZXJjZW50IjowLCJwbGF0Rm9ybUZlZSI6MH0seyJTdGF0dXMiOiJPSyIsImFycmFuZ2VtZW50SUQiOjI2LCJjcmVhdG9ySUQiOjQsInByaWNlIjpudWxsLCJ0eXBlIjozLCJzdGF0dXMiOjEsIm1ldGFEYXRhIjoie1wiY3VycmVuY3lcIjpcIkdCUFwiLFwidW5pdHNcIjoxMDAwMDAsXCJwcmljZVwiOjEwMDAwMCxcImNvbnNpZGVyYXRpb25cIjoxMDAwMDAsXCJyZWZcIjpcIlwiLFwiYXNzZXRJU0lOXCI6XCIxMjMxXCIsXCJyZWdpc3RyYXJcIjpcIkxvbl8wMDYgTWdtdCBDb3lcIixcImZlZVBlcmNlbnRcIjowLFwiaW52ZXN0b3JJZFwiOjExLFwiaW52ZXN0b3JXYWxsZXRJZFwiOjQsXCJpbnZlc3RvcldhbGxldE5hbWVcIjpcIkludmVzdG9yXCIsXCJpbnZlc3RvcldhbGxldENvbW11UHViXCI6XCJEV2hNMG9IUjF2dDIwb1lWVk80K21wN283VlRUaDRzVzY1UHFkczJZVkNFPVwiLFwiaW52ZXN0b3JXYWxsZXRBZGRyXCI6XCIxUDREWmMzUFBrOGhkSkhxbld4ZTlQQkUyNjV5dWYycWZzXCIsXCJpbnZlc3RvcldhbGxldEJhbmtJRFwiOjAsXCJpbnZlc3RvcldhbGxldEJhbmtDb21tdVB1YlwiOlwiXCIsXCJpbnZlc3RvclN1YlBvcnRmb2xpb1wiOlwiVGVzdFN1YlwiLFwiaWJhblwiOlwiSUJBTlwifSIsImFzc2V0IjoiMTIzMXxCVEY1IiwiY3V0b2ZmRGF0ZSI6IjIwMTctMTItMTcgMDk6MzA6MDAiLCJkZWxpdmVyeURhdGUiOiIyMDE3LTEyLTE3IDAwOjAwOjAwIiwidmFsdWF0aW9uRGF0ZSI6IjIwMTctMTItMjIgMDA6MDA6MDAiLCJwYXJ0eVR5cGUiOjEsImlzQWR2aXNvciI6MCwiYWR2aXNvckFjY291bnROYW1lIjpudWxsLCJhZHZpc29yQWNjb3VudElEIjpudWxsLCJ0b3RhbCI6MTAsImludmVzdEJ5IjowLCJxdWFudGl0eSI6MTAwMDAwLCJBbW91bnRXaXRoQ29zdCI6MCwiZmVlUGVyY2VudCI6MCwicGxhdEZvcm1GZWUiOjB9XX0.uOO5WlO8qD6yVfO3IbwqN8eJ63KLuPKJySBJumOTE2I
eyJhbGciOiJIUzI1NiJ9.eyJyZXF1ZXN0aWQiOjEsIm1lc3NhZ2V0eXBlIjoiZGIiLCJzdGF0dXMiOiJPSyIsImRhdGEiOlt7IlN0YXR1cyI6Ik9LIiwiYXJyYW5nZW1lbnRJRCI6MSwiY3JlYXRvcklEIjo0LCJwcmljZSI6MCwidHlwZSI6Mywic3RhdHVzIjowLCJtZXRhRGF0YSI6IntcImN1cnJlbmN5XCI6XCJHQlBcIixcInVuaXRzXCI6MTAwMDAwLFwicHJpY2VcIjo2MDAwMDAsXCJjb25zaWRlcmF0aW9uXCI6NjAwMDAwLFwicmVmXCI6XCJcIixcImFzc2V0SVNJTlwiOlwiMTIzMVwiLFwicmVnaXN0cmFyXCI6XCJMb25fMDA2IE1nbXQgQ295XCIsXCJmZWVQZXJjZW50XCI6MCxcImludmVzdG9ySWRcIjoxMSxcImludmVzdG9yV2FsbGV0SWRcIjo0LFwiaW52ZXN0b3JXYWxsZXROYW1lXCI6XCJJbnZlc3RvclwiLFwiaW52ZXN0b3JXYWxsZXRDb21tdVB1YlwiOlwiRFdoTTBvSFIxdnQyMG9ZVlZPNCttcDdvN1ZUVGg0c1c2NVBxZHMyWVZDRT1cIixcImludmVzdG9yV2FsbGV0QWRkclwiOlwiMVA0RFpjM1BQazhoZEpIcW5XeGU5UEJFMjY1eXVmMnFmc1wiLFwiaW52ZXN0b3JXYWxsZXRCYW5rSURcIjowLFwiaW52ZXN0b3JXYWxsZXRCYW5rQ29tbXVQdWJcIjpcIlwiLFwiaW52ZXN0b3JTdWJQb3J0Zm9saW9cIjpcIlRlc3RTdWJcIixcImliYW5cIjpcIklCQU5cIn0iLCJhc3NldCI6IjEyMzF8QlRGNSIsImN1dG9mZkRhdGUiOiIyMDE3LTExLTI2IDAwOjAwOjAwIiwiZGVsaXZlcnlEYXRlIjoiMjAxNy0xMi0wMSAwMDowMDowMCIsInZhbHVhdGlvbkRhdGUiOiIyMDE3LTEyLTAxIDAwOjAwOjAwIiwicGFydHlUeXBlIjoyLCJpc0Fkdmlzb3IiOjAsImFkdmlzb3JBY2NvdW50TmFtZSI6bnVsbCwiYWR2aXNvckFjY291bnRJRCI6bnVsbCwidG90YWwiOjI3LCJpbnZlc3RCeSI6MCwicXVhbnRpdHkiOjEwMDAwMCwiQW1vdW50V2l0aENvc3QiOjAsImZlZVBlcmNlbnQiOjAsInBsYXRGb3JtRmVlIjowfSx7IlN0YXR1cyI6Ik9LIiwiYXJyYW5nZW1lbnRJRCI6MiwiY3JlYXRvcklEIjo0LCJwcmljZSI6MTAwMDAwMCwidHlwZSI6Mywic3RhdHVzIjotMSwibWV0YURhdGEiOiJ7XCJjdXJyZW5jeVwiOlwiR0JQXCIsXCJ1bml0c1wiOjEwMDAwMCxcInByaWNlXCI6NjAwMDAwLFwiY29uc2lkZXJhdGlvblwiOjYwMDAwMCxcInJlZlwiOlwiXCIsXCJhc3NldElTSU5cIjpcIjEyMzFcIixcInJlZ2lzdHJhclwiOlwiTG9uXzAwNiBNZ210IENveVwiLFwiZmVlUGVyY2VudFwiOjAsXCJpbnZlc3RvcklkXCI6MTEsXCJpbnZlc3RvcldhbGxldElkXCI6NCxcImludmVzdG9yV2FsbGV0TmFtZVwiOlwiSW52ZXN0b3JcIixcImludmVzdG9yV2FsbGV0Q29tbXVQdWJcIjpcIkRXaE0wb0hSMXZ0MjBvWVZWTzQrbXA3bzdWVFRoNHNXNjVQcWRzMllWQ0U9XCIsXCJpbnZlc3RvcldhbGxldEFkZHJcIjpcIjFQNERaYzNQUGs4aGRKSHFuV3hlOVBCRTI2NXl1ZjJxZnNcIixcImludmVzdG9yV2FsbGV0QmFua0lEXCI6MCxcImludmVzdG9yV2FsbGV0QmFua0NvbW11UHViXCI6XCJcIixcImludmVzdG9yU3ViUG9ydGZvbGlvXCI6XCJUZXN0U3ViXCIsXCJpYmFuXCI6XCJJQkFOXCJ9IiwiYXNzZXQiOiIxMjMxfEJURjUiLCJjdXRvZmZEYXRlIjoiMjAxNy0xMS0yMSAwMDowMDowMCIsImRlbGl2ZXJ5RGF0ZSI6IjIwMTctMTEtMjEgMTA6NTE6MDAiLCJ2YWx1YXRpb25EYXRlIjoiMjAxNy0xMS0yMSAwMDowMDowMCIsInBhcnR5VHlwZSI6MiwiaXNBZHZpc29yIjowLCJhZHZpc29yQWNjb3VudE5hbWUiOm51bGwsImFkdmlzb3JBY2NvdW50SUQiOm51bGwsInRvdGFsIjoyNywiaW52ZXN0QnkiOjAsInF1YW50aXR5IjoxMDAwMDAsIkFtb3VudFdpdGhDb3N0IjowLCJmZWVQZXJjZW50IjowLCJwbGF0Rm9ybUZlZSI6MH0seyJTdGF0dXMiOiJPSyIsImFycmFuZ2VtZW50SUQiOjMsImNyZWF0b3JJRCI6NCwicHJpY2UiOjEwMDAwMDAsInR5cGUiOjMsInN0YXR1cyI6LTEsIm1ldGFEYXRhIjoie1wiY3VycmVuY3lcIjpcIkdCUFwiLFwidW5pdHNcIjoxMDAwMDAsXCJwcmljZVwiOjEwMDAwMDAsXCJjb25zaWRlcmF0aW9uXCI6MTAwMDAwMCxcInJlZlwiOlwiXCIsXCJhc3NldElTSU5cIjpcIjEyMzFcIixcInJlZ2lzdHJhclwiOlwiTG9uXzAwNiBNZ210IENveVwiLFwiZmVlUGVyY2VudFwiOjAsXCJpbnZlc3RvcklkXCI6MTEsXCJpbnZlc3RvcldhbGxldElkXCI6NCxcImludmVzdG9yV2FsbGV0TmFtZVwiOlwiSW52ZXN0b3JcIixcImludmVzdG9yV2FsbGV0Q29tbXVQdWJcIjpcIkRXaE0wb0hSMXZ0MjBvWVZWTzQrbXA3bzdWVFRoNHNXNjVQcWRzMllWQ0U9XCIsXCJpbnZlc3RvcldhbGxldEFkZHJcIjpcIjFQNERaYzNQUGs4aGRKSHFuV3hlOVBCRTI2NXl1ZjJxZnNcIixcImludmVzdG9yV2FsbGV0QmFua0lEXCI6MCxcImludmVzdG9yV2FsbGV0QmFua0NvbW11UHViXCI6XCJcIixcImludmVzdG9yU3ViUG9ydGZvbGlvXCI6XCJUZXN0U3ViXCIsXCJpYmFuXCI6XCJJQkFOXCJ9IiwiYXNzZXQiOiIxMjMxfEJURjUiLCJjdXRvZmZEYXRlIjoiMjAxNy0xMS0yMSAwMDowMDowMCIsImRlbGl2ZXJ5RGF0ZSI6IjIwMTctMTEtMjEgMDA6MDA6MDAiLCJ2YWx1YXRpb25EYXRlIjoiMjAxNy0xMS0yMSAwMDowMDowMCIsInBhcnR5VHlwZSI6MiwiaXNBZHZpc29yIjowLCJhZHZpc29yQWNjb3VudE5hbWUiOm51bGwsImFkdmlzb3JBY2NvdW50SUQiOm51bGwsInRvdGFsIjoyNywiaW52ZXN0QnkiOjAsInF1YW50aXR5IjoxMDAwMDAsIkFtb3VudFdpdGhDb3N0IjowLCJmZWVQZXJjZW50IjowLCJwbGF0Rm9ybUZlZSI6MH0seyJTdGF0dXMiOiJPSyIsImFycmFuZ2VtZW50SUQiOjQsImNyZWF0b3JJRCI6NCwicHJpY2UiOjIzNTAwMCwidHlwZSI6Mywic3RhdHVzIjotMSwibWV0YURhdGEiOiJ7XCJjdXJyZW5jeVwiOlwiXCIsXCJ1bml0c1wiOjcwMDAwMCxcInByaWNlXCI6MzAwMDAwLFwiY29uc2lkZXJhdGlvblwiOjIxMDAwMDAsXCJyZWZcIjpcIlwiLFwiYXNzZXRJU0lOXCI6XCJPbGxpZVRlc3Q0XCIsXCJyZWdpc3RyYXJcIjpcIkxvbl8wMDYgTWdtdCBDb3lcIixcImZlZVBlcmNlbnRcIjowLFwiaW52ZXN0b3JJZFwiOjExLFwiaW52ZXN0b3JXYWxsZXRJZFwiOjQsXCJpbnZlc3RvcldhbGxldE5hbWVcIjpcIkludmVzdG9yXCIsXCJpbnZlc3RvcldhbGxldENvbW11UHViXCI6XCJEV2hNMG9IUjF2dDIwb1lWVk80K21wN283VlRUaDRzVzY1UHFkczJZVkNFPVwiLFwiaW52ZXN0b3JXYWxsZXRBZGRyXCI6XCIxUDREWmMzUFBrOGhkSkhxbld4ZTlQQkUyNjV5dWYycWZzXCIsXCJpbnZlc3RvcldhbGxldEJhbmtJRFwiOjAsXCJpbnZlc3RvcldhbGxldEJhbmtDb21tdVB1YlwiOlwiXCIsXCJpbnZlc3RvclN1YlBvcnRmb2xpb1wiOlwiVGVzdFN1YlwiLFwiaWJhblwiOlwiSUJBTlwifSIsImFzc2V0IjoiT2xsaWVUZXN0NHxPbGxpZVRlc3Q0IiwiY3V0b2ZmRGF0ZSI6IjIwMTctMTEtMjEgMDA6MDA6MDAiLCJkZWxpdmVyeURhdGUiOiIyMDE3LTExLTIxIDAwOjAwOjAwIiwidmFsdWF0aW9uRGF0ZSI6IjIwMTctMTEtMjEgMDA6MDA6MDAiLCJwYXJ0eVR5cGUiOjIsImlzQWR2aXNvciI6MCwiYWR2aXNvckFjY291bnROYW1lIjpudWxsLCJhZHZpc29yQWNjb3VudElEIjpudWxsLCJ0b3RhbCI6MjcsImludmVzdEJ5IjowLCJxdWFudGl0eSI6NzAwMDAwLCJBbW91bnRXaXRoQ29zdCI6MCwiZmVlUGVyY2VudCI6MCwicGxhdEZvcm1GZWUiOjB9LHsiU3RhdHVzIjoiT0siLCJhcnJhbmdlbWVudElEIjo1LCJjcmVhdG9ySUQiOjQsInByaWNlIjoyMzUwMDAsInR5cGUiOjMsInN0YXR1cyI6LTEsIm1ldGFEYXRhIjoie1wiY3VycmVuY3lcIjpcIlwiLFwidW5pdHNcIjozMDAwMDAsXCJwcmljZVwiOjIzNTAwMCxcImNvbnNpZGVyYXRpb25cIjo3MDAwMDAsXCJyZWZcIjpcIlwiLFwiYXNzZXRJU0lOXCI6XCJPbGxpZVRlc3Q0XCIsXCJyZWdpc3RyYXJcIjpcIkxvbl8wMDYgTWdtdCBDb3lcIixcImZlZVBlcmNlbnRcIjowLFwiaW52ZXN0b3JJZFwiOjExLFwiaW52ZXN0b3JXYWxsZXRJZFwiOjQsXCJpbnZlc3RvcldhbGxldE5hbWVcIjpcIkludmVzdG9yXCIsXCJpbnZlc3RvcldhbGxldENvbW11UHViXCI6XCJEV2hNMG9IUjF2dDIwb1lWVk80K21wN283VlRUaDRzVzY1UHFkczJZVkNFPVwiLFwiaW52ZXN0b3JXYWxsZXRBZGRyXCI6XCIxUDREWmMzUFBrOGhkSkhxbld4ZTlQQkUyNjV5dWYycWZzXCIsXCJpbnZlc3RvcldhbGxldEJhbmtJRFwiOjAsXCJpbnZlc3RvcldhbGxldEJhbmtDb21tdVB1YlwiOlwiXCIsXCJpbnZlc3RvclN1YlBvcnRmb2xpb1wiOlwiVGVzdFN1YlwiLFwiaWJhblwiOlwiSUJBTlwifSIsImFzc2V0IjoiT2xsaWVUZXN0NHxPbGxpZVRlc3Q0IiwiY3V0b2ZmRGF0ZSI6IjIwMTctMTEtMjEgMDA6MDA6MDAiLCJkZWxpdmVyeURhdGUiOiIyMDE3LTExLTIxIDAwOjAwOjAwIiwidmFsdWF0aW9uRGF0ZSI6IjIwMTctMTEtMjEgMDA6MDA6MDAiLCJwYXJ0eVR5cGUiOjIsImlzQWR2aXNvciI6MCwiYWR2aXNvckFjY291bnROYW1lIjpudWxsLCJhZHZpc29yQWNjb3VudElEIjpudWxsLCJ0b3RhbCI6MjcsImludmVzdEJ5IjowLCJxdWFudGl0eSI6MzAwMDAwLCJBbW91bnRXaXRoQ29zdCI6MCwiZmVlUGVyY2VudCI6MCwicGxhdEZvcm1GZWUiOjB9LHsiU3RhdHVzIjoiT0siLCJhcnJhbmdlbWVudElEIjo2LCJjcmVhdG9ySUQiOjQsInByaWNlIjo1NjAwMDAsInR5cGUiOjMsInN0YXR1cyI6LTEsIm1ldGFEYXRhIjoie1wiY3VycmVuY3lcIjpcIlwiLFwidW5pdHNcIjo2MDAwMDAsXCJwcmljZVwiOjU2MDAwMCxcImNvbnNpZGVyYXRpb25cIjozMzAwMDAwLFwicmVmXCI6XCJcIixcImFzc2V0SVNJTlwiOlwiNDI1OFwiLFwicmVnaXN0cmFyXCI6XCJMb25fMDA2IE1nbXQgQ295XCIsXCJmZWVQZXJjZW50XCI6MCxcImludmVzdG9ySWRcIjoxMSxcImludmVzdG9yV2FsbGV0SWRcIjo0LFwiaW52ZXN0b3JXYWxsZXROYW1lXCI6XCJJbnZlc3RvclwiLFwiaW52ZXN0b3JXYWxsZXRDb21tdVB1YlwiOlwiRFdoTTBvSFIxdnQyMG9ZVlZPNCttcDdvN1ZUVGg0c1c2NVBxZHMyWVZDRT1cIixcImludmVzdG9yV2FsbGV0QWRkclwiOlwiMVA0RFpjM1BQazhoZEpIcW5XeGU5UEJFMjY1eXVmMnFmc1wiLFwiaW52ZXN0b3JXYWxsZXRCYW5rSURcIjowLFwiaW52ZXN0b3JXYWxsZXRCYW5rQ29tbXVQdWJcIjpcIlwiLFwiaW52ZXN0b3JTdWJQb3J0Zm9saW9cIjpcIlRlc3RTdWJcIixcImliYW5cIjpcIklCQU5cIn0iLCJhc3NldCI6IjQyNTh8VGVzdCBTaGFyZSA4IiwiY3V0b2ZmRGF0ZSI6IjIwMTctMTEtMjEgMDA6MDA6MDAiLCJkZWxpdmVyeURhdGUiOiIyMDE3LTExLTIxIDAwOjAwOjAwIiwidmFsdWF0aW9uRGF0ZSI6IjIwMTctMTEtMjEgMDA6MDA6MDAiLCJwYXJ0eVR5cGUiOjIsImlzQWR2aXNvciI6MCwiYWR2aXNvckFjY291bnROYW1lIjpudWxsLCJhZHZpc29yQWNjb3VudElEIjpudWxsLCJ0b3RhbCI6MjcsImludmVzdEJ5IjowLCJxdWFudGl0eSI6NjAwMDAwLCJBbW91bnRXaXRoQ29zdCI6MCwiZmVlUGVyY2VudCI6MCwicGxhdEZvcm1GZWUiOjB9LHsiU3RhdHVzIjoiT0siLCJhcnJhbmdlbWVudElEIjo3LCJjcmVhdG9ySUQiOjQsInByaWNlIjo2MzAwMDAsInR5cGUiOjMsInN0YXR1cyI6LTEsIm1ldGFEYXRhIjoie1wiY3VycmVuY3lcIjpcIlVTRFwiLFwidW5pdHNcIjoyMDAwMDAsXCJwcmljZVwiOjYzMDAwMCxcImNvbnNpZGVyYXRpb25cIjoxMjAwMDAwLFwicmVmXCI6XCJcIixcImFzc2V0SVNJTlwiOlwiNzg5Nzk4XCIsXCJyZWdpc3RyYXJcIjpcIkxvbl8wMDYgTWdtdCBDb3lcIixcImZlZVBlcmNlbnRcIjowLFwiaW52ZXN0b3JJZFwiOjExLFwiaW52ZXN0b3JXYWxsZXRJZFwiOjQsXCJpbnZlc3RvcldhbGxldE5hbWVcIjpcIkludmVzdG9yXCIsXCJpbnZlc3RvcldhbGxldENvbW11UHViXCI6XCJEV2hNMG9IUjF2dDIwb1lWVk80K21wN283VlRUaDRzVzY1UHFkczJZVkNFPVwiLFwiaW52ZXN0b3JXYWxsZXRBZGRyXCI6XCIxUDREWmMzUFBrOGhkSkhxbld4ZTlQQkUyNjV5dWYycWZzXCIsXCJpbnZlc3RvcldhbGxldEJhbmtJRFwiOjAsXCJpbnZlc3RvcldhbGxldEJhbmtDb21tdVB1YlwiOlwiXCIsXCJpbnZlc3RvclN1YlBvcnRmb2xpb1wiOlwiVGVzdFN1YlwiLFwiaWJhblwiOlwiSUJBTlwifSIsImFzc2V0IjoiNzg5Nzk4fFRlc3QgU2hhcmUgNyIsImN1dG9mZkRhdGUiOiIyMDE3LTExLTIxIDAwOjAwOjAwIiwiZGVsaXZlcnlEYXRlIjoiMjAxNy0xMS0yMSAwMDowMDowMCIsInZhbHVhdGlvbkRhdGUiOiIyMDE3LTExLTIxIDAwOjAwOjAwIiwicGFydHlUeXBlIjoyLCJpc0Fkdmlzb3IiOjAsImFkdmlzb3JBY2NvdW50TmFtZSI6bnVsbCwiYWR2aXNvckFjY291bnRJRCI6bnVsbCwidG90YWwiOjI3LCJpbnZlc3RCeSI6MCwicXVhbnRpdHkiOjIwMDAwMCwiQW1vdW50V2l0aENvc3QiOjAsImZlZVBlcmNlbnQiOjAsInBsYXRGb3JtRmVlIjowfSx7IlN0YXR1cyI6Ik9LIiwiYXJyYW5nZW1lbnRJRCI6OCwiY3JlYXRvcklEIjo0LCJwcmljZSI6NTYwMDAwLCJ0eXBlIjo0LCJzdGF0dXMiOi0xLCJtZXRhRGF0YSI6IntcImN1cnJlbmN5XCI6XCJcIixcInVuaXRzXCI6MjAwMDAwLFwicHJpY2VcIjo1NjAwMDAsXCJjb25zaWRlcmF0aW9uXCI6MTEwMDAwMCxcInJlZlwiOlwiXCIsXCJhc3NldElTSU5cIjpcIjQyNThcIixcInJlZ2lzdHJhclwiOlwiTG9uXzAwNiBNZ210IENveVwiLFwiZmVlUGVyY2VudFwiOjAsXCJpbnZlc3RvcklkXCI6MTEsXCJpbnZlc3RvcldhbGxldElkXCI6NCxcImludmVzdG9yV2FsbGV0TmFtZVwiOlwiSW52ZXN0b3JcIixcImludmVzdG9yV2FsbGV0Q29tbXVQdWJcIjpcIkRXaE0wb0hSMXZ0MjBvWVZWTzQrbXA3bzdWVFRoNHNXNjVQcWRzMllWQ0U9XCIsXCJpbnZlc3RvcldhbGxldEFkZHJcIjpcIjFQNERaYzNQUGs4aGRKSHFuV3hlOVBCRTI2NXl1ZjJxZnNcIixcImludmVzdG9yV2FsbGV0QmFua0lEXCI6MCxcImludmVzdG9yV2FsbGV0QmFua0NvbW11UHViXCI6XCJcIixcImludmVzdG9yU3ViUG9ydGZvbGlvXCI6XCJUZXN0U3ViXCIsXCJpYmFuXCI6XCJJQkFOXCJ9IiwiYXNzZXQiOiI0MjU4fFRlc3QgU2hhcmUgOCIsImN1dG9mZkRhdGUiOiIyMDE3LTExLTIxIDAwOjAwOjAwIiwiZGVsaXZlcnlEYXRlIjoiMjAxNy0xMS0yMSAwMDowMDowMCIsInZhbHVhdGlvbkRhdGUiOiIyMDE3LTExLTIxIDAwOjAwOjAwIiwicGFydHlUeXBlIjoyLCJpc0Fkdmlzb3IiOjAsImFkdmlzb3JBY2NvdW50TmFtZSI6bnVsbCwiYWR2aXNvckFjY291bnRJRCI6bnVsbCwidG90YWwiOjI3LCJpbnZlc3RCeSI6MCwicXVhbnRpdHkiOjIwMDAwMCwiQW1vdW50V2l0aENvc3QiOjAsImZlZVBlcmNlbnQiOjAsInBsYXRGb3JtRmVlIjowfSx7IlN0YXR1cyI6Ik9LIiwiYXJyYW5nZW1lbnRJRCI6OSwiY3JlYXRvcklEIjo0LCJwcmljZSI6NTM2MDAwLCJ0eXBlIjozLCJzdGF0dXMiOi0xLCJtZXRhRGF0YSI6IntcImN1cnJlbmN5XCI6XCJVU0RcIixcInVuaXRzXCI6MjAwMDAwLFwicHJpY2VcIjo1MzYwMDAsXCJjb25zaWRlcmF0aW9uXCI6MTAwMDAwMCxcInJlZlwiOlwiXCIsXCJhc3NldElTSU5cIjpcIjk5OTlcIixcInJlZ2lzdHJhclwiOlwiQmlsbFMgVGVzdGluZyBNZ210IENvMlwiLFwiZmVlUGVyY2VudFwiOjAsXCJpbnZlc3RvcklkXCI6MTEsXCJpbnZlc3RvcldhbGxldElkXCI6NCxcImludmVzdG9yV2FsbGV0TmFtZVwiOlwiSW52ZXN0b3JcIixcImludmVzdG9yV2FsbGV0Q29tbXVQdWJcIjpcIkRXaE0wb0hSMXZ0MjBvWVZWTzQrbXA3bzdWVFRoNHNXNjVQcWRzMllWQ0U9XCIsXCJpbnZlc3RvcldhbGxldEFkZHJcIjpcIjFQNERaYzNQUGs4aGRKSHFuV3hlOVBCRTI2NXl1ZjJxZnNcIixcImludmVzdG9yV2FsbGV0QmFua0lEXCI6MCxcImludmVzdG9yV2FsbGV0QmFua0NvbW11UHViXCI6XCJcIixcImludmVzdG9yU3ViUG9ydGZvbGlvXCI6XCJUZXN0U3ViXCIsXCJpYmFuXCI6XCJJQkFOXCJ9IiwiYXNzZXQiOiI5OTk5fFRlc3QgU2hhcmUgOSIsImN1dG9mZkRhdGUiOiIyMDE3LTExLTIxIDAwOjAwOjAwIiwiZGVsaXZlcnlEYXRlIjoiMjAxNy0xMS0yMSAwMDowMDowMCIsInZhbHVhdGlvbkRhdGUiOiIyMDE3LTExLTIxIDAwOjAwOjAwIiwicGFydHlUeXBlIjoyLCJpc0Fkdmlzb3IiOjAsImFkdmlzb3JBY2NvdW50TmFtZSI6bnVsbCwiYWR2aXNvckFjY291bnRJRCI6bnVsbCwidG90YWwiOjI3LCJpbnZlc3RCeSI6MCwicXVhbnRpdHkiOjIwMDAwMCwiQW1vdW50V2l0aENvc3QiOjAsImZlZVBlcmNlbnQiOjAsInBsYXRGb3JtRmVlIjowfSx7IlN0YXR1cyI6Ik9LIiwiYXJyYW5nZW1lbnRJRCI6MTAsImNyZWF0b3JJRCI6NCwicHJpY2UiOjUzNjAwMCwidHlwZSI6Mywic3RhdHVzIjotMSwibWV0YURhdGEiOiJ7XCJjdXJyZW5jeVwiOlwiVVNEXCIsXCJ1bml0c1wiOjIwMDAwMCxcInByaWNlXCI6NTM2MDAwLFwiY29uc2lkZXJhdGlvblwiOjEwMDAwMDAsXCJyZWZcIjpcIlwiLFwiYXNzZXRJU0lOXCI6XCI5OTk5XCIsXCJyZWdpc3RyYXJcIjpcIkJpbGxTIFRlc3RpbmcgTWdtdCBDbzJcIixcImZlZVBlcmNlbnRcIjowLFwiaW52ZXN0b3JJZFwiOjExLFwiaW52ZXN0b3JXYWxsZXRJZFwiOjQsXCJpbnZlc3RvcldhbGxldE5hbWVcIjpcIkludmVzdG9yXCIsXCJpbnZlc3RvcldhbGxldENvbW11UHViXCI6XCJEV2hNMG9IUjF2dDIwb1lWVk80K21wN283VlRUaDRzVzY1UHFkczJZVkNFPVwiLFwiaW52ZXN0b3JXYWxsZXRBZGRyXCI6XCIxUDREWmMzUFBrOGhkSkhxbld4ZTlQQkUyNjV5dWYycWZzXCIsXCJpbnZlc3RvcldhbGxldEJhbmtJRFwiOjAsXCJpbnZlc3RvcldhbGxldEJhbmtDb21tdVB1YlwiOlwiXCIsXCJpbnZlc3RvclN1YlBvcnRmb2xpb1wiOlwiVGVzdFN1YlwiLFwiaWJhblwiOlwiSUJBTlwifSIsImFzc2V0IjoiOTk5OXxUZXN0IFNoYXJlIDkiLCJjdXRvZmZEYXRlIjoiMjAxNy0xMS0yMSAwMDowMDowMCIsImRlbGl2ZXJ5RGF0ZSI6IjIwMTctMTEtMjEgMDA6MDA6MDAiLCJ2YWx1YXRpb25EYXRlIjoiMjAxNy0xMS0yMSAwMDowMDowMCIsInBhcnR5VHlwZSI6MiwiaXNBZHZpc29yIjowLCJhZHZpc29yQWNjb3VudE5hbWUiOm51bGwsImFkdmlzb3JBY2NvdW50SUQiOm51bGwsInRvdGFsIjoyNywiaW52ZXN0QnkiOjAsInF1YW50aXR5IjoyMDAwMDAsIkFtb3VudFdpdGhDb3N0IjowLCJmZWVQZXJjZW50IjowLCJwbGF0Rm9ybUZlZSI6MH1dfQ.Pepu1NjmlS9DvtptYgJx1OoXD_yT0KwSnTUAn6qztfs
eyJhbGciOiJIUzI1NiJ9.eyJyZXF1ZXN0aWQiOjEsIm1lc3NhZ2V0eXBlIjoiZGIiLCJzdGF0dXMiOiJPSyIsImRhdGEiOlt7IlN0YXR1cyI6Ik9LIiwiYXJyYW5nZW1lbnRJRCI6MSwiY3JlYXRvcklEIjo0LCJwcmljZSI6MCwidHlwZSI6Mywic3RhdHVzIjowLCJtZXRhRGF0YSI6IntcImN1cnJlbmN5XCI6XCJHQlBcIixcInVuaXRzXCI6MTAwMDAwLFwicHJpY2VcIjo2MDAwMDAsXCJjb25zaWRlcmF0aW9uXCI6NjAwMDAwLFwicmVmXCI6XCJcIixcImFzc2V0SVNJTlwiOlwiMTIzMVwiLFwicmVnaXN0cmFyXCI6XCJMb25fMDA2IE1nbXQgQ295XCIsXCJmZWVQZXJjZW50XCI6MCxcImludmVzdG9ySWRcIjoxMSxcImludmVzdG9yV2FsbGV0SWRcIjo0LFwiaW52ZXN0b3JXYWxsZXROYW1lXCI6XCJJbnZlc3RvclwiLFwiaW52ZXN0b3JXYWxsZXRDb21tdVB1YlwiOlwiRFdoTTBvSFIxdnQyMG9ZVlZPNCttcDdvN1ZUVGg0c1c2NVBxZHMyWVZDRT1cIixcImludmVzdG9yV2FsbGV0QWRkclwiOlwiMVA0RFpjM1BQazhoZEpIcW5XeGU5UEJFMjY1eXVmMnFmc1wiLFwiaW52ZXN0b3JXYWxsZXRCYW5rSURcIjowLFwiaW52ZXN0b3JXYWxsZXRCYW5rQ29tbXVQdWJcIjpcIlwiLFwiaW52ZXN0b3JTdWJQb3J0Zm9saW9cIjpcIlRlc3RTdWJcIixcImliYW5cIjpcIklCQU5cIn0iLCJhc3NldCI6IjEyMzF8QlRGNSIsImN1dG9mZkRhdGUiOiIyMDE3LTExLTI2IDAwOjAwOjAwIiwiZGVsaXZlcnlEYXRlIjoiMjAxNy0xMi0wMSAwMDowMDowMCIsInZhbHVhdGlvbkRhdGUiOiIyMDE3LTEyLTAxIDAwOjAwOjAwIiwicGFydHlUeXBlIjoyLCJpc0Fkdmlzb3IiOjAsImFkdmlzb3JBY2NvdW50TmFtZSI6bnVsbCwiYWR2aXNvckFjY291bnRJRCI6bnVsbCwidG90YWwiOjI2LCJpbnZlc3RCeSI6MCwicXVhbnRpdHkiOjEwMDAwMCwiQW1vdW50V2l0aENvc3QiOjAsImZlZVBlcmNlbnQiOjAsInBsYXRGb3JtRmVlIjowfSx7IlN0YXR1cyI6Ik9LIiwiYXJyYW5nZW1lbnRJRCI6MiwiY3JlYXRvcklEIjo0LCJwcmljZSI6MTAwMDAwMCwidHlwZSI6Mywic3RhdHVzIjotMSwibWV0YURhdGEiOiJ7XCJjdXJyZW5jeVwiOlwiR0JQXCIsXCJ1bml0c1wiOjEwMDAwMCxcInByaWNlXCI6NjAwMDAwLFwiY29uc2lkZXJhdGlvblwiOjYwMDAwMCxcInJlZlwiOlwiXCIsXCJhc3NldElTSU5cIjpcIjEyMzFcIixcInJlZ2lzdHJhclwiOlwiTG9uXzAwNiBNZ210IENveVwiLFwiZmVlUGVyY2VudFwiOjAsXCJpbnZlc3RvcklkXCI6MTEsXCJpbnZlc3RvcldhbGxldElkXCI6NCxcImludmVzdG9yV2FsbGV0TmFtZVwiOlwiSW52ZXN0b3JcIixcImludmVzdG9yV2FsbGV0Q29tbXVQdWJcIjpcIkRXaE0wb0hSMXZ0MjBvWVZWTzQrbXA3bzdWVFRoNHNXNjVQcWRzMllWQ0U9XCIsXCJpbnZlc3RvcldhbGxldEFkZHJcIjpcIjFQNERaYzNQUGs4aGRKSHFuV3hlOVBCRTI2NXl1ZjJxZnNcIixcImludmVzdG9yV2FsbGV0QmFua0lEXCI6MCxcImludmVzdG9yV2FsbGV0QmFua0NvbW11UHViXCI6XCJcIixcImludmVzdG9yU3ViUG9ydGZvbGlvXCI6XCJUZXN0U3ViXCIsXCJpYmFuXCI6XCJJQkFOXCJ9IiwiYXNzZXQiOiIxMjMxfEJURjUiLCJjdXRvZmZEYXRlIjoiMjAxNy0xMS0yMSAwMDowMDowMCIsImRlbGl2ZXJ5RGF0ZSI6IjIwMTctMTEtMjEgMTA6NTE6MDAiLCJ2YWx1YXRpb25EYXRlIjoiMjAxNy0xMS0yMSAwMDowMDowMCIsInBhcnR5VHlwZSI6MiwiaXNBZHZpc29yIjowLCJhZHZpc29yQWNjb3VudE5hbWUiOm51bGwsImFkdmlzb3JBY2NvdW50SUQiOm51bGwsInRvdGFsIjoyNiwiaW52ZXN0QnkiOjAsInF1YW50aXR5IjoxMDAwMDAsIkFtb3VudFdpdGhDb3N0IjowLCJmZWVQZXJjZW50IjowLCJwbGF0Rm9ybUZlZSI6MH0seyJTdGF0dXMiOiJPSyIsImFycmFuZ2VtZW50SUQiOjMsImNyZWF0b3JJRCI6NCwicHJpY2UiOjEwMDAwMDAsInR5cGUiOjMsInN0YXR1cyI6LTEsIm1ldGFEYXRhIjoie1wiY3VycmVuY3lcIjpcIkdCUFwiLFwidW5pdHNcIjoxMDAwMDAsXCJwcmljZVwiOjEwMDAwMDAsXCJjb25zaWRlcmF0aW9uXCI6MTAwMDAwMCxcInJlZlwiOlwiXCIsXCJhc3NldElTSU5cIjpcIjEyMzFcIixcInJlZ2lzdHJhclwiOlwiTG9uXzAwNiBNZ210IENveVwiLFwiZmVlUGVyY2VudFwiOjAsXCJpbnZlc3RvcklkXCI6MTEsXCJpbnZlc3RvcldhbGxldElkXCI6NCxcImludmVzdG9yV2FsbGV0TmFtZVwiOlwiSW52ZXN0b3JcIixcImludmVzdG9yV2FsbGV0Q29tbXVQdWJcIjpcIkRXaE0wb0hSMXZ0MjBvWVZWTzQrbXA3bzdWVFRoNHNXNjVQcWRzMllWQ0U9XCIsXCJpbnZlc3RvcldhbGxldEFkZHJcIjpcIjFQNERaYzNQUGs4aGRKSHFuV3hlOVBCRTI2NXl1ZjJxZnNcIixcImludmVzdG9yV2FsbGV0QmFua0lEXCI6MCxcImludmVzdG9yV2FsbGV0QmFua0NvbW11UHViXCI6XCJcIixcImludmVzdG9yU3ViUG9ydGZvbGlvXCI6XCJUZXN0U3ViXCIsXCJpYmFuXCI6XCJJQkFOXCJ9IiwiYXNzZXQiOiIxMjMxfEJURjUiLCJjdXRvZmZEYXRlIjoiMjAxNy0xMS0yMSAwMDowMDowMCIsImRlbGl2ZXJ5RGF0ZSI6IjIwMTctMTEtMjEgMDA6MDA6MDAiLCJ2YWx1YXRpb25EYXRlIjoiMjAxNy0xMS0yMSAwMDowMDowMCIsInBhcnR5VHlwZSI6MiwiaXNBZHZpc29yIjowLCJhZHZpc29yQWNjb3VudE5hbWUiOm51bGwsImFkdmlzb3JBY2NvdW50SUQiOm51bGwsInRvdGFsIjoyNiwiaW52ZXN0QnkiOjAsInF1YW50aXR5IjoxMDAwMDAsIkFtb3VudFdpdGhDb3N0IjowLCJmZWVQZXJjZW50IjowLCJwbGF0Rm9ybUZlZSI6MH0seyJTdGF0dXMiOiJPSyIsImFycmFuZ2VtZW50SUQiOjQsImNyZWF0b3JJRCI6NCwicHJpY2UiOjIzNTAwMCwidHlwZSI6Mywic3RhdHVzIjotMSwibWV0YURhdGEiOiJ7XCJjdXJyZW5jeVwiOlwiXCIsXCJ1bml0c1wiOjcwMDAwMCxcInByaWNlXCI6MzAwMDAwLFwiY29uc2lkZXJhdGlvblwiOjIxMDAwMDAsXCJyZWZcIjpcIlwiLFwiYXNzZXRJU0lOXCI6XCJPbGxpZVRlc3Q0XCIsXCJyZWdpc3RyYXJcIjpcIkxvbl8wMDYgTWdtdCBDb3lcIixcImZlZVBlcmNlbnRcIjowLFwiaW52ZXN0b3JJZFwiOjExLFwiaW52ZXN0b3JXYWxsZXRJZFwiOjQsXCJpbnZlc3RvcldhbGxldE5hbWVcIjpcIkludmVzdG9yXCIsXCJpbnZlc3RvcldhbGxldENvbW11UHViXCI6XCJEV2hNMG9IUjF2dDIwb1lWVk80K21wN283VlRUaDRzVzY1UHFkczJZVkNFPVwiLFwiaW52ZXN0b3JXYWxsZXRBZGRyXCI6XCIxUDREWmMzUFBrOGhkSkhxbld4ZTlQQkUyNjV5dWYycWZzXCIsXCJpbnZlc3RvcldhbGxldEJhbmtJRFwiOjAsXCJpbnZlc3RvcldhbGxldEJhbmtDb21tdVB1YlwiOlwiXCIsXCJpbnZlc3RvclN1YlBvcnRmb2xpb1wiOlwiVGVzdFN1YlwiLFwiaWJhblwiOlwiSUJBTlwifSIsImFzc2V0IjoiT2xsaWVUZXN0NHxPbGxpZVRlc3Q0IiwiY3V0b2ZmRGF0ZSI6IjIwMTctMTEtMjEgMDA6MDA6MDAiLCJkZWxpdmVyeURhdGUiOiIyMDE3LTExLTIxIDAwOjAwOjAwIiwidmFsdWF0aW9uRGF0ZSI6IjIwMTctMTEtMjEgMDA6MDA6MDAiLCJwYXJ0eVR5cGUiOjIsImlzQWR2aXNvciI6MCwiYWR2aXNvckFjY291bnROYW1lIjpudWxsLCJhZHZpc29yQWNjb3VudElEIjpudWxsLCJ0b3RhbCI6MjYsImludmVzdEJ5IjowLCJxdWFudGl0eSI6NzAwMDAwLCJBbW91bnRXaXRoQ29zdCI6MCwiZmVlUGVyY2VudCI6MCwicGxhdEZvcm1GZWUiOjB9LHsiU3RhdHVzIjoiT0siLCJhcnJhbmdlbWVudElEIjo1LCJjcmVhdG9ySUQiOjQsInByaWNlIjoyMzUwMDAsInR5cGUiOjMsInN0YXR1cyI6LTEsIm1ldGFEYXRhIjoie1wiY3VycmVuY3lcIjpcIlwiLFwidW5pdHNcIjozMDAwMDAsXCJwcmljZVwiOjIzNTAwMCxcImNvbnNpZGVyYXRpb25cIjo3MDAwMDAsXCJyZWZcIjpcIlwiLFwiYXNzZXRJU0lOXCI6XCJPbGxpZVRlc3Q0XCIsXCJyZWdpc3RyYXJcIjpcIkxvbl8wMDYgTWdtdCBDb3lcIixcImZlZVBlcmNlbnRcIjowLFwiaW52ZXN0b3JJZFwiOjExLFwiaW52ZXN0b3JXYWxsZXRJZFwiOjQsXCJpbnZlc3RvcldhbGxldE5hbWVcIjpcIkludmVzdG9yXCIsXCJpbnZlc3RvcldhbGxldENvbW11UHViXCI6XCJEV2hNMG9IUjF2dDIwb1lWVk80K21wN283VlRUaDRzVzY1UHFkczJZVkNFPVwiLFwiaW52ZXN0b3JXYWxsZXRBZGRyXCI6XCIxUDREWmMzUFBrOGhkSkhxbld4ZTlQQkUyNjV5dWYycWZzXCIsXCJpbnZlc3RvcldhbGxldEJhbmtJRFwiOjAsXCJpbnZlc3RvcldhbGxldEJhbmtDb21tdVB1YlwiOlwiXCIsXCJpbnZlc3RvclN1YlBvcnRmb2xpb1wiOlwiVGVzdFN1YlwiLFwiaWJhblwiOlwiSUJBTlwifSIsImFzc2V0IjoiT2xsaWVUZXN0NHxPbGxpZVRlc3Q0IiwiY3V0b2ZmRGF0ZSI6IjIwMTctMTEtMjEgMDA6MDA6MDAiLCJkZWxpdmVyeURhdGUiOiIyMDE3LTExLTIxIDAwOjAwOjAwIiwidmFsdWF0aW9uRGF0ZSI6IjIwMTctMTEtMjEgMDA6MDA6MDAiLCJwYXJ0eVR5cGUiOjIsImlzQWR2aXNvciI6MCwiYWR2aXNvckFjY291bnROYW1lIjpudWxsLCJhZHZpc29yQWNjb3VudElEIjpudWxsLCJ0b3RhbCI6MjYsImludmVzdEJ5IjowLCJxdWFudGl0eSI6MzAwMDAwLCJBbW91bnRXaXRoQ29zdCI6MCwiZmVlUGVyY2VudCI6MCwicGxhdEZvcm1GZWUiOjB9LHsiU3RhdHVzIjoiT0siLCJhcnJhbmdlbWVudElEIjo2LCJjcmVhdG9ySUQiOjQsInByaWNlIjo1NjAwMDAsInR5cGUiOjMsInN0YXR1cyI6LTEsIm1ldGFEYXRhIjoie1wiY3VycmVuY3lcIjpcIlwiLFwidW5pdHNcIjo2MDAwMDAsXCJwcmljZVwiOjU2MDAwMCxcImNvbnNpZGVyYXRpb25cIjozMzAwMDAwLFwicmVmXCI6XCJcIixcImFzc2V0SVNJTlwiOlwiNDI1OFwiLFwicmVnaXN0cmFyXCI6XCJMb25fMDA2IE1nbXQgQ295XCIsXCJmZWVQZXJjZW50XCI6MCxcImludmVzdG9ySWRcIjoxMSxcImludmVzdG9yV2FsbGV0SWRcIjo0LFwiaW52ZXN0b3JXYWxsZXROYW1lXCI6XCJJbnZlc3RvclwiLFwiaW52ZXN0b3JXYWxsZXRDb21tdVB1YlwiOlwiRFdoTTBvSFIxdnQyMG9ZVlZPNCttcDdvN1ZUVGg0c1c2NVBxZHMyWVZDRT1cIixcImludmVzdG9yV2FsbGV0QWRkclwiOlwiMVA0RFpjM1BQazhoZEpIcW5XeGU5UEJFMjY1eXVmMnFmc1wiLFwiaW52ZXN0b3JXYWxsZXRCYW5rSURcIjowLFwiaW52ZXN0b3JXYWxsZXRCYW5rQ29tbXVQdWJcIjpcIlwiLFwiaW52ZXN0b3JTdWJQb3J0Zm9saW9cIjpcIlRlc3RTdWJcIixcImliYW5cIjpcIklCQU5cIn0iLCJhc3NldCI6IjQyNTh8VGVzdCBTaGFyZSA4IiwiY3V0b2ZmRGF0ZSI6IjIwMTctMTEtMjEgMDA6MDA6MDAiLCJkZWxpdmVyeURhdGUiOiIyMDE3LTExLTIxIDAwOjAwOjAwIiwidmFsdWF0aW9uRGF0ZSI6IjIwMTctMTEtMjEgMDA6MDA6MDAiLCJwYXJ0eVR5cGUiOjIsImlzQWR2aXNvciI6MCwiYWR2aXNvckFjY291bnROYW1lIjpudWxsLCJhZHZpc29yQWNjb3VudElEIjpudWxsLCJ0b3RhbCI6MjYsImludmVzdEJ5IjowLCJxdWFudGl0eSI6NjAwMDAwLCJBbW91bnRXaXRoQ29zdCI6MCwiZmVlUGVyY2VudCI6MCwicGxhdEZvcm1GZWUiOjB9LHsiU3RhdHVzIjoiT0siLCJhcnJhbmdlbWVudElEIjo3LCJjcmVhdG9ySUQiOjQsInByaWNlIjo2MzAwMDAsInR5cGUiOjMsInN0YXR1cyI6LTEsIm1ldGFEYXRhIjoie1wiY3VycmVuY3lcIjpcIlVTRFwiLFwidW5pdHNcIjoyMDAwMDAsXCJwcmljZVwiOjYzMDAwMCxcImNvbnNpZGVyYXRpb25cIjoxMjAwMDAwLFwicmVmXCI6XCJcIixcImFzc2V0SVNJTlwiOlwiNzg5Nzk4XCIsXCJyZWdpc3RyYXJcIjpcIkxvbl8wMDYgTWdtdCBDb3lcIixcImZlZVBlcmNlbnRcIjowLFwiaW52ZXN0b3JJZFwiOjExLFwiaW52ZXN0b3JXYWxsZXRJZFwiOjQsXCJpbnZlc3RvcldhbGxldE5hbWVcIjpcIkludmVzdG9yXCIsXCJpbnZlc3RvcldhbGxldENvbW11UHViXCI6XCJEV2hNMG9IUjF2dDIwb1lWVk80K21wN283VlRUaDRzVzY1UHFkczJZVkNFPVwiLFwiaW52ZXN0b3JXYWxsZXRBZGRyXCI6XCIxUDREWmMzUFBrOGhkSkhxbld4ZTlQQkUyNjV5dWYycWZzXCIsXCJpbnZlc3RvcldhbGxldEJhbmtJRFwiOjAsXCJpbnZlc3RvcldhbGxldEJhbmtDb21tdVB1YlwiOlwiXCIsXCJpbnZlc3RvclN1YlBvcnRmb2xpb1wiOlwiVGVzdFN1YlwiLFwiaWJhblwiOlwiSUJBTlwifSIsImFzc2V0IjoiNzg5Nzk4fFRlc3QgU2hhcmUgNyIsImN1dG9mZkRhdGUiOiIyMDE3LTExLTIxIDAwOjAwOjAwIiwiZGVsaXZlcnlEYXRlIjoiMjAxNy0xMS0yMSAwMDowMDowMCIsInZhbHVhdGlvbkRhdGUiOiIyMDE3LTExLTIxIDAwOjAwOjAwIiwicGFydHlUeXBlIjoyLCJpc0Fkdmlzb3IiOjAsImFkdmlzb3JBY2NvdW50TmFtZSI6bnVsbCwiYWR2aXNvckFjY291bnRJRCI6bnVsbCwidG90YWwiOjI2LCJpbnZlc3RCeSI6MCwicXVhbnRpdHkiOjIwMDAwMCwiQW1vdW50V2l0aENvc3QiOjAsImZlZVBlcmNlbnQiOjAsInBsYXRGb3JtRmVlIjowfSx7IlN0YXR1cyI6Ik9LIiwiYXJyYW5nZW1lbnRJRCI6OSwiY3JlYXRvcklEIjo0LCJwcmljZSI6NTM2MDAwLCJ0eXBlIjozLCJzdGF0dXMiOi0xLCJtZXRhRGF0YSI6IntcImN1cnJlbmN5XCI6XCJVU0RcIixcInVuaXRzXCI6MjAwMDAwLFwicHJpY2VcIjo1MzYwMDAsXCJjb25zaWRlcmF0aW9uXCI6MTAwMDAwMCxcInJlZlwiOlwiXCIsXCJhc3NldElTSU5cIjpcIjk5OTlcIixcInJlZ2lzdHJhclwiOlwiQmlsbFMgVGVzdGluZyBNZ210IENvMlwiLFwiZmVlUGVyY2VudFwiOjAsXCJpbnZlc3RvcklkXCI6MTEsXCJpbnZlc3RvcldhbGxldElkXCI6NCxcImludmVzdG9yV2FsbGV0TmFtZVwiOlwiSW52ZXN0b3JcIixcImludmVzdG9yV2FsbGV0Q29tbXVQdWJcIjpcIkRXaE0wb0hSMXZ0MjBvWVZWTzQrbXA3bzdWVFRoNHNXNjVQcWRzMllWQ0U9XCIsXCJpbnZlc3RvcldhbGxldEFkZHJcIjpcIjFQNERaYzNQUGs4aGRKSHFuV3hlOVBCRTI2NXl1ZjJxZnNcIixcImludmVzdG9yV2FsbGV0QmFua0lEXCI6MCxcImludmVzdG9yV2FsbGV0QmFua0NvbW11UHViXCI6XCJcIixcImludmVzdG9yU3ViUG9ydGZvbGlvXCI6XCJUZXN0U3ViXCIsXCJpYmFuXCI6XCJJQkFOXCJ9IiwiYXNzZXQiOiI5OTk5fFRlc3QgU2hhcmUgOSIsImN1dG9mZkRhdGUiOiIyMDE3LTExLTIxIDAwOjAwOjAwIiwiZGVsaXZlcnlEYXRlIjoiMjAxNy0xMS0yMSAwMDowMDowMCIsInZhbHVhdGlvbkRhdGUiOiIyMDE3LTExLTIxIDAwOjAwOjAwIiwicGFydHlUeXBlIjoyLCJpc0Fkdmlzb3IiOjAsImFkdmlzb3JBY2NvdW50TmFtZSI6bnVsbCwiYWR2aXNvckFjY291bnRJRCI6bnVsbCwidG90YWwiOjI2LCJpbnZlc3RCeSI6MCwicXVhbnRpdHkiOjIwMDAwMCwiQW1vdW50V2l0aENvc3QiOjAsImZlZVBlcmNlbnQiOjAsInBsYXRGb3JtRmVlIjowfSx7IlN0YXR1cyI6Ik9LIiwiYXJyYW5nZW1lbnRJRCI6MTAsImNyZWF0b3JJRCI6NCwicHJpY2UiOjUzNjAwMCwidHlwZSI6Mywic3RhdHVzIjotMSwibWV0YURhdGEiOiJ7XCJjdXJyZW5jeVwiOlwiVVNEXCIsXCJ1bml0c1wiOjIwMDAwMCxcInByaWNlXCI6NTM2MDAwLFwiY29uc2lkZXJhdGlvblwiOjEwMDAwMDAsXCJyZWZcIjpcIlwiLFwiYXNzZXRJU0lOXCI6XCI5OTk5XCIsXCJyZWdpc3RyYXJcIjpcIkJpbGxTIFRlc3RpbmcgTWdtdCBDbzJcIixcImZlZVBlcmNlbnRcIjowLFwiaW52ZXN0b3JJZFwiOjExLFwiaW52ZXN0b3JXYWxsZXRJZFwiOjQsXCJpbnZlc3RvcldhbGxldE5hbWVcIjpcIkludmVzdG9yXCIsXCJpbnZlc3RvcldhbGxldENvbW11UHViXCI6XCJEV2hNMG9IUjF2dDIwb1lWVk80K21wN283VlRUaDRzVzY1UHFkczJZVkNFPVwiLFwiaW52ZXN0b3JXYWxsZXRBZGRyXCI6XCIxUDREWmMzUFBrOGhkSkhxbld4ZTlQQkUyNjV5dWYycWZzXCIsXCJpbnZlc3RvcldhbGxldEJhbmtJRFwiOjAsXCJpbnZlc3RvcldhbGxldEJhbmtDb21tdVB1YlwiOlwiXCIsXCJpbnZlc3RvclN1YlBvcnRmb2xpb1wiOlwiVGVzdFN1YlwiLFwiaWJhblwiOlwiSUJBTlwifSIsImFzc2V0IjoiOTk5OXxUZXN0IFNoYXJlIDkiLCJjdXRvZmZEYXRlIjoiMjAxNy0xMS0yMSAwMDowMDowMCIsImRlbGl2ZXJ5RGF0ZSI6IjIwMTctMTEtMjEgMDA6MDA6MDAiLCJ2YWx1YXRpb25EYXRlIjoiMjAxNy0xMS0yMSAwMDowMDowMCIsInBhcnR5VHlwZSI6MiwiaXNBZHZpc29yIjowLCJhZHZpc29yQWNjb3VudE5hbWUiOm51bGwsImFkdmlzb3JBY2NvdW50SUQiOm51bGwsInRvdGFsIjoyNiwiaW52ZXN0QnkiOjAsInF1YW50aXR5IjoyMDAwMDAsIkFtb3VudFdpdGhDb3N0IjowLCJmZWVQZXJjZW50IjowLCJwbGF0Rm9ybUZlZSI6MH0seyJTdGF0dXMiOiJPSyIsImFycmFuZ2VtZW50SUQiOjExLCJjcmVhdG9ySUQiOjQsInByaWNlIjoyMDAwMDAsInR5cGUiOjMsInN0YXR1cyI6LTEsIm1ldGFEYXRhIjoie1wiY3VycmVuY3lcIjpcIlwiLFwidW5pdHNcIjoyMDAwMDAsXCJwcmljZVwiOjIwMDAwMCxcImNvbnNpZGVyYXRpb25cIjo0MDAwMDAsXCJyZWZcIjpcIlwiLFwiYXNzZXRJU0lOXCI6XCJPbGxpZVRlc3Q0XCIsXCJyZWdpc3RyYXJcIjpcIkxvbl8wMDYgTWdtdCBDb3lcIixcImZlZVBlcmNlbnRcIjowLFwiaW52ZXN0b3JJZFwiOjExLFwiaW52ZXN0b3JXYWxsZXRJZFwiOjQsXCJpbnZlc3RvcldhbGxldE5hbWVcIjpcIkludmVzdG9yXCIsXCJpbnZlc3RvcldhbGxldENvbW11UHViXCI6XCJEV2hNMG9IUjF2dDIwb1lWVk80K21wN283VlRUaDRzVzY1UHFkczJZVkNFPVwiLFwiaW52ZXN0b3JXYWxsZXRBZGRyXCI6XCIxUDREWmMzUFBrOGhkSkhxbld4ZTlQQkUyNjV5dWYycWZzXCIsXCJpbnZlc3RvcldhbGxldEJhbmtJRFwiOjAsXCJpbnZlc3RvcldhbGxldEJhbmtDb21tdVB1YlwiOlwiXCIsXCJpbnZlc3RvclN1YlBvcnRmb2xpb1wiOlwiVGVzdFN1YlwiLFwiaWJhblwiOlwiSUJBTlwifSIsImFzc2V0IjoiT2xsaWVUZXN0NHxPbGxpZVRlc3Q0IiwiY3V0b2ZmRGF0ZSI6IjIwMTctMTEtMjIgMDA6MDA6MDAiLCJkZWxpdmVyeURhdGUiOiIyMDE3LTExLTIyIDAwOjAwOjAwIiwidmFsdWF0aW9uRGF0ZSI6IjIwMTctMTEtMjIgMDA6MDA6MDAiLCJwYXJ0eVR5cGUiOjIsImlzQWR2aXNvciI6MCwiYWR2aXNvckFjY291bnROYW1lIjpudWxsLCJhZHZpc29yQWNjb3VudElEIjpudWxsLCJ0b3RhbCI6MjYsImludmVzdEJ5IjowLCJxdWFudGl0eSI6MjAwMDAwLCJBbW91bnRXaXRoQ29zdCI6MCwiZmVlUGVyY2VudCI6MCwicGxhdEZvcm1GZWUiOjB9XX0.doB9mkBCqJHx2hr_J--VNDQ5SNAacNfoItp2H_-8NLA
]]></system-err>
</testsuite>
