<?xml version="1.0" encoding="UTF-8"?>
<testsuite name="src.RESTAPITests.Fund.Creation.createFundAcceptanceTest" tests="1" skipped="0" failures="1" errors="0" timestamp="2017-11-28T12:11:58" hostname="Bills-iMac.local" time="0.047">
  <properties/>
  <testcase name="createFundWithValidDataTest" classname="src.RESTAPITests.Fund.Creation.createFundAcceptanceTest" time="0.047">
    <failure message="java.lang.NullPointerException" type="java.lang.NullPointerException">java.lang.NullPointerException
	at src.RESTAPITests.Fund.Creation.createFundAcceptanceTest.lambda$createFundWithValidDataTest$0(createFundAcceptanceTest.java:51)
	at io.setl.restapi.client.RestApi.sendMessage(RestApi.java:76)
	at src.RESTAPITests.Fund.Creation.createFundAcceptanceTest.createFundWithValidDataTest(createFundAcceptanceTest.java:49)
	at sun.reflect.NativeMethodAccessorImpl.invoke0(Native Method)
	at sun.reflect.NativeMethodAccessorImpl.invoke(NativeMethodAccessorImpl.java:62)
	at sun.reflect.DelegatingMethodAccessorImpl.invoke(DelegatingMethodAccessorImpl.java:43)
	at java.lang.reflect.Method.invoke(Method.java:498)
	at org.junit.runners.model.FrameworkMethod$1.runReflectiveCall(FrameworkMethod.java:50)
	at org.junit.internal.runners.model.ReflectiveCallable.run(ReflectiveCallable.java:12)
	at org.junit.runners.model.FrameworkMethod.invokeExplosively(FrameworkMethod.java:47)
	at org.junit.internal.runners.statements.InvokeMethod.evaluate(InvokeMethod.java:17)
	at org.junit.internal.runners.statements.RunBefores.evaluate(RunBefores.java:26)
	at org.junit.internal.runners.statements.FailOnTimeout$CallableStatement.call(FailOnTimeout.java:298)
	at org.junit.internal.runners.statements.FailOnTimeout$CallableStatement.call(FailOnTimeout.java:292)
	at java.util.concurrent.FutureTask.run(FutureTask.java:266)
	at java.lang.Thread.run(Thread.java:745)
</failure>
  </testcase>
  <system-out><![CDATA[]]></system-out>
  <system-err><![CDATA[eyJhbGciOiJIUzI1NiJ9.eyJyZXF1ZXN0aWQiOjEsIm1lc3NhZ2V0eXBlIjoiZGIiLCJzdGF0dXMiOiJPSyIsImRhdGEiOnsiU3RhdHVzIjoiRmFpbCIsIk1lc3NhZ2UiOnsiY29kZSI6IkVSX1RSVU5DQVRFRF9XUk9OR19WQUxVRV9GT1JfRklFTEQiLCJlcnJubyI6MTM2Niwic3FsTWVzc2FnZSI6IkluY29ycmVjdCBpbnRlZ2VyIHZhbHVlOiAnc2ljYXZfeVdmWHlHJyBmb3IgY29sdW1uICd0aGlzU2ljYXZJRCcgYXQgcm93IDEiLCJzcWxTdGF0ZSI6IkhZMDAwIiwiaW5kZXgiOjAsInNxbCI6ImNhbGwgczJfdGJsRnVuZHNfSW5zZXJ0KCczYTNiMjQzM2I3ZThkMDhiZDBiNTdlODgzODU0YWNhMzYzMDA2NmQ2ZTZjN2FiYWY4YTM5Y2I3YmU5MjAyYTdhJywnVGVzdF9GdW5kX3l6SXZzJywncHJvc3BlY3R1c19IeWVyaGFxJywncmVwb3J0X1RWSm1kRUsnLCdsZWlfSnFqWGknLCdzaWNhdl95V2ZYeUcnLCdjb21wYW55X05laScpIn19fQ.9qSYqohqTx7GF6aDQc8Y-ngf2qk1T1p3p8feRSLRd20
]]></system-err>
</testsuite>
