<?xml version="1.0" encoding="UTF-8"?>
<testsuite name="src.RESTAPITests.Account.Deletion.deleteAccountAcceptanceTest" tests="2" skipped="0" failures="0" errors="0" timestamp="2017-11-28T12:11:58" hostname="Bills-iMac.local" time="0.091">
  <properties/>
  <testcase name="deleteAccount" classname="src.RESTAPITests.Account.Deletion.deleteAccountAcceptanceTest" time="0.057"/>
  <testcase name="shouldNotDeleteAccountWithoutPermissions" classname="src.RESTAPITests.Account.Deletion.deleteAccountAcceptanceTest" time="0.034"/>
  <system-out><![CDATA[semnd eyJ0eXAiOiJKV1QiLCJhbGciOiJIUzI1NiJ9.eyJtZXNzYWdlYm9keSI6eyJ1c2VyaWQiOjE3fSwibWVzc2FnZXR5cGUiOiJpbml0aWFsaXNlIiwicmVxdWVzdGlkIjoxLCJ0b2tlbiI6IiIsInRpbWVzdGFtcCI6MTUxMTg3MTExODAyNX0.2Iut6sI4zbb5IFzXsmmH3cmFF3kDkn29P4Ot161Z0HQsemnd eyJ0eXAiOiJKV1QiLCJhbGciOiJIUzI1NiJ9.eyJtZXNzYWdlYm9keSI6eyJhY2NvdW50RGVzY3JpcHRpb24iOiJUZXN0X0FjY291bnRfd0pVRlIiLCJhY2NvdW50TWVtYmVyIjo1LCJhY2NvdW50TmFtZSI6IlRlc3RfQWNjb3VudF9EZXNjX3dKVUZSIiwidG9waWMiOiJuYSJ9LCJtZXNzYWdldHlwZSI6InJlcXVlc3QiLCJyZXF1ZXN0aWQiOjEsInRva2VuIjoiOTgzMDQ5YmIxY2FhZTk0ZTZiYWMzZTdmZjQzNmU3Mzg3NzY5MmRlNTNjZjlhYzJlM2NjZDMyNGViMWJjN2ZjZiIsInRpbWVzdGFtcCI6MTUxMTg3MTExODAzNH0.M_O_4GASr5noPkLcrpejslfnH826GGAhefeEwSs8hXc{Status=OK, accountID=257, accountName=Test_Account_Desc_wJUFR, description=Test_Account_wJUFR, parent=5, billingWallet=null}
]]></system-out>
  <system-err><![CDATA[eyJhbGciOiJIUzI1NiJ9.eyJyZXF1ZXN0aWQiOjEsIm1lc3NhZ2V0eXBlIjoiZGIiLCJzdGF0dXMiOiJPSyIsImRhdGEiOlt7IlN0YXR1cyI6Ik9LIiwiYWNjb3VudElEIjoyNTcsImFjY291bnROYW1lIjoiVGVzdF9BY2NvdW50X0Rlc2Nfd0pVRlIiLCJkZXNjcmlwdGlvbiI6IlRlc3RfQWNjb3VudF93SlVGUiIsInBhcmVudCI6NSwiYmlsbGluZ1dhbGxldCI6bnVsbH1dfQ.nUTJvvGpMyyv2uYnCPaMkU6fHObCM22Ah0LOFYd2P5E
eyJhbGciOiJIUzI1NiJ9.eyJyZXF1ZXN0aWQiOjIsIm1lc3NhZ2V0eXBlIjoiZGIiLCJzdGF0dXMiOiJPSyIsImRhdGEiOlt7IlN0YXR1cyI6Ik9LIiwiTWVzc2FnZSI6IiIsImFjY291bnRJRCI6MjU3LCJkZXNjcmlwdGlvbiI6IlRlc3RfQWNjb3VudF93SlVGUiIsImFjY291bnROYW1lIjoiVGVzdF9BY2NvdW50X0Rlc2Nfd0pVRlIiLCJtZW1iZXJJRCI6NSwid2FsbGV0SUQiOm51bGx9XX0.7Tav8Jpw9sxwBJDeou1qlGjiWcF8Zm_CWpPBqNPm8Rs
eyJhbGciOiJIUzI1NiJ9.eyJyZXF1ZXN0aWQiOjEsIm1lc3NhZ2V0eXBlIjoiZGIiLCJzdGF0dXMiOiJPSyIsImRhdGEiOlt7IlN0YXR1cyI6Ik9LIiwiYWNjb3VudElEIjoyNTgsImFjY291bnROYW1lIjoiVGVzdF9BY2NvdW50X0Rlc2NfU2JNckQiLCJkZXNjcmlwdGlvbiI6IlRlc3RfQWNjb3VudF9TYk1yRCIsInBhcmVudCI6NSwiYmlsbGluZ1dhbGxldCI6bnVsbH1dfQ.K9peybS97aLwvZcZ2UsfT8IRkAnqZnr7AqWApippxMo
eyJhbGciOiJIUzI1NiJ9.eyJyZXF1ZXN0aWQiOjEsIm1lc3NhZ2V0eXBlIjoiZGIiLCJzdGF0dXMiOiJPSyIsImRhdGEiOlt7IlN0YXR1cyI6IkZBSUwifV19.WEm7O2X5j6YWGApUqurL8J2MWDC2rXmdH1_vukw4Wk8
]]></system-err>
</testsuite>
