<?xml version="1.0" encoding="UTF-8"?>
<testsuite name="src.RESTAPITests.User.Update.updateUserTest" tests="3" skipped="0" failures="1" errors="0" timestamp="2017-11-28T12:12:02" hostname="Bills-iMac.local" time="3.583">
  <properties/>
  <testcase name="updateUserUserType" classname="src.RESTAPITests.User.Update.updateUserTest" time="0.308"/>
  <testcase name="updateUserEmailAddress" classname="src.RESTAPITests.User.Update.updateUserTest" time="3.006">
    <failure message="org.junit.runners.model.TestTimedOutException: test timed out after 3000 milliseconds" type="org.junit.runners.model.TestTimedOutException">org.junit.runners.model.TestTimedOutException: test timed out after 3000 milliseconds
	at sun.misc.Unsafe.park(Native Method)
	at java.util.concurrent.locks.LockSupport.park(LockSupport.java:175)
	at java.util.concurrent.locks.AbstractQueuedSynchronizer.parkAndCheckInterrupt(AbstractQueuedSynchronizer.java:836)
	at java.util.concurrent.locks.AbstractQueuedSynchronizer.doAcquireSharedInterruptibly(AbstractQueuedSynchronizer.java:997)
	at java.util.concurrent.locks.AbstractQueuedSynchronizer.acquireSharedInterruptibly(AbstractQueuedSynchronizer.java:1304)
	at java.util.concurrent.CountDownLatch.await(CountDownLatch.java:231)
	at SETLAPIHelpers.WebSocketAPI.LoginHelper.login(LoginHelper.java:31)
	at src.RESTAPITests.User.Update.updateUserTest.updateUserEmailAddress(updateUserTest.java:55)
	at sun.reflect.NativeMethodAccessorImpl.invoke0(Native Method)
	at sun.reflect.NativeMethodAccessorImpl.invoke(NativeMethodAccessorImpl.java:62)
	at sun.reflect.DelegatingMethodAccessorImpl.invoke(DelegatingMethodAccessorImpl.java:43)
	at java.lang.reflect.Method.invoke(Method.java:498)
	at org.junit.runners.model.FrameworkMethod$1.runReflectiveCall(FrameworkMethod.java:50)
	at org.junit.internal.runners.model.ReflectiveCallable.run(ReflectiveCallable.java:12)
	at org.junit.runners.model.FrameworkMethod.invokeExplosively(FrameworkMethod.java:47)
	at org.junit.internal.runners.statements.InvokeMethod.evaluate(InvokeMethod.java:17)
	at org.junit.internal.runners.statements.RunBefores.evaluate(RunBefores.java:26)
	at org.junit.internal.runners.statements.FailOnTimeout$CallableStatement.call(FailOnTimeout.java:298)
	at org.junit.internal.runners.statements.FailOnTimeout$CallableStatement.call(FailOnTimeout.java:292)
	at java.util.concurrent.FutureTask.run(FutureTask.java:266)
	at java.lang.Thread.run(Thread.java:745)
</failure>
  </testcase>
  <testcase name="updateUserAccount" classname="src.RESTAPITests.User.Update.updateUserTest" time="0.269"/>
  <system-out><![CDATA[Sending message :153 bytes
message : {"RequestID":1001,"Version":2,"Request":"startRequest","Data":"5eb0af7812d0aca377e924d028c6e9b40e35308e0e0f4d2794bff5c1741d6f38","MessageType":"Response"}
res::f21219435d42e2e3be95e8e04cf556d63999f60ab64553471b38c54ac6ba58f8
Sending message :320 bytes
message : {"Status":"OK","Data":[{"Token":"3f6aca10cfad2abed8af61bb1af4b20acbd7250c496cccfee9b73a785892aff3","Status":"OK","Message":"","UserName":"Emmanuel","UserID":4,"EMailAddress":"emmanuel.rodriguez@setl.io","useTwoFactor":0,"copyMailToEmail":1,"admin":1,"userType":15,"accontID":1,"accountName":"SETL Private Admin","memberID":1,"last_login":"2017-11-28 12:11:57","apiKey":"gV6Il3IAP0ML1WQ4jNkmYAb5FRExrAfWcGCaKzYMQ24=","investorType":null,"platformAddr":"1LsKRrgh2ewD9aA3jMYEqKVgYLQwhQp7gG","defaultAddress":"13jF8jCPmxJi6HBtaqxGyn8GLPcDj1VrJX","defaultWalletID":null}],"MessageType":"Response","Request":"login","RequestID":1002,"Version":2}
Sending message :448 bytes
message : {"Status":"OK","Data":[{"Status":"OK","userID":446,"userName":"Test_User_QZwTg","accountID":8,"parent":5,"emailAddress":"Test_User_QZwTg@test.com","isManager":0,"accountLocked":0,"userType":35,"`isAdmin`":1}],"MessageType":"Response","Request":"newUser","RequestID":1003,"Version":2}
Sending message :408 bytes
message : {"Status":"OK","Data":{"msg":"hello"},"MessageType":"Response","Version":2}
message : {"Status":"OK","Data":[{"Status":"OK","Message":"","userID":446,"userName":"Test_User_QZwTg","accountID":8,"parent":5,"emailAddress":"Test_User_QZwTg@test.com","isManager":0,"accountLocked":0,"userType":36}],"MessageType":"Response","Request":"updateUser","RequestID":1004,"Version":2}
userType
36
Sending message :153 bytes
message : {"RequestID":1001,"Version":2,"Request":"startRequest","Data":"fe68a85a02d25094783472892afbdec7707991c2aab03ad15eeeeabf22130317","MessageType":"Response"}
res::05f037809efa24858b7eb64cadaad36dc942cbc2b76bff7d81e5a89c0c737745
Sending message :320 bytes
Sending message :153 bytes
message : {"RequestID":1001,"Version":2,"Request":"startRequest","Data":"6b5bce831e6ef104c7c6ef4ccda5ab60f4b5f956019302feb86203e2b5b81174","MessageType":"Response"}
res::5289c4fed8bc9d643faf4104da0ede7830ca2ac943d660345de6b3585ef509a4
Sending message :320 bytes
message : {"Status":"OK","Data":[{"Token":"5a275f3f387e7a3d8ba75ab793458451c50a6f2ac91c9c7f9a21e366c119a56e","Status":"OK","Message":"","UserName":"Emmanuel","UserID":4,"EMailAddress":"emmanuel.rodriguez@setl.io","useTwoFactor":0,"copyMailToEmail":1,"admin":1,"userType":15,"accontID":1,"accountName":"SETL Private Admin","memberID":1,"last_login":"2017-11-28 12:12:02","apiKey":"gV6Il3IAP0ML1WQ4jNkmYAb5FRExrAfWcGCaKzYMQ24=","investorType":null,"platformAddr":"1LsKRrgh2ewD9aA3jMYEqKVgYLQwhQp7gG","defaultAddress":"13jF8jCPmxJi6HBtaqxGyn8GLPcDj1VrJX","defaultWalletID":null}],"MessageType":"Response","Request":"login","RequestID":1002,"Version":2}
Sending message :448 bytes
message : {"Status":"OK","Data":[{"Status":"OK","userID":447,"userName":"Test_User_Cwckl","accountID":8,"parent":5,"emailAddress":"Test_User_Cwckl@test.com","isManager":0,"accountLocked":0,"userType":35,"`isAdmin`":1}],"MessageType":"Response","Request":"newUser","RequestID":1003,"Version":2}
Sending message :408 bytes
message : {"Status":"OK","Data":[{"Status":"OK","Message":"","userID":447,"userName":"Test_User_Cwckl","accountID":7,"parent":1,"emailAddress":"Test_User_Cwckl@test.com","isManager":0,"accountLocked":0,"userType":35}],"MessageType":"Response","Request":"updateUser","RequestID":1004,"Version":2}
accountID
7
message : {"Status":"OK","Data":{"msg":"hello"},"MessageType":"Response","Version":2}
]]></system-out>
  <system-err><![CDATA[]]></system-err>
</testsuite>
