<?xml version="1.0" encoding="UTF-8"?>
<testsuite name="src.RESTAPITests.Account.List.listAccountAcceptanceTest" tests="2" skipped="0" failures="2" errors="0" timestamp="2017-11-28T12:11:58" hostname="Bills-iMac.local" time="0.02">
  <properties/>
  <testcase name="failToCreateArrangementWithIncorrectPermissions" classname="src.RESTAPITests.Account.List.listAccountAcceptanceTest" time="0.0">
    <failure message="java.lang.NullPointerException" type="java.lang.NullPointerException">java.lang.NullPointerException
	at SETLAPIHelpers.RestAPI.AccountHelper.createAccountFailure(AccountHelper.java:64)
	at src.RESTAPITests.Account.List.listAccountAcceptanceTest.failToCreateArrangementWithIncorrectPermissions(listAccountAcceptanceTest.java:58)
	at sun.reflect.NativeMethodAccessorImpl.invoke0(Native Method)
	at sun.reflect.NativeMethodAccessorImpl.invoke(NativeMethodAccessorImpl.java:62)
	at sun.reflect.DelegatingMethodAccessorImpl.invoke(DelegatingMethodAccessorImpl.java:43)
	at java.lang.reflect.Method.invoke(Method.java:498)
	at org.junit.runners.model.FrameworkMethod$1.runReflectiveCall(FrameworkMethod.java:50)
	at org.junit.internal.runners.model.ReflectiveCallable.run(ReflectiveCallable.java:12)
	at org.junit.runners.model.FrameworkMethod.invokeExplosively(FrameworkMethod.java:47)
	at org.junit.internal.runners.statements.InvokeMethod.evaluate(InvokeMethod.java:17)
	at org.junit.internal.runners.statements.RunBefores.evaluate(RunBefores.java:26)
	at org.junit.internal.runners.statements.FailOnTimeout$CallableStatement.call(FailOnTimeout.java:298)
	at org.junit.internal.runners.statements.FailOnTimeout$CallableStatement.call(FailOnTimeout.java:292)
	at java.util.concurrent.FutureTask.run(FutureTask.java:266)
	at java.lang.Thread.run(Thread.java:745)
</failure>
  </testcase>
  <testcase name="listAccounts" classname="src.RESTAPITests.Account.List.listAccountAcceptanceTest" time="0.02">
    <failure message="java.lang.NullPointerException" type="java.lang.NullPointerException">java.lang.NullPointerException
	at src.RESTAPITests.Account.List.listAccountAcceptanceTest.lambda$listAccounts$0(listAccountAcceptanceTest.java:48)
	at io.setl.restapi.client.RestApi.sendMessage(RestApi.java:76)
	at src.RESTAPITests.Account.List.listAccountAcceptanceTest.listAccounts(listAccountAcceptanceTest.java:46)
	at sun.reflect.NativeMethodAccessorImpl.invoke0(Native Method)
	at sun.reflect.NativeMethodAccessorImpl.invoke(NativeMethodAccessorImpl.java:62)
	at sun.reflect.DelegatingMethodAccessorImpl.invoke(DelegatingMethodAccessorImpl.java:43)
	at java.lang.reflect.Method.invoke(Method.java:498)
	at org.junit.runners.model.FrameworkMethod$1.runReflectiveCall(FrameworkMethod.java:50)
	at org.junit.internal.runners.model.ReflectiveCallable.run(ReflectiveCallable.java:12)
	at org.junit.runners.model.FrameworkMethod.invokeExplosively(FrameworkMethod.java:47)
	at org.junit.internal.runners.statements.InvokeMethod.evaluate(InvokeMethod.java:17)
	at org.junit.internal.runners.statements.RunBefores.evaluate(RunBefores.java:26)
	at org.junit.internal.runners.statements.FailOnTimeout$CallableStatement.call(FailOnTimeout.java:298)
	at org.junit.internal.runners.statements.FailOnTimeout$CallableStatement.call(FailOnTimeout.java:292)
	at java.util.concurrent.FutureTask.run(FutureTask.java:266)
	at java.lang.Thread.run(Thread.java:745)
</failure>
  </testcase>
  <system-out><![CDATA[]]></system-out>
  <system-err><![CDATA[eyJhbGciOiJIUzI1NiJ9.eyJyZXF1ZXN0aWQiOjEsIm1lc3NhZ2V0eXBlIjoiZGIiLCJzdGF0dXMiOiJPSyIsImRhdGEiOlt7ImFjY291bnRJRCI6MTgsImFjY291bnROYW1lIjoiQWR2aXNvcjEiLCJkZXNjcmlwdGlvbiI6IkFkdmlzb3IxIiwicGFyZW50Ijo1LCJiaWxsaW5nV2FsbGV0IjpudWxsfSx7ImFjY291bnRJRCI6MTYsImFjY291bnROYW1lIjoiZGlzdDEwQHNldGwuaW8gQWNjb3VudCIsImRlc2NyaXB0aW9uIjoiZGlzdDEwQHNldGwuaW8gQWNjb3VudCIsInBhcmVudCI6NSwiYmlsbGluZ1dhbGxldCI6bnVsbH0seyJhY2NvdW50SUQiOjE3LCJhY2NvdW50TmFtZSI6ImRpc3QxMUBzZXRsLmlvIEFjY291bnQiLCJkZXNjcmlwdGlvbiI6ImRpc3QxMUBzZXRsLmlvIEFjY291bnQiLCJwYXJlbnQiOjUsImJpbGxpbmdXYWxsZXQiOm51bGx9LHsiYWNjb3VudElEIjoxMCwiYWNjb3VudE5hbWUiOiJkaXN0MkBzZXRsLmlvIEFjY291bnQiLCJkZXNjcmlwdGlvbiI6ImRpc3QyQHNldGwuaW8gQWNjb3VudCIsInBhcmVudCI6NSwiYmlsbGluZ1dhbGxldCI6bnVsbH0seyJhY2NvdW50SUQiOjExLCJhY2NvdW50TmFtZSI6ImRpc3QzQHNldGwuaW8gQWNjb3VudCIsImRlc2NyaXB0aW9uIjoiZGlzdDNAc2V0bC5pbyBBY2NvdW50IiwicGFyZW50Ijo1LCJiaWxsaW5nV2FsbGV0IjpudWxsfSx7ImFjY291bnRJRCI6MTIsImFjY291bnROYW1lIjoiZGlzdDRAc2V0bC5pbyBBY2NvdW50IiwiZGVzY3JpcHRpb24iOiJkaXN0NEBzZXRsLmlvIEFjY291bnQiLCJwYXJlbnQiOjUsImJpbGxpbmdXYWxsZXQiOm51bGx9LHsiYWNjb3VudElEIjoxMywiYWNjb3VudE5hbWUiOiJkaXN0NUBzZXRsLmlvIEFjY291bnQiLCJkZXNjcmlwdGlvbiI6ImRpc3Q1QHNldGwuaW8gQWNjb3VudCIsInBhcmVudCI6NSwiYmlsbGluZ1dhbGxldCI6bnVsbH0seyJhY2NvdW50SUQiOjE0LCJhY2NvdW50TmFtZSI6ImRpc3Q2QHNldGwuaW8gQWNjb3VudCIsImRlc2NyaXB0aW9uIjoiZGlzdDZAc2V0bC5pbyBBY2NvdW50IiwicGFyZW50Ijo1LCJiaWxsaW5nV2FsbGV0IjpudWxsfSx7ImFjY291bnRJRCI6MTUsImFjY291bnROYW1lIjoiZGlzdDlAc2V0bC5pbyBBY2NvdW50IiwiZGVzY3JpcHRpb24iOiJkaXN0OUBzZXRsLmlvIEFjY291bnQiLCJwYXJlbnQiOjUsImJpbGxpbmdXYWxsZXQiOm51bGx9LHsiYWNjb3VudElEIjo4LCJhY2NvdW50TmFtZSI6IkhLRVhfQWRtaW5fQWNjb3VudCIsImRlc2NyaXB0aW9uIjoiSEtFWCBhZG1pbiBhY2NvdW50IiwicGFyZW50Ijo1LCJiaWxsaW5nV2FsbGV0IjpudWxsfSx7ImFjY291bnRJRCI6OSwiYWNjb3VudE5hbWUiOiJUZXN0IiwiZGVzY3JpcHRpb24iOiJ0ZXN0IiwicGFyZW50Ijo1LCJiaWxsaW5nV2FsbGV0IjpudWxsfSx7ImFjY291bnRJRCI6MjQzLCJhY2NvdW50TmFtZSI6IlRlc3RfQWNjb3VudF9EZXNjX3NhRnVUIiwiZGVzY3JpcHRpb24iOiJUZXN0X0FjY291bnRfc2FGdVQiLCJwYXJlbnQiOjUsImJpbGxpbmdXYWxsZXQiOm51bGx9LHsiYWNjb3VudElEIjoyNTgsImFjY291bnROYW1lIjoiVGVzdF9BY2NvdW50X0Rlc2NfU2JNckQiLCJkZXNjcmlwdGlvbiI6IlRlc3RfQWNjb3VudF9TYk1yRCIsInBhcmVudCI6NSwiYmlsbGluZ1dhbGxldCI6bnVsbH0seyJhY2NvdW50SUQiOjE5LCJhY2NvdW50TmFtZSI6InVzZXIxMEBzZXRsLmlvIEFjY291bnQgKDU5NWU0ZWEzY2NlMzUpIiwiZGVzY3JpcHRpb24iOiJ1c2VyMTBAc2V0bC5pbyBBY2NvdW50ICg1OTVlNGVhM2NjZTM1KSIsInBhcmVudCI6NSwiYmlsbGluZ1dhbGxldCI6bnVsbH1dfQ.ZOJc9p4kGe6bq9Hm9avUXrudRV26gYIxw_Jy0dDL0-s
]]></system-err>
</testsuite>
