<?xml version="1.0" encoding="UTF-8"?>
<testsuite name="src.RESTAPITests.Member.Deletion.deleteMemberAcceptanceTest" tests="2" skipped="0" failures="0" errors="0" timestamp="2017-11-28T12:11:58" hostname="Bills-iMac.local" time="0.099">
  <properties/>
  <testcase name="deleteMember" classname="src.RESTAPITests.Member.Deletion.deleteMemberAcceptanceTest" time="0.071"/>
  <testcase name="shouldNotDeleteMemberWithoutPermissions" classname="src.RESTAPITests.Member.Deletion.deleteMemberAcceptanceTest" time="0.028"/>
  <system-out><![CDATA[semnd eyJ0eXAiOiJKV1QiLCJhbGciOiJIUzI1NiJ9.eyJtZXNzYWdlYm9keSI6eyJ1c2VyaWQiOjR9LCJtZXNzYWdldHlwZSI6ImluaXRpYWxpc2UiLCJyZXF1ZXN0aWQiOjEsInRva2VuIjoiIiwidGltZXN0YW1wIjoxNTExODcxMTE4NzUwfQ.fcqIZYpOQoiMDW5qXYZIUg9XxQ9NUpvY-OxJY71vjSEsemnd eyJ0eXAiOiJKV1QiLCJhbGciOiJIUzI1NiJ9.eyJtZXNzYWdlYm9keSI6eyJ0b3BpYyI6Im5tIiwibWVtYmVyTmFtZSI6IlRlc3RfTWVtYmVyX0NabmF1IiwiZW1haWwiOiJUZXN0X01lbWJlcl9DWm5hdUB0ZXN0LmNvbSJ9LCJtZXNzYWdldHlwZSI6InJlcXVlc3QiLCJyZXF1ZXN0aWQiOjEsInRva2VuIjoiMDc4ZjZlOTczMjJlYThlYTlkOTdkNDliYmRiNzhjMzliMDVkODBjZjllY2M2NWM5MDg4ZGY0MzcyMjVhODJhZCIsInRpbWVzdGFtcCI6MTUxMTg3MTExODc4MH0.MkQWX2nomkWZuuZJ_hmmfxqfku8MoBsEfTwcdMB1zcA{Status=OK, memberID=234, userID=444, userName=Admin_234, emailAddress=Test_Member_CZnau@test.com, accountID=260, parent=234, isManager=0, accountLocked=0, userType=35, isAdmin=0, accountName=Test_Member_CZnau_Admin_Account, description=Test_Member_CZnau admin account, billingWallet=, memberName=Test_Member_CZnau, pass=CVEXIAM5K6X2}
]]></system-out>
  <system-err><![CDATA[eyJhbGciOiJIUzI1NiJ9.eyJyZXF1ZXN0aWQiOjEsIm1lc3NhZ2V0eXBlIjoiZGIiLCJzdGF0dXMiOiJPSyIsImRhdGEiOlt7IlN0YXR1cyI6Ik9LIiwibWVtYmVySUQiOjIzNCwidXNlcklEIjo0NDQsInVzZXJOYW1lIjoiQWRtaW5fMjM0IiwiZW1haWxBZGRyZXNzIjoiVGVzdF9NZW1iZXJfQ1puYXVAdGVzdC5jb20iLCJhY2NvdW50SUQiOjI2MCwicGFyZW50IjoyMzQsImlzTWFuYWdlciI6MCwiYWNjb3VudExvY2tlZCI6MCwidXNlclR5cGUiOjM1LCJpc0FkbWluIjowLCJhY2NvdW50TmFtZSI6IlRlc3RfTWVtYmVyX0NabmF1X0FkbWluX0FjY291bnQiLCJkZXNjcmlwdGlvbiI6IlRlc3RfTWVtYmVyX0NabmF1IGFkbWluIGFjY291bnQiLCJiaWxsaW5nV2FsbGV0IjoiIiwibWVtYmVyTmFtZSI6IlRlc3RfTWVtYmVyX0NabmF1IiwicGFzcyI6IkNWRVhJQU01SzZYMiJ9XX0.b1OzmcF8orUqpiapTL1ZIN5aODmCAR-ScjT54qQvzvY
eyJhbGciOiJIUzI1NiJ9.eyJyZXF1ZXN0aWQiOjIsIm1lc3NhZ2V0eXBlIjoiZGIiLCJzdGF0dXMiOiJPSyIsImRhdGEiOlt7IlN0YXR1cyI6Ik9LIiwiTWVzc2FnZSI6IiIsIm1lbWJlcklEIjoyMzQsIm1lbWJlck5hbWUiOiJUZXN0X01lbWJlcl9DWm5hdSJ9XX0.fJQPQI5srZcHfoABHOUhwcGGxE9k3iyWwngAUC7xrT0
eyJhbGciOiJIUzI1NiJ9.eyJyZXF1ZXN0aWQiOjEsIm1lc3NhZ2V0eXBlIjoiZGIiLCJzdGF0dXMiOiJPSyIsImRhdGEiOlt7IlN0YXR1cyI6Ik9LIiwibWVtYmVySUQiOjIzNSwidXNlcklEIjo0NDUsInVzZXJOYW1lIjoiQWRtaW5fMjM1IiwiZW1haWxBZGRyZXNzIjoiVGVzdF9NZW1iZXJfWXZYWERAdGVzdC5jb20iLCJhY2NvdW50SUQiOjI2MSwicGFyZW50IjoyMzUsImlzTWFuYWdlciI6MCwiYWNjb3VudExvY2tlZCI6MCwidXNlclR5cGUiOjM1LCJpc0FkbWluIjowLCJhY2NvdW50TmFtZSI6IlRlc3RfTWVtYmVyX1l2WFhEX0FkbWluX0FjY291bnQiLCJkZXNjcmlwdGlvbiI6IlRlc3RfTWVtYmVyX1l2WFhEIGFkbWluIGFjY291bnQiLCJiaWxsaW5nV2FsbGV0IjoiIiwibWVtYmVyTmFtZSI6IlRlc3RfTWVtYmVyX1l2WFhEIiwicGFzcyI6IkI1TENJQ1NWVERXRCJ9XX0.gHvOZLzOzjhTKsbNPxOFfU51M3IWWMAPCTovBu6GZKI
eyJhbGciOiJIUzI1NiJ9.eyJyZXF1ZXN0aWQiOjEsIm1lc3NhZ2V0eXBlIjoiZGIiLCJzdGF0dXMiOiJPSyIsImRhdGEiOlt7IlN0YXR1cyI6IkZhaWwiLCJNZXNzYWdlIjoiUGVybWlzc2lvbiBkZW5pZWQuIn1dfQ.rm8aHP7F35s15S_75N2G_JC1q9y37Xe_F4mhs0jeZXc
]]></system-err>
</testsuite>
