<?xml version="1.0" encoding="UTF-8"?>
<testsuite name="src.RESTAPITests.Wallet.Fetch.fetchWalletAddressesAcceptanceTest" tests="1" skipped="0" failures="0" errors="0" timestamp="2017-11-28T12:12:06" hostname="Bills-iMac.local" time="0.022">
  <properties/>
  <testcase name="fetchWalletAddresses" classname="src.RESTAPITests.Wallet.Fetch.fetchWalletAddressesAcceptanceTest" time="0.022"/>
  <system-out><![CDATA[]]></system-out>
  <system-err><![CDATA[]]></system-err>
</testsuite>
