<?xml version="1.0" encoding="UTF-8"?>
<testsuite name="src.RESTAPITests.User.Initialisation.initialiseUserTest" tests="1" skipped="0" failures="0" errors="0" timestamp="2017-11-28T12:11:59" hostname="Bills-iMac.local" time="0.0">
  <properties/>
  <testcase name="initialiseUser" classname="src.RESTAPITests.User.Initialisation.initialiseUserTest" time="0.0"/>
  <system-out><![CDATA[]]></system-out>
  <system-err><![CDATA[]]></system-err>
</testsuite>
