<?xml version="1.0" encoding="UTF-8"?>
<testsuite name="src.WebSocketAPITests.User.Update.updateUserTest" tests="3" skipped="0" failures="0" errors="0" timestamp="2017-11-28T12:12:17" hostname="Bills-iMac.local" time="0.771">
  <properties/>
  <testcase name="updateUserUserType" classname="src.WebSocketAPITests.User.Update.updateUserTest" time="0.26"/>
  <testcase name="updateUserEmailAddress" classname="src.WebSocketAPITests.User.Update.updateUserTest" time="0.258"/>
  <testcase name="updateUserAccount" classname="src.WebSocketAPITests.User.Update.updateUserTest" time="0.253"/>
  <system-out><![CDATA[Sending message :153 bytes
message : {"RequestID":1001,"Version":2,"Request":"startRequest","Data":"ea7a7e3480fe4a73a02eda11a840b7ab7ad140506afd7b56e990608606c45739","MessageType":"Response"}
res::1048950a73fa866979dd2ba8c5f328d8afd6c9763a3530c163b75a55625cc432
Sending message :320 bytes
message : {"Status":"OK","Data":[{"Token":"1af6ee4f6511bec880a3145c6e3ea560a97f36ed83a6457428c49d00bf3a46b7","Status":"OK","Message":"","UserName":"Emmanuel","UserID":4,"EMailAddress":"emmanuel.rodriguez@setl.io","useTwoFactor":0,"copyMailToEmail":1,"admin":1,"userType":15,"accontID":1,"accountName":"SETL Private Admin","memberID":1,"last_login":"2017-11-28 12:12:17","apiKey":"gV6Il3IAP0ML1WQ4jNkmYAb5FRExrAfWcGCaKzYMQ24=","investorType":null,"platformAddr":"1LsKRrgh2ewD9aA3jMYEqKVgYLQwhQp7gG","defaultAddress":"13jF8jCPmxJi6HBtaqxGyn8GLPcDj1VrJX","defaultWalletID":null}],"MessageType":"Response","Request":"login","RequestID":1002,"Version":2}
Sending message :448 bytes
message : {"Status":"OK","Data":[{"Status":"OK","userID":456,"userName":"Test_User_loAhw","accountID":8,"parent":5,"emailAddress":"Test_User_loAhw@test.com","isManager":0,"accountLocked":0,"userType":35,"`isAdmin`":1}],"MessageType":"Response","Request":"newUser","RequestID":1003,"Version":2}
Sending message :408 bytes
message : {"Status":"OK","Data":[{"Status":"OK","Message":"","userID":456,"userName":"Test_User_loAhw","accountID":8,"parent":5,"emailAddress":"Test_User_loAhw@test.com","isManager":0,"accountLocked":0,"userType":36}],"MessageType":"Response","Request":"updateUser","RequestID":1004,"Version":2}
userType
36
Sending message :153 bytes
message : {"RequestID":1001,"Version":2,"Request":"startRequest","Data":"0ae90744806c62c4579c291d94c79809fbc210ed37d4a7a884a916c5d053223f","MessageType":"Response"}
res::351293dffc4fcf7a6a531ade17ed8f1102e086288c76192d6c86416606737820
Sending message :320 bytes
message : {"Status":"OK","Data":[{"Token":"2995aa0f23983af019a9a39a404cca81d63bd886f09fa0f3dc6991faf7676182","Status":"OK","Message":"","UserName":"Emmanuel","UserID":4,"EMailAddress":"emmanuel.rodriguez@setl.io","useTwoFactor":0,"copyMailToEmail":1,"admin":1,"userType":15,"accontID":1,"accountName":"SETL Private Admin","memberID":1,"last_login":"2017-11-28 12:12:17","apiKey":"gV6Il3IAP0ML1WQ4jNkmYAb5FRExrAfWcGCaKzYMQ24=","investorType":null,"platformAddr":"1LsKRrgh2ewD9aA3jMYEqKVgYLQwhQp7gG","defaultAddress":"13jF8jCPmxJi6HBtaqxGyn8GLPcDj1VrJX","defaultWalletID":null}],"MessageType":"Response","Request":"login","RequestID":1002,"Version":2}
Sending message :448 bytes
message : {"Status":"OK","Data":[{"Status":"OK","userID":457,"userName":"Test_User_eGnmZ","accountID":8,"parent":5,"emailAddress":"Test_User_eGnmZ@test.com","isManager":0,"accountLocked":0,"userType":35,"`isAdmin`":1}],"MessageType":"Response","Request":"newUser","RequestID":1003,"Version":2}
Sending message :408 bytes
message : {"Status":"OK","Data":[{"Status":"OK","Message":"","userID":457,"userName":"Test_User_eGnmZ","accountID":8,"parent":5,"emailAddress":"test@test.com","isManager":0,"accountLocked":0,"userType":35}],"MessageType":"Response","Request":"updateUser","RequestID":1004,"Version":2}
emailAddress
test@test.com
Sending message :153 bytes
message : {"RequestID":1001,"Version":2,"Request":"startRequest","Data":"52c858acc270fd0e0598ad2bf1557992628a26f5cdc3e3430fc895eaf170a408","MessageType":"Response"}
res::6e3b99c9a70f3c28d5b23ba85f9e737c85ebe525e8cc5bddcafcc8c7d763f467
Sending message :320 bytes
message : {"Status":"OK","Data":[{"Token":"5b5adc06ba5f05e8058e657a73eafdfe59721aba8c6bb8bbbe9c1f6ad1cd4cd8","Status":"OK","Message":"","UserName":"Emmanuel","UserID":4,"EMailAddress":"emmanuel.rodriguez@setl.io","useTwoFactor":0,"copyMailToEmail":1,"admin":1,"userType":15,"accontID":1,"accountName":"SETL Private Admin","memberID":1,"last_login":"2017-11-28 12:12:17","apiKey":"gV6Il3IAP0ML1WQ4jNkmYAb5FRExrAfWcGCaKzYMQ24=","investorType":null,"platformAddr":"1LsKRrgh2ewD9aA3jMYEqKVgYLQwhQp7gG","defaultAddress":"13jF8jCPmxJi6HBtaqxGyn8GLPcDj1VrJX","defaultWalletID":null}],"MessageType":"Response","Request":"login","RequestID":1002,"Version":2}
Sending message :448 bytes
message : {"Status":"OK","Data":[{"Status":"OK","userID":458,"userName":"Test_User_vPnED","accountID":8,"parent":5,"emailAddress":"Test_User_vPnED@test.com","isManager":0,"accountLocked":0,"userType":35,"`isAdmin`":1}],"MessageType":"Response","Request":"newUser","RequestID":1003,"Version":2}
Sending message :408 bytes
message : {"Status":"OK","Data":[{"Status":"OK","Message":"","userID":458,"userName":"Test_User_vPnED","accountID":7,"parent":1,"emailAddress":"Test_User_vPnED@test.com","isManager":0,"accountLocked":0,"userType":35}],"MessageType":"Response","Request":"updateUser","RequestID":1004,"Version":2}
accountID
7
]]></system-out>
  <system-err><![CDATA[]]></system-err>
</testsuite>
