<?xml version="1.0" encoding="UTF-8"?>
<testsuite name="src.RESTAPITests.Account.Creation.createAccountAcceptanceTest" tests="2" skipped="0" failures="1" errors="0" timestamp="2017-11-28T12:11:57" hostname="Bills-iMac.local" time="0.345">
  <properties/>
  <testcase name="createNewAccount" classname="src.RESTAPITests.Account.Creation.createAccountAcceptanceTest" time="0.343"/>
  <testcase name="failToCreateAccountWithIncorrectPermissions" classname="src.RESTAPITests.Account.Creation.createAccountAcceptanceTest" time="0.001">
    <failure message="java.lang.NullPointerException" type="java.lang.NullPointerException">java.lang.NullPointerException
	at SETLAPIHelpers.RestAPI.AccountHelper.createAccountFailure(AccountHelper.java:64)
	at src.RESTAPITests.Account.Creation.createAccountAcceptanceTest.failToCreateAccountWithIncorrectPermissions(createAccountAcceptanceTest.java:64)
	at sun.reflect.NativeMethodAccessorImpl.invoke0(Native Method)
	at sun.reflect.NativeMethodAccessorImpl.invoke(NativeMethodAccessorImpl.java:62)
	at sun.reflect.DelegatingMethodAccessorImpl.invoke(DelegatingMethodAccessorImpl.java:43)
	at java.lang.reflect.Method.invoke(Method.java:498)
	at org.junit.runners.model.FrameworkMethod$1.runReflectiveCall(FrameworkMethod.java:50)
	at org.junit.internal.runners.model.ReflectiveCallable.run(ReflectiveCallable.java:12)
	at org.junit.runners.model.FrameworkMethod.invokeExplosively(FrameworkMethod.java:47)
	at org.junit.internal.runners.statements.InvokeMethod.evaluate(InvokeMethod.java:17)
	at org.junit.internal.runners.statements.RunBefores.evaluate(RunBefores.java:26)
	at org.junit.internal.runners.statements.FailOnTimeout$CallableStatement.call(FailOnTimeout.java:298)
	at org.junit.internal.runners.statements.FailOnTimeout$CallableStatement.call(FailOnTimeout.java:292)
	at java.util.concurrent.FutureTask.run(FutureTask.java:266)
	at java.lang.Thread.run(Thread.java:745)
</failure>
  </testcase>
  <system-out><![CDATA[]]></system-out>
  <system-err><![CDATA[eyJhbGciOiJIUzI1NiJ9.eyJyZXF1ZXN0aWQiOjEsIm1lc3NhZ2V0eXBlIjoiZGIiLCJzdGF0dXMiOiJPSyIsImRhdGEiOlt7IlN0YXR1cyI6Ik9LIiwiYWNjb3VudElEIjoyNTYsImFjY291bnROYW1lIjoiVGVzdF9BY2NvdW50X0Rlc2NfcGxXRmMiLCJkZXNjcmlwdGlvbiI6IlRlc3RfQWNjb3VudF9wbFdGYyIsInBhcmVudCI6MSwiYmlsbGluZ1dhbGxldCI6bnVsbH1dfQ.AdXAHo0eR76yiFPCDDBV10X1FuT8N-kFrRqshCQj8_A
]]></system-err>
</testsuite>
