<?xml version="1.0" encoding="UTF-8"?>
<testsuite name="src.RESTAPITests.User.Login.loginTest" tests="4" skipped="1" failures="1" errors="0" timestamp="2017-11-28T12:11:59" hostname="Bills-iMac.local" time="3.065">
  <properties/>
  <testcase name="loginFailureWithUnknownUser" classname="src.RESTAPITests.User.Login.loginTest" time="0.03"/>
  <testcase name="loginSuccessWithValidCredentials" classname="src.RESTAPITests.User.Login.loginTest" time="3.004">
    <failure message="org.junit.runners.model.TestTimedOutException: test timed out after 3000 milliseconds" type="org.junit.runners.model.TestTimedOutException">org.junit.runners.model.TestTimedOutException: test timed out after 3000 milliseconds
	at sun.misc.Unsafe.park(Native Method)
	at java.util.concurrent.locks.LockSupport.park(LockSupport.java:175)
	at java.util.concurrent.locks.AbstractQueuedSynchronizer.parkAndCheckInterrupt(AbstractQueuedSynchronizer.java:836)
	at java.util.concurrent.locks.AbstractQueuedSynchronizer.doAcquireSharedInterruptibly(AbstractQueuedSynchronizer.java:997)
	at java.util.concurrent.locks.AbstractQueuedSynchronizer.acquireSharedInterruptibly(AbstractQueuedSynchronizer.java:1304)
	at java.util.concurrent.CountDownLatch.await(CountDownLatch.java:231)
	at src.RESTAPITests.User.Login.loginTest.loginSuccessWithValidCredentials(loginTest.java:59)
	at sun.reflect.NativeMethodAccessorImpl.invoke0(Native Method)
	at sun.reflect.NativeMethodAccessorImpl.invoke(NativeMethodAccessorImpl.java:62)
	at sun.reflect.DelegatingMethodAccessorImpl.invoke(DelegatingMethodAccessorImpl.java:43)
	at java.lang.reflect.Method.invoke(Method.java:498)
	at org.junit.runners.model.FrameworkMethod$1.runReflectiveCall(FrameworkMethod.java:50)
	at org.junit.internal.runners.model.ReflectiveCallable.run(ReflectiveCallable.java:12)
	at org.junit.runners.model.FrameworkMethod.invokeExplosively(FrameworkMethod.java:47)
	at org.junit.internal.runners.statements.InvokeMethod.evaluate(InvokeMethod.java:17)
	at org.junit.internal.runners.statements.RunBefores.evaluate(RunBefores.java:26)
	at org.junit.internal.runners.statements.RunAfters.evaluate(RunAfters.java:27)
	at org.junit.internal.runners.statements.FailOnTimeout$CallableStatement.call(FailOnTimeout.java:298)
	at org.junit.internal.runners.statements.FailOnTimeout$CallableStatement.call(FailOnTimeout.java:292)
	at java.util.concurrent.FutureTask.run(FutureTask.java:266)
	at java.lang.Thread.run(Thread.java:745)
</failure>
  </testcase>
  <testcase name="enumerationTest" classname="src.RESTAPITests.User.Login.loginTest" time="0.0">
    <skipped/>
  </testcase>
  <testcase name="loginFailureWithInvalidCredentials" classname="src.RESTAPITests.User.Login.loginTest" time="0.031"/>
  <system-out><![CDATA[Sending message :153 bytes
message : {"RequestID":1001,"Version":2,"Request":"startRequest","Data":"ad28c1784cbd8b1bee1f0bdeeefa1639dfae0f2229b8ce92b09bddf9a2282c44","MessageType":"Response"}
res::5dd412106b1bfce533a30bba0f62ac48ee949323a157160110c74b3cd87ed46d
Sending message :320 bytes
message : {"Status":"Fail","Data":[{"Token":"fail","Status":"Fail","Message":"","UserName":"","UserID":0,"EMailAddress":"","useTwoFactor":0,"copyMailToEmail":0,"admin":0,"userType":0,"accontID":0,"accountName":"","memberID":0,"last_login":null,"apiKey":null,"investorType":0,"platformAddr":"","defaultAddress":"","defaultWalletID":0}],"MessageType":"Response","Request":"login","RequestID":1002,"Version":2}
Sending message :153 bytes
message : {"RequestID":1001,"Version":2,"Request":"startRequest","Data":"ff57530c6207672b6986be0cec4c2af7bb66b81a8435f913ff2affa62009ac26","MessageType":"Response"}
res::f95beb505e79f74f23fd7fb0855a6ccb3f51e024caca33cea6520f4f01dcf5e1
Sending message :320 bytes
Sending message :153 bytes
message : {"RequestID":1001,"Version":2,"Request":"startRequest","Data":"9aff122fe401ea947e06b3e96ea186efc2ffdc1f4cd2a18d18328723c0052534","MessageType":"Response"}
res::aa2a8d93adaea3e175ff3b95a3e5ca88e602f608fff5cc5d016d333b41cd22d3
Sending message :320 bytes
message : {"Status":"Fail","Data":[{"Token":"fail","Status":"Fail","Message":"","UserName":"","UserID":0,"EMailAddress":"","useTwoFactor":0,"copyMailToEmail":0,"admin":0,"userType":0,"accontID":0,"accountName":"","memberID":0,"last_login":null,"apiKey":null,"investorType":0,"platformAddr":"","defaultAddress":"","defaultWalletID":0}],"MessageType":"Response","Request":"login","RequestID":1002,"Version":2}
]]></system-out>
  <system-err><![CDATA[]]></system-err>
</testsuite>
